[0.115s] DEBUG:colcon:Command line arguments: ['/usr/bin/colcon', 'build']
[0.115s] DEBUG:colcon:Parsed command line arguments: Namespace(log_base=None, log_level=None, verb_name='build', build_base='build', install_base='install', merge_install=False, symlink_install=False, test_result_base=None, continue_on_error=False, executor='parallel', parallel_workers=6, event_handlers=None, ignore_user_meta=False, metas=['./colcon.meta'], base_paths=['.'], packages_ignore=None, packages_ignore_regex=None, paths=None, packages_up_to=None, packages_up_to_regex=None, packages_above=None, packages_above_and_dependencies=None, packages_above_depth=None, packages_select_by_dep=None, packages_skip_by_dep=None, packages_skip_up_to=None, packages_select_build_failed=False, packages_skip_build_finished=False, packages_select_test_failures=False, packages_skip_test_passed=False, packages_select=None, packages_skip=None, packages_select_regex=None, packages_skip_regex=None, packages_start=None, packages_end=None, allow_overriding=[], cmake_args=None, cmake_target=None, cmake_target_skip_unavailable=False, cmake_clean_cache=False, cmake_clean_first=False, cmake_force_configure=False, ament_cmake_args=None, catkin_cmake_args=None, catkin_skip_building_tests=False, mixin_files=None, mixin=None, verb_parser=<colcon_mixin.mixin.mixin_argument.MixinArgumentDecorator object at 0x78db8d0b41d0>, verb_extension=<colcon_core.verb.build.BuildVerb object at 0x78db8d08bd70>, main=<bound method BuildVerb.main of <colcon_core.verb.build.BuildVerb object at 0x78db8d08bd70>>, mixin_verb=('build',))
[0.152s] Level 1:colcon.colcon_core.package_discovery:discover_packages(colcon_meta) check parameters
[0.152s] Level 1:colcon.colcon_core.package_discovery:discover_packages(recursive) check parameters
[0.152s] Level 1:colcon.colcon_core.package_discovery:discover_packages(ignore) check parameters
[0.152s] Level 1:colcon.colcon_core.package_discovery:discover_packages(path) check parameters
[0.152s] Level 1:colcon.colcon_core.package_discovery:discover_packages(colcon_meta) discover
[0.152s] Level 1:colcon.colcon_core.package_discovery:discover_packages(recursive) discover
[0.152s] INFO:colcon.colcon_core.package_discovery:Crawling recursively for packages in '/home/leo11dk/Desktop/drobot'
[0.153s] Level 1:colcon.colcon_core.package_identification:_identify(.) by extensions ['ignore', 'ignore_ament_install']
[0.153s] Level 1:colcon.colcon_core.package_identification:_identify(.) by extension 'ignore'
[0.153s] Level 1:colcon.colcon_core.package_identification:_identify(.) by extension 'ignore_ament_install'
[0.153s] Level 1:colcon.colcon_core.package_identification:_identify(.) by extensions ['colcon_pkg']
[0.153s] Level 1:colcon.colcon_core.package_identification:_identify(.) by extension 'colcon_pkg'
[0.153s] Level 1:colcon.colcon_core.package_identification:_identify(.) by extensions ['colcon_meta']
[0.153s] Level 1:colcon.colcon_core.package_identification:_identify(.) by extension 'colcon_meta'
[0.153s] Level 1:colcon.colcon_core.package_identification:_identify(.) by extensions ['ros']
[0.153s] Level 1:colcon.colcon_core.package_identification:_identify(.) by extension 'ros'
[0.177s] Level 1:colcon.colcon_core.package_identification:_identify(.) by extensions ['cmake', 'python']
[0.178s] Level 1:colcon.colcon_core.package_identification:_identify(.) by extension 'cmake'
[0.178s] Level 1:colcon.colcon_core.package_identification:_identify(.) by extension 'python'
[0.178s] Level 1:colcon.colcon_core.package_identification:_identify(.) by extensions ['python_setup_py']
[0.178s] Level 1:colcon.colcon_core.package_identification:_identify(.) by extension 'python_setup_py'
[0.178s] Level 1:colcon.colcon_core.package_identification:_identify(build) by extensions ['ignore', 'ignore_ament_install']
[0.178s] Level 1:colcon.colcon_core.package_identification:_identify(build) by extension 'ignore'
[0.178s] Level 1:colcon.colcon_core.package_identification:_identify(build) ignored
[0.178s] Level 1:colcon.colcon_core.package_identification:_identify(install) by extensions ['ignore', 'ignore_ament_install']
[0.178s] Level 1:colcon.colcon_core.package_identification:_identify(install) by extension 'ignore'
[0.178s] Level 1:colcon.colcon_core.package_identification:_identify(install) ignored
[0.178s] Level 1:colcon.colcon_core.package_identification:_identify(log) by extensions ['ignore', 'ignore_ament_install']
[0.178s] Level 1:colcon.colcon_core.package_identification:_identify(log) by extension 'ignore'
[0.178s] Level 1:colcon.colcon_core.package_identification:_identify(log) ignored
[0.178s] Level 1:colcon.colcon_core.package_identification:_identify(ros2_ws) by extensions ['ignore', 'ignore_ament_install']
[0.179s] Level 1:colcon.colcon_core.package_identification:_identify(ros2_ws) by extension 'ignore'
[0.179s] Level 1:colcon.colcon_core.package_identification:_identify(ros2_ws) by extension 'ignore_ament_install'
[0.179s] Level 1:colcon.colcon_core.package_identification:_identify(ros2_ws) by extensions ['colcon_pkg']
[0.179s] Level 1:colcon.colcon_core.package_identification:_identify(ros2_ws) by extension 'colcon_pkg'
[0.179s] Level 1:colcon.colcon_core.package_identification:_identify(ros2_ws) by extensions ['colcon_meta']
[0.179s] Level 1:colcon.colcon_core.package_identification:_identify(ros2_ws) by extension 'colcon_meta'
[0.179s] Level 1:colcon.colcon_core.package_identification:_identify(ros2_ws) by extensions ['ros']
[0.179s] Level 1:colcon.colcon_core.package_identification:_identify(ros2_ws) by extension 'ros'
[0.179s] Level 1:colcon.colcon_core.package_identification:_identify(ros2_ws) by extensions ['cmake', 'python']
[0.179s] Level 1:colcon.colcon_core.package_identification:_identify(ros2_ws) by extension 'cmake'
[0.179s] Level 1:colcon.colcon_core.package_identification:_identify(ros2_ws) by extension 'python'
[0.179s] Level 1:colcon.colcon_core.package_identification:_identify(ros2_ws) by extensions ['python_setup_py']
[0.179s] Level 1:colcon.colcon_core.package_identification:_identify(ros2_ws) by extension 'python_setup_py'
[0.179s] Level 1:colcon.colcon_core.package_identification:_identify(ros2_ws/build) by extensions ['ignore', 'ignore_ament_install']
[0.179s] Level 1:colcon.colcon_core.package_identification:_identify(ros2_ws/build) by extension 'ignore'
[0.179s] Level 1:colcon.colcon_core.package_identification:_identify(ros2_ws/build) ignored
[0.179s] Level 1:colcon.colcon_core.package_identification:_identify(ros2_ws/install) by extensions ['ignore', 'ignore_ament_install']
[0.179s] Level 1:colcon.colcon_core.package_identification:_identify(ros2_ws/install) by extension 'ignore'
[0.179s] Level 1:colcon.colcon_core.package_identification:_identify(ros2_ws/install) ignored
[0.180s] Level 1:colcon.colcon_core.package_identification:_identify(ros2_ws/log) by extensions ['ignore', 'ignore_ament_install']
[0.180s] Level 1:colcon.colcon_core.package_identification:_identify(ros2_ws/log) by extension 'ignore'
[0.180s] Level 1:colcon.colcon_core.package_identification:_identify(ros2_ws/log) ignored
[0.180s] Level 1:colcon.colcon_core.package_identification:_identify(ros2_ws/src) by extensions ['ignore', 'ignore_ament_install']
[0.180s] Level 1:colcon.colcon_core.package_identification:_identify(ros2_ws/src) by extension 'ignore'
[0.180s] Level 1:colcon.colcon_core.package_identification:_identify(ros2_ws/src) by extension 'ignore_ament_install'
[0.180s] Level 1:colcon.colcon_core.package_identification:_identify(ros2_ws/src) by extensions ['colcon_pkg']
[0.180s] Level 1:colcon.colcon_core.package_identification:_identify(ros2_ws/src) by extension 'colcon_pkg'
[0.180s] Level 1:colcon.colcon_core.package_identification:_identify(ros2_ws/src) by extensions ['colcon_meta']
[0.180s] Level 1:colcon.colcon_core.package_identification:_identify(ros2_ws/src) by extension 'colcon_meta'
[0.180s] Level 1:colcon.colcon_core.package_identification:_identify(ros2_ws/src) by extensions ['ros']
[0.180s] Level 1:colcon.colcon_core.package_identification:_identify(ros2_ws/src) by extension 'ros'
[0.180s] Level 1:colcon.colcon_core.package_identification:_identify(ros2_ws/src) by extensions ['cmake', 'python']
[0.180s] Level 1:colcon.colcon_core.package_identification:_identify(ros2_ws/src) by extension 'cmake'
[0.180s] Level 1:colcon.colcon_core.package_identification:_identify(ros2_ws/src) by extension 'python'
[0.180s] Level 1:colcon.colcon_core.package_identification:_identify(ros2_ws/src) by extensions ['python_setup_py']
[0.180s] Level 1:colcon.colcon_core.package_identification:_identify(ros2_ws/src) by extension 'python_setup_py'
[0.180s] Level 1:colcon.colcon_core.package_identification:_identify(ros2_ws/src/drobot_bringup) by extensions ['ignore', 'ignore_ament_install']
[0.181s] Level 1:colcon.colcon_core.package_identification:_identify(ros2_ws/src/drobot_bringup) by extension 'ignore'
[0.181s] Level 1:colcon.colcon_core.package_identification:_identify(ros2_ws/src/drobot_bringup) by extension 'ignore_ament_install'
[0.181s] Level 1:colcon.colcon_core.package_identification:_identify(ros2_ws/src/drobot_bringup) by extensions ['colcon_pkg']
[0.181s] Level 1:colcon.colcon_core.package_identification:_identify(ros2_ws/src/drobot_bringup) by extension 'colcon_pkg'
[0.181s] Level 1:colcon.colcon_core.package_identification:_identify(ros2_ws/src/drobot_bringup) by extensions ['colcon_meta']
[0.181s] Level 1:colcon.colcon_core.package_identification:_identify(ros2_ws/src/drobot_bringup) by extension 'colcon_meta'
[0.181s] Level 1:colcon.colcon_core.package_identification:_identify(ros2_ws/src/drobot_bringup) by extensions ['ros']
[0.181s] Level 1:colcon.colcon_core.package_identification:_identify(ros2_ws/src/drobot_bringup) by extension 'ros'
[0.183s] DEBUG:colcon.colcon_core.package_identification:Package 'ros2_ws/src/drobot_bringup' with type 'ros.ament_python' and name 'drobot_bringup'
[0.183s] Level 1:colcon.colcon_core.package_identification:_identify(ros2_ws/src/drobot_controller) by extensions ['ignore', 'ignore_ament_install']
[0.183s] Level 1:colcon.colcon_core.package_identification:_identify(ros2_ws/src/drobot_controller) by extension 'ignore'
[0.183s] Level 1:colcon.colcon_core.package_identification:_identify(ros2_ws/src/drobot_controller) by extension 'ignore_ament_install'
[0.183s] Level 1:colcon.colcon_core.package_identification:_identify(ros2_ws/src/drobot_controller) by extensions ['colcon_pkg']
[0.183s] Level 1:colcon.colcon_core.package_identification:_identify(ros2_ws/src/drobot_controller) by extension 'colcon_pkg'
[0.183s] Level 1:colcon.colcon_core.package_identification:_identify(ros2_ws/src/drobot_controller) by extensions ['colcon_meta']
[0.184s] Level 1:colcon.colcon_core.package_identification:_identify(ros2_ws/src/drobot_controller) by extension 'colcon_meta'
[0.184s] Level 1:colcon.colcon_core.package_identification:_identify(ros2_ws/src/drobot_controller) by extensions ['ros']
[0.184s] Level 1:colcon.colcon_core.package_identification:_identify(ros2_ws/src/drobot_controller) by extension 'ros'
[0.184s] DEBUG:colcon.colcon_core.package_identification:Package 'ros2_ws/src/drobot_controller' with type 'ros.ament_python' and name 'drobot_controller'
[0.184s] Level 1:colcon.colcon_core.package_identification:_identify(ros2_ws/src/drobot_description) by extensions ['ignore', 'ignore_ament_install']
[0.184s] Level 1:colcon.colcon_core.package_identification:_identify(ros2_ws/src/drobot_description) by extension 'ignore'
[0.184s] Level 1:colcon.colcon_core.package_identification:_identify(ros2_ws/src/drobot_description) by extension 'ignore_ament_install'
[0.184s] Level 1:colcon.colcon_core.package_identification:_identify(ros2_ws/src/drobot_description) by extensions ['colcon_pkg']
[0.185s] Level 1:colcon.colcon_core.package_identification:_identify(ros2_ws/src/drobot_description) by extension 'colcon_pkg'
[0.185s] Level 1:colcon.colcon_core.package_identification:_identify(ros2_ws/src/drobot_description) by extensions ['colcon_meta']
[0.185s] Level 1:colcon.colcon_core.package_identification:_identify(ros2_ws/src/drobot_description) by extension 'colcon_meta'
[0.185s] Level 1:colcon.colcon_core.package_identification:_identify(ros2_ws/src/drobot_description) by extensions ['ros']
[0.185s] Level 1:colcon.colcon_core.package_identification:_identify(ros2_ws/src/drobot_description) by extension 'ros'
[0.185s] DEBUG:colcon.colcon_core.package_identification:Package 'ros2_ws/src/drobot_description' with type 'ros.ament_cmake' and name 'drobot_description'
[0.185s] Level 1:colcon.colcon_core.package_identification:_identify(ros2_ws/src/drobot_scan_2d) by extensions ['ignore', 'ignore_ament_install']
[0.185s] Level 1:colcon.colcon_core.package_identification:_identify(ros2_ws/src/drobot_scan_2d) by extension 'ignore'
[0.185s] Level 1:colcon.colcon_core.package_identification:_identify(ros2_ws/src/drobot_scan_2d) by extension 'ignore_ament_install'
[0.185s] Level 1:colcon.colcon_core.package_identification:_identify(ros2_ws/src/drobot_scan_2d) by extensions ['colcon_pkg']
[0.185s] Level 1:colcon.colcon_core.package_identification:_identify(ros2_ws/src/drobot_scan_2d) by extension 'colcon_pkg'
[0.185s] Level 1:colcon.colcon_core.package_identification:_identify(ros2_ws/src/drobot_scan_2d) by extensions ['colcon_meta']
[0.186s] Level 1:colcon.colcon_core.package_identification:_identify(ros2_ws/src/drobot_scan_2d) by extension 'colcon_meta'
[0.186s] Level 1:colcon.colcon_core.package_identification:_identify(ros2_ws/src/drobot_scan_2d) by extensions ['ros']
[0.186s] Level 1:colcon.colcon_core.package_identification:_identify(ros2_ws/src/drobot_scan_2d) by extension 'ros'
[0.187s] DEBUG:colcon.colcon_core.package_identification:Package 'ros2_ws/src/drobot_scan_2d' with type 'ros.ament_cmake' and name 'drobot_scan_2d'
[0.187s] Level 1:colcon.colcon_core.package_identification:_identify(ros2_ws/src/drobot_scan_3d) by extensions ['ignore', 'ignore_ament_install']
[0.187s] Level 1:colcon.colcon_core.package_identification:_identify(ros2_ws/src/drobot_scan_3d) by extension 'ignore'
[0.187s] Level 1:colcon.colcon_core.package_identification:_identify(ros2_ws/src/drobot_scan_3d) by extension 'ignore_ament_install'
[0.187s] Level 1:colcon.colcon_core.package_identification:_identify(ros2_ws/src/drobot_scan_3d) by extensions ['colcon_pkg']
[0.187s] Level 1:colcon.colcon_core.package_identification:_identify(ros2_ws/src/drobot_scan_3d) by extension 'colcon_pkg'
[0.187s] Level 1:colcon.colcon_core.package_identification:_identify(ros2_ws/src/drobot_scan_3d) by extensions ['colcon_meta']
[0.187s] Level 1:colcon.colcon_core.package_identification:_identify(ros2_ws/src/drobot_scan_3d) by extension 'colcon_meta'
[0.187s] Level 1:colcon.colcon_core.package_identification:_identify(ros2_ws/src/drobot_scan_3d) by extensions ['ros']
[0.187s] Level 1:colcon.colcon_core.package_identification:_identify(ros2_ws/src/drobot_scan_3d) by extension 'ros'
[0.188s] DEBUG:colcon.colcon_core.package_identification:Package 'ros2_ws/src/drobot_scan_3d' with type 'ros.ament_python' and name 'drobot_scan_3d'
[0.188s] Level 1:colcon.colcon_core.package_identification:_identify(ros2_ws/src/drobot_simulator) by extensions ['ignore', 'ignore_ament_install']
[0.188s] Level 1:colcon.colcon_core.package_identification:_identify(ros2_ws/src/drobot_simulator) by extension 'ignore'
[0.188s] Level 1:colcon.colcon_core.package_identification:_identify(ros2_ws/src/drobot_simulator) by extension 'ignore_ament_install'
[0.188s] Level 1:colcon.colcon_core.package_identification:_identify(ros2_ws/src/drobot_simulator) by extensions ['colcon_pkg']
[0.188s] Level 1:colcon.colcon_core.package_identification:_identify(ros2_ws/src/drobot_simulator) by extension 'colcon_pkg'
[0.188s] Level 1:colcon.colcon_core.package_identification:_identify(ros2_ws/src/drobot_simulator) by extensions ['colcon_meta']
[0.188s] Level 1:colcon.colcon_core.package_identification:_identify(ros2_ws/src/drobot_simulator) by extension 'colcon_meta'
[0.188s] Level 1:colcon.colcon_core.package_identification:_identify(ros2_ws/src/drobot_simulator) by extensions ['ros']
[0.188s] Level 1:colcon.colcon_core.package_identification:_identify(ros2_ws/src/drobot_simulator) by extension 'ros'
[0.188s] DEBUG:colcon.colcon_core.package_identification:Package 'ros2_ws/src/drobot_simulator' with type 'ros.ament_cmake' and name 'drobot_simulator'
[0.188s] Level 1:colcon.colcon_core.package_identification:_identify(ros2_ws/src/drobot_strategy) by extensions ['ignore', 'ignore_ament_install']
[0.189s] Level 1:colcon.colcon_core.package_identification:_identify(ros2_ws/src/drobot_strategy) by extension 'ignore'
[0.189s] Level 1:colcon.colcon_core.package_identification:_identify(ros2_ws/src/drobot_strategy) by extension 'ignore_ament_install'
[0.189s] Level 1:colcon.colcon_core.package_identification:_identify(ros2_ws/src/drobot_strategy) by extensions ['colcon_pkg']
[0.189s] Level 1:colcon.colcon_core.package_identification:_identify(ros2_ws/src/drobot_strategy) by extension 'colcon_pkg'
[0.189s] Level 1:colcon.colcon_core.package_identification:_identify(ros2_ws/src/drobot_strategy) by extensions ['colcon_meta']
[0.189s] Level 1:colcon.colcon_core.package_identification:_identify(ros2_ws/src/drobot_strategy) by extension 'colcon_meta'
[0.189s] Level 1:colcon.colcon_core.package_identification:_identify(ros2_ws/src/drobot_strategy) by extensions ['ros']
[0.189s] Level 1:colcon.colcon_core.package_identification:_identify(ros2_ws/src/drobot_strategy) by extension 'ros'
[0.189s] DEBUG:colcon.colcon_core.package_identification:Package 'ros2_ws/src/drobot_strategy' with type 'ros.ament_python' and name 'drobot_strategy'
[0.189s] Level 1:colcon.colcon_core.package_identification:_identify(ros2_ws/src/perception) by extensions ['ignore', 'ignore_ament_install']
[0.189s] Level 1:colcon.colcon_core.package_identification:_identify(ros2_ws/src/perception) by extension 'ignore'
[0.190s] Level 1:colcon.colcon_core.package_identification:_identify(ros2_ws/src/perception) by extension 'ignore_ament_install'
[0.190s] Level 1:colcon.colcon_core.package_identification:_identify(ros2_ws/src/perception) by extensions ['colcon_pkg']
[0.190s] Level 1:colcon.colcon_core.package_identification:_identify(ros2_ws/src/perception) by extension 'colcon_pkg'
[0.190s] Level 1:colcon.colcon_core.package_identification:_identify(ros2_ws/src/perception) by extensions ['colcon_meta']
[0.190s] Level 1:colcon.colcon_core.package_identification:_identify(ros2_ws/src/perception) by extension 'colcon_meta'
[0.190s] Level 1:colcon.colcon_core.package_identification:_identify(ros2_ws/src/perception) by extensions ['ros']
[0.190s] Level 1:colcon.colcon_core.package_identification:_identify(ros2_ws/src/perception) by extension 'ros'
[0.190s] DEBUG:colcon.colcon_core.package_identification:Package 'ros2_ws/src/perception' with type 'ros.ament_python' and name 'perception'
[0.190s] Level 1:colcon.colcon_core.package_discovery:discover_packages(recursive) using defaults
[0.190s] Level 1:colcon.colcon_core.package_discovery:discover_packages(ignore) discover
[0.190s] Level 1:colcon.colcon_core.package_discovery:discover_packages(ignore) using defaults
[0.190s] Level 1:colcon.colcon_core.package_discovery:discover_packages(path) discover
[0.191s] Level 1:colcon.colcon_core.package_discovery:discover_packages(path) using defaults
[0.208s] Level 1:colcon.colcon_core.package_discovery:discover_packages(prefix_path) check parameters
[0.209s] Level 1:colcon.colcon_core.package_discovery:discover_packages(prefix_path) discover
[0.211s] DEBUG:colcon.colcon_installed_package_information.package_discovery:Found 8 installed packages in /home/leo11dk/Desktop/drobot/install
[0.213s] DEBUG:colcon.colcon_installed_package_information.package_discovery:Found 394 installed packages in /opt/ros/jazzy
[0.214s] Level 1:colcon.colcon_core.package_discovery:discover_packages(prefix_path) using defaults
[0.269s] Level 5:colcon.colcon_core.verb:set package 'drobot_controller' build argument 'cmake_args' from command line to 'None'
[0.269s] Level 5:colcon.colcon_core.verb:set package 'drobot_controller' build argument 'cmake_target' from command line to 'None'
[0.269s] Level 5:colcon.colcon_core.verb:set package 'drobot_controller' build argument 'cmake_target_skip_unavailable' from command line to 'False'
[0.269s] Level 5:colcon.colcon_core.verb:set package 'drobot_controller' build argument 'cmake_clean_cache' from command line to 'False'
[0.269s] Level 5:colcon.colcon_core.verb:set package 'drobot_controller' build argument 'cmake_clean_first' from command line to 'False'
[0.269s] Level 5:colcon.colcon_core.verb:set package 'drobot_controller' build argument 'cmake_force_configure' from command line to 'False'
[0.269s] Level 5:colcon.colcon_core.verb:set package 'drobot_controller' build argument 'ament_cmake_args' from command line to 'None'
[0.269s] Level 5:colcon.colcon_core.verb:set package 'drobot_controller' build argument 'catkin_cmake_args' from command line to 'None'
[0.269s] Level 5:colcon.colcon_core.verb:set package 'drobot_controller' build argument 'catkin_skip_building_tests' from command line to 'False'
[0.269s] DEBUG:colcon.colcon_core.verb:Building package 'drobot_controller' with the following arguments: {'ament_cmake_args': None, 'build_base': '/home/leo11dk/Desktop/drobot/build/drobot_controller', 'catkin_cmake_args': None, 'catkin_skip_building_tests': False, 'cmake_args': None, 'cmake_clean_cache': False, 'cmake_clean_first': False, 'cmake_force_configure': False, 'cmake_target': None, 'cmake_target_skip_unavailable': False, 'install_base': '/home/leo11dk/Desktop/drobot/install/drobot_controller', 'merge_install': False, 'path': '/home/leo11dk/Desktop/drobot/ros2_ws/src/drobot_controller', 'symlink_install': False, 'test_result_base': None}
[0.269s] Level 5:colcon.colcon_core.verb:set package 'drobot_description' build argument 'cmake_args' from command line to 'None'
[0.269s] Level 5:colcon.colcon_core.verb:set package 'drobot_description' build argument 'cmake_target' from command line to 'None'
[0.270s] Level 5:colcon.colcon_core.verb:set package 'drobot_description' build argument 'cmake_target_skip_unavailable' from command line to 'False'
[0.270s] Level 5:colcon.colcon_core.verb:set package 'drobot_description' build argument 'cmake_clean_cache' from command line to 'False'
[0.270s] Level 5:colcon.colcon_core.verb:set package 'drobot_description' build argument 'cmake_clean_first' from command line to 'False'
[0.270s] Level 5:colcon.colcon_core.verb:set package 'drobot_description' build argument 'cmake_force_configure' from command line to 'False'
[0.270s] Level 5:colcon.colcon_core.verb:set package 'drobot_description' build argument 'ament_cmake_args' from command line to 'None'
[0.270s] Level 5:colcon.colcon_core.verb:set package 'drobot_description' build argument 'catkin_cmake_args' from command line to 'None'
[0.270s] Level 5:colcon.colcon_core.verb:set package 'drobot_description' build argument 'catkin_skip_building_tests' from command line to 'False'
[0.270s] DEBUG:colcon.colcon_core.verb:Building package 'drobot_description' with the following arguments: {'ament_cmake_args': None, 'build_base': '/home/leo11dk/Desktop/drobot/build/drobot_description', 'catkin_cmake_args': None, 'catkin_skip_building_tests': False, 'cmake_args': None, 'cmake_clean_cache': False, 'cmake_clean_first': False, 'cmake_force_configure': False, 'cmake_target': None, 'cmake_target_skip_unavailable': False, 'install_base': '/home/leo11dk/Desktop/drobot/install/drobot_description', 'merge_install': False, 'path': '/home/leo11dk/Desktop/drobot/ros2_ws/src/drobot_description', 'symlink_install': False, 'test_result_base': None}
[0.270s] Level 5:colcon.colcon_core.verb:set package 'drobot_scan_3d' build argument 'cmake_args' from command line to 'None'
[0.270s] Level 5:colcon.colcon_core.verb:set package 'drobot_scan_3d' build argument 'cmake_target' from command line to 'None'
[0.270s] Level 5:colcon.colcon_core.verb:set package 'drobot_scan_3d' build argument 'cmake_target_skip_unavailable' from command line to 'False'
[0.270s] Level 5:colcon.colcon_core.verb:set package 'drobot_scan_3d' build argument 'cmake_clean_cache' from command line to 'False'
[0.270s] Level 5:colcon.colcon_core.verb:set package 'drobot_scan_3d' build argument 'cmake_clean_first' from command line to 'False'
[0.270s] Level 5:colcon.colcon_core.verb:set package 'drobot_scan_3d' build argument 'cmake_force_configure' from command line to 'False'
[0.270s] Level 5:colcon.colcon_core.verb:set package 'drobot_scan_3d' build argument 'ament_cmake_args' from command line to 'None'
[0.270s] Level 5:colcon.colcon_core.verb:set package 'drobot_scan_3d' build argument 'catkin_cmake_args' from command line to 'None'
[0.270s] Level 5:colcon.colcon_core.verb:set package 'drobot_scan_3d' build argument 'catkin_skip_building_tests' from command line to 'False'
[0.270s] DEBUG:colcon.colcon_core.verb:Building package 'drobot_scan_3d' with the following arguments: {'ament_cmake_args': None, 'build_base': '/home/leo11dk/Desktop/drobot/build/drobot_scan_3d', 'catkin_cmake_args': None, 'catkin_skip_building_tests': False, 'cmake_args': None, 'cmake_clean_cache': False, 'cmake_clean_first': False, 'cmake_force_configure': False, 'cmake_target': None, 'cmake_target_skip_unavailable': False, 'install_base': '/home/leo11dk/Desktop/drobot/install/drobot_scan_3d', 'merge_install': False, 'path': '/home/leo11dk/Desktop/drobot/ros2_ws/src/drobot_scan_3d', 'symlink_install': False, 'test_result_base': None}
[0.270s] Level 5:colcon.colcon_core.verb:set package 'drobot_simulator' build argument 'cmake_args' from command line to 'None'
[0.270s] Level 5:colcon.colcon_core.verb:set package 'drobot_simulator' build argument 'cmake_target' from command line to 'None'
[0.270s] Level 5:colcon.colcon_core.verb:set package 'drobot_simulator' build argument 'cmake_target_skip_unavailable' from command line to 'False'
[0.270s] Level 5:colcon.colcon_core.verb:set package 'drobot_simulator' build argument 'cmake_clean_cache' from command line to 'False'
[0.271s] Level 5:colcon.colcon_core.verb:set package 'drobot_simulator' build argument 'cmake_clean_first' from command line to 'False'
[0.271s] Level 5:colcon.colcon_core.verb:set package 'drobot_simulator' build argument 'cmake_force_configure' from command line to 'False'
[0.271s] Level 5:colcon.colcon_core.verb:set package 'drobot_simulator' build argument 'ament_cmake_args' from command line to 'None'
[0.271s] Level 5:colcon.colcon_core.verb:set package 'drobot_simulator' build argument 'catkin_cmake_args' from command line to 'None'
[0.271s] Level 5:colcon.colcon_core.verb:set package 'drobot_simulator' build argument 'catkin_skip_building_tests' from command line to 'False'
[0.271s] DEBUG:colcon.colcon_core.verb:Building package 'drobot_simulator' with the following arguments: {'ament_cmake_args': None, 'build_base': '/home/leo11dk/Desktop/drobot/build/drobot_simulator', 'catkin_cmake_args': None, 'catkin_skip_building_tests': False, 'cmake_args': None, 'cmake_clean_cache': False, 'cmake_clean_first': False, 'cmake_force_configure': False, 'cmake_target': None, 'cmake_target_skip_unavailable': False, 'install_base': '/home/leo11dk/Desktop/drobot/install/drobot_simulator', 'merge_install': False, 'path': '/home/leo11dk/Desktop/drobot/ros2_ws/src/drobot_simulator', 'symlink_install': False, 'test_result_base': None}
[0.271s] Level 5:colcon.colcon_core.verb:set package 'drobot_strategy' build argument 'cmake_args' from command line to 'None'
[0.271s] Level 5:colcon.colcon_core.verb:set package 'drobot_strategy' build argument 'cmake_target' from command line to 'None'
[0.271s] Level 5:colcon.colcon_core.verb:set package 'drobot_strategy' build argument 'cmake_target_skip_unavailable' from command line to 'False'
[0.271s] Level 5:colcon.colcon_core.verb:set package 'drobot_strategy' build argument 'cmake_clean_cache' from command line to 'False'
[0.271s] Level 5:colcon.colcon_core.verb:set package 'drobot_strategy' build argument 'cmake_clean_first' from command line to 'False'
[0.271s] Level 5:colcon.colcon_core.verb:set package 'drobot_strategy' build argument 'cmake_force_configure' from command line to 'False'
[0.271s] Level 5:colcon.colcon_core.verb:set package 'drobot_strategy' build argument 'ament_cmake_args' from command line to 'None'
[0.271s] Level 5:colcon.colcon_core.verb:set package 'drobot_strategy' build argument 'catkin_cmake_args' from command line to 'None'
[0.271s] Level 5:colcon.colcon_core.verb:set package 'drobot_strategy' build argument 'catkin_skip_building_tests' from command line to 'False'
[0.271s] DEBUG:colcon.colcon_core.verb:Building package 'drobot_strategy' with the following arguments: {'ament_cmake_args': None, 'build_base': '/home/leo11dk/Desktop/drobot/build/drobot_strategy', 'catkin_cmake_args': None, 'catkin_skip_building_tests': False, 'cmake_args': None, 'cmake_clean_cache': False, 'cmake_clean_first': False, 'cmake_force_configure': False, 'cmake_target': None, 'cmake_target_skip_unavailable': False, 'install_base': '/home/leo11dk/Desktop/drobot/install/drobot_strategy', 'merge_install': False, 'path': '/home/leo11dk/Desktop/drobot/ros2_ws/src/drobot_strategy', 'symlink_install': False, 'test_result_base': None}
[0.271s] Level 5:colcon.colcon_core.verb:set package 'perception' build argument 'cmake_args' from command line to 'None'
[0.271s] Level 5:colcon.colcon_core.verb:set package 'perception' build argument 'cmake_target' from command line to 'None'
[0.271s] Level 5:colcon.colcon_core.verb:set package 'perception' build argument 'cmake_target_skip_unavailable' from command line to 'False'
[0.271s] Level 5:colcon.colcon_core.verb:set package 'perception' build argument 'cmake_clean_cache' from command line to 'False'
[0.271s] Level 5:colcon.colcon_core.verb:set package 'perception' build argument 'cmake_clean_first' from command line to 'False'
[0.271s] Level 5:colcon.colcon_core.verb:set package 'perception' build argument 'cmake_force_configure' from command line to 'False'
[0.271s] Level 5:colcon.colcon_core.verb:set package 'perception' build argument 'ament_cmake_args' from command line to 'None'
[0.271s] Level 5:colcon.colcon_core.verb:set package 'perception' build argument 'catkin_cmake_args' from command line to 'None'
[0.272s] Level 5:colcon.colcon_core.verb:set package 'perception' build argument 'catkin_skip_building_tests' from command line to 'False'
[0.272s] DEBUG:colcon.colcon_core.verb:Building package 'perception' with the following arguments: {'ament_cmake_args': None, 'build_base': '/home/leo11dk/Desktop/drobot/build/perception', 'catkin_cmake_args': None, 'catkin_skip_building_tests': False, 'cmake_args': None, 'cmake_clean_cache': False, 'cmake_clean_first': False, 'cmake_force_configure': False, 'cmake_target': None, 'cmake_target_skip_unavailable': False, 'install_base': '/home/leo11dk/Desktop/drobot/install/perception', 'merge_install': False, 'path': '/home/leo11dk/Desktop/drobot/ros2_ws/src/perception', 'symlink_install': False, 'test_result_base': None}
[0.272s] Level 5:colcon.colcon_core.verb:set package 'drobot_scan_2d' build argument 'cmake_args' from command line to 'None'
[0.272s] Level 5:colcon.colcon_core.verb:set package 'drobot_scan_2d' build argument 'cmake_target' from command line to 'None'
[0.272s] Level 5:colcon.colcon_core.verb:set package 'drobot_scan_2d' build argument 'cmake_target_skip_unavailable' from command line to 'False'
[0.272s] Level 5:colcon.colcon_core.verb:set package 'drobot_scan_2d' build argument 'cmake_clean_cache' from command line to 'False'
[0.272s] Level 5:colcon.colcon_core.verb:set package 'drobot_scan_2d' build argument 'cmake_clean_first' from command line to 'False'
[0.272s] Level 5:colcon.colcon_core.verb:set package 'drobot_scan_2d' build argument 'cmake_force_configure' from command line to 'False'
[0.272s] Level 5:colcon.colcon_core.verb:set package 'drobot_scan_2d' build argument 'ament_cmake_args' from command line to 'None'
[0.272s] Level 5:colcon.colcon_core.verb:set package 'drobot_scan_2d' build argument 'catkin_cmake_args' from command line to 'None'
[0.272s] Level 5:colcon.colcon_core.verb:set package 'drobot_scan_2d' build argument 'catkin_skip_building_tests' from command line to 'False'
[0.272s] DEBUG:colcon.colcon_core.verb:Building package 'drobot_scan_2d' with the following arguments: {'ament_cmake_args': None, 'build_base': '/home/leo11dk/Desktop/drobot/build/drobot_scan_2d', 'catkin_cmake_args': None, 'catkin_skip_building_tests': False, 'cmake_args': None, 'cmake_clean_cache': False, 'cmake_clean_first': False, 'cmake_force_configure': False, 'cmake_target': None, 'cmake_target_skip_unavailable': False, 'install_base': '/home/leo11dk/Desktop/drobot/install/drobot_scan_2d', 'merge_install': False, 'path': '/home/leo11dk/Desktop/drobot/ros2_ws/src/drobot_scan_2d', 'symlink_install': False, 'test_result_base': None}
[0.272s] Level 5:colcon.colcon_core.verb:set package 'drobot_bringup' build argument 'cmake_args' from command line to 'None'
[0.272s] Level 5:colcon.colcon_core.verb:set package 'drobot_bringup' build argument 'cmake_target' from command line to 'None'
[0.272s] Level 5:colcon.colcon_core.verb:set package 'drobot_bringup' build argument 'cmake_target_skip_unavailable' from command line to 'False'
[0.272s] Level 5:colcon.colcon_core.verb:set package 'drobot_bringup' build argument 'cmake_clean_cache' from command line to 'False'
[0.272s] Level 5:colcon.colcon_core.verb:set package 'drobot_bringup' build argument 'cmake_clean_first' from command line to 'False'
[0.272s] Level 5:colcon.colcon_core.verb:set package 'drobot_bringup' build argument 'cmake_force_configure' from command line to 'False'
[0.272s] Level 5:colcon.colcon_core.verb:set package 'drobot_bringup' build argument 'ament_cmake_args' from command line to 'None'
[0.272s] Level 5:colcon.colcon_core.verb:set package 'drobot_bringup' build argument 'catkin_cmake_args' from command line to 'None'
[0.272s] Level 5:colcon.colcon_core.verb:set package 'drobot_bringup' build argument 'catkin_skip_building_tests' from command line to 'False'
[0.272s] DEBUG:colcon.colcon_core.verb:Building package 'drobot_bringup' with the following arguments: {'ament_cmake_args': None, 'build_base': '/home/leo11dk/Desktop/drobot/build/drobot_bringup', 'catkin_cmake_args': None, 'catkin_skip_building_tests': False, 'cmake_args': None, 'cmake_clean_cache': False, 'cmake_clean_first': False, 'cmake_force_configure': False, 'cmake_target': None, 'cmake_target_skip_unavailable': False, 'install_base': '/home/leo11dk/Desktop/drobot/install/drobot_bringup', 'merge_install': False, 'path': '/home/leo11dk/Desktop/drobot/ros2_ws/src/drobot_bringup', 'symlink_install': False, 'test_result_base': None}
[0.273s] INFO:colcon.colcon_core.executor:Executing jobs using 'parallel' executor
[0.273s] DEBUG:colcon.colcon_parallel_executor.executor.parallel:run_until_complete
[0.273s] INFO:colcon.colcon_ros.task.ament_cmake.build:Building ROS package in '/home/leo11dk/Desktop/drobot/ros2_ws/src/drobot_description' with build type 'ament_cmake'
[0.274s] INFO:colcon.colcon_cmake.task.cmake.build:Building CMake package in '/home/leo11dk/Desktop/drobot/ros2_ws/src/drobot_description'
[0.276s] INFO:colcon.colcon_core.plugin_system:Skipping extension 'colcon_core.shell.bat': Not used on non-Windows systems
[0.276s] INFO:colcon.colcon_core.shell:Skip shell extension 'powershell' for command environment: Not usable outside of PowerShell
[0.276s] DEBUG:colcon.colcon_core.shell:Skip shell extension 'dsv' for command environment
[0.280s] INFO:colcon.colcon_ros.task.ament_python.build:Building ROS package in '/home/leo11dk/Desktop/drobot/ros2_ws/src/drobot_controller' with build type 'ament_python'
[0.280s] Level 1:colcon.colcon_core.shell:create_environment_hook('drobot_controller', 'ament_prefix_path')
[0.280s] INFO:colcon.colcon_core.shell:Creating environment hook '/home/leo11dk/Desktop/drobot/install/drobot_controller/share/drobot_controller/hook/ament_prefix_path.ps1'
[0.281s] INFO:colcon.colcon_core.shell:Creating environment descriptor '/home/leo11dk/Desktop/drobot/install/drobot_controller/share/drobot_controller/hook/ament_prefix_path.dsv'
[0.281s] INFO:colcon.colcon_core.shell:Creating environment hook '/home/leo11dk/Desktop/drobot/install/drobot_controller/share/drobot_controller/hook/ament_prefix_path.sh'
[0.281s] INFO:colcon.colcon_core.shell:Skip shell extension 'powershell' for command environment: Not usable outside of PowerShell
[0.281s] DEBUG:colcon.colcon_core.shell:Skip shell extension 'dsv' for command environment
[0.286s] INFO:colcon.colcon_ros.task.ament_python.build:Building ROS package in '/home/leo11dk/Desktop/drobot/ros2_ws/src/drobot_scan_3d' with build type 'ament_python'
[0.286s] Level 1:colcon.colcon_core.shell:create_environment_hook('drobot_scan_3d', 'ament_prefix_path')
[0.286s] INFO:colcon.colcon_core.shell:Creating environment hook '/home/leo11dk/Desktop/drobot/install/drobot_scan_3d/share/drobot_scan_3d/hook/ament_prefix_path.ps1'
[0.287s] INFO:colcon.colcon_core.shell:Creating environment descriptor '/home/leo11dk/Desktop/drobot/install/drobot_scan_3d/share/drobot_scan_3d/hook/ament_prefix_path.dsv'
[0.287s] INFO:colcon.colcon_core.shell:Creating environment hook '/home/leo11dk/Desktop/drobot/install/drobot_scan_3d/share/drobot_scan_3d/hook/ament_prefix_path.sh'
[0.288s] INFO:colcon.colcon_core.shell:Skip shell extension 'powershell' for command environment: Not usable outside of PowerShell
[0.288s] DEBUG:colcon.colcon_core.shell:Skip shell extension 'dsv' for command environment
[0.292s] INFO:colcon.colcon_ros.task.ament_cmake.build:Building ROS package in '/home/leo11dk/Desktop/drobot/ros2_ws/src/drobot_simulator' with build type 'ament_cmake'
[0.292s] INFO:colcon.colcon_cmake.task.cmake.build:Building CMake package in '/home/leo11dk/Desktop/drobot/ros2_ws/src/drobot_simulator'
[0.292s] INFO:colcon.colcon_core.shell:Skip shell extension 'powershell' for command environment: Not usable outside of PowerShell
[0.292s] DEBUG:colcon.colcon_core.shell:Skip shell extension 'dsv' for command environment
[0.296s] INFO:colcon.colcon_ros.task.ament_python.build:Building ROS package in '/home/leo11dk/Desktop/drobot/ros2_ws/src/drobot_strategy' with build type 'ament_python'
[0.296s] Level 1:colcon.colcon_core.shell:create_environment_hook('drobot_strategy', 'ament_prefix_path')
[0.296s] INFO:colcon.colcon_core.shell:Creating environment hook '/home/leo11dk/Desktop/drobot/install/drobot_strategy/share/drobot_strategy/hook/ament_prefix_path.ps1'
[0.297s] INFO:colcon.colcon_core.shell:Creating environment descriptor '/home/leo11dk/Desktop/drobot/install/drobot_strategy/share/drobot_strategy/hook/ament_prefix_path.dsv'
[0.297s] INFO:colcon.colcon_core.shell:Creating environment hook '/home/leo11dk/Desktop/drobot/install/drobot_strategy/share/drobot_strategy/hook/ament_prefix_path.sh'
[0.297s] INFO:colcon.colcon_core.shell:Skip shell extension 'powershell' for command environment: Not usable outside of PowerShell
[0.297s] DEBUG:colcon.colcon_core.shell:Skip shell extension 'dsv' for command environment
[0.301s] INFO:colcon.colcon_ros.task.ament_python.build:Building ROS package in '/home/leo11dk/Desktop/drobot/ros2_ws/src/perception' with build type 'ament_python'
[0.301s] Level 1:colcon.colcon_core.shell:create_environment_hook('perception', 'ament_prefix_path')
[0.301s] INFO:colcon.colcon_core.shell:Creating environment hook '/home/leo11dk/Desktop/drobot/install/perception/share/perception/hook/ament_prefix_path.ps1'
[0.302s] INFO:colcon.colcon_core.shell:Creating environment descriptor '/home/leo11dk/Desktop/drobot/install/perception/share/perception/hook/ament_prefix_path.dsv'
[0.302s] INFO:colcon.colcon_core.shell:Creating environment hook '/home/leo11dk/Desktop/drobot/install/perception/share/perception/hook/ament_prefix_path.sh'
[0.302s] INFO:colcon.colcon_core.shell:Skip shell extension 'powershell' for command environment: Not usable outside of PowerShell
[0.302s] DEBUG:colcon.colcon_core.shell:Skip shell extension 'dsv' for command environment
[0.311s] DEBUG:colcon.colcon_core.event_handler.log_command:Invoking command in '/home/leo11dk/Desktop/drobot/build/drobot_description': CMAKE_PREFIX_PATH=${CMAKE_PREFIX_PATH}:/home/leo11dk/Desktop/drobot/install/perception:/home/leo11dk/Desktop/drobot/install/drobot_strategy:/home/leo11dk/Desktop/drobot/install/drobot_scan_3d:/home/leo11dk/Desktop/drobot/install/drobot_bringup:/home/leo11dk/Desktop/drobot/install/drobot_controller:/opt/ros/jazzy DEBUGINFOD_URLS=https://debuginfod.ubuntu.com /usr/bin/cmake --build /home/leo11dk/Desktop/drobot/build/drobot_description -- -j6 -l6
[0.535s] INFO:colcon.colcon_core.task.python.build:Building Python package in '/home/leo11dk/Desktop/drobot/ros2_ws/src/drobot_controller'
[0.536s] INFO:colcon.colcon_core.shell:Skip shell extension 'powershell' for command environment: Not usable outside of PowerShell
[0.536s] DEBUG:colcon.colcon_core.shell:Skip shell extension 'dsv' for command environment
[0.762s] INFO:colcon.colcon_core.task.python.build:Building Python package in '/home/leo11dk/Desktop/drobot/ros2_ws/src/drobot_scan_3d'
[0.762s] INFO:colcon.colcon_core.shell:Skip shell extension 'powershell' for command environment: Not usable outside of PowerShell
[0.762s] DEBUG:colcon.colcon_core.shell:Skip shell extension 'dsv' for command environment
[0.768s] DEBUG:colcon.colcon_core.event_handler.log_command:Invoking command in '/home/leo11dk/Desktop/drobot/build/drobot_simulator': CMAKE_PREFIX_PATH=${CMAKE_PREFIX_PATH}:/home/leo11dk/Desktop/drobot/install/perception:/home/leo11dk/Desktop/drobot/install/drobot_strategy:/home/leo11dk/Desktop/drobot/install/drobot_scan_3d:/home/leo11dk/Desktop/drobot/install/drobot_bringup:/home/leo11dk/Desktop/drobot/install/drobot_controller:/opt/ros/jazzy DEBUGINFOD_URLS=https://debuginfod.ubuntu.com /usr/bin/cmake --build /home/leo11dk/Desktop/drobot/build/drobot_simulator -- -j6 -l6
[0.995s] INFO:colcon.colcon_core.task.python.build:Building Python package in '/home/leo11dk/Desktop/drobot/ros2_ws/src/drobot_strategy'
[0.996s] INFO:colcon.colcon_core.shell:Skip shell extension 'powershell' for command environment: Not usable outside of PowerShell
[0.996s] DEBUG:colcon.colcon_core.shell:Skip shell extension 'dsv' for command environment
[1.002s] DEBUG:colcon.colcon_core.event_handler.log_command:Invoked command in '/home/leo11dk/Desktop/drobot/build/drobot_description' returned '0': CMAKE_PREFIX_PATH=${CMAKE_PREFIX_PATH}:/home/leo11dk/Desktop/drobot/install/perception:/home/leo11dk/Desktop/drobot/install/drobot_strategy:/home/leo11dk/Desktop/drobot/install/drobot_scan_3d:/home/leo11dk/Desktop/drobot/install/drobot_bringup:/home/leo11dk/Desktop/drobot/install/drobot_controller:/opt/ros/jazzy DEBUGINFOD_URLS=https://debuginfod.ubuntu.com /usr/bin/cmake --build /home/leo11dk/Desktop/drobot/build/drobot_description -- -j6 -l6
[1.011s] DEBUG:colcon.colcon_core.event_handler.log_command:Invoking command in '/home/leo11dk/Desktop/drobot/build/drobot_description': CMAKE_PREFIX_PATH=${CMAKE_PREFIX_PATH}:/home/leo11dk/Desktop/drobot/install/perception:/home/leo11dk/Desktop/drobot/install/drobot_strategy:/home/leo11dk/Desktop/drobot/install/drobot_scan_3d:/home/leo11dk/Desktop/drobot/install/drobot_bringup:/home/leo11dk/Desktop/drobot/install/drobot_controller:/opt/ros/jazzy DEBUGINFOD_URLS=https://debuginfod.ubuntu.com /usr/bin/cmake --install /home/leo11dk/Desktop/drobot/build/drobot_description
[1.013s] DEBUG:colcon.colcon_core.event_handler.log_command:Invoked command in '/home/leo11dk/Desktop/drobot/build/drobot_simulator' returned '0': CMAKE_PREFIX_PATH=${CMAKE_PREFIX_PATH}:/home/leo11dk/Desktop/drobot/install/perception:/home/leo11dk/Desktop/drobot/install/drobot_strategy:/home/leo11dk/Desktop/drobot/install/drobot_scan_3d:/home/leo11dk/Desktop/drobot/install/drobot_bringup:/home/leo11dk/Desktop/drobot/install/drobot_controller:/opt/ros/jazzy DEBUGINFOD_URLS=https://debuginfod.ubuntu.com /usr/bin/cmake --build /home/leo11dk/Desktop/drobot/build/drobot_simulator -- -j6 -l6
[1.013s] DEBUG:colcon.colcon_core.event_handler.log_command:Invoking command in '/home/leo11dk/Desktop/drobot/build/drobot_simulator': CMAKE_PREFIX_PATH=${CMAKE_PREFIX_PATH}:/home/leo11dk/Desktop/drobot/install/perception:/home/leo11dk/Desktop/drobot/install/drobot_strategy:/home/leo11dk/Desktop/drobot/install/drobot_scan_3d:/home/leo11dk/Desktop/drobot/install/drobot_bringup:/home/leo11dk/Desktop/drobot/install/drobot_controller:/opt/ros/jazzy DEBUGINFOD_URLS=https://debuginfod.ubuntu.com /usr/bin/cmake --install /home/leo11dk/Desktop/drobot/build/drobot_simulator
[1.248s] INFO:colcon.colcon_core.task.python.build:Building Python package in '/home/leo11dk/Desktop/drobot/ros2_ws/src/perception'
[1.248s] INFO:colcon.colcon_core.shell:Skip shell extension 'powershell' for command environment: Not usable outside of PowerShell
[1.248s] DEBUG:colcon.colcon_core.shell:Skip shell extension 'dsv' for command environment
[1.262s] Level 1:colcon.colcon_core.environment:create_environment_scripts_only(drobot_simulator)
[1.277s] Level 1:colcon.colcon_core.environment:checking '/home/leo11dk/Desktop/drobot/install/drobot_simulator' for CMake module files
[1.278s] Level 1:colcon.colcon_core.environment:checking '/home/leo11dk/Desktop/drobot/install/drobot_simulator' for CMake config files
[1.280s] Level 1:colcon.colcon_core.shell:create_environment_hook('drobot_simulator', 'cmake_prefix_path')
[1.280s] INFO:colcon.colcon_core.shell:Creating environment hook '/home/leo11dk/Desktop/drobot/install/drobot_simulator/share/drobot_simulator/hook/cmake_prefix_path.ps1'
[1.281s] INFO:colcon.colcon_core.shell:Creating environment descriptor '/home/leo11dk/Desktop/drobot/install/drobot_simulator/share/drobot_simulator/hook/cmake_prefix_path.dsv'
[1.281s] INFO:colcon.colcon_core.shell:Creating environment hook '/home/leo11dk/Desktop/drobot/install/drobot_simulator/share/drobot_simulator/hook/cmake_prefix_path.sh'
[1.282s] Level 1:colcon.colcon_core.environment:checking '/home/leo11dk/Desktop/drobot/install/drobot_simulator/bin'
[1.282s] Level 1:colcon.colcon_core.environment:checking '/home/leo11dk/Desktop/drobot/install/drobot_simulator/lib/pkgconfig/drobot_simulator.pc'
[1.282s] Level 1:colcon.colcon_core.environment:checking '/home/leo11dk/Desktop/drobot/install/drobot_simulator/lib/python3.12/site-packages'
[1.282s] Level 1:colcon.colcon_core.environment:checking '/home/leo11dk/Desktop/drobot/install/drobot_simulator/bin'
[1.283s] INFO:colcon.colcon_core.shell:Creating package script '/home/leo11dk/Desktop/drobot/install/drobot_simulator/share/drobot_simulator/package.ps1'
[1.287s] INFO:colcon.colcon_core.shell:Creating package descriptor '/home/leo11dk/Desktop/drobot/install/drobot_simulator/share/drobot_simulator/package.dsv'
[1.288s] INFO:colcon.colcon_core.shell:Creating package script '/home/leo11dk/Desktop/drobot/install/drobot_simulator/share/drobot_simulator/package.sh'
[1.289s] INFO:colcon.colcon_core.shell:Creating package script '/home/leo11dk/Desktop/drobot/install/drobot_simulator/share/drobot_simulator/package.bash'
[1.292s] INFO:colcon.colcon_core.shell:Creating package script '/home/leo11dk/Desktop/drobot/install/drobot_simulator/share/drobot_simulator/package.zsh'
[1.293s] Level 1:colcon.colcon_core.environment:create_file_with_runtime_dependencies(/home/leo11dk/Desktop/drobot/install/drobot_simulator/share/colcon-core/packages/drobot_simulator)
[1.294s] Level 1:colcon.colcon_core.environment:create_environment_scripts_only(drobot_simulator)
[1.295s] Level 1:colcon.colcon_core.environment:checking '/home/leo11dk/Desktop/drobot/install/drobot_simulator' for CMake module files
[1.295s] Level 1:colcon.colcon_core.environment:checking '/home/leo11dk/Desktop/drobot/install/drobot_simulator' for CMake config files
[1.295s] Level 1:colcon.colcon_core.shell:create_environment_hook('drobot_simulator', 'cmake_prefix_path')
[1.295s] INFO:colcon.colcon_core.shell:Creating environment hook '/home/leo11dk/Desktop/drobot/install/drobot_simulator/share/drobot_simulator/hook/cmake_prefix_path.ps1'
[1.296s] INFO:colcon.colcon_core.shell:Creating environment descriptor '/home/leo11dk/Desktop/drobot/install/drobot_simulator/share/drobot_simulator/hook/cmake_prefix_path.dsv'
[1.296s] INFO:colcon.colcon_core.shell:Creating environment hook '/home/leo11dk/Desktop/drobot/install/drobot_simulator/share/drobot_simulator/hook/cmake_prefix_path.sh'
[1.300s] Level 1:colcon.colcon_core.environment:checking '/home/leo11dk/Desktop/drobot/install/drobot_simulator/bin'
[1.300s] Level 1:colcon.colcon_core.environment:checking '/home/leo11dk/Desktop/drobot/install/drobot_simulator/lib/pkgconfig/drobot_simulator.pc'
[1.300s] Level 1:colcon.colcon_core.environment:checking '/home/leo11dk/Desktop/drobot/install/drobot_simulator/lib/python3.12/site-packages'
[1.300s] Level 1:colcon.colcon_core.environment:checking '/home/leo11dk/Desktop/drobot/install/drobot_simulator/bin'
[1.301s] INFO:colcon.colcon_core.shell:Creating package script '/home/leo11dk/Desktop/drobot/install/drobot_simulator/share/drobot_simulator/package.ps1'
[1.301s] INFO:colcon.colcon_core.shell:Creating package descriptor '/home/leo11dk/Desktop/drobot/install/drobot_simulator/share/drobot_simulator/package.dsv'
[1.302s] INFO:colcon.colcon_core.shell:Creating package script '/home/leo11dk/Desktop/drobot/install/drobot_simulator/share/drobot_simulator/package.sh'
[1.304s] INFO:colcon.colcon_core.shell:Creating package script '/home/leo11dk/Desktop/drobot/install/drobot_simulator/share/drobot_simulator/package.bash'
[1.306s] INFO:colcon.colcon_core.shell:Creating package script '/home/leo11dk/Desktop/drobot/install/drobot_simulator/share/drobot_simulator/package.zsh'
[1.310s] Level 1:colcon.colcon_core.environment:create_file_with_runtime_dependencies(/home/leo11dk/Desktop/drobot/install/drobot_simulator/share/colcon-core/packages/drobot_simulator)
[1.315s] Level 1:colcon.colcon_core.environment:create_environment_scripts_only(drobot_description)
[1.316s] Level 1:colcon.colcon_core.environment:checking '/home/leo11dk/Desktop/drobot/install/drobot_description' for CMake module files
[1.316s] Level 1:colcon.colcon_core.environment:checking '/home/leo11dk/Desktop/drobot/install/drobot_description' for CMake config files
[1.316s] Level 1:colcon.colcon_core.shell:create_environment_hook('drobot_description', 'cmake_prefix_path')
[1.316s] INFO:colcon.colcon_core.shell:Creating environment hook '/home/leo11dk/Desktop/drobot/install/drobot_description/share/drobot_description/hook/cmake_prefix_path.ps1'
[1.317s] INFO:colcon.colcon_core.shell:Creating environment descriptor '/home/leo11dk/Desktop/drobot/install/drobot_description/share/drobot_description/hook/cmake_prefix_path.dsv'
[1.319s] INFO:colcon.colcon_core.shell:Creating environment hook '/home/leo11dk/Desktop/drobot/install/drobot_description/share/drobot_description/hook/cmake_prefix_path.sh'
[1.320s] Level 1:colcon.colcon_core.environment:checking '/home/leo11dk/Desktop/drobot/install/drobot_description/bin'
[1.320s] Level 1:colcon.colcon_core.environment:checking '/home/leo11dk/Desktop/drobot/install/drobot_description/lib/pkgconfig/drobot_description.pc'
[1.320s] Level 1:colcon.colcon_core.environment:checking '/home/leo11dk/Desktop/drobot/install/drobot_description/lib/python3.12/site-packages'
[1.321s] Level 1:colcon.colcon_core.environment:checking '/home/leo11dk/Desktop/drobot/install/drobot_description/bin'
[1.321s] INFO:colcon.colcon_core.shell:Creating package script '/home/leo11dk/Desktop/drobot/install/drobot_description/share/drobot_description/package.ps1'
[1.321s] INFO:colcon.colcon_core.shell:Creating package descriptor '/home/leo11dk/Desktop/drobot/install/drobot_description/share/drobot_description/package.dsv'
[1.324s] INFO:colcon.colcon_core.shell:Creating package script '/home/leo11dk/Desktop/drobot/install/drobot_description/share/drobot_description/package.sh'
[1.325s] INFO:colcon.colcon_core.shell:Creating package script '/home/leo11dk/Desktop/drobot/install/drobot_description/share/drobot_description/package.bash'
[1.325s] INFO:colcon.colcon_core.shell:Creating package script '/home/leo11dk/Desktop/drobot/install/drobot_description/share/drobot_description/package.zsh'
[1.325s] Level 1:colcon.colcon_core.environment:create_file_with_runtime_dependencies(/home/leo11dk/Desktop/drobot/install/drobot_description/share/colcon-core/packages/drobot_description)
[1.326s] Level 1:colcon.colcon_core.environment:create_environment_scripts_only(drobot_description)
[1.326s] Level 1:colcon.colcon_core.environment:checking '/home/leo11dk/Desktop/drobot/install/drobot_description' for CMake module files
[1.327s] Level 1:colcon.colcon_core.environment:checking '/home/leo11dk/Desktop/drobot/install/drobot_description' for CMake config files
[1.327s] Level 1:colcon.colcon_core.shell:create_environment_hook('drobot_description', 'cmake_prefix_path')
[1.327s] INFO:colcon.colcon_core.shell:Creating environment hook '/home/leo11dk/Desktop/drobot/install/drobot_description/share/drobot_description/hook/cmake_prefix_path.ps1'
[1.330s] INFO:colcon.colcon_core.shell:Creating environment descriptor '/home/leo11dk/Desktop/drobot/install/drobot_description/share/drobot_description/hook/cmake_prefix_path.dsv'
[1.331s] INFO:colcon.colcon_core.shell:Creating environment hook '/home/leo11dk/Desktop/drobot/install/drobot_description/share/drobot_description/hook/cmake_prefix_path.sh'
[1.331s] Level 1:colcon.colcon_core.environment:checking '/home/leo11dk/Desktop/drobot/install/drobot_description/bin'
[1.331s] Level 1:colcon.colcon_core.environment:checking '/home/leo11dk/Desktop/drobot/install/drobot_description/lib/pkgconfig/drobot_description.pc'
[1.331s] Level 1:colcon.colcon_core.environment:checking '/home/leo11dk/Desktop/drobot/install/drobot_description/lib/python3.12/site-packages'
[1.332s] Level 1:colcon.colcon_core.environment:checking '/home/leo11dk/Desktop/drobot/install/drobot_description/bin'
[1.332s] INFO:colcon.colcon_core.shell:Creating package script '/home/leo11dk/Desktop/drobot/install/drobot_description/share/drobot_description/package.ps1'
[1.332s] INFO:colcon.colcon_core.shell:Creating package descriptor '/home/leo11dk/Desktop/drobot/install/drobot_description/share/drobot_description/package.dsv'
[1.336s] INFO:colcon.colcon_core.shell:Creating package script '/home/leo11dk/Desktop/drobot/install/drobot_description/share/drobot_description/package.sh'
[1.336s] INFO:colcon.colcon_core.shell:Creating package script '/home/leo11dk/Desktop/drobot/install/drobot_description/share/drobot_description/package.bash'
[1.336s] INFO:colcon.colcon_core.shell:Creating package script '/home/leo11dk/Desktop/drobot/install/drobot_description/share/drobot_description/package.zsh'
[1.337s] Level 1:colcon.colcon_core.environment:create_file_with_runtime_dependencies(/home/leo11dk/Desktop/drobot/install/drobot_description/share/colcon-core/packages/drobot_description)
[1.337s] INFO:colcon.colcon_ros.task.ament_cmake.build:Building ROS package in '/home/leo11dk/Desktop/drobot/ros2_ws/src/drobot_scan_2d' with build type 'ament_cmake'
[1.337s] INFO:colcon.colcon_cmake.task.cmake.build:Building CMake package in '/home/leo11dk/Desktop/drobot/ros2_ws/src/drobot_scan_2d'
[1.337s] INFO:colcon.colcon_core.shell:Skip shell extension 'powershell' for command environment: Not usable outside of PowerShell
[1.337s] DEBUG:colcon.colcon_core.shell:Skip shell extension 'dsv' for command environment
[1.345s] DEBUG:colcon.colcon_core.event_handler.log_command:Invoked command in '/home/leo11dk/Desktop/drobot/build/drobot_simulator' returned '0': CMAKE_PREFIX_PATH=${CMAKE_PREFIX_PATH}:/home/leo11dk/Desktop/drobot/install/perception:/home/leo11dk/Desktop/drobot/install/drobot_strategy:/home/leo11dk/Desktop/drobot/install/drobot_scan_3d:/home/leo11dk/Desktop/drobot/install/drobot_bringup:/home/leo11dk/Desktop/drobot/install/drobot_controller:/opt/ros/jazzy DEBUGINFOD_URLS=https://debuginfod.ubuntu.com /usr/bin/cmake --install /home/leo11dk/Desktop/drobot/build/drobot_simulator
[1.397s] DEBUG:colcon.colcon_core.event_handler.log_command:Invoked command in '/home/leo11dk/Desktop/drobot/build/drobot_description' returned '0': CMAKE_PREFIX_PATH=${CMAKE_PREFIX_PATH}:/home/leo11dk/Desktop/drobot/install/perception:/home/leo11dk/Desktop/drobot/install/drobot_strategy:/home/leo11dk/Desktop/drobot/install/drobot_scan_3d:/home/leo11dk/Desktop/drobot/install/drobot_bringup:/home/leo11dk/Desktop/drobot/install/drobot_controller:/opt/ros/jazzy DEBUGINFOD_URLS=https://debuginfod.ubuntu.com /usr/bin/cmake --install /home/leo11dk/Desktop/drobot/build/drobot_description
[1.398s] DEBUG:colcon.colcon_core.event_handler.log_command:Invoking command in '/home/leo11dk/Desktop/drobot/build/drobot_scan_2d': CMAKE_PREFIX_PATH=/home/leo11dk/Desktop/drobot/install/drobot_description:/home/leo11dk/Desktop/drobot/install/drobot_simulator:/home/leo11dk/Desktop/drobot/install/drobot_scan_2d:/opt/ros/jazzy/opt/gz_sim_vendor:/opt/ros/jazzy/opt/gz_sensors_vendor:/opt/ros/jazzy/opt/gz_physics_vendor:/opt/ros/jazzy/opt/sdformat_vendor:/opt/ros/jazzy/opt/gz_gui_vendor:/opt/ros/jazzy/opt/gz_transport_vendor:/opt/ros/jazzy/opt/gz_rendering_vendor:/opt/ros/jazzy/opt/gz_plugin_vendor:/opt/ros/jazzy/opt/gz_fuel_tools_vendor:/opt/ros/jazzy/opt/gz_msgs_vendor:/opt/ros/jazzy/opt/gz_common_vendor:/opt/ros/jazzy/opt/gz_math_vendor:/opt/ros/jazzy/opt/gz_utils_vendor:/opt/ros/jazzy/opt/gz_tools_vendor:/opt/ros/jazzy/opt/gz_ogre_next_vendor:/opt/ros/jazzy/opt/gz_dartsim_vendor:/opt/ros/jazzy/opt/gz_cmake_vendor:/home/leo11dk/Desktop/drobot/install/perception:/home/leo11dk/Desktop/drobot/install/drobot_strategy:/home/leo11dk/Desktop/drobot/install/drobot_scan_3d:/home/leo11dk/Desktop/drobot/install/drobot_bringup:/home/leo11dk/Desktop/drobot/install/drobot_controller:/opt/ros/jazzy DEBUGINFOD_URLS=https://debuginfod.ubuntu.com /usr/bin/cmake --build /home/leo11dk/Desktop/drobot/build/drobot_scan_2d -- -j6 -l6
[1.865s] DEBUG:colcon.colcon_core.event_handler.log_command:Invoked command in '/home/leo11dk/Desktop/drobot/build/drobot_scan_2d' returned '0': CMAKE_PREFIX_PATH=/home/leo11dk/Desktop/drobot/install/drobot_description:/home/leo11dk/Desktop/drobot/install/drobot_simulator:/home/leo11dk/Desktop/drobot/install/drobot_scan_2d:/opt/ros/jazzy/opt/gz_sim_vendor:/opt/ros/jazzy/opt/gz_sensors_vendor:/opt/ros/jazzy/opt/gz_physics_vendor:/opt/ros/jazzy/opt/sdformat_vendor:/opt/ros/jazzy/opt/gz_gui_vendor:/opt/ros/jazzy/opt/gz_transport_vendor:/opt/ros/jazzy/opt/gz_rendering_vendor:/opt/ros/jazzy/opt/gz_plugin_vendor:/opt/ros/jazzy/opt/gz_fuel_tools_vendor:/opt/ros/jazzy/opt/gz_msgs_vendor:/opt/ros/jazzy/opt/gz_common_vendor:/opt/ros/jazzy/opt/gz_math_vendor:/opt/ros/jazzy/opt/gz_utils_vendor:/opt/ros/jazzy/opt/gz_tools_vendor:/opt/ros/jazzy/opt/gz_ogre_next_vendor:/opt/ros/jazzy/opt/gz_dartsim_vendor:/opt/ros/jazzy/opt/gz_cmake_vendor:/home/leo11dk/Desktop/drobot/install/perception:/home/leo11dk/Desktop/drobot/install/drobot_strategy:/home/leo11dk/Desktop/drobot/install/drobot_scan_3d:/home/leo11dk/Desktop/drobot/install/drobot_bringup:/home/leo11dk/Desktop/drobot/install/drobot_controller:/opt/ros/jazzy DEBUGINFOD_URLS=https://debuginfod.ubuntu.com /usr/bin/cmake --build /home/leo11dk/Desktop/drobot/build/drobot_scan_2d -- -j6 -l6
[1.866s] DEBUG:colcon.colcon_core.event_handler.log_command:Invoking command in '/home/leo11dk/Desktop/drobot/build/drobot_scan_2d': CMAKE_PREFIX_PATH=/home/leo11dk/Desktop/drobot/install/drobot_description:/home/leo11dk/Desktop/drobot/install/drobot_simulator:/home/leo11dk/Desktop/drobot/install/drobot_scan_2d:/opt/ros/jazzy/opt/gz_sim_vendor:/opt/ros/jazzy/opt/gz_sensors_vendor:/opt/ros/jazzy/opt/gz_physics_vendor:/opt/ros/jazzy/opt/sdformat_vendor:/opt/ros/jazzy/opt/gz_gui_vendor:/opt/ros/jazzy/opt/gz_transport_vendor:/opt/ros/jazzy/opt/gz_rendering_vendor:/opt/ros/jazzy/opt/gz_plugin_vendor:/opt/ros/jazzy/opt/gz_fuel_tools_vendor:/opt/ros/jazzy/opt/gz_msgs_vendor:/opt/ros/jazzy/opt/gz_common_vendor:/opt/ros/jazzy/opt/gz_math_vendor:/opt/ros/jazzy/opt/gz_utils_vendor:/opt/ros/jazzy/opt/gz_tools_vendor:/opt/ros/jazzy/opt/gz_ogre_next_vendor:/opt/ros/jazzy/opt/gz_dartsim_vendor:/opt/ros/jazzy/opt/gz_cmake_vendor:/home/leo11dk/Desktop/drobot/install/perception:/home/leo11dk/Desktop/drobot/install/drobot_strategy:/home/leo11dk/Desktop/drobot/install/drobot_scan_3d:/home/leo11dk/Desktop/drobot/install/drobot_bringup:/home/leo11dk/Desktop/drobot/install/drobot_controller:/opt/ros/jazzy DEBUGINFOD_URLS=https://debuginfod.ubuntu.com /usr/bin/cmake --install /home/leo11dk/Desktop/drobot/build/drobot_scan_2d
[1.931s] Level 1:colcon.colcon_core.environment:create_environment_scripts_only(drobot_scan_2d)
[1.931s] Level 1:colcon.colcon_core.environment:checking '/home/leo11dk/Desktop/drobot/install/drobot_scan_2d' for CMake module files
[1.931s] DEBUG:colcon.colcon_core.event_handler.log_command:Invoked command in '/home/leo11dk/Desktop/drobot/build/drobot_scan_2d' returned '0': CMAKE_PREFIX_PATH=/home/leo11dk/Desktop/drobot/install/drobot_description:/home/leo11dk/Desktop/drobot/install/drobot_simulator:/home/leo11dk/Desktop/drobot/install/drobot_scan_2d:/opt/ros/jazzy/opt/gz_sim_vendor:/opt/ros/jazzy/opt/gz_sensors_vendor:/opt/ros/jazzy/opt/gz_physics_vendor:/opt/ros/jazzy/opt/sdformat_vendor:/opt/ros/jazzy/opt/gz_gui_vendor:/opt/ros/jazzy/opt/gz_transport_vendor:/opt/ros/jazzy/opt/gz_rendering_vendor:/opt/ros/jazzy/opt/gz_plugin_vendor:/opt/ros/jazzy/opt/gz_fuel_tools_vendor:/opt/ros/jazzy/opt/gz_msgs_vendor:/opt/ros/jazzy/opt/gz_common_vendor:/opt/ros/jazzy/opt/gz_math_vendor:/opt/ros/jazzy/opt/gz_utils_vendor:/opt/ros/jazzy/opt/gz_tools_vendor:/opt/ros/jazzy/opt/gz_ogre_next_vendor:/opt/ros/jazzy/opt/gz_dartsim_vendor:/opt/ros/jazzy/opt/gz_cmake_vendor:/home/leo11dk/Desktop/drobot/install/perception:/home/leo11dk/Desktop/drobot/install/drobot_strategy:/home/leo11dk/Desktop/drobot/install/drobot_scan_3d:/home/leo11dk/Desktop/drobot/install/drobot_bringup:/home/leo11dk/Desktop/drobot/install/drobot_controller:/opt/ros/jazzy DEBUGINFOD_URLS=https://debuginfod.ubuntu.com /usr/bin/cmake --install /home/leo11dk/Desktop/drobot/build/drobot_scan_2d
[1.932s] Level 1:colcon.colcon_core.environment:checking '/home/leo11dk/Desktop/drobot/install/drobot_scan_2d' for CMake config files
[1.932s] Level 1:colcon.colcon_core.shell:create_environment_hook('drobot_scan_2d', 'cmake_prefix_path')
[1.932s] INFO:colcon.colcon_core.shell:Creating environment hook '/home/leo11dk/Desktop/drobot/install/drobot_scan_2d/share/drobot_scan_2d/hook/cmake_prefix_path.ps1'
[1.933s] INFO:colcon.colcon_core.shell:Creating environment descriptor '/home/leo11dk/Desktop/drobot/install/drobot_scan_2d/share/drobot_scan_2d/hook/cmake_prefix_path.dsv'
[1.933s] INFO:colcon.colcon_core.shell:Creating environment hook '/home/leo11dk/Desktop/drobot/install/drobot_scan_2d/share/drobot_scan_2d/hook/cmake_prefix_path.sh'
[1.933s] Level 1:colcon.colcon_core.environment:checking '/home/leo11dk/Desktop/drobot/install/drobot_scan_2d/lib'
[1.934s] Level 1:colcon.colcon_core.environment:checking '/home/leo11dk/Desktop/drobot/install/drobot_scan_2d/bin'
[1.934s] Level 1:colcon.colcon_core.environment:checking '/home/leo11dk/Desktop/drobot/install/drobot_scan_2d/lib/pkgconfig/drobot_scan_2d.pc'
[1.934s] Level 1:colcon.colcon_core.environment:checking '/home/leo11dk/Desktop/drobot/install/drobot_scan_2d/lib/python3.12/site-packages'
[1.934s] Level 1:colcon.colcon_core.shell:create_environment_hook('drobot_scan_2d', 'pythonpath')
[1.934s] INFO:colcon.colcon_core.shell:Creating environment hook '/home/leo11dk/Desktop/drobot/install/drobot_scan_2d/share/drobot_scan_2d/hook/pythonpath.ps1'
[1.935s] INFO:colcon.colcon_core.shell:Creating environment descriptor '/home/leo11dk/Desktop/drobot/install/drobot_scan_2d/share/drobot_scan_2d/hook/pythonpath.dsv'
[1.935s] INFO:colcon.colcon_core.shell:Creating environment hook '/home/leo11dk/Desktop/drobot/install/drobot_scan_2d/share/drobot_scan_2d/hook/pythonpath.sh'
[1.936s] Level 1:colcon.colcon_core.environment:checking '/home/leo11dk/Desktop/drobot/install/drobot_scan_2d/bin'
[1.936s] INFO:colcon.colcon_core.shell:Creating package script '/home/leo11dk/Desktop/drobot/install/drobot_scan_2d/share/drobot_scan_2d/package.ps1'
[1.936s] INFO:colcon.colcon_core.shell:Creating package descriptor '/home/leo11dk/Desktop/drobot/install/drobot_scan_2d/share/drobot_scan_2d/package.dsv'
[1.937s] INFO:colcon.colcon_core.shell:Creating package script '/home/leo11dk/Desktop/drobot/install/drobot_scan_2d/share/drobot_scan_2d/package.sh'
[1.937s] INFO:colcon.colcon_core.shell:Creating package script '/home/leo11dk/Desktop/drobot/install/drobot_scan_2d/share/drobot_scan_2d/package.bash'
[1.938s] INFO:colcon.colcon_core.shell:Creating package script '/home/leo11dk/Desktop/drobot/install/drobot_scan_2d/share/drobot_scan_2d/package.zsh'
[1.938s] Level 1:colcon.colcon_core.environment:create_file_with_runtime_dependencies(/home/leo11dk/Desktop/drobot/install/drobot_scan_2d/share/colcon-core/packages/drobot_scan_2d)
[1.939s] Level 1:colcon.colcon_core.environment:create_environment_scripts_only(drobot_scan_2d)
[1.939s] Level 1:colcon.colcon_core.environment:checking '/home/leo11dk/Desktop/drobot/install/drobot_scan_2d' for CMake module files
[1.940s] Level 1:colcon.colcon_core.environment:checking '/home/leo11dk/Desktop/drobot/install/drobot_scan_2d' for CMake config files
[1.940s] Level 1:colcon.colcon_core.shell:create_environment_hook('drobot_scan_2d', 'cmake_prefix_path')
[1.940s] INFO:colcon.colcon_core.shell:Creating environment hook '/home/leo11dk/Desktop/drobot/install/drobot_scan_2d/share/drobot_scan_2d/hook/cmake_prefix_path.ps1'
[1.941s] INFO:colcon.colcon_core.shell:Creating environment descriptor '/home/leo11dk/Desktop/drobot/install/drobot_scan_2d/share/drobot_scan_2d/hook/cmake_prefix_path.dsv'
[1.941s] INFO:colcon.colcon_core.shell:Creating environment hook '/home/leo11dk/Desktop/drobot/install/drobot_scan_2d/share/drobot_scan_2d/hook/cmake_prefix_path.sh'
[1.942s] Level 1:colcon.colcon_core.environment:checking '/home/leo11dk/Desktop/drobot/install/drobot_scan_2d/lib'
[1.942s] Level 1:colcon.colcon_core.environment:checking '/home/leo11dk/Desktop/drobot/install/drobot_scan_2d/bin'
[1.942s] Level 1:colcon.colcon_core.environment:checking '/home/leo11dk/Desktop/drobot/install/drobot_scan_2d/lib/pkgconfig/drobot_scan_2d.pc'
[1.942s] Level 1:colcon.colcon_core.environment:checking '/home/leo11dk/Desktop/drobot/install/drobot_scan_2d/lib/python3.12/site-packages'
[1.942s] Level 1:colcon.colcon_core.shell:create_environment_hook('drobot_scan_2d', 'pythonpath')
[1.943s] INFO:colcon.colcon_core.shell:Creating environment hook '/home/leo11dk/Desktop/drobot/install/drobot_scan_2d/share/drobot_scan_2d/hook/pythonpath.ps1'
[1.943s] INFO:colcon.colcon_core.shell:Creating environment descriptor '/home/leo11dk/Desktop/drobot/install/drobot_scan_2d/share/drobot_scan_2d/hook/pythonpath.dsv'
[1.943s] INFO:colcon.colcon_core.shell:Creating environment hook '/home/leo11dk/Desktop/drobot/install/drobot_scan_2d/share/drobot_scan_2d/hook/pythonpath.sh'
[1.944s] Level 1:colcon.colcon_core.environment:checking '/home/leo11dk/Desktop/drobot/install/drobot_scan_2d/bin'
[1.945s] INFO:colcon.colcon_core.shell:Creating package script '/home/leo11dk/Desktop/drobot/install/drobot_scan_2d/share/drobot_scan_2d/package.ps1'
[1.945s] INFO:colcon.colcon_core.shell:Creating package descriptor '/home/leo11dk/Desktop/drobot/install/drobot_scan_2d/share/drobot_scan_2d/package.dsv'
[1.946s] INFO:colcon.colcon_core.shell:Creating package script '/home/leo11dk/Desktop/drobot/install/drobot_scan_2d/share/drobot_scan_2d/package.sh'
[1.946s] INFO:colcon.colcon_core.shell:Creating package script '/home/leo11dk/Desktop/drobot/install/drobot_scan_2d/share/drobot_scan_2d/package.bash'
[1.946s] INFO:colcon.colcon_core.shell:Creating package script '/home/leo11dk/Desktop/drobot/install/drobot_scan_2d/share/drobot_scan_2d/package.zsh'
[1.947s] Level 1:colcon.colcon_core.environment:create_file_with_runtime_dependencies(/home/leo11dk/Desktop/drobot/install/drobot_scan_2d/share/colcon-core/packages/drobot_scan_2d)
[1.949s] DEBUG:colcon.colcon_core.event_handler.log_command:Invoking command in '/home/leo11dk/Desktop/drobot/ros2_ws/src/drobot_scan_3d': DEBUGINFOD_URLS=https://debuginfod.ubuntu.com PYTHONPATH=/home/leo11dk/Desktop/drobot/build/drobot_scan_3d/prefix_override:/usr/lib/python3/dist-packages/colcon_core/task/python/colcon_distutils_commands:/home/leo11dk/Desktop/drobot/install/drobot_scan_3d/lib/python3.12/site-packages:${PYTHONPATH} /usr/bin/python3 -W ignore:setup.py install is deprecated -W ignore:easy_install command is deprecated setup.py egg_info --egg-base ../../../build/drobot_scan_3d build --build-base /home/leo11dk/Desktop/drobot/build/drobot_scan_3d/build install --record /home/leo11dk/Desktop/drobot/build/drobot_scan_3d/install.log --single-version-externally-managed install_data
[2.003s] DEBUG:colcon.colcon_core.event_handler.log_command:Invoking command in '/home/leo11dk/Desktop/drobot/ros2_ws/src/drobot_controller': DEBUGINFOD_URLS=https://debuginfod.ubuntu.com PYTHONPATH=/home/leo11dk/Desktop/drobot/build/drobot_controller/prefix_override:/usr/lib/python3/dist-packages/colcon_core/task/python/colcon_distutils_commands:/home/leo11dk/Desktop/drobot/install/drobot_controller/lib/python3.12/site-packages:${PYTHONPATH} /usr/bin/python3 -W ignore:setup.py install is deprecated -W ignore:easy_install command is deprecated setup.py egg_info --egg-base ../../../build/drobot_controller build --build-base /home/leo11dk/Desktop/drobot/build/drobot_controller/build install --record /home/leo11dk/Desktop/drobot/build/drobot_controller/install.log --single-version-externally-managed install_data
[2.093s] DEBUG:colcon.colcon_core.event_handler.log_command:Invoking command in '/home/leo11dk/Desktop/drobot/ros2_ws/src/drobot_strategy': DEBUGINFOD_URLS=https://debuginfod.ubuntu.com PYTHONPATH=/home/leo11dk/Desktop/drobot/build/drobot_strategy/prefix_override:/usr/lib/python3/dist-packages/colcon_core/task/python/colcon_distutils_commands:/home/leo11dk/Desktop/drobot/install/drobot_strategy/lib/python3.12/site-packages:${PYTHONPATH} /usr/bin/python3 -W ignore:setup.py install is deprecated -W ignore:easy_install command is deprecated setup.py egg_info --egg-base ../../../build/drobot_strategy build --build-base /home/leo11dk/Desktop/drobot/build/drobot_strategy/build install --record /home/leo11dk/Desktop/drobot/build/drobot_strategy/install.log --single-version-externally-managed install_data
[2.190s] DEBUG:colcon.colcon_core.event_handler.log_command:Invoking command in '/home/leo11dk/Desktop/drobot/ros2_ws/src/perception': DEBUGINFOD_URLS=https://debuginfod.ubuntu.com PYTHONPATH=/home/leo11dk/Desktop/drobot/build/perception/prefix_override:/usr/lib/python3/dist-packages/colcon_core/task/python/colcon_distutils_commands:/home/leo11dk/Desktop/drobot/install/perception/lib/python3.12/site-packages:${PYTHONPATH} /usr/bin/python3 -W ignore:setup.py install is deprecated -W ignore:easy_install command is deprecated setup.py egg_info --egg-base ../../../build/perception build --build-base /home/leo11dk/Desktop/drobot/build/perception/build install --record /home/leo11dk/Desktop/drobot/build/perception/install.log --single-version-externally-managed install_data
[2.575s] Level 1:colcon.colcon_core.environment:checking '/home/leo11dk/Desktop/drobot/install/drobot_scan_3d' for CMake module files
[2.576s] Level 1:colcon.colcon_core.environment:checking '/home/leo11dk/Desktop/drobot/install/drobot_scan_3d' for CMake config files
[2.576s] DEBUG:colcon.colcon_core.event_handler.log_command:Invoked command in '/home/leo11dk/Desktop/drobot/ros2_ws/src/drobot_scan_3d' returned '0': DEBUGINFOD_URLS=https://debuginfod.ubuntu.com PYTHONPATH=/home/leo11dk/Desktop/drobot/build/drobot_scan_3d/prefix_override:/usr/lib/python3/dist-packages/colcon_core/task/python/colcon_distutils_commands:/home/leo11dk/Desktop/drobot/install/drobot_scan_3d/lib/python3.12/site-packages:${PYTHONPATH} /usr/bin/python3 -W ignore:setup.py install is deprecated -W ignore:easy_install command is deprecated setup.py egg_info --egg-base ../../../build/drobot_scan_3d build --build-base /home/leo11dk/Desktop/drobot/build/drobot_scan_3d/build install --record /home/leo11dk/Desktop/drobot/build/drobot_scan_3d/install.log --single-version-externally-managed install_data
[2.576s] Level 1:colcon.colcon_core.environment:checking '/home/leo11dk/Desktop/drobot/install/drobot_scan_3d/lib'
[2.577s] Level 1:colcon.colcon_core.environment:checking '/home/leo11dk/Desktop/drobot/install/drobot_scan_3d/bin'
[2.577s] Level 1:colcon.colcon_core.environment:checking '/home/leo11dk/Desktop/drobot/install/drobot_scan_3d/lib/pkgconfig/drobot_scan_3d.pc'
[2.577s] Level 1:colcon.colcon_core.environment:checking '/home/leo11dk/Desktop/drobot/install/drobot_scan_3d/lib/python3.12/site-packages'
[2.577s] Level 1:colcon.colcon_core.shell:create_environment_hook('drobot_scan_3d', 'pythonpath')
[2.577s] INFO:colcon.colcon_core.shell:Creating environment hook '/home/leo11dk/Desktop/drobot/install/drobot_scan_3d/share/drobot_scan_3d/hook/pythonpath.ps1'
[2.578s] INFO:colcon.colcon_core.shell:Creating environment descriptor '/home/leo11dk/Desktop/drobot/install/drobot_scan_3d/share/drobot_scan_3d/hook/pythonpath.dsv'
[2.578s] INFO:colcon.colcon_core.shell:Creating environment hook '/home/leo11dk/Desktop/drobot/install/drobot_scan_3d/share/drobot_scan_3d/hook/pythonpath.sh'
[2.579s] Level 1:colcon.colcon_core.environment:checking '/home/leo11dk/Desktop/drobot/install/drobot_scan_3d/bin'
[2.579s] Level 1:colcon.colcon_core.environment:create_environment_scripts_only(drobot_scan_3d)
[2.579s] INFO:colcon.colcon_core.shell:Creating package script '/home/leo11dk/Desktop/drobot/install/drobot_scan_3d/share/drobot_scan_3d/package.ps1'
[2.579s] INFO:colcon.colcon_core.shell:Creating package descriptor '/home/leo11dk/Desktop/drobot/install/drobot_scan_3d/share/drobot_scan_3d/package.dsv'
[2.580s] INFO:colcon.colcon_core.shell:Creating package script '/home/leo11dk/Desktop/drobot/install/drobot_scan_3d/share/drobot_scan_3d/package.sh'
[2.580s] INFO:colcon.colcon_core.shell:Creating package script '/home/leo11dk/Desktop/drobot/install/drobot_scan_3d/share/drobot_scan_3d/package.bash'
[2.580s] INFO:colcon.colcon_core.shell:Creating package script '/home/leo11dk/Desktop/drobot/install/drobot_scan_3d/share/drobot_scan_3d/package.zsh'
[2.581s] Level 1:colcon.colcon_core.environment:create_file_with_runtime_dependencies(/home/leo11dk/Desktop/drobot/install/drobot_scan_3d/share/colcon-core/packages/drobot_scan_3d)
[2.638s] Level 1:colcon.colcon_core.environment:checking '/home/leo11dk/Desktop/drobot/install/drobot_controller' for CMake module files
[2.638s] DEBUG:colcon.colcon_core.event_handler.log_command:Invoked command in '/home/leo11dk/Desktop/drobot/ros2_ws/src/drobot_controller' returned '0': DEBUGINFOD_URLS=https://debuginfod.ubuntu.com PYTHONPATH=/home/leo11dk/Desktop/drobot/build/drobot_controller/prefix_override:/usr/lib/python3/dist-packages/colcon_core/task/python/colcon_distutils_commands:/home/leo11dk/Desktop/drobot/install/drobot_controller/lib/python3.12/site-packages:${PYTHONPATH} /usr/bin/python3 -W ignore:setup.py install is deprecated -W ignore:easy_install command is deprecated setup.py egg_info --egg-base ../../../build/drobot_controller build --build-base /home/leo11dk/Desktop/drobot/build/drobot_controller/build install --record /home/leo11dk/Desktop/drobot/build/drobot_controller/install.log --single-version-externally-managed install_data
[2.639s] Level 1:colcon.colcon_core.environment:checking '/home/leo11dk/Desktop/drobot/install/drobot_controller' for CMake config files
[2.639s] Level 1:colcon.colcon_core.environment:checking '/home/leo11dk/Desktop/drobot/install/drobot_controller/lib'
[2.639s] Level 1:colcon.colcon_core.environment:checking '/home/leo11dk/Desktop/drobot/install/drobot_controller/bin'
[2.639s] Level 1:colcon.colcon_core.environment:checking '/home/leo11dk/Desktop/drobot/install/drobot_controller/lib/pkgconfig/drobot_controller.pc'
[2.640s] Level 1:colcon.colcon_core.environment:checking '/home/leo11dk/Desktop/drobot/install/drobot_controller/lib/python3.12/site-packages'
[2.640s] Level 1:colcon.colcon_core.shell:create_environment_hook('drobot_controller', 'pythonpath')
[2.640s] INFO:colcon.colcon_core.shell:Creating environment hook '/home/leo11dk/Desktop/drobot/install/drobot_controller/share/drobot_controller/hook/pythonpath.ps1'
[2.640s] INFO:colcon.colcon_core.shell:Creating environment descriptor '/home/leo11dk/Desktop/drobot/install/drobot_controller/share/drobot_controller/hook/pythonpath.dsv'
[2.640s] INFO:colcon.colcon_core.shell:Creating environment hook '/home/leo11dk/Desktop/drobot/install/drobot_controller/share/drobot_controller/hook/pythonpath.sh'
[2.641s] Level 1:colcon.colcon_core.environment:checking '/home/leo11dk/Desktop/drobot/install/drobot_controller/bin'
[2.641s] Level 1:colcon.colcon_core.environment:create_environment_scripts_only(drobot_controller)
[2.641s] INFO:colcon.colcon_core.shell:Creating package script '/home/leo11dk/Desktop/drobot/install/drobot_controller/share/drobot_controller/package.ps1'
[2.642s] INFO:colcon.colcon_core.shell:Creating package descriptor '/home/leo11dk/Desktop/drobot/install/drobot_controller/share/drobot_controller/package.dsv'
[2.642s] INFO:colcon.colcon_core.shell:Creating package script '/home/leo11dk/Desktop/drobot/install/drobot_controller/share/drobot_controller/package.sh'
[2.642s] INFO:colcon.colcon_core.shell:Creating package script '/home/leo11dk/Desktop/drobot/install/drobot_controller/share/drobot_controller/package.bash'
[2.643s] INFO:colcon.colcon_core.shell:Creating package script '/home/leo11dk/Desktop/drobot/install/drobot_controller/share/drobot_controller/package.zsh'
[2.643s] Level 1:colcon.colcon_core.environment:create_file_with_runtime_dependencies(/home/leo11dk/Desktop/drobot/install/drobot_controller/share/colcon-core/packages/drobot_controller)
[2.643s] INFO:colcon.colcon_ros.task.ament_python.build:Building ROS package in '/home/leo11dk/Desktop/drobot/ros2_ws/src/drobot_bringup' with build type 'ament_python'
[2.643s] Level 1:colcon.colcon_core.shell:create_environment_hook('drobot_bringup', 'ament_prefix_path')
[2.643s] INFO:colcon.colcon_core.shell:Creating environment hook '/home/leo11dk/Desktop/drobot/install/drobot_bringup/share/drobot_bringup/hook/ament_prefix_path.ps1'
[2.644s] INFO:colcon.colcon_core.shell:Creating environment descriptor '/home/leo11dk/Desktop/drobot/install/drobot_bringup/share/drobot_bringup/hook/ament_prefix_path.dsv'
[2.645s] INFO:colcon.colcon_core.shell:Creating environment hook '/home/leo11dk/Desktop/drobot/install/drobot_bringup/share/drobot_bringup/hook/ament_prefix_path.sh'
[2.645s] INFO:colcon.colcon_core.shell:Skip shell extension 'powershell' for command environment: Not usable outside of PowerShell
[2.645s] DEBUG:colcon.colcon_core.shell:Skip shell extension 'dsv' for command environment
[2.881s] INFO:colcon.colcon_core.task.python.build:Building Python package in '/home/leo11dk/Desktop/drobot/ros2_ws/src/drobot_bringup'
[2.881s] INFO:colcon.colcon_core.shell:Skip shell extension 'powershell' for command environment: Not usable outside of PowerShell
[2.881s] DEBUG:colcon.colcon_core.shell:Skip shell extension 'dsv' for command environment
[2.886s] Level 1:colcon.colcon_core.environment:checking '/home/leo11dk/Desktop/drobot/install/perception' for CMake module files
[2.887s] DEBUG:colcon.colcon_core.event_handler.log_command:Invoked command in '/home/leo11dk/Desktop/drobot/ros2_ws/src/perception' returned '0': DEBUGINFOD_URLS=https://debuginfod.ubuntu.com PYTHONPATH=/home/leo11dk/Desktop/drobot/build/perception/prefix_override:/usr/lib/python3/dist-packages/colcon_core/task/python/colcon_distutils_commands:/home/leo11dk/Desktop/drobot/install/perception/lib/python3.12/site-packages:${PYTHONPATH} /usr/bin/python3 -W ignore:setup.py install is deprecated -W ignore:easy_install command is deprecated setup.py egg_info --egg-base ../../../build/perception build --build-base /home/leo11dk/Desktop/drobot/build/perception/build install --record /home/leo11dk/Desktop/drobot/build/perception/install.log --single-version-externally-managed install_data
[2.887s] Level 1:colcon.colcon_core.environment:checking '/home/leo11dk/Desktop/drobot/install/perception' for CMake config files
[2.887s] Level 1:colcon.colcon_core.environment:checking '/home/leo11dk/Desktop/drobot/install/perception/lib'
[2.888s] Level 1:colcon.colcon_core.environment:checking '/home/leo11dk/Desktop/drobot/install/perception/bin'
[2.888s] Level 1:colcon.colcon_core.environment:checking '/home/leo11dk/Desktop/drobot/install/perception/lib/pkgconfig/perception.pc'
[2.888s] Level 1:colcon.colcon_core.environment:checking '/home/leo11dk/Desktop/drobot/install/perception/lib/python3.12/site-packages'
[2.888s] Level 1:colcon.colcon_core.shell:create_environment_hook('perception', 'pythonpath')
[2.888s] INFO:colcon.colcon_core.shell:Creating environment hook '/home/leo11dk/Desktop/drobot/install/perception/share/perception/hook/pythonpath.ps1'
[2.889s] INFO:colcon.colcon_core.shell:Creating environment descriptor '/home/leo11dk/Desktop/drobot/install/perception/share/perception/hook/pythonpath.dsv'
[2.889s] INFO:colcon.colcon_core.shell:Creating environment hook '/home/leo11dk/Desktop/drobot/install/perception/share/perception/hook/pythonpath.sh'
[2.890s] Level 1:colcon.colcon_core.environment:checking '/home/leo11dk/Desktop/drobot/install/perception/bin'
[2.890s] Level 1:colcon.colcon_core.environment:create_environment_scripts_only(perception)
[2.890s] INFO:colcon.colcon_core.shell:Creating package script '/home/leo11dk/Desktop/drobot/install/perception/share/perception/package.ps1'
[2.891s] INFO:colcon.colcon_core.shell:Creating package descriptor '/home/leo11dk/Desktop/drobot/install/perception/share/perception/package.dsv'
[2.891s] INFO:colcon.colcon_core.shell:Creating package script '/home/leo11dk/Desktop/drobot/install/perception/share/perception/package.sh'
[2.891s] INFO:colcon.colcon_core.shell:Creating package script '/home/leo11dk/Desktop/drobot/install/perception/share/perception/package.bash'
[2.892s] INFO:colcon.colcon_core.shell:Creating package script '/home/leo11dk/Desktop/drobot/install/perception/share/perception/package.zsh'
[2.892s] Level 1:colcon.colcon_core.environment:create_file_with_runtime_dependencies(/home/leo11dk/Desktop/drobot/install/perception/share/colcon-core/packages/perception)
[2.892s] Level 1:colcon.colcon_core.environment:checking '/home/leo11dk/Desktop/drobot/install/drobot_strategy' for CMake module files
[2.893s] Level 1:colcon.colcon_core.environment:checking '/home/leo11dk/Desktop/drobot/install/drobot_strategy' for CMake config files
[2.893s] DEBUG:colcon.colcon_core.event_handler.log_command:Invoked command in '/home/leo11dk/Desktop/drobot/ros2_ws/src/drobot_strategy' returned '0': DEBUGINFOD_URLS=https://debuginfod.ubuntu.com PYTHONPATH=/home/leo11dk/Desktop/drobot/build/drobot_strategy/prefix_override:/usr/lib/python3/dist-packages/colcon_core/task/python/colcon_distutils_commands:/home/leo11dk/Desktop/drobot/install/drobot_strategy/lib/python3.12/site-packages:${PYTHONPATH} /usr/bin/python3 -W ignore:setup.py install is deprecated -W ignore:easy_install command is deprecated setup.py egg_info --egg-base ../../../build/drobot_strategy build --build-base /home/leo11dk/Desktop/drobot/build/drobot_strategy/build install --record /home/leo11dk/Desktop/drobot/build/drobot_strategy/install.log --single-version-externally-managed install_data
[2.894s] Level 1:colcon.colcon_core.environment:checking '/home/leo11dk/Desktop/drobot/install/drobot_strategy/lib'
[2.894s] Level 1:colcon.colcon_core.environment:checking '/home/leo11dk/Desktop/drobot/install/drobot_strategy/bin'
[2.894s] Level 1:colcon.colcon_core.environment:checking '/home/leo11dk/Desktop/drobot/install/drobot_strategy/lib/pkgconfig/drobot_strategy.pc'
[2.894s] Level 1:colcon.colcon_core.environment:checking '/home/leo11dk/Desktop/drobot/install/drobot_strategy/lib/python3.12/site-packages'
[2.894s] Level 1:colcon.colcon_core.shell:create_environment_hook('drobot_strategy', 'pythonpath')
[2.894s] INFO:colcon.colcon_core.shell:Creating environment hook '/home/leo11dk/Desktop/drobot/install/drobot_strategy/share/drobot_strategy/hook/pythonpath.ps1'
[2.895s] INFO:colcon.colcon_core.shell:Creating environment descriptor '/home/leo11dk/Desktop/drobot/install/drobot_strategy/share/drobot_strategy/hook/pythonpath.dsv'
[2.895s] INFO:colcon.colcon_core.shell:Creating environment hook '/home/leo11dk/Desktop/drobot/install/drobot_strategy/share/drobot_strategy/hook/pythonpath.sh'
[2.896s] Level 1:colcon.colcon_core.environment:checking '/home/leo11dk/Desktop/drobot/install/drobot_strategy/bin'
[2.896s] Level 1:colcon.colcon_core.environment:create_environment_scripts_only(drobot_strategy)
[2.896s] INFO:colcon.colcon_core.shell:Creating package script '/home/leo11dk/Desktop/drobot/install/drobot_strategy/share/drobot_strategy/package.ps1'
[2.896s] INFO:colcon.colcon_core.shell:Creating package descriptor '/home/leo11dk/Desktop/drobot/install/drobot_strategy/share/drobot_strategy/package.dsv'
[2.897s] INFO:colcon.colcon_core.shell:Creating package script '/home/leo11dk/Desktop/drobot/install/drobot_strategy/share/drobot_strategy/package.sh'
[2.897s] INFO:colcon.colcon_core.shell:Creating package script '/home/leo11dk/Desktop/drobot/install/drobot_strategy/share/drobot_strategy/package.bash'
[2.897s] INFO:colcon.colcon_core.shell:Creating package script '/home/leo11dk/Desktop/drobot/install/drobot_strategy/share/drobot_strategy/package.zsh'
[2.897s] Level 1:colcon.colcon_core.environment:create_file_with_runtime_dependencies(/home/leo11dk/Desktop/drobot/install/drobot_strategy/share/colcon-core/packages/drobot_strategy)
[3.549s] DEBUG:colcon.colcon_core.event_handler.log_command:Invoking command in '/home/leo11dk/Desktop/drobot/ros2_ws/src/drobot_bringup': AMENT_PREFIX_PATH=/home/leo11dk/Desktop/drobot/install/drobot_controller:/home/leo11dk/Desktop/drobot/install/perception:/home/leo11dk/Desktop/drobot/install/drobot_strategy:/home/leo11dk/Desktop/drobot/install/drobot_simulator:/home/leo11dk/Desktop/drobot/install/drobot_scan_3d:/home/leo11dk/Desktop/drobot/install/drobot_bringup:/home/leo11dk/Desktop/drobot/install/drobot_scan_2d:/home/leo11dk/Desktop/drobot/install/drobot_description:/opt/ros/jazzy CMAKE_PREFIX_PATH=/home/leo11dk/Desktop/drobot/install/drobot_scan_2d:/home/leo11dk/Desktop/drobot/install/drobot_description:/home/leo11dk/Desktop/drobot/install/drobot_simulator:/opt/ros/jazzy/opt/gz_sim_vendor:/opt/ros/jazzy/opt/gz_sensors_vendor:/opt/ros/jazzy/opt/gz_physics_vendor:/opt/ros/jazzy/opt/sdformat_vendor:/opt/ros/jazzy/opt/gz_gui_vendor:/opt/ros/jazzy/opt/gz_transport_vendor:/opt/ros/jazzy/opt/gz_rendering_vendor:/opt/ros/jazzy/opt/gz_plugin_vendor:/opt/ros/jazzy/opt/gz_fuel_tools_vendor:/opt/ros/jazzy/opt/gz_msgs_vendor:/opt/ros/jazzy/opt/gz_common_vendor:/opt/ros/jazzy/opt/gz_math_vendor:/opt/ros/jazzy/opt/gz_utils_vendor:/opt/ros/jazzy/opt/gz_tools_vendor:/opt/ros/jazzy/opt/gz_ogre_next_vendor:/opt/ros/jazzy/opt/gz_dartsim_vendor:/opt/ros/jazzy/opt/gz_cmake_vendor DEBUGINFOD_URLS=https://debuginfod.ubuntu.com PYTHONPATH=/home/leo11dk/Desktop/drobot/build/drobot_bringup/prefix_override:/usr/lib/python3/dist-packages/colcon_core/task/python/colcon_distutils_commands:/home/leo11dk/Desktop/drobot/install/drobot_bringup/lib/python3.12/site-packages:/home/leo11dk/Desktop/drobot/install/drobot_scan_2d/lib/python3.12/site-packages:/home/leo11dk/Desktop/drobot/install/drobot_controller/lib/python3.12/site-packages:/home/leo11dk/Desktop/drobot/install/perception/lib/python3.12/site-packages:/home/leo11dk/Desktop/drobot/install/drobot_strategy/lib/python3.12/site-packages:/home/leo11dk/Desktop/drobot/install/drobot_scan_3d/lib/python3.12/site-packages:/home/leo11dk/Desktop/drobot/install/drobot_bringup/lib/python3.12/site-packages:/opt/ros/jazzy/lib/python3.12/site-packages /usr/bin/python3 -W ignore:setup.py install is deprecated -W ignore:easy_install command is deprecated setup.py egg_info --egg-base ../../../build/drobot_bringup build --build-base /home/leo11dk/Desktop/drobot/build/drobot_bringup/build install --record /home/leo11dk/Desktop/drobot/build/drobot_bringup/install.log --single-version-externally-managed install_data
[4.158s] Level 1:colcon.colcon_core.environment:checking '/home/leo11dk/Desktop/drobot/install/drobot_bringup' for CMake module files
[4.158s] DEBUG:colcon.colcon_core.event_handler.log_command:Invoked command in '/home/leo11dk/Desktop/drobot/ros2_ws/src/drobot_bringup' returned '0': AMENT_PREFIX_PATH=/home/leo11dk/Desktop/drobot/install/drobot_controller:/home/leo11dk/Desktop/drobot/install/perception:/home/leo11dk/Desktop/drobot/install/drobot_strategy:/home/leo11dk/Desktop/drobot/install/drobot_simulator:/home/leo11dk/Desktop/drobot/install/drobot_scan_3d:/home/leo11dk/Desktop/drobot/install/drobot_bringup:/home/leo11dk/Desktop/drobot/install/drobot_scan_2d:/home/leo11dk/Desktop/drobot/install/drobot_description:/opt/ros/jazzy CMAKE_PREFIX_PATH=/home/leo11dk/Desktop/drobot/install/drobot_scan_2d:/home/leo11dk/Desktop/drobot/install/drobot_description:/home/leo11dk/Desktop/drobot/install/drobot_simulator:/opt/ros/jazzy/opt/gz_sim_vendor:/opt/ros/jazzy/opt/gz_sensors_vendor:/opt/ros/jazzy/opt/gz_physics_vendor:/opt/ros/jazzy/opt/sdformat_vendor:/opt/ros/jazzy/opt/gz_gui_vendor:/opt/ros/jazzy/opt/gz_transport_vendor:/opt/ros/jazzy/opt/gz_rendering_vendor:/opt/ros/jazzy/opt/gz_plugin_vendor:/opt/ros/jazzy/opt/gz_fuel_tools_vendor:/opt/ros/jazzy/opt/gz_msgs_vendor:/opt/ros/jazzy/opt/gz_common_vendor:/opt/ros/jazzy/opt/gz_math_vendor:/opt/ros/jazzy/opt/gz_utils_vendor:/opt/ros/jazzy/opt/gz_tools_vendor:/opt/ros/jazzy/opt/gz_ogre_next_vendor:/opt/ros/jazzy/opt/gz_dartsim_vendor:/opt/ros/jazzy/opt/gz_cmake_vendor DEBUGINFOD_URLS=https://debuginfod.ubuntu.com PYTHONPATH=/home/leo11dk/Desktop/drobot/build/drobot_bringup/prefix_override:/usr/lib/python3/dist-packages/colcon_core/task/python/colcon_distutils_commands:/home/leo11dk/Desktop/drobot/install/drobot_bringup/lib/python3.12/site-packages:/home/leo11dk/Desktop/drobot/install/drobot_scan_2d/lib/python3.12/site-packages:/home/leo11dk/Desktop/drobot/install/drobot_controller/lib/python3.12/site-packages:/home/leo11dk/Desktop/drobot/install/perception/lib/python3.12/site-packages:/home/leo11dk/Desktop/drobot/install/drobot_strategy/lib/python3.12/site-packages:/home/leo11dk/Desktop/drobot/install/drobot_scan_3d/lib/python3.12/site-packages:/home/leo11dk/Desktop/drobot/install/drobot_bringup/lib/python3.12/site-packages:/opt/ros/jazzy/lib/python3.12/site-packages /usr/bin/python3 -W ignore:setup.py install is deprecated -W ignore:easy_install command is deprecated setup.py egg_info --egg-base ../../../build/drobot_bringup build --build-base /home/leo11dk/Desktop/drobot/build/drobot_bringup/build install --record /home/leo11dk/Desktop/drobot/build/drobot_bringup/install.log --single-version-externally-managed install_data
[4.159s] Level 1:colcon.colcon_core.environment:checking '/home/leo11dk/Desktop/drobot/install/drobot_bringup' for CMake config files
[4.159s] Level 1:colcon.colcon_core.environment:checking '/home/leo11dk/Desktop/drobot/install/drobot_bringup/lib'
[4.159s] Level 1:colcon.colcon_core.environment:checking '/home/leo11dk/Desktop/drobot/install/drobot_bringup/bin'
[4.159s] Level 1:colcon.colcon_core.environment:checking '/home/leo11dk/Desktop/drobot/install/drobot_bringup/lib/pkgconfig/drobot_bringup.pc'
[4.160s] Level 1:colcon.colcon_core.environment:checking '/home/leo11dk/Desktop/drobot/install/drobot_bringup/lib/python3.12/site-packages'
[4.160s] Level 1:colcon.colcon_core.shell:create_environment_hook('drobot_bringup', 'pythonpath')
[4.160s] INFO:colcon.colcon_core.shell:Creating environment hook '/home/leo11dk/Desktop/drobot/install/drobot_bringup/share/drobot_bringup/hook/pythonpath.ps1'
[4.160s] INFO:colcon.colcon_core.shell:Creating environment descriptor '/home/leo11dk/Desktop/drobot/install/drobot_bringup/share/drobot_bringup/hook/pythonpath.dsv'
[4.160s] INFO:colcon.colcon_core.shell:Creating environment hook '/home/leo11dk/Desktop/drobot/install/drobot_bringup/share/drobot_bringup/hook/pythonpath.sh'
[4.161s] Level 1:colcon.colcon_core.environment:checking '/home/leo11dk/Desktop/drobot/install/drobot_bringup/bin'
[4.161s] Level 1:colcon.colcon_core.environment:create_environment_scripts_only(drobot_bringup)
[4.161s] INFO:colcon.colcon_core.shell:Creating package script '/home/leo11dk/Desktop/drobot/install/drobot_bringup/share/drobot_bringup/package.ps1'
[4.162s] INFO:colcon.colcon_core.shell:Creating package descriptor '/home/leo11dk/Desktop/drobot/install/drobot_bringup/share/drobot_bringup/package.dsv'
[4.162s] INFO:colcon.colcon_core.shell:Creating package script '/home/leo11dk/Desktop/drobot/install/drobot_bringup/share/drobot_bringup/package.sh'
[4.162s] INFO:colcon.colcon_core.shell:Creating package script '/home/leo11dk/Desktop/drobot/install/drobot_bringup/share/drobot_bringup/package.bash'
[4.163s] INFO:colcon.colcon_core.shell:Creating package script '/home/leo11dk/Desktop/drobot/install/drobot_bringup/share/drobot_bringup/package.zsh'
[4.163s] Level 1:colcon.colcon_core.environment:create_file_with_runtime_dependencies(/home/leo11dk/Desktop/drobot/install/drobot_bringup/share/colcon-core/packages/drobot_bringup)
[4.163s] DEBUG:colcon.colcon_parallel_executor.executor.parallel:closing loop
[4.163s] DEBUG:colcon.colcon_parallel_executor.executor.parallel:loop closed
[4.164s] DEBUG:colcon.colcon_parallel_executor.executor.parallel:run_until_complete finished with '0'
[4.164s] DEBUG:colcon.colcon_core.event_reactor:joining thread
[4.169s] INFO:colcon.colcon_core.plugin_system:Skipping extension 'colcon_notification.desktop_notification.terminal_notifier': Not used on non-Darwin systems
[4.169s] INFO:colcon.colcon_core.plugin_system:Skipping extension 'colcon_notification.desktop_notification.win32': Not used on non-Windows systems
[4.169s] INFO:colcon.colcon_notification.desktop_notification:Sending desktop notification using 'notify2'
[4.182s] DEBUG:colcon.colcon_core.event_reactor:joined thread
[4.183s] INFO:colcon.colcon_core.shell:Creating prefix script '/home/leo11dk/Desktop/drobot/install/local_setup.ps1'
[4.183s] INFO:colcon.colcon_core.shell:Creating prefix util module '/home/leo11dk/Desktop/drobot/install/_local_setup_util_ps1.py'
[4.184s] INFO:colcon.colcon_core.shell:Creating prefix chain script '/home/leo11dk/Desktop/drobot/install/setup.ps1'
[4.186s] INFO:colcon.colcon_core.shell:Creating prefix script '/home/leo11dk/Desktop/drobot/install/local_setup.sh'
[4.186s] INFO:colcon.colcon_core.shell:Creating prefix util module '/home/leo11dk/Desktop/drobot/install/_local_setup_util_sh.py'
[4.187s] INFO:colcon.colcon_core.shell:Creating prefix chain script '/home/leo11dk/Desktop/drobot/install/setup.sh'
[4.188s] INFO:colcon.colcon_core.shell:Creating prefix script '/home/leo11dk/Desktop/drobot/install/local_setup.bash'
[4.188s] INFO:colcon.colcon_core.shell:Creating prefix chain script '/home/leo11dk/Desktop/drobot/install/setup.bash'
[4.189s] INFO:colcon.colcon_core.shell:Creating prefix script '/home/leo11dk/Desktop/drobot/install/local_setup.zsh'
[4.190s] INFO:colcon.colcon_core.shell:Creating prefix chain script '/home/leo11dk/Desktop/drobot/install/setup.zsh'
