[1.672s] Invoking command in '/home/leo11dk/Desktop/drobot/ros2_ws/src/drobot_controller': DEBUGINFOD_URLS=https://debuginfod.ubuntu.com PYTHONPATH=/home/leo11dk/Desktop/drobot/build/drobot_controller/prefix_override:/usr/lib/python3/dist-packages/colcon_core/task/python/colcon_distutils_commands:/home/leo11dk/Desktop/drobot/install/drobot_controller/lib/python3.12/site-packages:${PYTHONPATH} /usr/bin/python3 -W ignore:setup.py install is deprecated -W ignore:easy_install command is deprecated setup.py egg_info --egg-base ../../../build/drobot_controller build --build-base /home/leo11dk/Desktop/drobot/build/drobot_controller/build install --record /home/leo11dk/Desktop/drobot/build/drobot_controller/install.log --single-version-externally-managed install_data
[2.006s] running egg_info
[2.032s] writing ../../../build/drobot_controller/drobot_controller.egg-info/PKG-INFO
[2.032s] writing dependency_links to ../../../build/drobot_controller/drobot_controller.egg-info/dependency_links.txt
[2.032s] writing entry points to ../../../build/drobot_controller/drobot_controller.egg-info/entry_points.txt
[2.033s] writing requirements to ../../../build/drobot_controller/drobot_controller.egg-info/requires.txt
[2.033s] writing top-level names to ../../../build/drobot_controller/drobot_controller.egg-info/top_level.txt
[2.085s] reading manifest file '../../../build/drobot_controller/drobot_controller.egg-info/SOURCES.txt'
[2.085s] writing manifest file '../../../build/drobot_controller/drobot_controller.egg-info/SOURCES.txt'
[2.086s] running build
[2.086s] running build_py
[2.086s] running install
[2.092s] running install_lib
[2.119s] running install_data
[2.120s] running install_egg_info
[2.147s] removing '/home/leo11dk/Desktop/drobot/install/drobot_controller/lib/python3.12/site-packages/drobot_controller-0.0.0-py3.12.egg-info' (and everything under it)
[2.148s] Copying ../../../build/drobot_controller/drobot_controller.egg-info to /home/leo11dk/Desktop/drobot/install/drobot_controller/lib/python3.12/site-packages/drobot_controller-0.0.0-py3.12.egg-info
[2.148s] running install_scripts
[2.315s] Installing manual_controller script to /home/leo11dk/Desktop/drobot/install/drobot_controller/lib/drobot_controller
[2.315s] writing list of installed files to '/home/leo11dk/Desktop/drobot/build/drobot_controller/install.log'
[2.353s] Invoked command in '/home/leo11dk/Desktop/drobot/ros2_ws/src/drobot_controller' returned '0': DEBUGINFOD_URLS=https://debuginfod.ubuntu.com PYTHONPATH=/home/leo11dk/Desktop/drobot/build/drobot_controller/prefix_override:/usr/lib/python3/dist-packages/colcon_core/task/python/colcon_distutils_commands:/home/leo11dk/Desktop/drobot/install/drobot_controller/lib/python3.12/site-packages:${PYTHONPATH} /usr/bin/python3 -W ignore:setup.py install is deprecated -W ignore:easy_install command is deprecated setup.py egg_info --egg-base ../../../build/drobot_controller build --build-base /home/leo11dk/Desktop/drobot/build/drobot_controller/build install --record /home/leo11dk/Desktop/drobot/build/drobot_controller/install.log --single-version-externally-managed install_data
