[0.063s] DEBUG:colcon:Command line arguments: ['/usr/bin/colcon', 'list', '-p', '--base-paths', '/home/kj/Desktop/drobot _docker']
[0.063s] DEBUG:colcon:Parsed command line arguments: Namespace(log_base=None, log_level=None, verb_name='list', build_base='build', ignore_user_meta=False, metas=['./colcon.meta'], base_paths=['/home/kj/Desktop/drobot _docker'], packages_ignore=None, packages_ignore_regex=None, paths=None, packages_up_to=None, packages_up_to_regex=None, packages_above=None, packages_above_and_dependencies=None, packages_above_depth=None, packages_select_by_dep=None, packages_skip_by_dep=None, packages_skip_up_to=None, packages_select_build_failed=False, packages_skip_build_finished=False, packages_select_test_failures=False, packages_skip_test_passed=False, packages_select=None, packages_skip=None, packages_select_regex=None, packages_skip_regex=None, packages_start=None, packages_end=None, allow_overriding=[], topological_order=False, names_only=False, paths_only=True, topological_graph=False, topological_graph_dot=False, topological_graph_density=False, topological_graph_legend=False, topological_graph_dot_cluster=False, topological_graph_dot_include_skipped=False, mixin_files=None, mixin=None, verb_parser=<colcon_mixin.mixin.mixin_argument.MixinArgumentDecorator object at 0x714f69dc09e0>, verb_extension=<colcon_package_information.verb.list.ListVerb object at 0x714f69d96630>, main=<bound method ListVerb.main of <colcon_package_information.verb.list.ListVerb object at 0x714f69d96630>>, mixin_verb=('list',))
[0.089s] Level 1:colcon.colcon_core.package_discovery:discover_packages(colcon_meta) check parameters
[0.089s] Level 1:colcon.colcon_core.package_discovery:discover_packages(recursive) check parameters
[0.089s] Level 1:colcon.colcon_core.package_discovery:discover_packages(ignore) check parameters
[0.089s] Level 1:colcon.colcon_core.package_discovery:discover_packages(path) check parameters
[0.089s] Level 1:colcon.colcon_core.package_discovery:discover_packages(recursive) discover
[0.089s] INFO:colcon.colcon_core.package_discovery:Crawling recursively for packages in '/home/kj/Desktop/drobot _docker'
[0.089s] Level 1:colcon.colcon_core.package_identification:_identify(/home/kj/Desktop/drobot _docker) by extensions ['ignore', 'ignore_ament_install']
[0.089s] Level 1:colcon.colcon_core.package_identification:_identify(/home/kj/Desktop/drobot _docker) by extension 'ignore'
[0.089s] Level 1:colcon.colcon_core.package_identification:_identify(/home/kj/Desktop/drobot _docker) by extension 'ignore_ament_install'
[0.089s] Level 1:colcon.colcon_core.package_identification:_identify(/home/kj/Desktop/drobot _docker) by extensions ['colcon_pkg']
[0.089s] Level 1:colcon.colcon_core.package_identification:_identify(/home/kj/Desktop/drobot _docker) by extension 'colcon_pkg'
[0.089s] Level 1:colcon.colcon_core.package_identification:_identify(/home/kj/Desktop/drobot _docker) by extensions ['colcon_meta']
[0.089s] Level 1:colcon.colcon_core.package_identification:_identify(/home/kj/Desktop/drobot _docker) by extension 'colcon_meta'
[0.089s] Level 1:colcon.colcon_core.package_identification:_identify(/home/kj/Desktop/drobot _docker) by extensions ['ros']
[0.089s] Level 1:colcon.colcon_core.package_identification:_identify(/home/kj/Desktop/drobot _docker) by extension 'ros'
[0.105s] Level 1:colcon.colcon_core.package_identification:_identify(/home/kj/Desktop/drobot _docker) by extensions ['cmake', 'python']
[0.105s] Level 1:colcon.colcon_core.package_identification:_identify(/home/kj/Desktop/drobot _docker) by extension 'cmake'
[0.105s] Level 1:colcon.colcon_core.package_identification:_identify(/home/kj/Desktop/drobot _docker) by extension 'python'
[0.105s] Level 1:colcon.colcon_core.package_identification:_identify(/home/kj/Desktop/drobot _docker) by extensions ['python_setup_py']
[0.105s] Level 1:colcon.colcon_core.package_identification:_identify(/home/kj/Desktop/drobot _docker) by extension 'python_setup_py'
[0.105s] Level 1:colcon.colcon_core.package_identification:_identify(/home/kj/Desktop/drobot _docker/log) by extensions ['ignore', 'ignore_ament_install']
[0.105s] Level 1:colcon.colcon_core.package_identification:_identify(/home/kj/Desktop/drobot _docker/log) by extension 'ignore'
[0.105s] Level 1:colcon.colcon_core.package_identification:_identify(/home/kj/Desktop/drobot _docker/log) ignored
[0.105s] Level 1:colcon.colcon_core.package_identification:_identify(/home/kj/Desktop/drobot _docker/ros2_ws) by extensions ['ignore', 'ignore_ament_install']
[0.105s] Level 1:colcon.colcon_core.package_identification:_identify(/home/kj/Desktop/drobot _docker/ros2_ws) by extension 'ignore'
[0.105s] Level 1:colcon.colcon_core.package_identification:_identify(/home/kj/Desktop/drobot _docker/ros2_ws) by extension 'ignore_ament_install'
[0.105s] Level 1:colcon.colcon_core.package_identification:_identify(/home/kj/Desktop/drobot _docker/ros2_ws) by extensions ['colcon_pkg']
[0.105s] Level 1:colcon.colcon_core.package_identification:_identify(/home/kj/Desktop/drobot _docker/ros2_ws) by extension 'colcon_pkg'
[0.105s] Level 1:colcon.colcon_core.package_identification:_identify(/home/kj/Desktop/drobot _docker/ros2_ws) by extensions ['colcon_meta']
[0.105s] Level 1:colcon.colcon_core.package_identification:_identify(/home/kj/Desktop/drobot _docker/ros2_ws) by extension 'colcon_meta'
[0.105s] Level 1:colcon.colcon_core.package_identification:_identify(/home/kj/Desktop/drobot _docker/ros2_ws) by extensions ['ros']
[0.105s] Level 1:colcon.colcon_core.package_identification:_identify(/home/kj/Desktop/drobot _docker/ros2_ws) by extension 'ros'
[0.105s] Level 1:colcon.colcon_core.package_identification:_identify(/home/kj/Desktop/drobot _docker/ros2_ws) by extensions ['cmake', 'python']
[0.105s] Level 1:colcon.colcon_core.package_identification:_identify(/home/kj/Desktop/drobot _docker/ros2_ws) by extension 'cmake'
[0.105s] Level 1:colcon.colcon_core.package_identification:_identify(/home/kj/Desktop/drobot _docker/ros2_ws) by extension 'python'
[0.105s] Level 1:colcon.colcon_core.package_identification:_identify(/home/kj/Desktop/drobot _docker/ros2_ws) by extensions ['python_setup_py']
[0.105s] Level 1:colcon.colcon_core.package_identification:_identify(/home/kj/Desktop/drobot _docker/ros2_ws) by extension 'python_setup_py'
[0.106s] Level 1:colcon.colcon_core.package_identification:_identify(/home/kj/Desktop/drobot _docker/ros2_ws/src) by extensions ['ignore', 'ignore_ament_install']
[0.106s] Level 1:colcon.colcon_core.package_identification:_identify(/home/kj/Desktop/drobot _docker/ros2_ws/src) by extension 'ignore'
[0.106s] Level 1:colcon.colcon_core.package_identification:_identify(/home/kj/Desktop/drobot _docker/ros2_ws/src) by extension 'ignore_ament_install'
[0.106s] Level 1:colcon.colcon_core.package_identification:_identify(/home/kj/Desktop/drobot _docker/ros2_ws/src) by extensions ['colcon_pkg']
[0.106s] Level 1:colcon.colcon_core.package_identification:_identify(/home/kj/Desktop/drobot _docker/ros2_ws/src) by extension 'colcon_pkg'
[0.106s] Level 1:colcon.colcon_core.package_identification:_identify(/home/kj/Desktop/drobot _docker/ros2_ws/src) by extensions ['colcon_meta']
[0.106s] Level 1:colcon.colcon_core.package_identification:_identify(/home/kj/Desktop/drobot _docker/ros2_ws/src) by extension 'colcon_meta'
[0.106s] Level 1:colcon.colcon_core.package_identification:_identify(/home/kj/Desktop/drobot _docker/ros2_ws/src) by extensions ['ros']
[0.106s] Level 1:colcon.colcon_core.package_identification:_identify(/home/kj/Desktop/drobot _docker/ros2_ws/src) by extension 'ros'
[0.106s] Level 1:colcon.colcon_core.package_identification:_identify(/home/kj/Desktop/drobot _docker/ros2_ws/src) by extensions ['cmake', 'python']
[0.106s] Level 1:colcon.colcon_core.package_identification:_identify(/home/kj/Desktop/drobot _docker/ros2_ws/src) by extension 'cmake'
[0.106s] Level 1:colcon.colcon_core.package_identification:_identify(/home/kj/Desktop/drobot _docker/ros2_ws/src) by extension 'python'
[0.106s] Level 1:colcon.colcon_core.package_identification:_identify(/home/kj/Desktop/drobot _docker/ros2_ws/src) by extensions ['python_setup_py']
[0.106s] Level 1:colcon.colcon_core.package_identification:_identify(/home/kj/Desktop/drobot _docker/ros2_ws/src) by extension 'python_setup_py'
[0.106s] Level 1:colcon.colcon_core.package_identification:_identify(/home/kj/Desktop/drobot _docker/ros2_ws/src/drobot_bringup) by extensions ['ignore', 'ignore_ament_install']
[0.106s] Level 1:colcon.colcon_core.package_identification:_identify(/home/kj/Desktop/drobot _docker/ros2_ws/src/drobot_bringup) by extension 'ignore'
[0.106s] Level 1:colcon.colcon_core.package_identification:_identify(/home/kj/Desktop/drobot _docker/ros2_ws/src/drobot_bringup) by extension 'ignore_ament_install'
[0.106s] Level 1:colcon.colcon_core.package_identification:_identify(/home/kj/Desktop/drobot _docker/ros2_ws/src/drobot_bringup) by extensions ['colcon_pkg']
[0.106s] Level 1:colcon.colcon_core.package_identification:_identify(/home/kj/Desktop/drobot _docker/ros2_ws/src/drobot_bringup) by extension 'colcon_pkg'
[0.106s] Level 1:colcon.colcon_core.package_identification:_identify(/home/kj/Desktop/drobot _docker/ros2_ws/src/drobot_bringup) by extensions ['colcon_meta']
[0.106s] Level 1:colcon.colcon_core.package_identification:_identify(/home/kj/Desktop/drobot _docker/ros2_ws/src/drobot_bringup) by extension 'colcon_meta'
[0.106s] Level 1:colcon.colcon_core.package_identification:_identify(/home/kj/Desktop/drobot _docker/ros2_ws/src/drobot_bringup) by extensions ['ros']
[0.106s] Level 1:colcon.colcon_core.package_identification:_identify(/home/kj/Desktop/drobot _docker/ros2_ws/src/drobot_bringup) by extension 'ros'
[0.108s] DEBUG:colcon.colcon_core.package_identification:Package '/home/kj/Desktop/drobot _docker/ros2_ws/src/drobot_bringup' with type 'ros.ament_python' and name 'drobot_bringup'
[0.108s] Level 1:colcon.colcon_core.package_identification:_identify(/home/kj/Desktop/drobot _docker/ros2_ws/src/drobot_controller) by extensions ['ignore', 'ignore_ament_install']
[0.108s] Level 1:colcon.colcon_core.package_identification:_identify(/home/kj/Desktop/drobot _docker/ros2_ws/src/drobot_controller) by extension 'ignore'
[0.108s] Level 1:colcon.colcon_core.package_identification:_identify(/home/kj/Desktop/drobot _docker/ros2_ws/src/drobot_controller) by extension 'ignore_ament_install'
[0.108s] Level 1:colcon.colcon_core.package_identification:_identify(/home/kj/Desktop/drobot _docker/ros2_ws/src/drobot_controller) by extensions ['colcon_pkg']
[0.108s] Level 1:colcon.colcon_core.package_identification:_identify(/home/kj/Desktop/drobot _docker/ros2_ws/src/drobot_controller) by extension 'colcon_pkg'
[0.108s] Level 1:colcon.colcon_core.package_identification:_identify(/home/kj/Desktop/drobot _docker/ros2_ws/src/drobot_controller) by extensions ['colcon_meta']
[0.108s] Level 1:colcon.colcon_core.package_identification:_identify(/home/kj/Desktop/drobot _docker/ros2_ws/src/drobot_controller) by extension 'colcon_meta'
[0.108s] Level 1:colcon.colcon_core.package_identification:_identify(/home/kj/Desktop/drobot _docker/ros2_ws/src/drobot_controller) by extensions ['ros']
[0.108s] Level 1:colcon.colcon_core.package_identification:_identify(/home/kj/Desktop/drobot _docker/ros2_ws/src/drobot_controller) by extension 'ros'
[0.109s] DEBUG:colcon.colcon_core.package_identification:Package '/home/kj/Desktop/drobot _docker/ros2_ws/src/drobot_controller' with type 'ros.ament_python' and name 'drobot_controller'
[0.109s] Level 1:colcon.colcon_core.package_identification:_identify(/home/kj/Desktop/drobot _docker/ros2_ws/src/drobot_description) by extensions ['ignore', 'ignore_ament_install']
[0.109s] Level 1:colcon.colcon_core.package_identification:_identify(/home/kj/Desktop/drobot _docker/ros2_ws/src/drobot_description) by extension 'ignore'
[0.109s] Level 1:colcon.colcon_core.package_identification:_identify(/home/kj/Desktop/drobot _docker/ros2_ws/src/drobot_description) by extension 'ignore_ament_install'
[0.109s] Level 1:colcon.colcon_core.package_identification:_identify(/home/kj/Desktop/drobot _docker/ros2_ws/src/drobot_description) by extensions ['colcon_pkg']
[0.109s] Level 1:colcon.colcon_core.package_identification:_identify(/home/kj/Desktop/drobot _docker/ros2_ws/src/drobot_description) by extension 'colcon_pkg'
[0.109s] Level 1:colcon.colcon_core.package_identification:_identify(/home/kj/Desktop/drobot _docker/ros2_ws/src/drobot_description) by extensions ['colcon_meta']
[0.109s] Level 1:colcon.colcon_core.package_identification:_identify(/home/kj/Desktop/drobot _docker/ros2_ws/src/drobot_description) by extension 'colcon_meta'
[0.109s] Level 1:colcon.colcon_core.package_identification:_identify(/home/kj/Desktop/drobot _docker/ros2_ws/src/drobot_description) by extensions ['ros']
[0.109s] Level 1:colcon.colcon_core.package_identification:_identify(/home/kj/Desktop/drobot _docker/ros2_ws/src/drobot_description) by extension 'ros'
[0.109s] DEBUG:colcon.colcon_core.package_identification:Package '/home/kj/Desktop/drobot _docker/ros2_ws/src/drobot_description' with type 'ros.ament_cmake' and name 'drobot_description'
[0.109s] Level 1:colcon.colcon_core.package_identification:_identify(/home/kj/Desktop/drobot _docker/ros2_ws/src/drobot_scan_2d) by extensions ['ignore', 'ignore_ament_install']
[0.109s] Level 1:colcon.colcon_core.package_identification:_identify(/home/kj/Desktop/drobot _docker/ros2_ws/src/drobot_scan_2d) by extension 'ignore'
[0.109s] Level 1:colcon.colcon_core.package_identification:_identify(/home/kj/Desktop/drobot _docker/ros2_ws/src/drobot_scan_2d) by extension 'ignore_ament_install'
[0.110s] Level 1:colcon.colcon_core.package_identification:_identify(/home/kj/Desktop/drobot _docker/ros2_ws/src/drobot_scan_2d) by extensions ['colcon_pkg']
[0.110s] Level 1:colcon.colcon_core.package_identification:_identify(/home/kj/Desktop/drobot _docker/ros2_ws/src/drobot_scan_2d) by extension 'colcon_pkg'
[0.110s] Level 1:colcon.colcon_core.package_identification:_identify(/home/kj/Desktop/drobot _docker/ros2_ws/src/drobot_scan_2d) by extensions ['colcon_meta']
[0.110s] Level 1:colcon.colcon_core.package_identification:_identify(/home/kj/Desktop/drobot _docker/ros2_ws/src/drobot_scan_2d) by extension 'colcon_meta'
[0.110s] Level 1:colcon.colcon_core.package_identification:_identify(/home/kj/Desktop/drobot _docker/ros2_ws/src/drobot_scan_2d) by extensions ['ros']
[0.110s] Level 1:colcon.colcon_core.package_identification:_identify(/home/kj/Desktop/drobot _docker/ros2_ws/src/drobot_scan_2d) by extension 'ros'
[0.110s] DEBUG:colcon.colcon_core.package_identification:Package '/home/kj/Desktop/drobot _docker/ros2_ws/src/drobot_scan_2d' with type 'ros.ament_python' and name 'drobot_scan_2d'
[0.110s] Level 1:colcon.colcon_core.package_identification:_identify(/home/kj/Desktop/drobot _docker/ros2_ws/src/drobot_scan_3d) by extensions ['ignore', 'ignore_ament_install']
[0.110s] Level 1:colcon.colcon_core.package_identification:_identify(/home/kj/Desktop/drobot _docker/ros2_ws/src/drobot_scan_3d) by extension 'ignore'
[0.110s] Level 1:colcon.colcon_core.package_identification:_identify(/home/kj/Desktop/drobot _docker/ros2_ws/src/drobot_scan_3d) by extension 'ignore_ament_install'
[0.110s] Level 1:colcon.colcon_core.package_identification:_identify(/home/kj/Desktop/drobot _docker/ros2_ws/src/drobot_scan_3d) by extensions ['colcon_pkg']
[0.110s] Level 1:colcon.colcon_core.package_identification:_identify(/home/kj/Desktop/drobot _docker/ros2_ws/src/drobot_scan_3d) by extension 'colcon_pkg'
[0.110s] Level 1:colcon.colcon_core.package_identification:_identify(/home/kj/Desktop/drobot _docker/ros2_ws/src/drobot_scan_3d) by extensions ['colcon_meta']
[0.110s] Level 1:colcon.colcon_core.package_identification:_identify(/home/kj/Desktop/drobot _docker/ros2_ws/src/drobot_scan_3d) by extension 'colcon_meta'
[0.110s] Level 1:colcon.colcon_core.package_identification:_identify(/home/kj/Desktop/drobot _docker/ros2_ws/src/drobot_scan_3d) by extensions ['ros']
[0.110s] Level 1:colcon.colcon_core.package_identification:_identify(/home/kj/Desktop/drobot _docker/ros2_ws/src/drobot_scan_3d) by extension 'ros'
[0.111s] DEBUG:colcon.colcon_core.package_identification:Package '/home/kj/Desktop/drobot _docker/ros2_ws/src/drobot_scan_3d' with type 'ros.ament_python' and name 'drobot_scan_3d'
[0.111s] Level 1:colcon.colcon_core.package_identification:_identify(/home/kj/Desktop/drobot _docker/ros2_ws/src/drobot_simulator) by extensions ['ignore', 'ignore_ament_install']
[0.111s] Level 1:colcon.colcon_core.package_identification:_identify(/home/kj/Desktop/drobot _docker/ros2_ws/src/drobot_simulator) by extension 'ignore'
[0.111s] Level 1:colcon.colcon_core.package_identification:_identify(/home/kj/Desktop/drobot _docker/ros2_ws/src/drobot_simulator) by extension 'ignore_ament_install'
[0.111s] Level 1:colcon.colcon_core.package_identification:_identify(/home/kj/Desktop/drobot _docker/ros2_ws/src/drobot_simulator) by extensions ['colcon_pkg']
[0.111s] Level 1:colcon.colcon_core.package_identification:_identify(/home/kj/Desktop/drobot _docker/ros2_ws/src/drobot_simulator) by extension 'colcon_pkg'
[0.111s] Level 1:colcon.colcon_core.package_identification:_identify(/home/kj/Desktop/drobot _docker/ros2_ws/src/drobot_simulator) by extensions ['colcon_meta']
[0.111s] Level 1:colcon.colcon_core.package_identification:_identify(/home/kj/Desktop/drobot _docker/ros2_ws/src/drobot_simulator) by extension 'colcon_meta'
[0.111s] Level 1:colcon.colcon_core.package_identification:_identify(/home/kj/Desktop/drobot _docker/ros2_ws/src/drobot_simulator) by extensions ['ros']
[0.111s] Level 1:colcon.colcon_core.package_identification:_identify(/home/kj/Desktop/drobot _docker/ros2_ws/src/drobot_simulator) by extension 'ros'
[0.111s] DEBUG:colcon.colcon_core.package_identification:Package '/home/kj/Desktop/drobot _docker/ros2_ws/src/drobot_simulator' with type 'ros.ament_cmake' and name 'drobot_simulator'
[0.111s] Level 1:colcon.colcon_core.package_identification:_identify(/home/kj/Desktop/drobot _docker/ros2_ws/src/drobot_strategy) by extensions ['ignore', 'ignore_ament_install']
[0.111s] Level 1:colcon.colcon_core.package_identification:_identify(/home/kj/Desktop/drobot _docker/ros2_ws/src/drobot_strategy) by extension 'ignore'
[0.111s] Level 1:colcon.colcon_core.package_identification:_identify(/home/kj/Desktop/drobot _docker/ros2_ws/src/drobot_strategy) by extension 'ignore_ament_install'
[0.111s] Level 1:colcon.colcon_core.package_identification:_identify(/home/kj/Desktop/drobot _docker/ros2_ws/src/drobot_strategy) by extensions ['colcon_pkg']
[0.111s] Level 1:colcon.colcon_core.package_identification:_identify(/home/kj/Desktop/drobot _docker/ros2_ws/src/drobot_strategy) by extension 'colcon_pkg'
[0.111s] Level 1:colcon.colcon_core.package_identification:_identify(/home/kj/Desktop/drobot _docker/ros2_ws/src/drobot_strategy) by extensions ['colcon_meta']
[0.111s] Level 1:colcon.colcon_core.package_identification:_identify(/home/kj/Desktop/drobot _docker/ros2_ws/src/drobot_strategy) by extension 'colcon_meta'
[0.111s] Level 1:colcon.colcon_core.package_identification:_identify(/home/kj/Desktop/drobot _docker/ros2_ws/src/drobot_strategy) by extensions ['ros']
[0.111s] Level 1:colcon.colcon_core.package_identification:_identify(/home/kj/Desktop/drobot _docker/ros2_ws/src/drobot_strategy) by extension 'ros'
[0.111s] DEBUG:colcon.colcon_core.package_identification:Package '/home/kj/Desktop/drobot _docker/ros2_ws/src/drobot_strategy' with type 'ros.ament_python' and name 'drobot_strategy'
[0.112s] Level 1:colcon.colcon_core.package_identification:_identify(/home/kj/Desktop/drobot _docker/ros2_ws/src/perception) by extensions ['ignore', 'ignore_ament_install']
[0.112s] Level 1:colcon.colcon_core.package_identification:_identify(/home/kj/Desktop/drobot _docker/ros2_ws/src/perception) by extension 'ignore'
[0.112s] Level 1:colcon.colcon_core.package_identification:_identify(/home/kj/Desktop/drobot _docker/ros2_ws/src/perception) by extension 'ignore_ament_install'
[0.112s] Level 1:colcon.colcon_core.package_identification:_identify(/home/kj/Desktop/drobot _docker/ros2_ws/src/perception) by extensions ['colcon_pkg']
[0.112s] Level 1:colcon.colcon_core.package_identification:_identify(/home/kj/Desktop/drobot _docker/ros2_ws/src/perception) by extension 'colcon_pkg'
[0.112s] Level 1:colcon.colcon_core.package_identification:_identify(/home/kj/Desktop/drobot _docker/ros2_ws/src/perception) by extensions ['colcon_meta']
[0.112s] Level 1:colcon.colcon_core.package_identification:_identify(/home/kj/Desktop/drobot _docker/ros2_ws/src/perception) by extension 'colcon_meta'
[0.112s] Level 1:colcon.colcon_core.package_identification:_identify(/home/kj/Desktop/drobot _docker/ros2_ws/src/perception) by extensions ['ros']
[0.112s] Level 1:colcon.colcon_core.package_identification:_identify(/home/kj/Desktop/drobot _docker/ros2_ws/src/perception) by extension 'ros'
[0.112s] DEBUG:colcon.colcon_core.package_identification:Package '/home/kj/Desktop/drobot _docker/ros2_ws/src/perception' with type 'ros.ament_python' and name 'perception'
[0.112s] Level 1:colcon.colcon_core.package_discovery:discover_packages(recursive) using defaults
