[0.480s] Invoking command in '/home/leo11dk/Desktop/drobot/build/drobot_simulator': CMAKE_PREFIX_PATH=${CMAKE_PREFIX_PATH}:/home/leo11dk/Desktop/drobot/install/perception:/home/leo11dk/Desktop/drobot/install/drobot_strategy:/home/leo11dk/Desktop/drobot/install/drobot_scan_3d:/home/leo11dk/Desktop/drobot/install/drobot_bringup:/home/leo11dk/Desktop/drobot/install/drobot_controller:/opt/ros/jazzy DEBUGINFOD_URLS=https://debuginfod.ubuntu.com /usr/bin/cmake --build /home/leo11dk/Desktop/drobot/build/drobot_simulator -- -j6 -l6
[0.722s] Invoked command in '/home/leo11dk/Desktop/drobot/build/drobot_simulator' returned '0': CMAKE_PREFIX_PATH=${CMAKE_PREFIX_PATH}:/home/leo11dk/Desktop/drobot/install/perception:/home/leo11dk/Desktop/drobot/install/drobot_strategy:/home/leo11dk/Desktop/drobot/install/drobot_scan_3d:/home/leo11dk/Desktop/drobot/install/drobot_bringup:/home/leo11dk/Desktop/drobot/install/drobot_controller:/opt/ros/jazzy DEBUGINFOD_URLS=https://debuginfod.ubuntu.com /usr/bin/cmake --build /home/leo11dk/Desktop/drobot/build/drobot_simulator -- -j6 -l6
[0.723s] Invoking command in '/home/leo11dk/Desktop/drobot/build/drobot_simulator': CMAKE_PREFIX_PATH=${CMAKE_PREFIX_PATH}:/home/leo11dk/Desktop/drobot/install/perception:/home/leo11dk/Desktop/drobot/install/drobot_strategy:/home/leo11dk/Desktop/drobot/install/drobot_scan_3d:/home/leo11dk/Desktop/drobot/install/drobot_bringup:/home/leo11dk/Desktop/drobot/install/drobot_controller:/opt/ros/jazzy DEBUGINFOD_URLS=https://debuginfod.ubuntu.com /usr/bin/cmake --install /home/leo11dk/Desktop/drobot/build/drobot_simulator
[0.958s] -- Install configuration: ""
[0.958s] -- Up-to-date: /home/leo11dk/Desktop/drobot/install/drobot_simulator/share/ament_index/resource_index/package_run_dependencies/drobot_simulator
[0.958s] -- Up-to-date: /home/leo11dk/Desktop/drobot/install/drobot_simulator/share/ament_index/resource_index/parent_prefix_path/drobot_simulator
[0.959s] -- Up-to-date: /home/leo11dk/Desktop/drobot/install/drobot_simulator/share/drobot_simulator/environment/ament_prefix_path.sh
[0.959s] -- Up-to-date: /home/leo11dk/Desktop/drobot/install/drobot_simulator/share/drobot_simulator/environment/ament_prefix_path.dsv
[0.959s] -- Up-to-date: /home/leo11dk/Desktop/drobot/install/drobot_simulator/share/drobot_simulator/environment/path.sh
[0.960s] -- Up-to-date: /home/leo11dk/Desktop/drobot/install/drobot_simulator/share/drobot_simulator/environment/path.dsv
[0.960s] -- Up-to-date: /home/leo11dk/Desktop/drobot/install/drobot_simulator/share/drobot_simulator/local_setup.bash
[0.960s] -- Up-to-date: /home/leo11dk/Desktop/drobot/install/drobot_simulator/share/drobot_simulator/local_setup.sh
[0.960s] -- Up-to-date: /home/leo11dk/Desktop/drobot/install/drobot_simulator/share/drobot_simulator/local_setup.zsh
[0.960s] -- Up-to-date: /home/leo11dk/Desktop/drobot/install/drobot_simulator/share/drobot_simulator/local_setup.dsv
[0.960s] -- Installing: /home/leo11dk/Desktop/drobot/install/drobot_simulator/share/drobot_simulator/package.dsv
[0.960s] -- Up-to-date: /home/leo11dk/Desktop/drobot/install/drobot_simulator/share/ament_index/resource_index/packages/drobot_simulator
[0.960s] -- Up-to-date: /home/leo11dk/Desktop/drobot/install/drobot_simulator/share/drobot_simulator/cmake/drobot_simulatorConfig.cmake
[0.960s] -- Up-to-date: /home/leo11dk/Desktop/drobot/install/drobot_simulator/share/drobot_simulator/cmake/drobot_simulatorConfig-version.cmake
[0.961s] -- Up-to-date: /home/leo11dk/Desktop/drobot/install/drobot_simulator/share/drobot_simulator/package.xml
[1.134s] Invoked command in '/home/leo11dk/Desktop/drobot/build/drobot_simulator' returned '0': CMAKE_PREFIX_PATH=${CMAKE_PREFIX_PATH}:/home/leo11dk/Desktop/drobot/install/perception:/home/leo11dk/Desktop/drobot/install/drobot_strategy:/home/leo11dk/Desktop/drobot/install/drobot_scan_3d:/home/leo11dk/Desktop/drobot/install/drobot_bringup:/home/leo11dk/Desktop/drobot/install/drobot_controller:/opt/ros/jazzy DEBUGINFOD_URLS=https://debuginfod.ubuntu.com /usr/bin/cmake --install /home/leo11dk/Desktop/drobot/build/drobot_simulator
