[2.257s] Invoking command in '/home/essong/drobot/build/perception': DEBUGINFOD_URLS=https://debuginfod.ubuntu.com PYTHONPATH=/home/essong/drobot/build/perception/prefix_override:/usr/lib/python3/dist-packages/colcon_core/task/python/colcon_distutils_commands:/home/essong/drobot/install/perception/lib/python3.12/site-packages:${PYTHONPATH} /usr/bin/python3 -W ignore:setup.py install is deprecated -W ignore:easy_install command is deprecated setup.py develop --editable --build-directory /home/essong/drobot/build/perception/build --no-deps symlink_data
[2.855s] running develop
[3.223s] running egg_info
[3.223s] creating perception.egg-info
[3.253s] writing perception.egg-info/PKG-INFO
[3.253s] writing dependency_links to perception.egg-info/dependency_links.txt
[3.253s] writing entry points to perception.egg-info/entry_points.txt
[3.254s] writing requirements to perception.egg-info/requires.txt
[3.254s] writing top-level names to perception.egg-info/top_level.txt
[3.254s] writing manifest file 'perception.egg-info/SOURCES.txt'
[3.319s] reading manifest file 'perception.egg-info/SOURCES.txt'
[3.320s] writing manifest file 'perception.egg-info/SOURCES.txt'
[3.360s] running build_ext
[3.360s] Creating /home/essong/drobot/install/perception/lib/python3.12/site-packages/perception.egg-link (link to .)
[3.361s] Installing perception_node script to /home/essong/drobot/install/perception/lib/perception
[3.361s] 
[3.361s] Installed /home/essong/drobot/build/perception
[3.362s] running symlink_data
[3.362s] creating /home/essong/drobot/install/perception/share/ament_index
[3.362s] creating /home/essong/drobot/install/perception/share/ament_index/resource_index
[3.362s] creating /home/essong/drobot/install/perception/share/ament_index/resource_index/packages
[3.363s] symbolically linking /home/essong/drobot/build/perception/resource/perception -> /home/essong/drobot/install/perception/share/ament_index/resource_index/packages
[3.363s] symbolically linking /home/essong/drobot/build/perception/package.xml -> /home/essong/drobot/install/perception/share/perception
[3.363s] creating /home/essong/drobot/install/perception/share/perception/launch
[3.363s] symbolically linking /home/essong/drobot/build/perception/launch/perception.launch.py -> /home/essong/drobot/install/perception/share/perception/launch
[3.363s] creating /home/essong/drobot/install/perception/share/perception/models
[3.363s] symbolically linking /home/essong/drobot/build/perception/models/best.pt -> /home/essong/drobot/install/perception/share/perception/models
[3.364s] symbolically linking /home/essong/drobot/build/perception/models/food_model.pt -> /home/essong/drobot/install/perception/share/perception/models
[3.438s] Invoked command in '/home/essong/drobot/build/perception' returned '0': DEBUGINFOD_URLS=https://debuginfod.ubuntu.com PYTHONPATH=/home/essong/drobot/build/perception/prefix_override:/usr/lib/python3/dist-packages/colcon_core/task/python/colcon_distutils_commands:/home/essong/drobot/install/perception/lib/python3.12/site-packages:${PYTHONPATH} /usr/bin/python3 -W ignore:setup.py install is deprecated -W ignore:easy_install command is deprecated setup.py develop --editable --build-directory /home/essong/drobot/build/perception/build --no-deps symlink_data
