Built target ament_cmake_python_copy_drobot_scan_2d
running egg_info
writing drobot_scan_2d.egg-info/PKG-INFO
writing dependency_links to drobot_scan_2d.egg-info/dependency_links.txt
writing top-level names to drobot_scan_2d.egg-info/top_level.txt
reading manifest file 'drobot_scan_2d.egg-info/SOURCES.txt'
writing manifest file 'drobot_scan_2d.egg-info/SOURCES.txt'
Built target ament_cmake_python_build_drobot_scan_2d_egg
-- Install configuration: ""
-- Up-to-date: /home/leo11dk/Desktop/drobot/install/drobot_scan_2d/share/drobot_scan_2d/environment/pythonpath.sh
-- Up-to-date: /home/leo11dk/Desktop/drobot/install/drobot_scan_2d/share/drobot_scan_2d/environment/pythonpath.dsv
-- Up-to-date: /home/leo11dk/Desktop/drobot/install/drobot_scan_2d/lib/python3.12/site-packages/drobot_scan_2d-2.0.0-py3.12.egg-info
-- Installing: /home/leo11dk/Desktop/drobot/install/drobot_scan_2d/lib/python3.12/site-packages/drobot_scan_2d-2.0.0-py3.12.egg-info/dependency_links.txt
-- Installing: /home/leo11dk/Desktop/drobot/install/drobot_scan_2d/lib/python3.12/site-packages/drobot_scan_2d-2.0.0-py3.12.egg-info/top_level.txt
-- Installing: /home/leo11dk/Desktop/drobot/install/drobot_scan_2d/lib/python3.12/site-packages/drobot_scan_2d-2.0.0-py3.12.egg-info/SOURCES.txt
-- Installing: /home/leo11dk/Desktop/drobot/install/drobot_scan_2d/lib/python3.12/site-packages/drobot_scan_2d-2.0.0-py3.12.egg-info/PKG-INFO
-- Up-to-date: /home/leo11dk/Desktop/drobot/install/drobot_scan_2d/lib/python3.12/site-packages/drobot_scan_2d
-- Up-to-date: /home/leo11dk/Desktop/drobot/install/drobot_scan_2d/lib/python3.12/site-packages/drobot_scan_2d/rules
-- Up-to-date: /home/leo11dk/Desktop/drobot/install/drobot_scan_2d/lib/python3.12/site-packages/drobot_scan_2d/rules/__init__.py
-- Up-to-date: /home/leo11dk/Desktop/drobot/install/drobot_scan_2d/lib/python3.12/site-packages/drobot_scan_2d/rules/engine.py
-- Up-to-date: /home/leo11dk/Desktop/drobot/install/drobot_scan_2d/lib/python3.12/site-packages/drobot_scan_2d/__init__.py
-- Up-to-date: /home/leo11dk/Desktop/drobot/install/drobot_scan_2d/lib/python3.12/site-packages/drobot_scan_2d/config.py
-- Up-to-date: /home/leo11dk/Desktop/drobot/install/drobot_scan_2d/lib/python3.12/site-packages/drobot_scan_2d/goal_navigator.py
Listing '/home/leo11dk/Desktop/drobot/install/drobot_scan_2d/lib/python3.12/site-packages/drobot_scan_2d'...
Listing '/home/leo11dk/Desktop/drobot/install/drobot_scan_2d/lib/python3.12/site-packages/drobot_scan_2d/rules'...
-- Up-to-date: /home/leo11dk/Desktop/drobot/install/drobot_scan_2d/lib/drobot_scan_2d/goal_navigator.py
-- Up-to-date: /home/leo11dk/Desktop/drobot/install/drobot_scan_2d/share/ament_index/resource_index/package_run_dependencies/drobot_scan_2d
-- Up-to-date: /home/leo11dk/Desktop/drobot/install/drobot_scan_2d/share/ament_index/resource_index/parent_prefix_path/drobot_scan_2d
-- Up-to-date: /home/leo11dk/Desktop/drobot/install/drobot_scan_2d/share/drobot_scan_2d/environment/ament_prefix_path.sh
-- Up-to-date: /home/leo11dk/Desktop/drobot/install/drobot_scan_2d/share/drobot_scan_2d/environment/ament_prefix_path.dsv
-- Up-to-date: /home/leo11dk/Desktop/drobot/install/drobot_scan_2d/share/drobot_scan_2d/environment/path.sh
-- Up-to-date: /home/leo11dk/Desktop/drobot/install/drobot_scan_2d/share/drobot_scan_2d/environment/path.dsv
-- Up-to-date: /home/leo11dk/Desktop/drobot/install/drobot_scan_2d/share/drobot_scan_2d/local_setup.bash
-- Up-to-date: /home/leo11dk/Desktop/drobot/install/drobot_scan_2d/share/drobot_scan_2d/local_setup.sh
-- Up-to-date: /home/leo11dk/Desktop/drobot/install/drobot_scan_2d/share/drobot_scan_2d/local_setup.zsh
-- Up-to-date: /home/leo11dk/Desktop/drobot/install/drobot_scan_2d/share/drobot_scan_2d/local_setup.dsv
-- Up-to-date: /home/leo11dk/Desktop/drobot/install/drobot_scan_2d/share/drobot_scan_2d/package.dsv
-- Up-to-date: /home/leo11dk/Desktop/drobot/install/drobot_scan_2d/share/ament_index/resource_index/packages/drobot_scan_2d
-- Up-to-date: /home/leo11dk/Desktop/drobot/install/drobot_scan_2d/share/drobot_scan_2d/cmake/drobot_scan_2dConfig.cmake
-- Up-to-date: /home/leo11dk/Desktop/drobot/install/drobot_scan_2d/share/drobot_scan_2d/cmake/drobot_scan_2dConfig-version.cmake
-- Up-to-date: /home/leo11dk/Desktop/drobot/install/drobot_scan_2d/share/drobot_scan_2d/package.xml
