[0.001s] Invoking command in '/home/leo11dk/Desktop/drobot/build/drobot_scan_2d': CMAKE_PREFIX_PATH=/home/leo11dk/Desktop/drobot/install/drobot_description:/home/leo11dk/Desktop/drobot/install/drobot_simulator:/home/leo11dk/Desktop/drobot/install/drobot_scan_2d:/opt/ros/jazzy/opt/gz_sim_vendor:/opt/ros/jazzy/opt/gz_sensors_vendor:/opt/ros/jazzy/opt/gz_physics_vendor:/opt/ros/jazzy/opt/sdformat_vendor:/opt/ros/jazzy/opt/gz_gui_vendor:/opt/ros/jazzy/opt/gz_transport_vendor:/opt/ros/jazzy/opt/gz_rendering_vendor:/opt/ros/jazzy/opt/gz_plugin_vendor:/opt/ros/jazzy/opt/gz_fuel_tools_vendor:/opt/ros/jazzy/opt/gz_msgs_vendor:/opt/ros/jazzy/opt/gz_common_vendor:/opt/ros/jazzy/opt/gz_math_vendor:/opt/ros/jazzy/opt/gz_utils_vendor:/opt/ros/jazzy/opt/gz_tools_vendor:/opt/ros/jazzy/opt/gz_ogre_next_vendor:/opt/ros/jazzy/opt/gz_dartsim_vendor:/opt/ros/jazzy/opt/gz_cmake_vendor:/home/leo11dk/Desktop/drobot/install/perception:/home/leo11dk/Desktop/drobot/install/drobot_strategy:/home/leo11dk/Desktop/drobot/install/drobot_scan_3d:/home/leo11dk/Desktop/drobot/install/drobot_bringup:/home/leo11dk/Desktop/drobot/install/drobot_controller:/opt/ros/jazzy DEBUGINFOD_URLS=https://debuginfod.ubuntu.com /usr/bin/cmake --build /home/leo11dk/Desktop/drobot/build/drobot_scan_2d -- -j6 -l6
[0.045s] Built target ament_cmake_python_copy_drobot_scan_2d
[0.297s] running egg_info
[0.322s] writing drobot_scan_2d.egg-info/PKG-INFO
[0.322s] writing dependency_links to drobot_scan_2d.egg-info/dependency_links.txt
[0.323s] writing top-level names to drobot_scan_2d.egg-info/top_level.txt
[0.401s] reading manifest file 'drobot_scan_2d.egg-info/SOURCES.txt'
[0.401s] writing manifest file 'drobot_scan_2d.egg-info/SOURCES.txt'
[0.430s] Built target ament_cmake_python_build_drobot_scan_2d_egg
[0.443s] Invoked command in '/home/leo11dk/Desktop/drobot/build/drobot_scan_2d' returned '0': CMAKE_PREFIX_PATH=/home/leo11dk/Desktop/drobot/install/drobot_description:/home/leo11dk/Desktop/drobot/install/drobot_simulator:/home/leo11dk/Desktop/drobot/install/drobot_scan_2d:/opt/ros/jazzy/opt/gz_sim_vendor:/opt/ros/jazzy/opt/gz_sensors_vendor:/opt/ros/jazzy/opt/gz_physics_vendor:/opt/ros/jazzy/opt/sdformat_vendor:/opt/ros/jazzy/opt/gz_gui_vendor:/opt/ros/jazzy/opt/gz_transport_vendor:/opt/ros/jazzy/opt/gz_rendering_vendor:/opt/ros/jazzy/opt/gz_plugin_vendor:/opt/ros/jazzy/opt/gz_fuel_tools_vendor:/opt/ros/jazzy/opt/gz_msgs_vendor:/opt/ros/jazzy/opt/gz_common_vendor:/opt/ros/jazzy/opt/gz_math_vendor:/opt/ros/jazzy/opt/gz_utils_vendor:/opt/ros/jazzy/opt/gz_tools_vendor:/opt/ros/jazzy/opt/gz_ogre_next_vendor:/opt/ros/jazzy/opt/gz_dartsim_vendor:/opt/ros/jazzy/opt/gz_cmake_vendor:/home/leo11dk/Desktop/drobot/install/perception:/home/leo11dk/Desktop/drobot/install/drobot_strategy:/home/leo11dk/Desktop/drobot/install/drobot_scan_3d:/home/leo11dk/Desktop/drobot/install/drobot_bringup:/home/leo11dk/Desktop/drobot/install/drobot_controller:/opt/ros/jazzy DEBUGINFOD_URLS=https://debuginfod.ubuntu.com /usr/bin/cmake --build /home/leo11dk/Desktop/drobot/build/drobot_scan_2d -- -j6 -l6
[0.444s] Invoking command in '/home/leo11dk/Desktop/drobot/build/drobot_scan_2d': CMAKE_PREFIX_PATH=/home/leo11dk/Desktop/drobot/install/drobot_description:/home/leo11dk/Desktop/drobot/install/drobot_simulator:/home/leo11dk/Desktop/drobot/install/drobot_scan_2d:/opt/ros/jazzy/opt/gz_sim_vendor:/opt/ros/jazzy/opt/gz_sensors_vendor:/opt/ros/jazzy/opt/gz_physics_vendor:/opt/ros/jazzy/opt/sdformat_vendor:/opt/ros/jazzy/opt/gz_gui_vendor:/opt/ros/jazzy/opt/gz_transport_vendor:/opt/ros/jazzy/opt/gz_rendering_vendor:/opt/ros/jazzy/opt/gz_plugin_vendor:/opt/ros/jazzy/opt/gz_fuel_tools_vendor:/opt/ros/jazzy/opt/gz_msgs_vendor:/opt/ros/jazzy/opt/gz_common_vendor:/opt/ros/jazzy/opt/gz_math_vendor:/opt/ros/jazzy/opt/gz_utils_vendor:/opt/ros/jazzy/opt/gz_tools_vendor:/opt/ros/jazzy/opt/gz_ogre_next_vendor:/opt/ros/jazzy/opt/gz_dartsim_vendor:/opt/ros/jazzy/opt/gz_cmake_vendor:/home/leo11dk/Desktop/drobot/install/perception:/home/leo11dk/Desktop/drobot/install/drobot_strategy:/home/leo11dk/Desktop/drobot/install/drobot_scan_3d:/home/leo11dk/Desktop/drobot/install/drobot_bringup:/home/leo11dk/Desktop/drobot/install/drobot_controller:/opt/ros/jazzy DEBUGINFOD_URLS=https://debuginfod.ubuntu.com /usr/bin/cmake --install /home/leo11dk/Desktop/drobot/build/drobot_scan_2d
[0.454s] -- Install configuration: ""
[0.454s] -- Up-to-date: /home/leo11dk/Desktop/drobot/install/drobot_scan_2d/share/drobot_scan_2d/environment/pythonpath.sh
[0.455s] -- Up-to-date: /home/leo11dk/Desktop/drobot/install/drobot_scan_2d/share/drobot_scan_2d/environment/pythonpath.dsv
[0.455s] -- Up-to-date: /home/leo11dk/Desktop/drobot/install/drobot_scan_2d/lib/python3.12/site-packages/drobot_scan_2d-2.0.0-py3.12.egg-info
[0.455s] -- Installing: /home/leo11dk/Desktop/drobot/install/drobot_scan_2d/lib/python3.12/site-packages/drobot_scan_2d-2.0.0-py3.12.egg-info/dependency_links.txt
[0.455s] -- Installing: /home/leo11dk/Desktop/drobot/install/drobot_scan_2d/lib/python3.12/site-packages/drobot_scan_2d-2.0.0-py3.12.egg-info/top_level.txt
[0.456s] -- Installing: /home/leo11dk/Desktop/drobot/install/drobot_scan_2d/lib/python3.12/site-packages/drobot_scan_2d-2.0.0-py3.12.egg-info/SOURCES.txt
[0.456s] -- Installing: /home/leo11dk/Desktop/drobot/install/drobot_scan_2d/lib/python3.12/site-packages/drobot_scan_2d-2.0.0-py3.12.egg-info/PKG-INFO
[0.456s] -- Up-to-date: /home/leo11dk/Desktop/drobot/install/drobot_scan_2d/lib/python3.12/site-packages/drobot_scan_2d
[0.456s] -- Up-to-date: /home/leo11dk/Desktop/drobot/install/drobot_scan_2d/lib/python3.12/site-packages/drobot_scan_2d/rules
[0.456s] -- Up-to-date: /home/leo11dk/Desktop/drobot/install/drobot_scan_2d/lib/python3.12/site-packages/drobot_scan_2d/rules/__init__.py
[0.456s] -- Up-to-date: /home/leo11dk/Desktop/drobot/install/drobot_scan_2d/lib/python3.12/site-packages/drobot_scan_2d/rules/engine.py
[0.457s] -- Up-to-date: /home/leo11dk/Desktop/drobot/install/drobot_scan_2d/lib/python3.12/site-packages/drobot_scan_2d/__init__.py
[0.457s] -- Up-to-date: /home/leo11dk/Desktop/drobot/install/drobot_scan_2d/lib/python3.12/site-packages/drobot_scan_2d/config.py
[0.457s] -- Up-to-date: /home/leo11dk/Desktop/drobot/install/drobot_scan_2d/lib/python3.12/site-packages/drobot_scan_2d/goal_navigator.py
[0.495s] Listing '/home/leo11dk/Desktop/drobot/install/drobot_scan_2d/lib/python3.12/site-packages/drobot_scan_2d'...
[0.495s] Listing '/home/leo11dk/Desktop/drobot/install/drobot_scan_2d/lib/python3.12/site-packages/drobot_scan_2d/rules'...
[0.504s] -- Up-to-date: /home/leo11dk/Desktop/drobot/install/drobot_scan_2d/lib/drobot_scan_2d/goal_navigator.py
[0.504s] -- Up-to-date: /home/leo11dk/Desktop/drobot/install/drobot_scan_2d/share/ament_index/resource_index/package_run_dependencies/drobot_scan_2d
[0.504s] -- Up-to-date: /home/leo11dk/Desktop/drobot/install/drobot_scan_2d/share/ament_index/resource_index/parent_prefix_path/drobot_scan_2d
[0.505s] -- Up-to-date: /home/leo11dk/Desktop/drobot/install/drobot_scan_2d/share/drobot_scan_2d/environment/ament_prefix_path.sh
[0.505s] -- Up-to-date: /home/leo11dk/Desktop/drobot/install/drobot_scan_2d/share/drobot_scan_2d/environment/ament_prefix_path.dsv
[0.505s] -- Up-to-date: /home/leo11dk/Desktop/drobot/install/drobot_scan_2d/share/drobot_scan_2d/environment/path.sh
[0.505s] -- Up-to-date: /home/leo11dk/Desktop/drobot/install/drobot_scan_2d/share/drobot_scan_2d/environment/path.dsv
[0.505s] -- Up-to-date: /home/leo11dk/Desktop/drobot/install/drobot_scan_2d/share/drobot_scan_2d/local_setup.bash
[0.505s] -- Up-to-date: /home/leo11dk/Desktop/drobot/install/drobot_scan_2d/share/drobot_scan_2d/local_setup.sh
[0.505s] -- Up-to-date: /home/leo11dk/Desktop/drobot/install/drobot_scan_2d/share/drobot_scan_2d/local_setup.zsh
[0.505s] -- Up-to-date: /home/leo11dk/Desktop/drobot/install/drobot_scan_2d/share/drobot_scan_2d/local_setup.dsv
[0.505s] -- Installing: /home/leo11dk/Desktop/drobot/install/drobot_scan_2d/share/drobot_scan_2d/package.dsv
[0.505s] -- Up-to-date: /home/leo11dk/Desktop/drobot/install/drobot_scan_2d/share/ament_index/resource_index/packages/drobot_scan_2d
[0.505s] -- Up-to-date: /home/leo11dk/Desktop/drobot/install/drobot_scan_2d/share/drobot_scan_2d/cmake/drobot_scan_2dConfig.cmake
[0.505s] -- Up-to-date: /home/leo11dk/Desktop/drobot/install/drobot_scan_2d/share/drobot_scan_2d/cmake/drobot_scan_2dConfig-version.cmake
[0.505s] -- Up-to-date: /home/leo11dk/Desktop/drobot/install/drobot_scan_2d/share/drobot_scan_2d/package.xml
[0.508s] Invoked command in '/home/leo11dk/Desktop/drobot/build/drobot_scan_2d' returned '0': CMAKE_PREFIX_PATH=/home/leo11dk/Desktop/drobot/install/drobot_description:/home/leo11dk/Desktop/drobot/install/drobot_simulator:/home/leo11dk/Desktop/drobot/install/drobot_scan_2d:/opt/ros/jazzy/opt/gz_sim_vendor:/opt/ros/jazzy/opt/gz_sensors_vendor:/opt/ros/jazzy/opt/gz_physics_vendor:/opt/ros/jazzy/opt/sdformat_vendor:/opt/ros/jazzy/opt/gz_gui_vendor:/opt/ros/jazzy/opt/gz_transport_vendor:/opt/ros/jazzy/opt/gz_rendering_vendor:/opt/ros/jazzy/opt/gz_plugin_vendor:/opt/ros/jazzy/opt/gz_fuel_tools_vendor:/opt/ros/jazzy/opt/gz_msgs_vendor:/opt/ros/jazzy/opt/gz_common_vendor:/opt/ros/jazzy/opt/gz_math_vendor:/opt/ros/jazzy/opt/gz_utils_vendor:/opt/ros/jazzy/opt/gz_tools_vendor:/opt/ros/jazzy/opt/gz_ogre_next_vendor:/opt/ros/jazzy/opt/gz_dartsim_vendor:/opt/ros/jazzy/opt/gz_cmake_vendor:/home/leo11dk/Desktop/drobot/install/perception:/home/leo11dk/Desktop/drobot/install/drobot_strategy:/home/leo11dk/Desktop/drobot/install/drobot_scan_3d:/home/leo11dk/Desktop/drobot/install/drobot_bringup:/home/leo11dk/Desktop/drobot/install/drobot_controller:/opt/ros/jazzy DEBUGINFOD_URLS=https://debuginfod.ubuntu.com /usr/bin/cmake --install /home/leo11dk/Desktop/drobot/build/drobot_scan_2d
