[0.473s] Invoking command in '/home/leo11dk/Desktop/drobot/build/drobot_simulator': CMAKE_PREFIX_PATH=${CMAKE_PREFIX_PATH}:/opt/ros/jazzy DEBUGINFOD_URLS=https://debuginfod.ubuntu.com /usr/bin/cmake --build /home/leo11dk/Desktop/drobot/build/drobot_simulator -- -j6 -l6
[0.706s] Invoked command in '/home/leo11dk/Desktop/drobot/build/drobot_simulator' returned '0': CMAKE_PREFIX_PATH=${CMAKE_PREFIX_PATH}:/opt/ros/jazzy DEBUGINFOD_URLS=https://debuginfod.ubuntu.com /usr/bin/cmake --build /home/leo11dk/Desktop/drobot/build/drobot_simulator -- -j6 -l6
[0.707s] Invoking command in '/home/leo11dk/Desktop/drobot/build/drobot_simulator': CMAKE_PREFIX_PATH=${CMAKE_PREFIX_PATH}:/opt/ros/jazzy DEBUGINFOD_URLS=https://debuginfod.ubuntu.com /usr/bin/cmake --install /home/leo11dk/Desktop/drobot/build/drobot_simulator
[0.931s] -- Install configuration: ""
[0.931s] -- Up-to-date: /home/leo11dk/Desktop/drobot/install/drobot_simulator/share/ament_index/resource_index/package_run_dependencies/drobot_simulator
[0.932s] -- Up-to-date: /home/leo11dk/Desktop/drobot/install/drobot_simulator/share/ament_index/resource_index/parent_prefix_path/drobot_simulator
[0.932s] -- Up-to-date: /home/leo11dk/Desktop/drobot/install/drobot_simulator/share/drobot_simulator/environment/ament_prefix_path.sh
[0.933s] -- Up-to-date: /home/leo11dk/Desktop/drobot/install/drobot_simulator/share/drobot_simulator/environment/ament_prefix_path.dsv
[0.933s] -- Up-to-date: /home/leo11dk/Desktop/drobot/install/drobot_simulator/share/drobot_simulator/environment/path.sh
[0.933s] -- Up-to-date: /home/leo11dk/Desktop/drobot/install/drobot_simulator/share/drobot_simulator/environment/path.dsv
[0.933s] -- Up-to-date: /home/leo11dk/Desktop/drobot/install/drobot_simulator/share/drobot_simulator/local_setup.bash
[0.933s] -- Up-to-date: /home/leo11dk/Desktop/drobot/install/drobot_simulator/share/drobot_simulator/local_setup.sh
[0.934s] -- Up-to-date: /home/leo11dk/Desktop/drobot/install/drobot_simulator/share/drobot_simulator/local_setup.zsh
[0.934s] -- Up-to-date: /home/leo11dk/Desktop/drobot/install/drobot_simulator/share/drobot_simulator/local_setup.dsv
[0.934s] -- Installing: /home/leo11dk/Desktop/drobot/install/drobot_simulator/share/drobot_simulator/package.dsv
[0.935s] -- Up-to-date: /home/leo11dk/Desktop/drobot/install/drobot_simulator/share/ament_index/resource_index/packages/drobot_simulator
[0.935s] -- Up-to-date: /home/leo11dk/Desktop/drobot/install/drobot_simulator/share/drobot_simulator/cmake/drobot_simulatorConfig.cmake
[0.935s] -- Up-to-date: /home/leo11dk/Desktop/drobot/install/drobot_simulator/share/drobot_simulator/cmake/drobot_simulatorConfig-version.cmake
[0.936s] -- Up-to-date: /home/leo11dk/Desktop/drobot/install/drobot_simulator/share/drobot_simulator/package.xml
[1.054s] Invoked command in '/home/leo11dk/Desktop/drobot/build/drobot_simulator' returned '0': CMAKE_PREFIX_PATH=${CMAKE_PREFIX_PATH}:/opt/ros/jazzy DEBUGINFOD_URLS=https://debuginfod.ubuntu.com /usr/bin/cmake --install /home/leo11dk/Desktop/drobot/build/drobot_simulator
