[2.552s] Invoking command in '/home/essong/drobot/build/drobot_scan_3d': DEBUGINFOD_URLS=https://debuginfod.ubuntu.com PYTHONPATH=/home/essong/drobot/build/drobot_scan_3d/prefix_override:/usr/lib/python3/dist-packages/colcon_core/task/python/colcon_distutils_commands:/home/essong/drobot/install/drobot_scan_3d/lib/python3.12/site-packages:${PYTHONPATH} /usr/bin/python3 -W ignore:setup.py install is deprecated -W ignore:easy_install command is deprecated setup.py develop --editable --build-directory /home/essong/drobot/build/drobot_scan_3d/build --no-deps symlink_data
[3.107s] running develop
[3.433s] running egg_info
[3.433s] creating drobot_scan_3d.egg-info
[3.459s] writing drobot_scan_3d.egg-info/PKG-INFO
[3.460s] writing dependency_links to drobot_scan_3d.egg-info/dependency_links.txt
[3.460s] writing requirements to drobot_scan_3d.egg-info/requires.txt
[3.460s] writing top-level names to drobot_scan_3d.egg-info/top_level.txt
[3.460s] writing manifest file 'drobot_scan_3d.egg-info/SOURCES.txt'
[3.520s] reading manifest file 'drobot_scan_3d.egg-info/SOURCES.txt'
[3.521s] writing manifest file 'drobot_scan_3d.egg-info/SOURCES.txt'
[3.553s] running build_ext
[3.553s] Creating /home/essong/drobot/install/drobot_scan_3d/lib/python3.12/site-packages/drobot-scan-3d.egg-link (link to .)
[3.553s] 
[3.554s] Installed /home/essong/drobot/build/drobot_scan_3d
[3.554s] running symlink_data
[3.554s] creating /home/essong/drobot/install/drobot_scan_3d/share/ament_index
[3.554s] creating /home/essong/drobot/install/drobot_scan_3d/share/ament_index/resource_index
[3.554s] creating /home/essong/drobot/install/drobot_scan_3d/share/ament_index/resource_index/packages
[3.555s] symbolically linking /home/essong/drobot/build/drobot_scan_3d/resource/drobot_scan_3d -> /home/essong/drobot/install/drobot_scan_3d/share/ament_index/resource_index/packages
[3.555s] symbolically linking /home/essong/drobot/build/drobot_scan_3d/package.xml -> /home/essong/drobot/install/drobot_scan_3d/share/drobot_scan_3d
[3.640s] Invoked command in '/home/essong/drobot/build/drobot_scan_3d' returned '0': DEBUGINFOD_URLS=https://debuginfod.ubuntu.com PYTHONPATH=/home/essong/drobot/build/drobot_scan_3d/prefix_override:/usr/lib/python3/dist-packages/colcon_core/task/python/colcon_distutils_commands:/home/essong/drobot/install/drobot_scan_3d/lib/python3.12/site-packages:${PYTHONPATH} /usr/bin/python3 -W ignore:setup.py install is deprecated -W ignore:easy_install command is deprecated setup.py develop --editable --build-directory /home/essong/drobot/build/drobot_scan_3d/build --no-deps symlink_data
