-- The C compiler identification is GNU 13.3.0
-- The CXX compiler identification is GNU 13.3.0
-- Detecting C compiler ABI info
-- Detecting C compiler ABI info - done
-- Check for working C compiler: /usr/bin/cc - skipped
-- Detecting C compile features
-- Detecting C compile features - done
-- Detecting CXX compiler ABI info
-- Detecting CXX compiler ABI info - done
-- Check for working CXX compiler: /usr/bin/c++ - skipped
-- Detecting CXX compile features
-- Detecting CXX compile features - done
-- Found ament_cmake: 2.5.5 (/opt/ros/jazzy/share/ament_cmake/cmake)
-- Found Python3: /usr/bin/python3 (found version "3.12.3") found components: Interpreter 
-- Found ament_lint_auto: 0.17.4 (/opt/ros/jazzy/share/ament_lint_auto/cmake)
-- Added test 'lint_cmake' to check CMake code style
-- Added test 'xmllint' to check XML markup files
-- Configuring done (1.2s)
-- Generating done (0.0s)
-- Build files have been written to: /home/leo11dk/Desktop/drobot/build/drobot_simulator
-- Install configuration: ""
-- Installing: /home/leo11dk/Desktop/drobot/install/drobot_simulator/share/ament_index/resource_index/package_run_dependencies/drobot_simulator
-- Installing: /home/leo11dk/Desktop/drobot/install/drobot_simulator/share/ament_index/resource_index/parent_prefix_path/drobot_simulator
-- Installing: /home/leo11dk/Desktop/drobot/install/drobot_simulator/share/drobot_simulator/environment/ament_prefix_path.sh
-- Installing: /home/leo11dk/Desktop/drobot/install/drobot_simulator/share/drobot_simulator/environment/ament_prefix_path.dsv
-- Installing: /home/leo11dk/Desktop/drobot/install/drobot_simulator/share/drobot_simulator/environment/path.sh
-- Installing: /home/leo11dk/Desktop/drobot/install/drobot_simulator/share/drobot_simulator/environment/path.dsv
-- Installing: /home/leo11dk/Desktop/drobot/install/drobot_simulator/share/drobot_simulator/local_setup.bash
-- Installing: /home/leo11dk/Desktop/drobot/install/drobot_simulator/share/drobot_simulator/local_setup.sh
-- Installing: /home/leo11dk/Desktop/drobot/install/drobot_simulator/share/drobot_simulator/local_setup.zsh
-- Installing: /home/leo11dk/Desktop/drobot/install/drobot_simulator/share/drobot_simulator/local_setup.dsv
-- Installing: /home/leo11dk/Desktop/drobot/install/drobot_simulator/share/drobot_simulator/package.dsv
-- Installing: /home/leo11dk/Desktop/drobot/install/drobot_simulator/share/ament_index/resource_index/packages/drobot_simulator
-- Installing: /home/leo11dk/Desktop/drobot/install/drobot_simulator/share/drobot_simulator/cmake/drobot_simulatorConfig.cmake
-- Installing: /home/leo11dk/Desktop/drobot/install/drobot_simulator/share/drobot_simulator/cmake/drobot_simulatorConfig-version.cmake
-- Installing: /home/leo11dk/Desktop/drobot/install/drobot_simulator/share/drobot_simulator/package.xml
