[0.123s] DEBUG:colcon:Command line arguments: ['/usr/bin/colcon', 'build']
[0.123s] DEBUG:colcon:Parsed command line arguments: Namespace(log_base=None, log_level=None, verb_name='build', build_base='build', install_base='install', merge_install=False, symlink_install=False, test_result_base=None, continue_on_error=False, executor='parallel', parallel_workers=6, event_handlers=None, ignore_user_meta=False, metas=['./colcon.meta'], base_paths=['.'], packages_ignore=None, packages_ignore_regex=None, paths=None, packages_up_to=None, packages_up_to_regex=None, packages_above=None, packages_above_and_dependencies=None, packages_above_depth=None, packages_select_by_dep=None, packages_skip_by_dep=None, packages_skip_up_to=None, packages_select_build_failed=False, packages_skip_build_finished=False, packages_select_test_failures=False, packages_skip_test_passed=False, packages_select=None, packages_skip=None, packages_select_regex=None, packages_skip_regex=None, packages_start=None, packages_end=None, allow_overriding=[], cmake_args=None, cmake_target=None, cmake_target_skip_unavailable=False, cmake_clean_cache=False, cmake_clean_first=False, cmake_force_configure=False, ament_cmake_args=None, catkin_cmake_args=None, catkin_skip_building_tests=False, mixin_files=None, mixin=None, verb_parser=<colcon_mixin.mixin.mixin_argument.MixinArgumentDecorator object at 0x72638798bb60>, verb_extension=<colcon_core.verb.build.BuildVerb object at 0x72638798b7d0>, main=<bound method BuildVerb.main of <colcon_core.verb.build.BuildVerb object at 0x72638798b7d0>>, mixin_verb=('build',))
[0.161s] Level 1:colcon.colcon_core.package_discovery:discover_packages(colcon_meta) check parameters
[0.161s] Level 1:colcon.colcon_core.package_discovery:discover_packages(recursive) check parameters
[0.161s] Level 1:colcon.colcon_core.package_discovery:discover_packages(ignore) check parameters
[0.161s] Level 1:colcon.colcon_core.package_discovery:discover_packages(path) check parameters
[0.161s] Level 1:colcon.colcon_core.package_discovery:discover_packages(colcon_meta) discover
[0.161s] Level 1:colcon.colcon_core.package_discovery:discover_packages(recursive) discover
[0.161s] INFO:colcon.colcon_core.package_discovery:Crawling recursively for packages in '/home/leo11dk/Desktop/drobot'
[0.161s] Level 1:colcon.colcon_core.package_identification:_identify(.) by extensions ['ignore', 'ignore_ament_install']
[0.162s] Level 1:colcon.colcon_core.package_identification:_identify(.) by extension 'ignore'
[0.162s] Level 1:colcon.colcon_core.package_identification:_identify(.) by extension 'ignore_ament_install'
[0.162s] Level 1:colcon.colcon_core.package_identification:_identify(.) by extensions ['colcon_pkg']
[0.162s] Level 1:colcon.colcon_core.package_identification:_identify(.) by extension 'colcon_pkg'
[0.162s] Level 1:colcon.colcon_core.package_identification:_identify(.) by extensions ['colcon_meta']
[0.162s] Level 1:colcon.colcon_core.package_identification:_identify(.) by extension 'colcon_meta'
[0.162s] Level 1:colcon.colcon_core.package_identification:_identify(.) by extensions ['ros']
[0.162s] Level 1:colcon.colcon_core.package_identification:_identify(.) by extension 'ros'
[0.187s] Level 1:colcon.colcon_core.package_identification:_identify(.) by extensions ['cmake', 'python']
[0.187s] Level 1:colcon.colcon_core.package_identification:_identify(.) by extension 'cmake'
[0.187s] Level 1:colcon.colcon_core.package_identification:_identify(.) by extension 'python'
[0.187s] Level 1:colcon.colcon_core.package_identification:_identify(.) by extensions ['python_setup_py']
[0.187s] Level 1:colcon.colcon_core.package_identification:_identify(.) by extension 'python_setup_py'
[0.187s] Level 1:colcon.colcon_core.package_identification:_identify(build) by extensions ['ignore', 'ignore_ament_install']
[0.187s] Level 1:colcon.colcon_core.package_identification:_identify(build) by extension 'ignore'
[0.187s] Level 1:colcon.colcon_core.package_identification:_identify(build) ignored
[0.187s] Level 1:colcon.colcon_core.package_identification:_identify(install) by extensions ['ignore', 'ignore_ament_install']
[0.187s] Level 1:colcon.colcon_core.package_identification:_identify(install) by extension 'ignore'
[0.187s] Level 1:colcon.colcon_core.package_identification:_identify(install) ignored
[0.188s] Level 1:colcon.colcon_core.package_identification:_identify(log) by extensions ['ignore', 'ignore_ament_install']
[0.188s] Level 1:colcon.colcon_core.package_identification:_identify(log) by extension 'ignore'
[0.188s] Level 1:colcon.colcon_core.package_identification:_identify(log) ignored
[0.188s] Level 1:colcon.colcon_core.package_identification:_identify(ros2_ws) by extensions ['ignore', 'ignore_ament_install']
[0.188s] Level 1:colcon.colcon_core.package_identification:_identify(ros2_ws) by extension 'ignore'
[0.188s] Level 1:colcon.colcon_core.package_identification:_identify(ros2_ws) by extension 'ignore_ament_install'
[0.188s] Level 1:colcon.colcon_core.package_identification:_identify(ros2_ws) by extensions ['colcon_pkg']
[0.188s] Level 1:colcon.colcon_core.package_identification:_identify(ros2_ws) by extension 'colcon_pkg'
[0.188s] Level 1:colcon.colcon_core.package_identification:_identify(ros2_ws) by extensions ['colcon_meta']
[0.188s] Level 1:colcon.colcon_core.package_identification:_identify(ros2_ws) by extension 'colcon_meta'
[0.188s] Level 1:colcon.colcon_core.package_identification:_identify(ros2_ws) by extensions ['ros']
[0.188s] Level 1:colcon.colcon_core.package_identification:_identify(ros2_ws) by extension 'ros'
[0.188s] Level 1:colcon.colcon_core.package_identification:_identify(ros2_ws) by extensions ['cmake', 'python']
[0.188s] Level 1:colcon.colcon_core.package_identification:_identify(ros2_ws) by extension 'cmake'
[0.188s] Level 1:colcon.colcon_core.package_identification:_identify(ros2_ws) by extension 'python'
[0.188s] Level 1:colcon.colcon_core.package_identification:_identify(ros2_ws) by extensions ['python_setup_py']
[0.188s] Level 1:colcon.colcon_core.package_identification:_identify(ros2_ws) by extension 'python_setup_py'
[0.188s] Level 1:colcon.colcon_core.package_identification:_identify(ros2_ws/build) by extensions ['ignore', 'ignore_ament_install']
[0.189s] Level 1:colcon.colcon_core.package_identification:_identify(ros2_ws/build) by extension 'ignore'
[0.189s] Level 1:colcon.colcon_core.package_identification:_identify(ros2_ws/build) ignored
[0.189s] Level 1:colcon.colcon_core.package_identification:_identify(ros2_ws/install) by extensions ['ignore', 'ignore_ament_install']
[0.189s] Level 1:colcon.colcon_core.package_identification:_identify(ros2_ws/install) by extension 'ignore'
[0.189s] Level 1:colcon.colcon_core.package_identification:_identify(ros2_ws/install) ignored
[0.189s] Level 1:colcon.colcon_core.package_identification:_identify(ros2_ws/log) by extensions ['ignore', 'ignore_ament_install']
[0.189s] Level 1:colcon.colcon_core.package_identification:_identify(ros2_ws/log) by extension 'ignore'
[0.189s] Level 1:colcon.colcon_core.package_identification:_identify(ros2_ws/log) ignored
[0.189s] Level 1:colcon.colcon_core.package_identification:_identify(ros2_ws/src) by extensions ['ignore', 'ignore_ament_install']
[0.189s] Level 1:colcon.colcon_core.package_identification:_identify(ros2_ws/src) by extension 'ignore'
[0.189s] Level 1:colcon.colcon_core.package_identification:_identify(ros2_ws/src) by extension 'ignore_ament_install'
[0.189s] Level 1:colcon.colcon_core.package_identification:_identify(ros2_ws/src) by extensions ['colcon_pkg']
[0.189s] Level 1:colcon.colcon_core.package_identification:_identify(ros2_ws/src) by extension 'colcon_pkg'
[0.189s] Level 1:colcon.colcon_core.package_identification:_identify(ros2_ws/src) by extensions ['colcon_meta']
[0.189s] Level 1:colcon.colcon_core.package_identification:_identify(ros2_ws/src) by extension 'colcon_meta'
[0.189s] Level 1:colcon.colcon_core.package_identification:_identify(ros2_ws/src) by extensions ['ros']
[0.190s] Level 1:colcon.colcon_core.package_identification:_identify(ros2_ws/src) by extension 'ros'
[0.190s] Level 1:colcon.colcon_core.package_identification:_identify(ros2_ws/src) by extensions ['cmake', 'python']
[0.190s] Level 1:colcon.colcon_core.package_identification:_identify(ros2_ws/src) by extension 'cmake'
[0.190s] Level 1:colcon.colcon_core.package_identification:_identify(ros2_ws/src) by extension 'python'
[0.190s] Level 1:colcon.colcon_core.package_identification:_identify(ros2_ws/src) by extensions ['python_setup_py']
[0.190s] Level 1:colcon.colcon_core.package_identification:_identify(ros2_ws/src) by extension 'python_setup_py'
[0.190s] Level 1:colcon.colcon_core.package_identification:_identify(ros2_ws/src/drobot_bringup) by extensions ['ignore', 'ignore_ament_install']
[0.190s] Level 1:colcon.colcon_core.package_identification:_identify(ros2_ws/src/drobot_bringup) by extension 'ignore'
[0.190s] Level 1:colcon.colcon_core.package_identification:_identify(ros2_ws/src/drobot_bringup) by extension 'ignore_ament_install'
[0.190s] Level 1:colcon.colcon_core.package_identification:_identify(ros2_ws/src/drobot_bringup) by extensions ['colcon_pkg']
[0.190s] Level 1:colcon.colcon_core.package_identification:_identify(ros2_ws/src/drobot_bringup) by extension 'colcon_pkg'
[0.190s] Level 1:colcon.colcon_core.package_identification:_identify(ros2_ws/src/drobot_bringup) by extensions ['colcon_meta']
[0.190s] Level 1:colcon.colcon_core.package_identification:_identify(ros2_ws/src/drobot_bringup) by extension 'colcon_meta'
[0.190s] Level 1:colcon.colcon_core.package_identification:_identify(ros2_ws/src/drobot_bringup) by extensions ['ros']
[0.190s] Level 1:colcon.colcon_core.package_identification:_identify(ros2_ws/src/drobot_bringup) by extension 'ros'
[0.193s] DEBUG:colcon.colcon_core.package_identification:Package 'ros2_ws/src/drobot_bringup' with type 'ros.ament_python' and name 'drobot_bringup'
[0.193s] Level 1:colcon.colcon_core.package_identification:_identify(ros2_ws/src/drobot_controller) by extensions ['ignore', 'ignore_ament_install']
[0.193s] Level 1:colcon.colcon_core.package_identification:_identify(ros2_ws/src/drobot_controller) by extension 'ignore'
[0.193s] Level 1:colcon.colcon_core.package_identification:_identify(ros2_ws/src/drobot_controller) by extension 'ignore_ament_install'
[0.193s] Level 1:colcon.colcon_core.package_identification:_identify(ros2_ws/src/drobot_controller) by extensions ['colcon_pkg']
[0.193s] Level 1:colcon.colcon_core.package_identification:_identify(ros2_ws/src/drobot_controller) by extension 'colcon_pkg'
[0.193s] Level 1:colcon.colcon_core.package_identification:_identify(ros2_ws/src/drobot_controller) by extensions ['colcon_meta']
[0.193s] Level 1:colcon.colcon_core.package_identification:_identify(ros2_ws/src/drobot_controller) by extension 'colcon_meta'
[0.193s] Level 1:colcon.colcon_core.package_identification:_identify(ros2_ws/src/drobot_controller) by extensions ['ros']
[0.193s] Level 1:colcon.colcon_core.package_identification:_identify(ros2_ws/src/drobot_controller) by extension 'ros'
[0.194s] DEBUG:colcon.colcon_core.package_identification:Package 'ros2_ws/src/drobot_controller' with type 'ros.ament_python' and name 'drobot_controller'
[0.194s] Level 1:colcon.colcon_core.package_identification:_identify(ros2_ws/src/drobot_description) by extensions ['ignore', 'ignore_ament_install']
[0.194s] Level 1:colcon.colcon_core.package_identification:_identify(ros2_ws/src/drobot_description) by extension 'ignore'
[0.194s] Level 1:colcon.colcon_core.package_identification:_identify(ros2_ws/src/drobot_description) by extension 'ignore_ament_install'
[0.194s] Level 1:colcon.colcon_core.package_identification:_identify(ros2_ws/src/drobot_description) by extensions ['colcon_pkg']
[0.194s] Level 1:colcon.colcon_core.package_identification:_identify(ros2_ws/src/drobot_description) by extension 'colcon_pkg'
[0.194s] Level 1:colcon.colcon_core.package_identification:_identify(ros2_ws/src/drobot_description) by extensions ['colcon_meta']
[0.194s] Level 1:colcon.colcon_core.package_identification:_identify(ros2_ws/src/drobot_description) by extension 'colcon_meta'
[0.194s] Level 1:colcon.colcon_core.package_identification:_identify(ros2_ws/src/drobot_description) by extensions ['ros']
[0.194s] Level 1:colcon.colcon_core.package_identification:_identify(ros2_ws/src/drobot_description) by extension 'ros'
[0.195s] DEBUG:colcon.colcon_core.package_identification:Package 'ros2_ws/src/drobot_description' with type 'ros.ament_cmake' and name 'drobot_description'
[0.195s] Level 1:colcon.colcon_core.package_identification:_identify(ros2_ws/src/drobot_scan_2d) by extensions ['ignore', 'ignore_ament_install']
[0.195s] Level 1:colcon.colcon_core.package_identification:_identify(ros2_ws/src/drobot_scan_2d) by extension 'ignore'
[0.195s] Level 1:colcon.colcon_core.package_identification:_identify(ros2_ws/src/drobot_scan_2d) by extension 'ignore_ament_install'
[0.195s] Level 1:colcon.colcon_core.package_identification:_identify(ros2_ws/src/drobot_scan_2d) by extensions ['colcon_pkg']
[0.195s] Level 1:colcon.colcon_core.package_identification:_identify(ros2_ws/src/drobot_scan_2d) by extension 'colcon_pkg'
[0.195s] Level 1:colcon.colcon_core.package_identification:_identify(ros2_ws/src/drobot_scan_2d) by extensions ['colcon_meta']
[0.195s] Level 1:colcon.colcon_core.package_identification:_identify(ros2_ws/src/drobot_scan_2d) by extension 'colcon_meta'
[0.195s] Level 1:colcon.colcon_core.package_identification:_identify(ros2_ws/src/drobot_scan_2d) by extensions ['ros']
[0.195s] Level 1:colcon.colcon_core.package_identification:_identify(ros2_ws/src/drobot_scan_2d) by extension 'ros'
[0.196s] DEBUG:colcon.colcon_core.package_identification:Package 'ros2_ws/src/drobot_scan_2d' with type 'ros.ament_cmake' and name 'drobot_scan_2d'
[0.196s] Level 1:colcon.colcon_core.package_identification:_identify(ros2_ws/src/drobot_scan_3d) by extensions ['ignore', 'ignore_ament_install']
[0.196s] Level 1:colcon.colcon_core.package_identification:_identify(ros2_ws/src/drobot_scan_3d) by extension 'ignore'
[0.196s] Level 1:colcon.colcon_core.package_identification:_identify(ros2_ws/src/drobot_scan_3d) by extension 'ignore_ament_install'
[0.196s] Level 1:colcon.colcon_core.package_identification:_identify(ros2_ws/src/drobot_scan_3d) by extensions ['colcon_pkg']
[0.196s] Level 1:colcon.colcon_core.package_identification:_identify(ros2_ws/src/drobot_scan_3d) by extension 'colcon_pkg'
[0.196s] Level 1:colcon.colcon_core.package_identification:_identify(ros2_ws/src/drobot_scan_3d) by extensions ['colcon_meta']
[0.196s] Level 1:colcon.colcon_core.package_identification:_identify(ros2_ws/src/drobot_scan_3d) by extension 'colcon_meta'
[0.197s] Level 1:colcon.colcon_core.package_identification:_identify(ros2_ws/src/drobot_scan_3d) by extensions ['ros']
[0.197s] Level 1:colcon.colcon_core.package_identification:_identify(ros2_ws/src/drobot_scan_3d) by extension 'ros'
[0.197s] DEBUG:colcon.colcon_core.package_identification:Package 'ros2_ws/src/drobot_scan_3d' with type 'ros.ament_python' and name 'drobot_scan_3d'
[0.197s] Level 1:colcon.colcon_core.package_identification:_identify(ros2_ws/src/drobot_simulator) by extensions ['ignore', 'ignore_ament_install']
[0.197s] Level 1:colcon.colcon_core.package_identification:_identify(ros2_ws/src/drobot_simulator) by extension 'ignore'
[0.197s] Level 1:colcon.colcon_core.package_identification:_identify(ros2_ws/src/drobot_simulator) by extension 'ignore_ament_install'
[0.197s] Level 1:colcon.colcon_core.package_identification:_identify(ros2_ws/src/drobot_simulator) by extensions ['colcon_pkg']
[0.197s] Level 1:colcon.colcon_core.package_identification:_identify(ros2_ws/src/drobot_simulator) by extension 'colcon_pkg'
[0.197s] Level 1:colcon.colcon_core.package_identification:_identify(ros2_ws/src/drobot_simulator) by extensions ['colcon_meta']
[0.197s] Level 1:colcon.colcon_core.package_identification:_identify(ros2_ws/src/drobot_simulator) by extension 'colcon_meta'
[0.197s] Level 1:colcon.colcon_core.package_identification:_identify(ros2_ws/src/drobot_simulator) by extensions ['ros']
[0.198s] Level 1:colcon.colcon_core.package_identification:_identify(ros2_ws/src/drobot_simulator) by extension 'ros'
[0.198s] DEBUG:colcon.colcon_core.package_identification:Package 'ros2_ws/src/drobot_simulator' with type 'ros.ament_cmake' and name 'drobot_simulator'
[0.198s] Level 1:colcon.colcon_core.package_identification:_identify(ros2_ws/src/drobot_strategy) by extensions ['ignore', 'ignore_ament_install']
[0.198s] Level 1:colcon.colcon_core.package_identification:_identify(ros2_ws/src/drobot_strategy) by extension 'ignore'
[0.198s] Level 1:colcon.colcon_core.package_identification:_identify(ros2_ws/src/drobot_strategy) by extension 'ignore_ament_install'
[0.198s] Level 1:colcon.colcon_core.package_identification:_identify(ros2_ws/src/drobot_strategy) by extensions ['colcon_pkg']
[0.198s] Level 1:colcon.colcon_core.package_identification:_identify(ros2_ws/src/drobot_strategy) by extension 'colcon_pkg'
[0.198s] Level 1:colcon.colcon_core.package_identification:_identify(ros2_ws/src/drobot_strategy) by extensions ['colcon_meta']
[0.198s] Level 1:colcon.colcon_core.package_identification:_identify(ros2_ws/src/drobot_strategy) by extension 'colcon_meta'
[0.198s] Level 1:colcon.colcon_core.package_identification:_identify(ros2_ws/src/drobot_strategy) by extensions ['ros']
[0.198s] Level 1:colcon.colcon_core.package_identification:_identify(ros2_ws/src/drobot_strategy) by extension 'ros'
[0.199s] DEBUG:colcon.colcon_core.package_identification:Package 'ros2_ws/src/drobot_strategy' with type 'ros.ament_python' and name 'drobot_strategy'
[0.199s] Level 1:colcon.colcon_core.package_identification:_identify(ros2_ws/src/perception) by extensions ['ignore', 'ignore_ament_install']
[0.199s] Level 1:colcon.colcon_core.package_identification:_identify(ros2_ws/src/perception) by extension 'ignore'
[0.199s] Level 1:colcon.colcon_core.package_identification:_identify(ros2_ws/src/perception) by extension 'ignore_ament_install'
[0.199s] Level 1:colcon.colcon_core.package_identification:_identify(ros2_ws/src/perception) by extensions ['colcon_pkg']
[0.199s] Level 1:colcon.colcon_core.package_identification:_identify(ros2_ws/src/perception) by extension 'colcon_pkg'
[0.199s] Level 1:colcon.colcon_core.package_identification:_identify(ros2_ws/src/perception) by extensions ['colcon_meta']
[0.199s] Level 1:colcon.colcon_core.package_identification:_identify(ros2_ws/src/perception) by extension 'colcon_meta'
[0.199s] Level 1:colcon.colcon_core.package_identification:_identify(ros2_ws/src/perception) by extensions ['ros']
[0.199s] Level 1:colcon.colcon_core.package_identification:_identify(ros2_ws/src/perception) by extension 'ros'
[0.200s] DEBUG:colcon.colcon_core.package_identification:Package 'ros2_ws/src/perception' with type 'ros.ament_python' and name 'perception'
[0.200s] Level 1:colcon.colcon_core.package_discovery:discover_packages(recursive) using defaults
[0.200s] Level 1:colcon.colcon_core.package_discovery:discover_packages(ignore) discover
[0.200s] Level 1:colcon.colcon_core.package_discovery:discover_packages(ignore) using defaults
[0.200s] Level 1:colcon.colcon_core.package_discovery:discover_packages(path) discover
[0.200s] Level 1:colcon.colcon_core.package_discovery:discover_packages(path) using defaults
[0.219s] Level 1:colcon.colcon_core.package_discovery:discover_packages(prefix_path) check parameters
[0.219s] Level 1:colcon.colcon_core.package_discovery:discover_packages(prefix_path) discover
[0.221s] DEBUG:colcon.colcon_installed_package_information.package_discovery:Found 8 installed packages in /home/leo11dk/Desktop/drobot/install
[0.223s] DEBUG:colcon.colcon_installed_package_information.package_discovery:Found 394 installed packages in /opt/ros/jazzy
[0.224s] Level 1:colcon.colcon_core.package_discovery:discover_packages(prefix_path) using defaults
[0.281s] Level 5:colcon.colcon_core.verb:set package 'drobot_controller' build argument 'cmake_args' from command line to 'None'
[0.281s] Level 5:colcon.colcon_core.verb:set package 'drobot_controller' build argument 'cmake_target' from command line to 'None'
[0.281s] Level 5:colcon.colcon_core.verb:set package 'drobot_controller' build argument 'cmake_target_skip_unavailable' from command line to 'False'
[0.281s] Level 5:colcon.colcon_core.verb:set package 'drobot_controller' build argument 'cmake_clean_cache' from command line to 'False'
[0.281s] Level 5:colcon.colcon_core.verb:set package 'drobot_controller' build argument 'cmake_clean_first' from command line to 'False'
[0.281s] Level 5:colcon.colcon_core.verb:set package 'drobot_controller' build argument 'cmake_force_configure' from command line to 'False'
[0.281s] Level 5:colcon.colcon_core.verb:set package 'drobot_controller' build argument 'ament_cmake_args' from command line to 'None'
[0.281s] Level 5:colcon.colcon_core.verb:set package 'drobot_controller' build argument 'catkin_cmake_args' from command line to 'None'
[0.281s] Level 5:colcon.colcon_core.verb:set package 'drobot_controller' build argument 'catkin_skip_building_tests' from command line to 'False'
[0.281s] DEBUG:colcon.colcon_core.verb:Building package 'drobot_controller' with the following arguments: {'ament_cmake_args': None, 'build_base': '/home/leo11dk/Desktop/drobot/build/drobot_controller', 'catkin_cmake_args': None, 'catkin_skip_building_tests': False, 'cmake_args': None, 'cmake_clean_cache': False, 'cmake_clean_first': False, 'cmake_force_configure': False, 'cmake_target': None, 'cmake_target_skip_unavailable': False, 'install_base': '/home/leo11dk/Desktop/drobot/install/drobot_controller', 'merge_install': False, 'path': '/home/leo11dk/Desktop/drobot/ros2_ws/src/drobot_controller', 'symlink_install': False, 'test_result_base': None}
[0.281s] Level 5:colcon.colcon_core.verb:set package 'drobot_description' build argument 'cmake_args' from command line to 'None'
[0.281s] Level 5:colcon.colcon_core.verb:set package 'drobot_description' build argument 'cmake_target' from command line to 'None'
[0.281s] Level 5:colcon.colcon_core.verb:set package 'drobot_description' build argument 'cmake_target_skip_unavailable' from command line to 'False'
[0.281s] Level 5:colcon.colcon_core.verb:set package 'drobot_description' build argument 'cmake_clean_cache' from command line to 'False'
[0.281s] Level 5:colcon.colcon_core.verb:set package 'drobot_description' build argument 'cmake_clean_first' from command line to 'False'
[0.281s] Level 5:colcon.colcon_core.verb:set package 'drobot_description' build argument 'cmake_force_configure' from command line to 'False'
[0.281s] Level 5:colcon.colcon_core.verb:set package 'drobot_description' build argument 'ament_cmake_args' from command line to 'None'
[0.281s] Level 5:colcon.colcon_core.verb:set package 'drobot_description' build argument 'catkin_cmake_args' from command line to 'None'
[0.281s] Level 5:colcon.colcon_core.verb:set package 'drobot_description' build argument 'catkin_skip_building_tests' from command line to 'False'
[0.281s] DEBUG:colcon.colcon_core.verb:Building package 'drobot_description' with the following arguments: {'ament_cmake_args': None, 'build_base': '/home/leo11dk/Desktop/drobot/build/drobot_description', 'catkin_cmake_args': None, 'catkin_skip_building_tests': False, 'cmake_args': None, 'cmake_clean_cache': False, 'cmake_clean_first': False, 'cmake_force_configure': False, 'cmake_target': None, 'cmake_target_skip_unavailable': False, 'install_base': '/home/leo11dk/Desktop/drobot/install/drobot_description', 'merge_install': False, 'path': '/home/leo11dk/Desktop/drobot/ros2_ws/src/drobot_description', 'symlink_install': False, 'test_result_base': None}
[0.282s] Level 5:colcon.colcon_core.verb:set package 'drobot_scan_3d' build argument 'cmake_args' from command line to 'None'
[0.282s] Level 5:colcon.colcon_core.verb:set package 'drobot_scan_3d' build argument 'cmake_target' from command line to 'None'
[0.282s] Level 5:colcon.colcon_core.verb:set package 'drobot_scan_3d' build argument 'cmake_target_skip_unavailable' from command line to 'False'
[0.282s] Level 5:colcon.colcon_core.verb:set package 'drobot_scan_3d' build argument 'cmake_clean_cache' from command line to 'False'
[0.282s] Level 5:colcon.colcon_core.verb:set package 'drobot_scan_3d' build argument 'cmake_clean_first' from command line to 'False'
[0.282s] Level 5:colcon.colcon_core.verb:set package 'drobot_scan_3d' build argument 'cmake_force_configure' from command line to 'False'
[0.282s] Level 5:colcon.colcon_core.verb:set package 'drobot_scan_3d' build argument 'ament_cmake_args' from command line to 'None'
[0.282s] Level 5:colcon.colcon_core.verb:set package 'drobot_scan_3d' build argument 'catkin_cmake_args' from command line to 'None'
[0.282s] Level 5:colcon.colcon_core.verb:set package 'drobot_scan_3d' build argument 'catkin_skip_building_tests' from command line to 'False'
[0.282s] DEBUG:colcon.colcon_core.verb:Building package 'drobot_scan_3d' with the following arguments: {'ament_cmake_args': None, 'build_base': '/home/leo11dk/Desktop/drobot/build/drobot_scan_3d', 'catkin_cmake_args': None, 'catkin_skip_building_tests': False, 'cmake_args': None, 'cmake_clean_cache': False, 'cmake_clean_first': False, 'cmake_force_configure': False, 'cmake_target': None, 'cmake_target_skip_unavailable': False, 'install_base': '/home/leo11dk/Desktop/drobot/install/drobot_scan_3d', 'merge_install': False, 'path': '/home/leo11dk/Desktop/drobot/ros2_ws/src/drobot_scan_3d', 'symlink_install': False, 'test_result_base': None}
[0.282s] Level 5:colcon.colcon_core.verb:set package 'drobot_simulator' build argument 'cmake_args' from command line to 'None'
[0.282s] Level 5:colcon.colcon_core.verb:set package 'drobot_simulator' build argument 'cmake_target' from command line to 'None'
[0.282s] Level 5:colcon.colcon_core.verb:set package 'drobot_simulator' build argument 'cmake_target_skip_unavailable' from command line to 'False'
[0.282s] Level 5:colcon.colcon_core.verb:set package 'drobot_simulator' build argument 'cmake_clean_cache' from command line to 'False'
[0.282s] Level 5:colcon.colcon_core.verb:set package 'drobot_simulator' build argument 'cmake_clean_first' from command line to 'False'
[0.282s] Level 5:colcon.colcon_core.verb:set package 'drobot_simulator' build argument 'cmake_force_configure' from command line to 'False'
[0.282s] Level 5:colcon.colcon_core.verb:set package 'drobot_simulator' build argument 'ament_cmake_args' from command line to 'None'
[0.282s] Level 5:colcon.colcon_core.verb:set package 'drobot_simulator' build argument 'catkin_cmake_args' from command line to 'None'
[0.282s] Level 5:colcon.colcon_core.verb:set package 'drobot_simulator' build argument 'catkin_skip_building_tests' from command line to 'False'
[0.282s] DEBUG:colcon.colcon_core.verb:Building package 'drobot_simulator' with the following arguments: {'ament_cmake_args': None, 'build_base': '/home/leo11dk/Desktop/drobot/build/drobot_simulator', 'catkin_cmake_args': None, 'catkin_skip_building_tests': False, 'cmake_args': None, 'cmake_clean_cache': False, 'cmake_clean_first': False, 'cmake_force_configure': False, 'cmake_target': None, 'cmake_target_skip_unavailable': False, 'install_base': '/home/leo11dk/Desktop/drobot/install/drobot_simulator', 'merge_install': False, 'path': '/home/leo11dk/Desktop/drobot/ros2_ws/src/drobot_simulator', 'symlink_install': False, 'test_result_base': None}
[0.282s] Level 5:colcon.colcon_core.verb:set package 'drobot_strategy' build argument 'cmake_args' from command line to 'None'
[0.283s] Level 5:colcon.colcon_core.verb:set package 'drobot_strategy' build argument 'cmake_target' from command line to 'None'
[0.283s] Level 5:colcon.colcon_core.verb:set package 'drobot_strategy' build argument 'cmake_target_skip_unavailable' from command line to 'False'
[0.283s] Level 5:colcon.colcon_core.verb:set package 'drobot_strategy' build argument 'cmake_clean_cache' from command line to 'False'
[0.283s] Level 5:colcon.colcon_core.verb:set package 'drobot_strategy' build argument 'cmake_clean_first' from command line to 'False'
[0.283s] Level 5:colcon.colcon_core.verb:set package 'drobot_strategy' build argument 'cmake_force_configure' from command line to 'False'
[0.283s] Level 5:colcon.colcon_core.verb:set package 'drobot_strategy' build argument 'ament_cmake_args' from command line to 'None'
[0.283s] Level 5:colcon.colcon_core.verb:set package 'drobot_strategy' build argument 'catkin_cmake_args' from command line to 'None'
[0.283s] Level 5:colcon.colcon_core.verb:set package 'drobot_strategy' build argument 'catkin_skip_building_tests' from command line to 'False'
[0.283s] DEBUG:colcon.colcon_core.verb:Building package 'drobot_strategy' with the following arguments: {'ament_cmake_args': None, 'build_base': '/home/leo11dk/Desktop/drobot/build/drobot_strategy', 'catkin_cmake_args': None, 'catkin_skip_building_tests': False, 'cmake_args': None, 'cmake_clean_cache': False, 'cmake_clean_first': False, 'cmake_force_configure': False, 'cmake_target': None, 'cmake_target_skip_unavailable': False, 'install_base': '/home/leo11dk/Desktop/drobot/install/drobot_strategy', 'merge_install': False, 'path': '/home/leo11dk/Desktop/drobot/ros2_ws/src/drobot_strategy', 'symlink_install': False, 'test_result_base': None}
[0.283s] Level 5:colcon.colcon_core.verb:set package 'perception' build argument 'cmake_args' from command line to 'None'
[0.283s] Level 5:colcon.colcon_core.verb:set package 'perception' build argument 'cmake_target' from command line to 'None'
[0.283s] Level 5:colcon.colcon_core.verb:set package 'perception' build argument 'cmake_target_skip_unavailable' from command line to 'False'
[0.283s] Level 5:colcon.colcon_core.verb:set package 'perception' build argument 'cmake_clean_cache' from command line to 'False'
[0.283s] Level 5:colcon.colcon_core.verb:set package 'perception' build argument 'cmake_clean_first' from command line to 'False'
[0.283s] Level 5:colcon.colcon_core.verb:set package 'perception' build argument 'cmake_force_configure' from command line to 'False'
[0.283s] Level 5:colcon.colcon_core.verb:set package 'perception' build argument 'ament_cmake_args' from command line to 'None'
[0.283s] Level 5:colcon.colcon_core.verb:set package 'perception' build argument 'catkin_cmake_args' from command line to 'None'
[0.283s] Level 5:colcon.colcon_core.verb:set package 'perception' build argument 'catkin_skip_building_tests' from command line to 'False'
[0.283s] DEBUG:colcon.colcon_core.verb:Building package 'perception' with the following arguments: {'ament_cmake_args': None, 'build_base': '/home/leo11dk/Desktop/drobot/build/perception', 'catkin_cmake_args': None, 'catkin_skip_building_tests': False, 'cmake_args': None, 'cmake_clean_cache': False, 'cmake_clean_first': False, 'cmake_force_configure': False, 'cmake_target': None, 'cmake_target_skip_unavailable': False, 'install_base': '/home/leo11dk/Desktop/drobot/install/perception', 'merge_install': False, 'path': '/home/leo11dk/Desktop/drobot/ros2_ws/src/perception', 'symlink_install': False, 'test_result_base': None}
[0.283s] Level 5:colcon.colcon_core.verb:set package 'drobot_scan_2d' build argument 'cmake_args' from command line to 'None'
[0.283s] Level 5:colcon.colcon_core.verb:set package 'drobot_scan_2d' build argument 'cmake_target' from command line to 'None'
[0.283s] Level 5:colcon.colcon_core.verb:set package 'drobot_scan_2d' build argument 'cmake_target_skip_unavailable' from command line to 'False'
[0.283s] Level 5:colcon.colcon_core.verb:set package 'drobot_scan_2d' build argument 'cmake_clean_cache' from command line to 'False'
[0.283s] Level 5:colcon.colcon_core.verb:set package 'drobot_scan_2d' build argument 'cmake_clean_first' from command line to 'False'
[0.284s] Level 5:colcon.colcon_core.verb:set package 'drobot_scan_2d' build argument 'cmake_force_configure' from command line to 'False'
[0.284s] Level 5:colcon.colcon_core.verb:set package 'drobot_scan_2d' build argument 'ament_cmake_args' from command line to 'None'
[0.284s] Level 5:colcon.colcon_core.verb:set package 'drobot_scan_2d' build argument 'catkin_cmake_args' from command line to 'None'
[0.284s] Level 5:colcon.colcon_core.verb:set package 'drobot_scan_2d' build argument 'catkin_skip_building_tests' from command line to 'False'
[0.284s] DEBUG:colcon.colcon_core.verb:Building package 'drobot_scan_2d' with the following arguments: {'ament_cmake_args': None, 'build_base': '/home/leo11dk/Desktop/drobot/build/drobot_scan_2d', 'catkin_cmake_args': None, 'catkin_skip_building_tests': False, 'cmake_args': None, 'cmake_clean_cache': False, 'cmake_clean_first': False, 'cmake_force_configure': False, 'cmake_target': None, 'cmake_target_skip_unavailable': False, 'install_base': '/home/leo11dk/Desktop/drobot/install/drobot_scan_2d', 'merge_install': False, 'path': '/home/leo11dk/Desktop/drobot/ros2_ws/src/drobot_scan_2d', 'symlink_install': False, 'test_result_base': None}
[0.284s] Level 5:colcon.colcon_core.verb:set package 'drobot_bringup' build argument 'cmake_args' from command line to 'None'
[0.284s] Level 5:colcon.colcon_core.verb:set package 'drobot_bringup' build argument 'cmake_target' from command line to 'None'
[0.284s] Level 5:colcon.colcon_core.verb:set package 'drobot_bringup' build argument 'cmake_target_skip_unavailable' from command line to 'False'
[0.284s] Level 5:colcon.colcon_core.verb:set package 'drobot_bringup' build argument 'cmake_clean_cache' from command line to 'False'
[0.284s] Level 5:colcon.colcon_core.verb:set package 'drobot_bringup' build argument 'cmake_clean_first' from command line to 'False'
[0.284s] Level 5:colcon.colcon_core.verb:set package 'drobot_bringup' build argument 'cmake_force_configure' from command line to 'False'
[0.284s] Level 5:colcon.colcon_core.verb:set package 'drobot_bringup' build argument 'ament_cmake_args' from command line to 'None'
[0.284s] Level 5:colcon.colcon_core.verb:set package 'drobot_bringup' build argument 'catkin_cmake_args' from command line to 'None'
[0.284s] Level 5:colcon.colcon_core.verb:set package 'drobot_bringup' build argument 'catkin_skip_building_tests' from command line to 'False'
[0.284s] DEBUG:colcon.colcon_core.verb:Building package 'drobot_bringup' with the following arguments: {'ament_cmake_args': None, 'build_base': '/home/leo11dk/Desktop/drobot/build/drobot_bringup', 'catkin_cmake_args': None, 'catkin_skip_building_tests': False, 'cmake_args': None, 'cmake_clean_cache': False, 'cmake_clean_first': False, 'cmake_force_configure': False, 'cmake_target': None, 'cmake_target_skip_unavailable': False, 'install_base': '/home/leo11dk/Desktop/drobot/install/drobot_bringup', 'merge_install': False, 'path': '/home/leo11dk/Desktop/drobot/ros2_ws/src/drobot_bringup', 'symlink_install': False, 'test_result_base': None}
[0.284s] INFO:colcon.colcon_core.executor:Executing jobs using 'parallel' executor
[0.285s] DEBUG:colcon.colcon_parallel_executor.executor.parallel:run_until_complete
[0.285s] INFO:colcon.colcon_ros.task.ament_cmake.build:Building ROS package in '/home/leo11dk/Desktop/drobot/ros2_ws/src/drobot_description' with build type 'ament_cmake'
[0.285s] INFO:colcon.colcon_cmake.task.cmake.build:Building CMake package in '/home/leo11dk/Desktop/drobot/ros2_ws/src/drobot_description'
[0.287s] INFO:colcon.colcon_core.plugin_system:Skipping extension 'colcon_core.shell.bat': Not used on non-Windows systems
[0.287s] INFO:colcon.colcon_core.shell:Skip shell extension 'powershell' for command environment: Not usable outside of PowerShell
[0.288s] DEBUG:colcon.colcon_core.shell:Skip shell extension 'dsv' for command environment
[0.292s] INFO:colcon.colcon_ros.task.ament_python.build:Building ROS package in '/home/leo11dk/Desktop/drobot/ros2_ws/src/drobot_controller' with build type 'ament_python'
[0.292s] Level 1:colcon.colcon_core.shell:create_environment_hook('drobot_controller', 'ament_prefix_path')
[0.292s] INFO:colcon.colcon_core.shell:Creating environment hook '/home/leo11dk/Desktop/drobot/install/drobot_controller/share/drobot_controller/hook/ament_prefix_path.ps1'
[0.293s] INFO:colcon.colcon_core.shell:Creating environment descriptor '/home/leo11dk/Desktop/drobot/install/drobot_controller/share/drobot_controller/hook/ament_prefix_path.dsv'
[0.293s] INFO:colcon.colcon_core.shell:Creating environment hook '/home/leo11dk/Desktop/drobot/install/drobot_controller/share/drobot_controller/hook/ament_prefix_path.sh'
[0.294s] INFO:colcon.colcon_core.shell:Skip shell extension 'powershell' for command environment: Not usable outside of PowerShell
[0.294s] DEBUG:colcon.colcon_core.shell:Skip shell extension 'dsv' for command environment
[0.298s] INFO:colcon.colcon_ros.task.ament_python.build:Building ROS package in '/home/leo11dk/Desktop/drobot/ros2_ws/src/drobot_scan_3d' with build type 'ament_python'
[0.298s] Level 1:colcon.colcon_core.shell:create_environment_hook('drobot_scan_3d', 'ament_prefix_path')
[0.298s] INFO:colcon.colcon_core.shell:Creating environment hook '/home/leo11dk/Desktop/drobot/install/drobot_scan_3d/share/drobot_scan_3d/hook/ament_prefix_path.ps1'
[0.299s] INFO:colcon.colcon_core.shell:Creating environment descriptor '/home/leo11dk/Desktop/drobot/install/drobot_scan_3d/share/drobot_scan_3d/hook/ament_prefix_path.dsv'
[0.299s] INFO:colcon.colcon_core.shell:Creating environment hook '/home/leo11dk/Desktop/drobot/install/drobot_scan_3d/share/drobot_scan_3d/hook/ament_prefix_path.sh'
[0.299s] INFO:colcon.colcon_core.shell:Skip shell extension 'powershell' for command environment: Not usable outside of PowerShell
[0.299s] DEBUG:colcon.colcon_core.shell:Skip shell extension 'dsv' for command environment
[0.303s] INFO:colcon.colcon_ros.task.ament_cmake.build:Building ROS package in '/home/leo11dk/Desktop/drobot/ros2_ws/src/drobot_simulator' with build type 'ament_cmake'
[0.303s] INFO:colcon.colcon_cmake.task.cmake.build:Building CMake package in '/home/leo11dk/Desktop/drobot/ros2_ws/src/drobot_simulator'
[0.303s] INFO:colcon.colcon_core.shell:Skip shell extension 'powershell' for command environment: Not usable outside of PowerShell
[0.303s] DEBUG:colcon.colcon_core.shell:Skip shell extension 'dsv' for command environment
[0.308s] INFO:colcon.colcon_ros.task.ament_python.build:Building ROS package in '/home/leo11dk/Desktop/drobot/ros2_ws/src/drobot_strategy' with build type 'ament_python'
[0.308s] Level 1:colcon.colcon_core.shell:create_environment_hook('drobot_strategy', 'ament_prefix_path')
[0.308s] INFO:colcon.colcon_core.shell:Creating environment hook '/home/leo11dk/Desktop/drobot/install/drobot_strategy/share/drobot_strategy/hook/ament_prefix_path.ps1'
[0.308s] INFO:colcon.colcon_core.shell:Creating environment descriptor '/home/leo11dk/Desktop/drobot/install/drobot_strategy/share/drobot_strategy/hook/ament_prefix_path.dsv'
[0.309s] INFO:colcon.colcon_core.shell:Creating environment hook '/home/leo11dk/Desktop/drobot/install/drobot_strategy/share/drobot_strategy/hook/ament_prefix_path.sh'
[0.309s] INFO:colcon.colcon_core.shell:Skip shell extension 'powershell' for command environment: Not usable outside of PowerShell
[0.309s] DEBUG:colcon.colcon_core.shell:Skip shell extension 'dsv' for command environment
[0.313s] INFO:colcon.colcon_ros.task.ament_python.build:Building ROS package in '/home/leo11dk/Desktop/drobot/ros2_ws/src/perception' with build type 'ament_python'
[0.313s] Level 1:colcon.colcon_core.shell:create_environment_hook('perception', 'ament_prefix_path')
[0.313s] INFO:colcon.colcon_core.shell:Creating environment hook '/home/leo11dk/Desktop/drobot/install/perception/share/perception/hook/ament_prefix_path.ps1'
[0.314s] INFO:colcon.colcon_core.shell:Creating environment descriptor '/home/leo11dk/Desktop/drobot/install/perception/share/perception/hook/ament_prefix_path.dsv'
[0.314s] INFO:colcon.colcon_core.shell:Creating environment hook '/home/leo11dk/Desktop/drobot/install/perception/share/perception/hook/ament_prefix_path.sh'
[0.315s] INFO:colcon.colcon_core.shell:Skip shell extension 'powershell' for command environment: Not usable outside of PowerShell
[0.315s] DEBUG:colcon.colcon_core.shell:Skip shell extension 'dsv' for command environment
[0.322s] DEBUG:colcon.colcon_core.event_handler.log_command:Invoking command in '/home/leo11dk/Desktop/drobot/build/drobot_description': CMAKE_PREFIX_PATH=${CMAKE_PREFIX_PATH}:/home/leo11dk/Desktop/drobot/install/perception:/home/leo11dk/Desktop/drobot/install/drobot_strategy:/home/leo11dk/Desktop/drobot/install/drobot_scan_3d:/home/leo11dk/Desktop/drobot/install/drobot_bringup:/home/leo11dk/Desktop/drobot/install/drobot_controller:/opt/ros/jazzy DEBUGINFOD_URLS=https://debuginfod.ubuntu.com /usr/bin/cmake --build /home/leo11dk/Desktop/drobot/build/drobot_description -- -j6 -l6
[0.550s] INFO:colcon.colcon_core.task.python.build:Building Python package in '/home/leo11dk/Desktop/drobot/ros2_ws/src/drobot_controller'
[0.550s] INFO:colcon.colcon_core.shell:Skip shell extension 'powershell' for command environment: Not usable outside of PowerShell
[0.550s] DEBUG:colcon.colcon_core.shell:Skip shell extension 'dsv' for command environment
[0.783s] INFO:colcon.colcon_core.task.python.build:Building Python package in '/home/leo11dk/Desktop/drobot/ros2_ws/src/drobot_scan_3d'
[0.784s] INFO:colcon.colcon_core.shell:Skip shell extension 'powershell' for command environment: Not usable outside of PowerShell
[0.784s] DEBUG:colcon.colcon_core.shell:Skip shell extension 'dsv' for command environment
[0.790s] DEBUG:colcon.colcon_core.event_handler.log_command:Invoking command in '/home/leo11dk/Desktop/drobot/build/drobot_simulator': CMAKE_PREFIX_PATH=${CMAKE_PREFIX_PATH}:/home/leo11dk/Desktop/drobot/install/perception:/home/leo11dk/Desktop/drobot/install/drobot_strategy:/home/leo11dk/Desktop/drobot/install/drobot_scan_3d:/home/leo11dk/Desktop/drobot/install/drobot_bringup:/home/leo11dk/Desktop/drobot/install/drobot_controller:/opt/ros/jazzy DEBUGINFOD_URLS=https://debuginfod.ubuntu.com /usr/bin/cmake --build /home/leo11dk/Desktop/drobot/build/drobot_simulator -- -j6 -l6
[1.020s] INFO:colcon.colcon_core.task.python.build:Building Python package in '/home/leo11dk/Desktop/drobot/ros2_ws/src/drobot_strategy'
[1.020s] INFO:colcon.colcon_core.shell:Skip shell extension 'powershell' for command environment: Not usable outside of PowerShell
[1.020s] DEBUG:colcon.colcon_core.shell:Skip shell extension 'dsv' for command environment
[1.027s] DEBUG:colcon.colcon_core.event_handler.log_command:Invoked command in '/home/leo11dk/Desktop/drobot/build/drobot_description' returned '0': CMAKE_PREFIX_PATH=${CMAKE_PREFIX_PATH}:/home/leo11dk/Desktop/drobot/install/perception:/home/leo11dk/Desktop/drobot/install/drobot_strategy:/home/leo11dk/Desktop/drobot/install/drobot_scan_3d:/home/leo11dk/Desktop/drobot/install/drobot_bringup:/home/leo11dk/Desktop/drobot/install/drobot_controller:/opt/ros/jazzy DEBUGINFOD_URLS=https://debuginfod.ubuntu.com /usr/bin/cmake --build /home/leo11dk/Desktop/drobot/build/drobot_description -- -j6 -l6
[1.037s] DEBUG:colcon.colcon_core.event_handler.log_command:Invoking command in '/home/leo11dk/Desktop/drobot/build/drobot_description': CMAKE_PREFIX_PATH=${CMAKE_PREFIX_PATH}:/home/leo11dk/Desktop/drobot/install/perception:/home/leo11dk/Desktop/drobot/install/drobot_strategy:/home/leo11dk/Desktop/drobot/install/drobot_scan_3d:/home/leo11dk/Desktop/drobot/install/drobot_bringup:/home/leo11dk/Desktop/drobot/install/drobot_controller:/opt/ros/jazzy DEBUGINFOD_URLS=https://debuginfod.ubuntu.com /usr/bin/cmake --install /home/leo11dk/Desktop/drobot/build/drobot_description
[1.037s] DEBUG:colcon.colcon_core.event_handler.log_command:Invoked command in '/home/leo11dk/Desktop/drobot/build/drobot_simulator' returned '0': CMAKE_PREFIX_PATH=${CMAKE_PREFIX_PATH}:/home/leo11dk/Desktop/drobot/install/perception:/home/leo11dk/Desktop/drobot/install/drobot_strategy:/home/leo11dk/Desktop/drobot/install/drobot_scan_3d:/home/leo11dk/Desktop/drobot/install/drobot_bringup:/home/leo11dk/Desktop/drobot/install/drobot_controller:/opt/ros/jazzy DEBUGINFOD_URLS=https://debuginfod.ubuntu.com /usr/bin/cmake --build /home/leo11dk/Desktop/drobot/build/drobot_simulator -- -j6 -l6
[1.039s] DEBUG:colcon.colcon_core.event_handler.log_command:Invoking command in '/home/leo11dk/Desktop/drobot/build/drobot_simulator': CMAKE_PREFIX_PATH=${CMAKE_PREFIX_PATH}:/home/leo11dk/Desktop/drobot/install/perception:/home/leo11dk/Desktop/drobot/install/drobot_strategy:/home/leo11dk/Desktop/drobot/install/drobot_scan_3d:/home/leo11dk/Desktop/drobot/install/drobot_bringup:/home/leo11dk/Desktop/drobot/install/drobot_controller:/opt/ros/jazzy DEBUGINFOD_URLS=https://debuginfod.ubuntu.com /usr/bin/cmake --install /home/leo11dk/Desktop/drobot/build/drobot_simulator
[1.267s] INFO:colcon.colcon_core.task.python.build:Building Python package in '/home/leo11dk/Desktop/drobot/ros2_ws/src/perception'
[1.267s] INFO:colcon.colcon_core.shell:Skip shell extension 'powershell' for command environment: Not usable outside of PowerShell
[1.267s] DEBUG:colcon.colcon_core.shell:Skip shell extension 'dsv' for command environment
[1.303s] Level 1:colcon.colcon_core.environment:create_environment_scripts_only(drobot_simulator)
[1.319s] Level 1:colcon.colcon_core.environment:checking '/home/leo11dk/Desktop/drobot/install/drobot_simulator' for CMake module files
[1.320s] Level 1:colcon.colcon_core.environment:checking '/home/leo11dk/Desktop/drobot/install/drobot_simulator' for CMake config files
[1.320s] Level 1:colcon.colcon_core.shell:create_environment_hook('drobot_simulator', 'cmake_prefix_path')
[1.321s] INFO:colcon.colcon_core.shell:Creating environment hook '/home/leo11dk/Desktop/drobot/install/drobot_simulator/share/drobot_simulator/hook/cmake_prefix_path.ps1'
[1.323s] INFO:colcon.colcon_core.shell:Creating environment descriptor '/home/leo11dk/Desktop/drobot/install/drobot_simulator/share/drobot_simulator/hook/cmake_prefix_path.dsv'
[1.324s] INFO:colcon.colcon_core.shell:Creating environment hook '/home/leo11dk/Desktop/drobot/install/drobot_simulator/share/drobot_simulator/hook/cmake_prefix_path.sh'
[1.324s] Level 1:colcon.colcon_core.environment:checking '/home/leo11dk/Desktop/drobot/install/drobot_simulator/bin'
[1.324s] Level 1:colcon.colcon_core.environment:checking '/home/leo11dk/Desktop/drobot/install/drobot_simulator/lib/pkgconfig/drobot_simulator.pc'
[1.325s] Level 1:colcon.colcon_core.environment:checking '/home/leo11dk/Desktop/drobot/install/drobot_simulator/lib/python3.12/site-packages'
[1.325s] Level 1:colcon.colcon_core.environment:checking '/home/leo11dk/Desktop/drobot/install/drobot_simulator/bin'
[1.325s] INFO:colcon.colcon_core.shell:Creating package script '/home/leo11dk/Desktop/drobot/install/drobot_simulator/share/drobot_simulator/package.ps1'
[1.334s] INFO:colcon.colcon_core.shell:Creating package descriptor '/home/leo11dk/Desktop/drobot/install/drobot_simulator/share/drobot_simulator/package.dsv'
[1.334s] INFO:colcon.colcon_core.shell:Creating package script '/home/leo11dk/Desktop/drobot/install/drobot_simulator/share/drobot_simulator/package.sh'
[1.336s] INFO:colcon.colcon_core.shell:Creating package script '/home/leo11dk/Desktop/drobot/install/drobot_simulator/share/drobot_simulator/package.bash'
[1.337s] INFO:colcon.colcon_core.shell:Creating package script '/home/leo11dk/Desktop/drobot/install/drobot_simulator/share/drobot_simulator/package.zsh'
[1.339s] Level 1:colcon.colcon_core.environment:create_file_with_runtime_dependencies(/home/leo11dk/Desktop/drobot/install/drobot_simulator/share/colcon-core/packages/drobot_simulator)
[1.339s] Level 1:colcon.colcon_core.environment:create_environment_scripts_only(drobot_simulator)
[1.339s] Level 1:colcon.colcon_core.environment:checking '/home/leo11dk/Desktop/drobot/install/drobot_simulator' for CMake module files
[1.340s] Level 1:colcon.colcon_core.environment:checking '/home/leo11dk/Desktop/drobot/install/drobot_simulator' for CMake config files
[1.340s] Level 1:colcon.colcon_core.shell:create_environment_hook('drobot_simulator', 'cmake_prefix_path')
[1.340s] INFO:colcon.colcon_core.shell:Creating environment hook '/home/leo11dk/Desktop/drobot/install/drobot_simulator/share/drobot_simulator/hook/cmake_prefix_path.ps1'
[1.344s] INFO:colcon.colcon_core.shell:Creating environment descriptor '/home/leo11dk/Desktop/drobot/install/drobot_simulator/share/drobot_simulator/hook/cmake_prefix_path.dsv'
[1.345s] INFO:colcon.colcon_core.shell:Creating environment hook '/home/leo11dk/Desktop/drobot/install/drobot_simulator/share/drobot_simulator/hook/cmake_prefix_path.sh'
[1.345s] Level 1:colcon.colcon_core.environment:checking '/home/leo11dk/Desktop/drobot/install/drobot_simulator/bin'
[1.346s] Level 1:colcon.colcon_core.environment:checking '/home/leo11dk/Desktop/drobot/install/drobot_simulator/lib/pkgconfig/drobot_simulator.pc'
[1.346s] Level 1:colcon.colcon_core.environment:checking '/home/leo11dk/Desktop/drobot/install/drobot_simulator/lib/python3.12/site-packages'
[1.346s] Level 1:colcon.colcon_core.environment:checking '/home/leo11dk/Desktop/drobot/install/drobot_simulator/bin'
[1.346s] INFO:colcon.colcon_core.shell:Creating package script '/home/leo11dk/Desktop/drobot/install/drobot_simulator/share/drobot_simulator/package.ps1'
[1.347s] INFO:colcon.colcon_core.shell:Creating package descriptor '/home/leo11dk/Desktop/drobot/install/drobot_simulator/share/drobot_simulator/package.dsv'
[1.348s] INFO:colcon.colcon_core.shell:Creating package script '/home/leo11dk/Desktop/drobot/install/drobot_simulator/share/drobot_simulator/package.sh'
[1.348s] INFO:colcon.colcon_core.shell:Creating package script '/home/leo11dk/Desktop/drobot/install/drobot_simulator/share/drobot_simulator/package.bash'
[1.349s] INFO:colcon.colcon_core.shell:Creating package script '/home/leo11dk/Desktop/drobot/install/drobot_simulator/share/drobot_simulator/package.zsh'
[1.350s] Level 1:colcon.colcon_core.environment:create_file_with_runtime_dependencies(/home/leo11dk/Desktop/drobot/install/drobot_simulator/share/colcon-core/packages/drobot_simulator)
[1.358s] Level 1:colcon.colcon_core.environment:create_environment_scripts_only(drobot_description)
[1.358s] Level 1:colcon.colcon_core.environment:checking '/home/leo11dk/Desktop/drobot/install/drobot_description' for CMake module files
[1.362s] Level 1:colcon.colcon_core.environment:checking '/home/leo11dk/Desktop/drobot/install/drobot_description' for CMake config files
[1.364s] Level 1:colcon.colcon_core.shell:create_environment_hook('drobot_description', 'cmake_prefix_path')
[1.364s] INFO:colcon.colcon_core.shell:Creating environment hook '/home/leo11dk/Desktop/drobot/install/drobot_description/share/drobot_description/hook/cmake_prefix_path.ps1'
[1.365s] INFO:colcon.colcon_core.shell:Creating environment descriptor '/home/leo11dk/Desktop/drobot/install/drobot_description/share/drobot_description/hook/cmake_prefix_path.dsv'
[1.367s] INFO:colcon.colcon_core.shell:Creating environment hook '/home/leo11dk/Desktop/drobot/install/drobot_description/share/drobot_description/hook/cmake_prefix_path.sh'
[1.368s] Level 1:colcon.colcon_core.environment:checking '/home/leo11dk/Desktop/drobot/install/drobot_description/bin'
[1.368s] Level 1:colcon.colcon_core.environment:checking '/home/leo11dk/Desktop/drobot/install/drobot_description/lib/pkgconfig/drobot_description.pc'
[1.368s] Level 1:colcon.colcon_core.environment:checking '/home/leo11dk/Desktop/drobot/install/drobot_description/lib/python3.12/site-packages'
[1.369s] Level 1:colcon.colcon_core.environment:checking '/home/leo11dk/Desktop/drobot/install/drobot_description/bin'
[1.371s] INFO:colcon.colcon_core.shell:Creating package script '/home/leo11dk/Desktop/drobot/install/drobot_description/share/drobot_description/package.ps1'
[1.371s] INFO:colcon.colcon_core.shell:Creating package descriptor '/home/leo11dk/Desktop/drobot/install/drobot_description/share/drobot_description/package.dsv'
[1.372s] INFO:colcon.colcon_core.shell:Creating package script '/home/leo11dk/Desktop/drobot/install/drobot_description/share/drobot_description/package.sh'
[1.375s] INFO:colcon.colcon_core.shell:Creating package script '/home/leo11dk/Desktop/drobot/install/drobot_description/share/drobot_description/package.bash'
[1.375s] INFO:colcon.colcon_core.shell:Creating package script '/home/leo11dk/Desktop/drobot/install/drobot_description/share/drobot_description/package.zsh'
[1.377s] Level 1:colcon.colcon_core.environment:create_file_with_runtime_dependencies(/home/leo11dk/Desktop/drobot/install/drobot_description/share/colcon-core/packages/drobot_description)
[1.380s] Level 1:colcon.colcon_core.environment:create_environment_scripts_only(drobot_description)
[1.380s] Level 1:colcon.colcon_core.environment:checking '/home/leo11dk/Desktop/drobot/install/drobot_description' for CMake module files
[1.381s] Level 1:colcon.colcon_core.environment:checking '/home/leo11dk/Desktop/drobot/install/drobot_description' for CMake config files
[1.381s] Level 1:colcon.colcon_core.shell:create_environment_hook('drobot_description', 'cmake_prefix_path')
[1.381s] INFO:colcon.colcon_core.shell:Creating environment hook '/home/leo11dk/Desktop/drobot/install/drobot_description/share/drobot_description/hook/cmake_prefix_path.ps1'
[1.382s] INFO:colcon.colcon_core.shell:Creating environment descriptor '/home/leo11dk/Desktop/drobot/install/drobot_description/share/drobot_description/hook/cmake_prefix_path.dsv'
[1.382s] INFO:colcon.colcon_core.shell:Creating environment hook '/home/leo11dk/Desktop/drobot/install/drobot_description/share/drobot_description/hook/cmake_prefix_path.sh'
[1.385s] Level 1:colcon.colcon_core.environment:checking '/home/leo11dk/Desktop/drobot/install/drobot_description/bin'
[1.385s] Level 1:colcon.colcon_core.environment:checking '/home/leo11dk/Desktop/drobot/install/drobot_description/lib/pkgconfig/drobot_description.pc'
[1.386s] Level 1:colcon.colcon_core.environment:checking '/home/leo11dk/Desktop/drobot/install/drobot_description/lib/python3.12/site-packages'
[1.386s] Level 1:colcon.colcon_core.environment:checking '/home/leo11dk/Desktop/drobot/install/drobot_description/bin'
[1.386s] INFO:colcon.colcon_core.shell:Creating package script '/home/leo11dk/Desktop/drobot/install/drobot_description/share/drobot_description/package.ps1'
[1.387s] INFO:colcon.colcon_core.shell:Creating package descriptor '/home/leo11dk/Desktop/drobot/install/drobot_description/share/drobot_description/package.dsv'
[1.387s] INFO:colcon.colcon_core.shell:Creating package script '/home/leo11dk/Desktop/drobot/install/drobot_description/share/drobot_description/package.sh'
[1.387s] INFO:colcon.colcon_core.shell:Creating package script '/home/leo11dk/Desktop/drobot/install/drobot_description/share/drobot_description/package.bash'
[1.390s] INFO:colcon.colcon_core.shell:Creating package script '/home/leo11dk/Desktop/drobot/install/drobot_description/share/drobot_description/package.zsh'
[1.391s] Level 1:colcon.colcon_core.environment:create_file_with_runtime_dependencies(/home/leo11dk/Desktop/drobot/install/drobot_description/share/colcon-core/packages/drobot_description)
[1.391s] INFO:colcon.colcon_ros.task.ament_cmake.build:Building ROS package in '/home/leo11dk/Desktop/drobot/ros2_ws/src/drobot_scan_2d' with build type 'ament_cmake'
[1.391s] INFO:colcon.colcon_cmake.task.cmake.build:Building CMake package in '/home/leo11dk/Desktop/drobot/ros2_ws/src/drobot_scan_2d'
[1.391s] INFO:colcon.colcon_core.shell:Skip shell extension 'powershell' for command environment: Not usable outside of PowerShell
[1.391s] DEBUG:colcon.colcon_core.shell:Skip shell extension 'dsv' for command environment
[1.416s] DEBUG:colcon.colcon_core.event_handler.log_command:Invoked command in '/home/leo11dk/Desktop/drobot/build/drobot_simulator' returned '0': CMAKE_PREFIX_PATH=${CMAKE_PREFIX_PATH}:/home/leo11dk/Desktop/drobot/install/perception:/home/leo11dk/Desktop/drobot/install/drobot_strategy:/home/leo11dk/Desktop/drobot/install/drobot_scan_3d:/home/leo11dk/Desktop/drobot/install/drobot_bringup:/home/leo11dk/Desktop/drobot/install/drobot_controller:/opt/ros/jazzy DEBUGINFOD_URLS=https://debuginfod.ubuntu.com /usr/bin/cmake --install /home/leo11dk/Desktop/drobot/build/drobot_simulator
[1.450s] DEBUG:colcon.colcon_core.event_handler.log_command:Invoked command in '/home/leo11dk/Desktop/drobot/build/drobot_description' returned '0': CMAKE_PREFIX_PATH=${CMAKE_PREFIX_PATH}:/home/leo11dk/Desktop/drobot/install/perception:/home/leo11dk/Desktop/drobot/install/drobot_strategy:/home/leo11dk/Desktop/drobot/install/drobot_scan_3d:/home/leo11dk/Desktop/drobot/install/drobot_bringup:/home/leo11dk/Desktop/drobot/install/drobot_controller:/opt/ros/jazzy DEBUGINFOD_URLS=https://debuginfod.ubuntu.com /usr/bin/cmake --install /home/leo11dk/Desktop/drobot/build/drobot_description
[1.451s] DEBUG:colcon.colcon_core.event_handler.log_command:Invoking command in '/home/leo11dk/Desktop/drobot/build/drobot_scan_2d': CMAKE_PREFIX_PATH=/home/leo11dk/Desktop/drobot/install/drobot_description:/home/leo11dk/Desktop/drobot/install/drobot_simulator:/home/leo11dk/Desktop/drobot/install/drobot_scan_2d:/opt/ros/jazzy/opt/gz_sim_vendor:/opt/ros/jazzy/opt/gz_sensors_vendor:/opt/ros/jazzy/opt/gz_physics_vendor:/opt/ros/jazzy/opt/sdformat_vendor:/opt/ros/jazzy/opt/gz_gui_vendor:/opt/ros/jazzy/opt/gz_transport_vendor:/opt/ros/jazzy/opt/gz_rendering_vendor:/opt/ros/jazzy/opt/gz_plugin_vendor:/opt/ros/jazzy/opt/gz_fuel_tools_vendor:/opt/ros/jazzy/opt/gz_msgs_vendor:/opt/ros/jazzy/opt/gz_common_vendor:/opt/ros/jazzy/opt/gz_math_vendor:/opt/ros/jazzy/opt/gz_utils_vendor:/opt/ros/jazzy/opt/gz_tools_vendor:/opt/ros/jazzy/opt/gz_ogre_next_vendor:/opt/ros/jazzy/opt/gz_dartsim_vendor:/opt/ros/jazzy/opt/gz_cmake_vendor:/home/leo11dk/Desktop/drobot/install/perception:/home/leo11dk/Desktop/drobot/install/drobot_strategy:/home/leo11dk/Desktop/drobot/install/drobot_scan_3d:/home/leo11dk/Desktop/drobot/install/drobot_bringup:/home/leo11dk/Desktop/drobot/install/drobot_controller:/opt/ros/jazzy DEBUGINFOD_URLS=https://debuginfod.ubuntu.com /usr/bin/cmake --build /home/leo11dk/Desktop/drobot/build/drobot_scan_2d -- -j6 -l6
[1.956s] DEBUG:colcon.colcon_core.event_handler.log_command:Invoked command in '/home/leo11dk/Desktop/drobot/build/drobot_scan_2d' returned '0': CMAKE_PREFIX_PATH=/home/leo11dk/Desktop/drobot/install/drobot_description:/home/leo11dk/Desktop/drobot/install/drobot_simulator:/home/leo11dk/Desktop/drobot/install/drobot_scan_2d:/opt/ros/jazzy/opt/gz_sim_vendor:/opt/ros/jazzy/opt/gz_sensors_vendor:/opt/ros/jazzy/opt/gz_physics_vendor:/opt/ros/jazzy/opt/sdformat_vendor:/opt/ros/jazzy/opt/gz_gui_vendor:/opt/ros/jazzy/opt/gz_transport_vendor:/opt/ros/jazzy/opt/gz_rendering_vendor:/opt/ros/jazzy/opt/gz_plugin_vendor:/opt/ros/jazzy/opt/gz_fuel_tools_vendor:/opt/ros/jazzy/opt/gz_msgs_vendor:/opt/ros/jazzy/opt/gz_common_vendor:/opt/ros/jazzy/opt/gz_math_vendor:/opt/ros/jazzy/opt/gz_utils_vendor:/opt/ros/jazzy/opt/gz_tools_vendor:/opt/ros/jazzy/opt/gz_ogre_next_vendor:/opt/ros/jazzy/opt/gz_dartsim_vendor:/opt/ros/jazzy/opt/gz_cmake_vendor:/home/leo11dk/Desktop/drobot/install/perception:/home/leo11dk/Desktop/drobot/install/drobot_strategy:/home/leo11dk/Desktop/drobot/install/drobot_scan_3d:/home/leo11dk/Desktop/drobot/install/drobot_bringup:/home/leo11dk/Desktop/drobot/install/drobot_controller:/opt/ros/jazzy DEBUGINFOD_URLS=https://debuginfod.ubuntu.com /usr/bin/cmake --build /home/leo11dk/Desktop/drobot/build/drobot_scan_2d -- -j6 -l6
[1.958s] DEBUG:colcon.colcon_core.event_handler.log_command:Invoking command in '/home/leo11dk/Desktop/drobot/build/drobot_scan_2d': CMAKE_PREFIX_PATH=/home/leo11dk/Desktop/drobot/install/drobot_description:/home/leo11dk/Desktop/drobot/install/drobot_simulator:/home/leo11dk/Desktop/drobot/install/drobot_scan_2d:/opt/ros/jazzy/opt/gz_sim_vendor:/opt/ros/jazzy/opt/gz_sensors_vendor:/opt/ros/jazzy/opt/gz_physics_vendor:/opt/ros/jazzy/opt/sdformat_vendor:/opt/ros/jazzy/opt/gz_gui_vendor:/opt/ros/jazzy/opt/gz_transport_vendor:/opt/ros/jazzy/opt/gz_rendering_vendor:/opt/ros/jazzy/opt/gz_plugin_vendor:/opt/ros/jazzy/opt/gz_fuel_tools_vendor:/opt/ros/jazzy/opt/gz_msgs_vendor:/opt/ros/jazzy/opt/gz_common_vendor:/opt/ros/jazzy/opt/gz_math_vendor:/opt/ros/jazzy/opt/gz_utils_vendor:/opt/ros/jazzy/opt/gz_tools_vendor:/opt/ros/jazzy/opt/gz_ogre_next_vendor:/opt/ros/jazzy/opt/gz_dartsim_vendor:/opt/ros/jazzy/opt/gz_cmake_vendor:/home/leo11dk/Desktop/drobot/install/perception:/home/leo11dk/Desktop/drobot/install/drobot_strategy:/home/leo11dk/Desktop/drobot/install/drobot_scan_3d:/home/leo11dk/Desktop/drobot/install/drobot_bringup:/home/leo11dk/Desktop/drobot/install/drobot_controller:/opt/ros/jazzy DEBUGINFOD_URLS=https://debuginfod.ubuntu.com /usr/bin/cmake --install /home/leo11dk/Desktop/drobot/build/drobot_scan_2d
[1.989s] DEBUG:colcon.colcon_core.event_handler.log_command:Invoking command in '/home/leo11dk/Desktop/drobot/ros2_ws/src/drobot_strategy': DEBUGINFOD_URLS=https://debuginfod.ubuntu.com PYTHONPATH=/home/leo11dk/Desktop/drobot/build/drobot_strategy/prefix_override:/usr/lib/python3/dist-packages/colcon_core/task/python/colcon_distutils_commands:/home/leo11dk/Desktop/drobot/install/drobot_strategy/lib/python3.12/site-packages:${PYTHONPATH} /usr/bin/python3 -W ignore:setup.py install is deprecated -W ignore:easy_install command is deprecated setup.py egg_info --egg-base ../../../build/drobot_strategy build --build-base /home/leo11dk/Desktop/drobot/build/drobot_strategy/build install --record /home/leo11dk/Desktop/drobot/build/drobot_strategy/install.log --single-version-externally-managed install_data
[2.001s] DEBUG:colcon.colcon_core.event_handler.log_command:Invoking command in '/home/leo11dk/Desktop/drobot/ros2_ws/src/drobot_controller': DEBUGINFOD_URLS=https://debuginfod.ubuntu.com PYTHONPATH=/home/leo11dk/Desktop/drobot/build/drobot_controller/prefix_override:/usr/lib/python3/dist-packages/colcon_core/task/python/colcon_distutils_commands:/home/leo11dk/Desktop/drobot/install/drobot_controller/lib/python3.12/site-packages:${PYTHONPATH} /usr/bin/python3 -W ignore:setup.py install is deprecated -W ignore:easy_install command is deprecated setup.py egg_info --egg-base ../../../build/drobot_controller build --build-base /home/leo11dk/Desktop/drobot/build/drobot_controller/build install --record /home/leo11dk/Desktop/drobot/build/drobot_controller/install.log --single-version-externally-managed install_data
[2.016s] DEBUG:colcon.colcon_core.event_handler.log_command:Invoking command in '/home/leo11dk/Desktop/drobot/ros2_ws/src/drobot_scan_3d': DEBUGINFOD_URLS=https://debuginfod.ubuntu.com PYTHONPATH=/home/leo11dk/Desktop/drobot/build/drobot_scan_3d/prefix_override:/usr/lib/python3/dist-packages/colcon_core/task/python/colcon_distutils_commands:/home/leo11dk/Desktop/drobot/install/drobot_scan_3d/lib/python3.12/site-packages:${PYTHONPATH} /usr/bin/python3 -W ignore:setup.py install is deprecated -W ignore:easy_install command is deprecated setup.py egg_info --egg-base ../../../build/drobot_scan_3d build --build-base /home/leo11dk/Desktop/drobot/build/drobot_scan_3d/build install --record /home/leo11dk/Desktop/drobot/build/drobot_scan_3d/install.log --single-version-externally-managed install_data
[2.022s] Level 1:colcon.colcon_core.environment:create_environment_scripts_only(drobot_scan_2d)
[2.022s] Level 1:colcon.colcon_core.environment:checking '/home/leo11dk/Desktop/drobot/install/drobot_scan_2d' for CMake module files
[2.023s] Level 1:colcon.colcon_core.environment:checking '/home/leo11dk/Desktop/drobot/install/drobot_scan_2d' for CMake config files
[2.023s] Level 1:colcon.colcon_core.shell:create_environment_hook('drobot_scan_2d', 'cmake_prefix_path')
[2.023s] INFO:colcon.colcon_core.shell:Creating environment hook '/home/leo11dk/Desktop/drobot/install/drobot_scan_2d/share/drobot_scan_2d/hook/cmake_prefix_path.ps1'
[2.024s] INFO:colcon.colcon_core.shell:Creating environment descriptor '/home/leo11dk/Desktop/drobot/install/drobot_scan_2d/share/drobot_scan_2d/hook/cmake_prefix_path.dsv'
[2.024s] INFO:colcon.colcon_core.shell:Creating environment hook '/home/leo11dk/Desktop/drobot/install/drobot_scan_2d/share/drobot_scan_2d/hook/cmake_prefix_path.sh'
[2.025s] Level 1:colcon.colcon_core.environment:checking '/home/leo11dk/Desktop/drobot/install/drobot_scan_2d/lib'
[2.027s] DEBUG:colcon.colcon_core.event_handler.log_command:Invoked command in '/home/leo11dk/Desktop/drobot/build/drobot_scan_2d' returned '0': CMAKE_PREFIX_PATH=/home/leo11dk/Desktop/drobot/install/drobot_description:/home/leo11dk/Desktop/drobot/install/drobot_simulator:/home/leo11dk/Desktop/drobot/install/drobot_scan_2d:/opt/ros/jazzy/opt/gz_sim_vendor:/opt/ros/jazzy/opt/gz_sensors_vendor:/opt/ros/jazzy/opt/gz_physics_vendor:/opt/ros/jazzy/opt/sdformat_vendor:/opt/ros/jazzy/opt/gz_gui_vendor:/opt/ros/jazzy/opt/gz_transport_vendor:/opt/ros/jazzy/opt/gz_rendering_vendor:/opt/ros/jazzy/opt/gz_plugin_vendor:/opt/ros/jazzy/opt/gz_fuel_tools_vendor:/opt/ros/jazzy/opt/gz_msgs_vendor:/opt/ros/jazzy/opt/gz_common_vendor:/opt/ros/jazzy/opt/gz_math_vendor:/opt/ros/jazzy/opt/gz_utils_vendor:/opt/ros/jazzy/opt/gz_tools_vendor:/opt/ros/jazzy/opt/gz_ogre_next_vendor:/opt/ros/jazzy/opt/gz_dartsim_vendor:/opt/ros/jazzy/opt/gz_cmake_vendor:/home/leo11dk/Desktop/drobot/install/perception:/home/leo11dk/Desktop/drobot/install/drobot_strategy:/home/leo11dk/Desktop/drobot/install/drobot_scan_3d:/home/leo11dk/Desktop/drobot/install/drobot_bringup:/home/leo11dk/Desktop/drobot/install/drobot_controller:/opt/ros/jazzy DEBUGINFOD_URLS=https://debuginfod.ubuntu.com /usr/bin/cmake --install /home/leo11dk/Desktop/drobot/build/drobot_scan_2d
[2.027s] Level 1:colcon.colcon_core.environment:checking '/home/leo11dk/Desktop/drobot/install/drobot_scan_2d/bin'
[2.027s] Level 1:colcon.colcon_core.environment:checking '/home/leo11dk/Desktop/drobot/install/drobot_scan_2d/lib/pkgconfig/drobot_scan_2d.pc'
[2.027s] Level 1:colcon.colcon_core.environment:checking '/home/leo11dk/Desktop/drobot/install/drobot_scan_2d/lib/python3.12/site-packages'
[2.027s] Level 1:colcon.colcon_core.shell:create_environment_hook('drobot_scan_2d', 'pythonpath')
[2.028s] INFO:colcon.colcon_core.shell:Creating environment hook '/home/leo11dk/Desktop/drobot/install/drobot_scan_2d/share/drobot_scan_2d/hook/pythonpath.ps1'
[2.028s] INFO:colcon.colcon_core.shell:Creating environment descriptor '/home/leo11dk/Desktop/drobot/install/drobot_scan_2d/share/drobot_scan_2d/hook/pythonpath.dsv'
[2.028s] INFO:colcon.colcon_core.shell:Creating environment hook '/home/leo11dk/Desktop/drobot/install/drobot_scan_2d/share/drobot_scan_2d/hook/pythonpath.sh'
[2.029s] Level 1:colcon.colcon_core.environment:checking '/home/leo11dk/Desktop/drobot/install/drobot_scan_2d/bin'
[2.029s] INFO:colcon.colcon_core.shell:Creating package script '/home/leo11dk/Desktop/drobot/install/drobot_scan_2d/share/drobot_scan_2d/package.ps1'
[2.030s] INFO:colcon.colcon_core.shell:Creating package descriptor '/home/leo11dk/Desktop/drobot/install/drobot_scan_2d/share/drobot_scan_2d/package.dsv'
[2.030s] INFO:colcon.colcon_core.shell:Creating package script '/home/leo11dk/Desktop/drobot/install/drobot_scan_2d/share/drobot_scan_2d/package.sh'
[2.030s] INFO:colcon.colcon_core.shell:Creating package script '/home/leo11dk/Desktop/drobot/install/drobot_scan_2d/share/drobot_scan_2d/package.bash'
[2.031s] INFO:colcon.colcon_core.shell:Creating package script '/home/leo11dk/Desktop/drobot/install/drobot_scan_2d/share/drobot_scan_2d/package.zsh'
[2.031s] Level 1:colcon.colcon_core.environment:create_file_with_runtime_dependencies(/home/leo11dk/Desktop/drobot/install/drobot_scan_2d/share/colcon-core/packages/drobot_scan_2d)
[2.031s] Level 1:colcon.colcon_core.environment:create_environment_scripts_only(drobot_scan_2d)
[2.032s] Level 1:colcon.colcon_core.environment:checking '/home/leo11dk/Desktop/drobot/install/drobot_scan_2d' for CMake module files
[2.032s] Level 1:colcon.colcon_core.environment:checking '/home/leo11dk/Desktop/drobot/install/drobot_scan_2d' for CMake config files
[2.032s] Level 1:colcon.colcon_core.shell:create_environment_hook('drobot_scan_2d', 'cmake_prefix_path')
[2.033s] INFO:colcon.colcon_core.shell:Creating environment hook '/home/leo11dk/Desktop/drobot/install/drobot_scan_2d/share/drobot_scan_2d/hook/cmake_prefix_path.ps1'
[2.033s] INFO:colcon.colcon_core.shell:Creating environment descriptor '/home/leo11dk/Desktop/drobot/install/drobot_scan_2d/share/drobot_scan_2d/hook/cmake_prefix_path.dsv'
[2.033s] INFO:colcon.colcon_core.shell:Creating environment hook '/home/leo11dk/Desktop/drobot/install/drobot_scan_2d/share/drobot_scan_2d/hook/cmake_prefix_path.sh'
[2.034s] Level 1:colcon.colcon_core.environment:checking '/home/leo11dk/Desktop/drobot/install/drobot_scan_2d/lib'
[2.034s] Level 1:colcon.colcon_core.environment:checking '/home/leo11dk/Desktop/drobot/install/drobot_scan_2d/bin'
[2.034s] Level 1:colcon.colcon_core.environment:checking '/home/leo11dk/Desktop/drobot/install/drobot_scan_2d/lib/pkgconfig/drobot_scan_2d.pc'
[2.035s] Level 1:colcon.colcon_core.environment:checking '/home/leo11dk/Desktop/drobot/install/drobot_scan_2d/lib/python3.12/site-packages'
[2.036s] Level 1:colcon.colcon_core.shell:create_environment_hook('drobot_scan_2d', 'pythonpath')
[2.036s] INFO:colcon.colcon_core.shell:Creating environment hook '/home/leo11dk/Desktop/drobot/install/drobot_scan_2d/share/drobot_scan_2d/hook/pythonpath.ps1'
[2.036s] INFO:colcon.colcon_core.shell:Creating environment descriptor '/home/leo11dk/Desktop/drobot/install/drobot_scan_2d/share/drobot_scan_2d/hook/pythonpath.dsv'
[2.036s] INFO:colcon.colcon_core.shell:Creating environment hook '/home/leo11dk/Desktop/drobot/install/drobot_scan_2d/share/drobot_scan_2d/hook/pythonpath.sh'
[2.037s] Level 1:colcon.colcon_core.environment:checking '/home/leo11dk/Desktop/drobot/install/drobot_scan_2d/bin'
[2.037s] INFO:colcon.colcon_core.shell:Creating package script '/home/leo11dk/Desktop/drobot/install/drobot_scan_2d/share/drobot_scan_2d/package.ps1'
[2.038s] INFO:colcon.colcon_core.shell:Creating package descriptor '/home/leo11dk/Desktop/drobot/install/drobot_scan_2d/share/drobot_scan_2d/package.dsv'
[2.038s] INFO:colcon.colcon_core.shell:Creating package script '/home/leo11dk/Desktop/drobot/install/drobot_scan_2d/share/drobot_scan_2d/package.sh'
[2.039s] INFO:colcon.colcon_core.shell:Creating package script '/home/leo11dk/Desktop/drobot/install/drobot_scan_2d/share/drobot_scan_2d/package.bash'
[2.039s] INFO:colcon.colcon_core.shell:Creating package script '/home/leo11dk/Desktop/drobot/install/drobot_scan_2d/share/drobot_scan_2d/package.zsh'
[2.040s] Level 1:colcon.colcon_core.environment:create_file_with_runtime_dependencies(/home/leo11dk/Desktop/drobot/install/drobot_scan_2d/share/colcon-core/packages/drobot_scan_2d)
[2.141s] DEBUG:colcon.colcon_core.event_handler.log_command:Invoking command in '/home/leo11dk/Desktop/drobot/ros2_ws/src/perception': DEBUGINFOD_URLS=https://debuginfod.ubuntu.com PYTHONPATH=/home/leo11dk/Desktop/drobot/build/perception/prefix_override:/usr/lib/python3/dist-packages/colcon_core/task/python/colcon_distutils_commands:/home/leo11dk/Desktop/drobot/install/perception/lib/python3.12/site-packages:${PYTHONPATH} /usr/bin/python3 -W ignore:setup.py install is deprecated -W ignore:easy_install command is deprecated setup.py egg_info --egg-base ../../../build/perception build --build-base /home/leo11dk/Desktop/drobot/build/perception/build install --record /home/leo11dk/Desktop/drobot/build/perception/install.log --single-version-externally-managed install_data
[2.637s] Level 1:colcon.colcon_core.environment:checking '/home/leo11dk/Desktop/drobot/install/drobot_strategy' for CMake module files
[2.637s] Level 1:colcon.colcon_core.environment:checking '/home/leo11dk/Desktop/drobot/install/drobot_strategy' for CMake config files
[2.638s] DEBUG:colcon.colcon_core.event_handler.log_command:Invoked command in '/home/leo11dk/Desktop/drobot/ros2_ws/src/drobot_strategy' returned '0': DEBUGINFOD_URLS=https://debuginfod.ubuntu.com PYTHONPATH=/home/leo11dk/Desktop/drobot/build/drobot_strategy/prefix_override:/usr/lib/python3/dist-packages/colcon_core/task/python/colcon_distutils_commands:/home/leo11dk/Desktop/drobot/install/drobot_strategy/lib/python3.12/site-packages:${PYTHONPATH} /usr/bin/python3 -W ignore:setup.py install is deprecated -W ignore:easy_install command is deprecated setup.py egg_info --egg-base ../../../build/drobot_strategy build --build-base /home/leo11dk/Desktop/drobot/build/drobot_strategy/build install --record /home/leo11dk/Desktop/drobot/build/drobot_strategy/install.log --single-version-externally-managed install_data
[2.638s] Level 1:colcon.colcon_core.environment:checking '/home/leo11dk/Desktop/drobot/install/drobot_strategy/lib'
[2.639s] Level 1:colcon.colcon_core.environment:checking '/home/leo11dk/Desktop/drobot/install/drobot_strategy/bin'
[2.639s] Level 1:colcon.colcon_core.environment:checking '/home/leo11dk/Desktop/drobot/install/drobot_strategy/lib/pkgconfig/drobot_strategy.pc'
[2.639s] Level 1:colcon.colcon_core.environment:checking '/home/leo11dk/Desktop/drobot/install/drobot_strategy/lib/python3.12/site-packages'
[2.639s] Level 1:colcon.colcon_core.shell:create_environment_hook('drobot_strategy', 'pythonpath')
[2.639s] INFO:colcon.colcon_core.shell:Creating environment hook '/home/leo11dk/Desktop/drobot/install/drobot_strategy/share/drobot_strategy/hook/pythonpath.ps1'
[2.640s] INFO:colcon.colcon_core.shell:Creating environment descriptor '/home/leo11dk/Desktop/drobot/install/drobot_strategy/share/drobot_strategy/hook/pythonpath.dsv'
[2.640s] INFO:colcon.colcon_core.shell:Creating environment hook '/home/leo11dk/Desktop/drobot/install/drobot_strategy/share/drobot_strategy/hook/pythonpath.sh'
[2.642s] Level 1:colcon.colcon_core.environment:checking '/home/leo11dk/Desktop/drobot/install/drobot_strategy/bin'
[2.642s] Level 1:colcon.colcon_core.environment:create_environment_scripts_only(drobot_strategy)
[2.642s] INFO:colcon.colcon_core.shell:Creating package script '/home/leo11dk/Desktop/drobot/install/drobot_strategy/share/drobot_strategy/package.ps1'
[2.643s] INFO:colcon.colcon_core.shell:Creating package descriptor '/home/leo11dk/Desktop/drobot/install/drobot_strategy/share/drobot_strategy/package.dsv'
[2.643s] INFO:colcon.colcon_core.shell:Creating package script '/home/leo11dk/Desktop/drobot/install/drobot_strategy/share/drobot_strategy/package.sh'
[2.644s] INFO:colcon.colcon_core.shell:Creating package script '/home/leo11dk/Desktop/drobot/install/drobot_strategy/share/drobot_strategy/package.bash'
[2.644s] INFO:colcon.colcon_core.shell:Creating package script '/home/leo11dk/Desktop/drobot/install/drobot_strategy/share/drobot_strategy/package.zsh'
[2.644s] Level 1:colcon.colcon_core.environment:create_file_with_runtime_dependencies(/home/leo11dk/Desktop/drobot/install/drobot_strategy/share/colcon-core/packages/drobot_strategy)
[2.657s] Level 1:colcon.colcon_core.environment:checking '/home/leo11dk/Desktop/drobot/install/drobot_controller' for CMake module files
[2.657s] DEBUG:colcon.colcon_core.event_handler.log_command:Invoked command in '/home/leo11dk/Desktop/drobot/ros2_ws/src/drobot_controller' returned '0': DEBUGINFOD_URLS=https://debuginfod.ubuntu.com PYTHONPATH=/home/leo11dk/Desktop/drobot/build/drobot_controller/prefix_override:/usr/lib/python3/dist-packages/colcon_core/task/python/colcon_distutils_commands:/home/leo11dk/Desktop/drobot/install/drobot_controller/lib/python3.12/site-packages:${PYTHONPATH} /usr/bin/python3 -W ignore:setup.py install is deprecated -W ignore:easy_install command is deprecated setup.py egg_info --egg-base ../../../build/drobot_controller build --build-base /home/leo11dk/Desktop/drobot/build/drobot_controller/build install --record /home/leo11dk/Desktop/drobot/build/drobot_controller/install.log --single-version-externally-managed install_data
[2.658s] Level 1:colcon.colcon_core.environment:checking '/home/leo11dk/Desktop/drobot/install/drobot_controller' for CMake config files
[2.658s] Level 1:colcon.colcon_core.environment:checking '/home/leo11dk/Desktop/drobot/install/drobot_controller/lib'
[2.658s] Level 1:colcon.colcon_core.environment:checking '/home/leo11dk/Desktop/drobot/install/drobot_controller/bin'
[2.658s] Level 1:colcon.colcon_core.environment:checking '/home/leo11dk/Desktop/drobot/install/drobot_controller/lib/pkgconfig/drobot_controller.pc'
[2.659s] Level 1:colcon.colcon_core.environment:checking '/home/leo11dk/Desktop/drobot/install/drobot_controller/lib/python3.12/site-packages'
[2.659s] Level 1:colcon.colcon_core.shell:create_environment_hook('drobot_controller', 'pythonpath')
[2.659s] INFO:colcon.colcon_core.shell:Creating environment hook '/home/leo11dk/Desktop/drobot/install/drobot_controller/share/drobot_controller/hook/pythonpath.ps1'
[2.659s] INFO:colcon.colcon_core.shell:Creating environment descriptor '/home/leo11dk/Desktop/drobot/install/drobot_controller/share/drobot_controller/hook/pythonpath.dsv'
[2.660s] INFO:colcon.colcon_core.shell:Creating environment hook '/home/leo11dk/Desktop/drobot/install/drobot_controller/share/drobot_controller/hook/pythonpath.sh'
[2.660s] Level 1:colcon.colcon_core.environment:checking '/home/leo11dk/Desktop/drobot/install/drobot_controller/bin'
[2.660s] Level 1:colcon.colcon_core.environment:create_environment_scripts_only(drobot_controller)
[2.661s] INFO:colcon.colcon_core.shell:Creating package script '/home/leo11dk/Desktop/drobot/install/drobot_controller/share/drobot_controller/package.ps1'
[2.661s] INFO:colcon.colcon_core.shell:Creating package descriptor '/home/leo11dk/Desktop/drobot/install/drobot_controller/share/drobot_controller/package.dsv'
[2.661s] INFO:colcon.colcon_core.shell:Creating package script '/home/leo11dk/Desktop/drobot/install/drobot_controller/share/drobot_controller/package.sh'
[2.662s] INFO:colcon.colcon_core.shell:Creating package script '/home/leo11dk/Desktop/drobot/install/drobot_controller/share/drobot_controller/package.bash'
[2.662s] INFO:colcon.colcon_core.shell:Creating package script '/home/leo11dk/Desktop/drobot/install/drobot_controller/share/drobot_controller/package.zsh'
[2.662s] Level 1:colcon.colcon_core.environment:create_file_with_runtime_dependencies(/home/leo11dk/Desktop/drobot/install/drobot_controller/share/colcon-core/packages/drobot_controller)
[2.663s] INFO:colcon.colcon_ros.task.ament_python.build:Building ROS package in '/home/leo11dk/Desktop/drobot/ros2_ws/src/drobot_bringup' with build type 'ament_python'
[2.663s] Level 1:colcon.colcon_core.shell:create_environment_hook('drobot_bringup', 'ament_prefix_path')
[2.663s] INFO:colcon.colcon_core.shell:Creating environment hook '/home/leo11dk/Desktop/drobot/install/drobot_bringup/share/drobot_bringup/hook/ament_prefix_path.ps1'
[2.663s] INFO:colcon.colcon_core.shell:Creating environment descriptor '/home/leo11dk/Desktop/drobot/install/drobot_bringup/share/drobot_bringup/hook/ament_prefix_path.dsv'
[2.664s] INFO:colcon.colcon_core.shell:Creating environment hook '/home/leo11dk/Desktop/drobot/install/drobot_bringup/share/drobot_bringup/hook/ament_prefix_path.sh'
[2.664s] INFO:colcon.colcon_core.shell:Skip shell extension 'powershell' for command environment: Not usable outside of PowerShell
[2.664s] DEBUG:colcon.colcon_core.shell:Skip shell extension 'dsv' for command environment
[2.669s] Level 1:colcon.colcon_core.environment:checking '/home/leo11dk/Desktop/drobot/install/drobot_scan_3d' for CMake module files
[2.670s] DEBUG:colcon.colcon_core.event_handler.log_command:Invoked command in '/home/leo11dk/Desktop/drobot/ros2_ws/src/drobot_scan_3d' returned '0': DEBUGINFOD_URLS=https://debuginfod.ubuntu.com PYTHONPATH=/home/leo11dk/Desktop/drobot/build/drobot_scan_3d/prefix_override:/usr/lib/python3/dist-packages/colcon_core/task/python/colcon_distutils_commands:/home/leo11dk/Desktop/drobot/install/drobot_scan_3d/lib/python3.12/site-packages:${PYTHONPATH} /usr/bin/python3 -W ignore:setup.py install is deprecated -W ignore:easy_install command is deprecated setup.py egg_info --egg-base ../../../build/drobot_scan_3d build --build-base /home/leo11dk/Desktop/drobot/build/drobot_scan_3d/build install --record /home/leo11dk/Desktop/drobot/build/drobot_scan_3d/install.log --single-version-externally-managed install_data
[2.670s] Level 1:colcon.colcon_core.environment:checking '/home/leo11dk/Desktop/drobot/install/drobot_scan_3d' for CMake config files
[2.671s] Level 1:colcon.colcon_core.environment:checking '/home/leo11dk/Desktop/drobot/install/drobot_scan_3d/lib'
[2.671s] Level 1:colcon.colcon_core.environment:checking '/home/leo11dk/Desktop/drobot/install/drobot_scan_3d/bin'
[2.671s] Level 1:colcon.colcon_core.environment:checking '/home/leo11dk/Desktop/drobot/install/drobot_scan_3d/lib/pkgconfig/drobot_scan_3d.pc'
[2.671s] Level 1:colcon.colcon_core.environment:checking '/home/leo11dk/Desktop/drobot/install/drobot_scan_3d/lib/python3.12/site-packages'
[2.671s] Level 1:colcon.colcon_core.shell:create_environment_hook('drobot_scan_3d', 'pythonpath')
[2.671s] INFO:colcon.colcon_core.shell:Creating environment hook '/home/leo11dk/Desktop/drobot/install/drobot_scan_3d/share/drobot_scan_3d/hook/pythonpath.ps1'
[2.672s] INFO:colcon.colcon_core.shell:Creating environment descriptor '/home/leo11dk/Desktop/drobot/install/drobot_scan_3d/share/drobot_scan_3d/hook/pythonpath.dsv'
[2.672s] INFO:colcon.colcon_core.shell:Creating environment hook '/home/leo11dk/Desktop/drobot/install/drobot_scan_3d/share/drobot_scan_3d/hook/pythonpath.sh'
[2.673s] Level 1:colcon.colcon_core.environment:checking '/home/leo11dk/Desktop/drobot/install/drobot_scan_3d/bin'
[2.673s] Level 1:colcon.colcon_core.environment:create_environment_scripts_only(drobot_scan_3d)
[2.673s] INFO:colcon.colcon_core.shell:Creating package script '/home/leo11dk/Desktop/drobot/install/drobot_scan_3d/share/drobot_scan_3d/package.ps1'
[2.674s] INFO:colcon.colcon_core.shell:Creating package descriptor '/home/leo11dk/Desktop/drobot/install/drobot_scan_3d/share/drobot_scan_3d/package.dsv'
[2.674s] INFO:colcon.colcon_core.shell:Creating package script '/home/leo11dk/Desktop/drobot/install/drobot_scan_3d/share/drobot_scan_3d/package.sh'
[2.674s] INFO:colcon.colcon_core.shell:Creating package script '/home/leo11dk/Desktop/drobot/install/drobot_scan_3d/share/drobot_scan_3d/package.bash'
[2.675s] INFO:colcon.colcon_core.shell:Creating package script '/home/leo11dk/Desktop/drobot/install/drobot_scan_3d/share/drobot_scan_3d/package.zsh'
[2.675s] Level 1:colcon.colcon_core.environment:create_file_with_runtime_dependencies(/home/leo11dk/Desktop/drobot/install/drobot_scan_3d/share/colcon-core/packages/drobot_scan_3d)
[2.904s] INFO:colcon.colcon_core.task.python.build:Building Python package in '/home/leo11dk/Desktop/drobot/ros2_ws/src/drobot_bringup'
[2.904s] INFO:colcon.colcon_core.shell:Skip shell extension 'powershell' for command environment: Not usable outside of PowerShell
[2.904s] DEBUG:colcon.colcon_core.shell:Skip shell extension 'dsv' for command environment
[2.909s] Level 1:colcon.colcon_core.environment:checking '/home/leo11dk/Desktop/drobot/install/perception' for CMake module files
[2.910s] DEBUG:colcon.colcon_core.event_handler.log_command:Invoked command in '/home/leo11dk/Desktop/drobot/ros2_ws/src/perception' returned '0': DEBUGINFOD_URLS=https://debuginfod.ubuntu.com PYTHONPATH=/home/leo11dk/Desktop/drobot/build/perception/prefix_override:/usr/lib/python3/dist-packages/colcon_core/task/python/colcon_distutils_commands:/home/leo11dk/Desktop/drobot/install/perception/lib/python3.12/site-packages:${PYTHONPATH} /usr/bin/python3 -W ignore:setup.py install is deprecated -W ignore:easy_install command is deprecated setup.py egg_info --egg-base ../../../build/perception build --build-base /home/leo11dk/Desktop/drobot/build/perception/build install --record /home/leo11dk/Desktop/drobot/build/perception/install.log --single-version-externally-managed install_data
[2.910s] Level 1:colcon.colcon_core.environment:checking '/home/leo11dk/Desktop/drobot/install/perception' for CMake config files
[2.910s] Level 1:colcon.colcon_core.environment:checking '/home/leo11dk/Desktop/drobot/install/perception/lib'
[2.910s] Level 1:colcon.colcon_core.environment:checking '/home/leo11dk/Desktop/drobot/install/perception/bin'
[2.910s] Level 1:colcon.colcon_core.environment:checking '/home/leo11dk/Desktop/drobot/install/perception/lib/pkgconfig/perception.pc'
[2.911s] Level 1:colcon.colcon_core.environment:checking '/home/leo11dk/Desktop/drobot/install/perception/lib/python3.12/site-packages'
[2.911s] Level 1:colcon.colcon_core.shell:create_environment_hook('perception', 'pythonpath')
[2.911s] INFO:colcon.colcon_core.shell:Creating environment hook '/home/leo11dk/Desktop/drobot/install/perception/share/perception/hook/pythonpath.ps1'
[2.911s] INFO:colcon.colcon_core.shell:Creating environment descriptor '/home/leo11dk/Desktop/drobot/install/perception/share/perception/hook/pythonpath.dsv'
[2.912s] INFO:colcon.colcon_core.shell:Creating environment hook '/home/leo11dk/Desktop/drobot/install/perception/share/perception/hook/pythonpath.sh'
[2.912s] Level 1:colcon.colcon_core.environment:checking '/home/leo11dk/Desktop/drobot/install/perception/bin'
[2.912s] Level 1:colcon.colcon_core.environment:create_environment_scripts_only(perception)
[2.913s] INFO:colcon.colcon_core.shell:Creating package script '/home/leo11dk/Desktop/drobot/install/perception/share/perception/package.ps1'
[2.913s] INFO:colcon.colcon_core.shell:Creating package descriptor '/home/leo11dk/Desktop/drobot/install/perception/share/perception/package.dsv'
[2.914s] INFO:colcon.colcon_core.shell:Creating package script '/home/leo11dk/Desktop/drobot/install/perception/share/perception/package.sh'
[2.914s] INFO:colcon.colcon_core.shell:Creating package script '/home/leo11dk/Desktop/drobot/install/perception/share/perception/package.bash'
[2.914s] INFO:colcon.colcon_core.shell:Creating package script '/home/leo11dk/Desktop/drobot/install/perception/share/perception/package.zsh'
[2.915s] Level 1:colcon.colcon_core.environment:create_file_with_runtime_dependencies(/home/leo11dk/Desktop/drobot/install/perception/share/colcon-core/packages/perception)
[3.565s] DEBUG:colcon.colcon_core.event_handler.log_command:Invoking command in '/home/leo11dk/Desktop/drobot/ros2_ws/src/drobot_bringup': AMENT_PREFIX_PATH=/home/leo11dk/Desktop/drobot/install/drobot_controller:/home/leo11dk/Desktop/drobot/install/perception:/home/leo11dk/Desktop/drobot/install/drobot_strategy:/home/leo11dk/Desktop/drobot/install/drobot_simulator:/home/leo11dk/Desktop/drobot/install/drobot_scan_3d:/home/leo11dk/Desktop/drobot/install/drobot_bringup:/home/leo11dk/Desktop/drobot/install/drobot_scan_2d:/home/leo11dk/Desktop/drobot/install/drobot_description:/opt/ros/jazzy CMAKE_PREFIX_PATH=/home/leo11dk/Desktop/drobot/install/drobot_scan_2d:/home/leo11dk/Desktop/drobot/install/drobot_description:/home/leo11dk/Desktop/drobot/install/drobot_simulator:/opt/ros/jazzy/opt/gz_sim_vendor:/opt/ros/jazzy/opt/gz_sensors_vendor:/opt/ros/jazzy/opt/gz_physics_vendor:/opt/ros/jazzy/opt/sdformat_vendor:/opt/ros/jazzy/opt/gz_gui_vendor:/opt/ros/jazzy/opt/gz_transport_vendor:/opt/ros/jazzy/opt/gz_rendering_vendor:/opt/ros/jazzy/opt/gz_plugin_vendor:/opt/ros/jazzy/opt/gz_fuel_tools_vendor:/opt/ros/jazzy/opt/gz_msgs_vendor:/opt/ros/jazzy/opt/gz_common_vendor:/opt/ros/jazzy/opt/gz_math_vendor:/opt/ros/jazzy/opt/gz_utils_vendor:/opt/ros/jazzy/opt/gz_tools_vendor:/opt/ros/jazzy/opt/gz_ogre_next_vendor:/opt/ros/jazzy/opt/gz_dartsim_vendor:/opt/ros/jazzy/opt/gz_cmake_vendor DEBUGINFOD_URLS=https://debuginfod.ubuntu.com PYTHONPATH=/home/leo11dk/Desktop/drobot/build/drobot_bringup/prefix_override:/usr/lib/python3/dist-packages/colcon_core/task/python/colcon_distutils_commands:/home/leo11dk/Desktop/drobot/install/drobot_bringup/lib/python3.12/site-packages:/home/leo11dk/Desktop/drobot/install/drobot_scan_2d/lib/python3.12/site-packages:/home/leo11dk/Desktop/drobot/install/drobot_controller/lib/python3.12/site-packages:/home/leo11dk/Desktop/drobot/install/perception/lib/python3.12/site-packages:/home/leo11dk/Desktop/drobot/install/drobot_strategy/lib/python3.12/site-packages:/home/leo11dk/Desktop/drobot/install/drobot_scan_3d/lib/python3.12/site-packages:/home/leo11dk/Desktop/drobot/install/drobot_bringup/lib/python3.12/site-packages:/opt/ros/jazzy/lib/python3.12/site-packages /usr/bin/python3 -W ignore:setup.py install is deprecated -W ignore:easy_install command is deprecated setup.py egg_info --egg-base ../../../build/drobot_bringup build --build-base /home/leo11dk/Desktop/drobot/build/drobot_bringup/build install --record /home/leo11dk/Desktop/drobot/build/drobot_bringup/install.log --single-version-externally-managed install_data
[4.178s] Level 1:colcon.colcon_core.environment:checking '/home/leo11dk/Desktop/drobot/install/drobot_bringup' for CMake module files
[4.179s] DEBUG:colcon.colcon_core.event_handler.log_command:Invoked command in '/home/leo11dk/Desktop/drobot/ros2_ws/src/drobot_bringup' returned '0': AMENT_PREFIX_PATH=/home/leo11dk/Desktop/drobot/install/drobot_controller:/home/leo11dk/Desktop/drobot/install/perception:/home/leo11dk/Desktop/drobot/install/drobot_strategy:/home/leo11dk/Desktop/drobot/install/drobot_simulator:/home/leo11dk/Desktop/drobot/install/drobot_scan_3d:/home/leo11dk/Desktop/drobot/install/drobot_bringup:/home/leo11dk/Desktop/drobot/install/drobot_scan_2d:/home/leo11dk/Desktop/drobot/install/drobot_description:/opt/ros/jazzy CMAKE_PREFIX_PATH=/home/leo11dk/Desktop/drobot/install/drobot_scan_2d:/home/leo11dk/Desktop/drobot/install/drobot_description:/home/leo11dk/Desktop/drobot/install/drobot_simulator:/opt/ros/jazzy/opt/gz_sim_vendor:/opt/ros/jazzy/opt/gz_sensors_vendor:/opt/ros/jazzy/opt/gz_physics_vendor:/opt/ros/jazzy/opt/sdformat_vendor:/opt/ros/jazzy/opt/gz_gui_vendor:/opt/ros/jazzy/opt/gz_transport_vendor:/opt/ros/jazzy/opt/gz_rendering_vendor:/opt/ros/jazzy/opt/gz_plugin_vendor:/opt/ros/jazzy/opt/gz_fuel_tools_vendor:/opt/ros/jazzy/opt/gz_msgs_vendor:/opt/ros/jazzy/opt/gz_common_vendor:/opt/ros/jazzy/opt/gz_math_vendor:/opt/ros/jazzy/opt/gz_utils_vendor:/opt/ros/jazzy/opt/gz_tools_vendor:/opt/ros/jazzy/opt/gz_ogre_next_vendor:/opt/ros/jazzy/opt/gz_dartsim_vendor:/opt/ros/jazzy/opt/gz_cmake_vendor DEBUGINFOD_URLS=https://debuginfod.ubuntu.com PYTHONPATH=/home/leo11dk/Desktop/drobot/build/drobot_bringup/prefix_override:/usr/lib/python3/dist-packages/colcon_core/task/python/colcon_distutils_commands:/home/leo11dk/Desktop/drobot/install/drobot_bringup/lib/python3.12/site-packages:/home/leo11dk/Desktop/drobot/install/drobot_scan_2d/lib/python3.12/site-packages:/home/leo11dk/Desktop/drobot/install/drobot_controller/lib/python3.12/site-packages:/home/leo11dk/Desktop/drobot/install/perception/lib/python3.12/site-packages:/home/leo11dk/Desktop/drobot/install/drobot_strategy/lib/python3.12/site-packages:/home/leo11dk/Desktop/drobot/install/drobot_scan_3d/lib/python3.12/site-packages:/home/leo11dk/Desktop/drobot/install/drobot_bringup/lib/python3.12/site-packages:/opt/ros/jazzy/lib/python3.12/site-packages /usr/bin/python3 -W ignore:setup.py install is deprecated -W ignore:easy_install command is deprecated setup.py egg_info --egg-base ../../../build/drobot_bringup build --build-base /home/leo11dk/Desktop/drobot/build/drobot_bringup/build install --record /home/leo11dk/Desktop/drobot/build/drobot_bringup/install.log --single-version-externally-managed install_data
[4.179s] Level 1:colcon.colcon_core.environment:checking '/home/leo11dk/Desktop/drobot/install/drobot_bringup' for CMake config files
[4.180s] Level 1:colcon.colcon_core.environment:checking '/home/leo11dk/Desktop/drobot/install/drobot_bringup/lib'
[4.180s] Level 1:colcon.colcon_core.environment:checking '/home/leo11dk/Desktop/drobot/install/drobot_bringup/bin'
[4.180s] Level 1:colcon.colcon_core.environment:checking '/home/leo11dk/Desktop/drobot/install/drobot_bringup/lib/pkgconfig/drobot_bringup.pc'
[4.180s] Level 1:colcon.colcon_core.environment:checking '/home/leo11dk/Desktop/drobot/install/drobot_bringup/lib/python3.12/site-packages'
[4.180s] Level 1:colcon.colcon_core.shell:create_environment_hook('drobot_bringup', 'pythonpath')
[4.180s] INFO:colcon.colcon_core.shell:Creating environment hook '/home/leo11dk/Desktop/drobot/install/drobot_bringup/share/drobot_bringup/hook/pythonpath.ps1'
[4.181s] INFO:colcon.colcon_core.shell:Creating environment descriptor '/home/leo11dk/Desktop/drobot/install/drobot_bringup/share/drobot_bringup/hook/pythonpath.dsv'
[4.181s] INFO:colcon.colcon_core.shell:Creating environment hook '/home/leo11dk/Desktop/drobot/install/drobot_bringup/share/drobot_bringup/hook/pythonpath.sh'
[4.182s] Level 1:colcon.colcon_core.environment:checking '/home/leo11dk/Desktop/drobot/install/drobot_bringup/bin'
[4.182s] Level 1:colcon.colcon_core.environment:create_environment_scripts_only(drobot_bringup)
[4.182s] INFO:colcon.colcon_core.shell:Creating package script '/home/leo11dk/Desktop/drobot/install/drobot_bringup/share/drobot_bringup/package.ps1'
[4.182s] INFO:colcon.colcon_core.shell:Creating package descriptor '/home/leo11dk/Desktop/drobot/install/drobot_bringup/share/drobot_bringup/package.dsv'
[4.183s] INFO:colcon.colcon_core.shell:Creating package script '/home/leo11dk/Desktop/drobot/install/drobot_bringup/share/drobot_bringup/package.sh'
[4.183s] INFO:colcon.colcon_core.shell:Creating package script '/home/leo11dk/Desktop/drobot/install/drobot_bringup/share/drobot_bringup/package.bash'
[4.183s] INFO:colcon.colcon_core.shell:Creating package script '/home/leo11dk/Desktop/drobot/install/drobot_bringup/share/drobot_bringup/package.zsh'
[4.184s] Level 1:colcon.colcon_core.environment:create_file_with_runtime_dependencies(/home/leo11dk/Desktop/drobot/install/drobot_bringup/share/colcon-core/packages/drobot_bringup)
[4.184s] DEBUG:colcon.colcon_parallel_executor.executor.parallel:closing loop
[4.184s] DEBUG:colcon.colcon_parallel_executor.executor.parallel:loop closed
[4.184s] DEBUG:colcon.colcon_parallel_executor.executor.parallel:run_until_complete finished with '0'
[4.184s] DEBUG:colcon.colcon_core.event_reactor:joining thread
[4.190s] INFO:colcon.colcon_core.plugin_system:Skipping extension 'colcon_notification.desktop_notification.terminal_notifier': Not used on non-Darwin systems
[4.190s] INFO:colcon.colcon_core.plugin_system:Skipping extension 'colcon_notification.desktop_notification.win32': Not used on non-Windows systems
[4.190s] INFO:colcon.colcon_notification.desktop_notification:Sending desktop notification using 'notify2'
[4.209s] DEBUG:colcon.colcon_core.event_reactor:joined thread
[4.209s] INFO:colcon.colcon_core.shell:Creating prefix script '/home/leo11dk/Desktop/drobot/install/local_setup.ps1'
[4.212s] INFO:colcon.colcon_core.shell:Creating prefix util module '/home/leo11dk/Desktop/drobot/install/_local_setup_util_ps1.py'
[4.215s] INFO:colcon.colcon_core.shell:Creating prefix chain script '/home/leo11dk/Desktop/drobot/install/setup.ps1'
[4.216s] INFO:colcon.colcon_core.shell:Creating prefix script '/home/leo11dk/Desktop/drobot/install/local_setup.sh'
[4.217s] INFO:colcon.colcon_core.shell:Creating prefix util module '/home/leo11dk/Desktop/drobot/install/_local_setup_util_sh.py'
[4.218s] INFO:colcon.colcon_core.shell:Creating prefix chain script '/home/leo11dk/Desktop/drobot/install/setup.sh'
[4.222s] INFO:colcon.colcon_core.shell:Creating prefix script '/home/leo11dk/Desktop/drobot/install/local_setup.bash'
[4.223s] INFO:colcon.colcon_core.shell:Creating prefix chain script '/home/leo11dk/Desktop/drobot/install/setup.bash'
[4.227s] INFO:colcon.colcon_core.shell:Creating prefix script '/home/leo11dk/Desktop/drobot/install/local_setup.zsh'
[4.228s] INFO:colcon.colcon_core.shell:Creating prefix chain script '/home/leo11dk/Desktop/drobot/install/setup.zsh'
