running develop
running egg_info
creating drobot_bringup.egg-info
writing drobot_bringup.egg-info/PKG-INFO
writing dependency_links to drobot_bringup.egg-info/dependency_links.txt
writing entry points to drobot_bringup.egg-info/entry_points.txt
writing requirements to drobot_bringup.egg-info/requires.txt
writing top-level names to drobot_bringup.egg-info/top_level.txt
writing manifest file 'drobot_bringup.egg-info/SOURCES.txt'
reading manifest file 'drobot_bringup.egg-info/SOURCES.txt'
writing manifest file 'drobot_bringup.egg-info/SOURCES.txt'
running build_ext
Creating /home/essong/drobot/install/drobot_bringup/lib/python3.12/site-packages/drobot-bringup.egg-link (link to .)
Installing world_ui script to /home/essong/drobot/install/drobot_bringup/lib/drobot_bringup

Installed /home/essong/drobot/build/drobot_bringup
running symlink_data
creating /home/essong/drobot/install/drobot_bringup/share/ament_index
creating /home/essong/drobot/install/drobot_bringup/share/ament_index/resource_index
creating /home/essong/drobot/install/drobot_bringup/share/ament_index/resource_index/packages
symbolically linking /home/essong/drobot/build/drobot_bringup/resource/drobot_bringup -> /home/essong/drobot/install/drobot_bringup/share/ament_index/resource_index/packages
symbolically linking /home/essong/drobot/build/drobot_bringup/package.xml -> /home/essong/drobot/install/drobot_bringup/share/drobot_bringup
creating /home/essong/drobot/install/drobot_bringup/share/drobot_bringup/launch
symbolically linking /home/essong/drobot/build/drobot_bringup/launch/navigation.launch.py -> /home/essong/drobot/install/drobot_bringup/share/drobot_bringup/launch
symbolically linking /home/essong/drobot/build/drobot_bringup/launch/controller.launch.py -> /home/essong/drobot/install/drobot_bringup/share/drobot_bringup/launch
symbolically linking /home/essong/drobot/build/drobot_bringup/launch/ui.launch.py -> /home/essong/drobot/install/drobot_bringup/share/drobot_bringup/launch
creating /home/essong/drobot/install/drobot_bringup/share/drobot_bringup/config
creating /home/essong/drobot/install/drobot_bringup/share/drobot_bringup/config/common
symbolically linking /home/essong/drobot/build/drobot_bringup/config/common/slam_params.yaml -> /home/essong/drobot/install/drobot_bringup/share/drobot_bringup/config/common
symbolically linking /home/essong/drobot/build/drobot_bringup/config/common/ekf.yaml -> /home/essong/drobot/install/drobot_bringup/share/drobot_bringup/config/common
symbolically linking /home/essong/drobot/build/drobot_bringup/config/common/ros_gz_bridge.yaml -> /home/essong/drobot/install/drobot_bringup/share/drobot_bringup/config/common
creating /home/essong/drobot/install/drobot_bringup/share/drobot_bringup/config/navigation
symbolically linking /home/essong/drobot/build/drobot_bringup/config/navigation/navigate_with_replanning.xml -> /home/essong/drobot/install/drobot_bringup/share/drobot_bringup/config/navigation
symbolically linking /home/essong/drobot/build/drobot_bringup/config/navigation/rules.yaml -> /home/essong/drobot/install/drobot_bringup/share/drobot_bringup/config/navigation
symbolically linking /home/essong/drobot/build/drobot_bringup/config/navigation/nav2_params.yaml -> /home/essong/drobot/install/drobot_bringup/share/drobot_bringup/config/navigation
symbolically linking /home/essong/drobot/build/drobot_bringup/config/navigation/display.rviz -> /home/essong/drobot/install/drobot_bringup/share/drobot_bringup/config/navigation
symbolically linking /home/essong/drobot/build/drobot_bringup/config/spawn_positions.yaml -> /home/essong/drobot/install/drobot_bringup/share/drobot_bringup/config
