running egg_info
creating ../../../build/drobot_scan_3d/drobot_scan_3d.egg-info
writing ../../../build/drobot_scan_3d/drobot_scan_3d.egg-info/PKG-INFO
writing dependency_links to ../../../build/drobot_scan_3d/drobot_scan_3d.egg-info/dependency_links.txt
writing requirements to ../../../build/drobot_scan_3d/drobot_scan_3d.egg-info/requires.txt
writing top-level names to ../../../build/drobot_scan_3d/drobot_scan_3d.egg-info/top_level.txt
writing manifest file '../../../build/drobot_scan_3d/drobot_scan_3d.egg-info/SOURCES.txt'
reading manifest file '../../../build/drobot_scan_3d/drobot_scan_3d.egg-info/SOURCES.txt'
writing manifest file '../../../build/drobot_scan_3d/drobot_scan_3d.egg-info/SOURCES.txt'
running build
running build_py
creating /home/leo11dk/Desktop/drobot/build/drobot_scan_3d/build
creating /home/leo11dk/Desktop/drobot/build/drobot_scan_3d/build/lib
creating /home/leo11dk/Desktop/drobot/build/drobot_scan_3d/build/lib/drobot_scan_3d
copying drobot_scan_3d/__init__.py -> /home/leo11dk/Desktop/drobot/build/drobot_scan_3d/build/lib/drobot_scan_3d
running install
running install_lib
creating /home/leo11dk/Desktop/drobot/install/drobot_scan_3d/lib/python3.12/site-packages/drobot_scan_3d
copying /home/leo11dk/Desktop/drobot/build/drobot_scan_3d/build/lib/drobot_scan_3d/__init__.py -> /home/leo11dk/Desktop/drobot/install/drobot_scan_3d/lib/python3.12/site-packages/drobot_scan_3d
byte-compiling /home/leo11dk/Desktop/drobot/install/drobot_scan_3d/lib/python3.12/site-packages/drobot_scan_3d/__init__.py to __init__.cpython-312.pyc
running install_data
creating /home/leo11dk/Desktop/drobot/install/drobot_scan_3d/share/ament_index
creating /home/leo11dk/Desktop/drobot/install/drobot_scan_3d/share/ament_index/resource_index
creating /home/leo11dk/Desktop/drobot/install/drobot_scan_3d/share/ament_index/resource_index/packages
copying resource/drobot_scan_3d -> /home/leo11dk/Desktop/drobot/install/drobot_scan_3d/share/ament_index/resource_index/packages
copying package.xml -> /home/leo11dk/Desktop/drobot/install/drobot_scan_3d/share/drobot_scan_3d
running install_egg_info
Copying ../../../build/drobot_scan_3d/drobot_scan_3d.egg-info to /home/leo11dk/Desktop/drobot/install/drobot_scan_3d/lib/python3.12/site-packages/drobot_scan_3d-0.0.0-py3.12.egg-info
running install_scripts
writing list of installed files to '/home/leo11dk/Desktop/drobot/build/drobot_scan_3d/install.log'
