[0.165s] DEBUG:colcon:Command line arguments: ['/usr/bin/colcon', 'build', '--symlink-install', '--packages-select', 'perception']
[0.165s] DEBUG:colcon:Parsed command line arguments: Namespace(log_base=None, log_level=None, verb_name='build', build_base='build', install_base='install', merge_install=False, symlink_install=True, test_result_base=None, continue_on_error=False, executor='parallel', parallel_workers=12, event_handlers=None, ignore_user_meta=False, metas=['./colcon.meta'], base_paths=['.'], packages_ignore=None, packages_ignore_regex=None, paths=None, packages_up_to=None, packages_up_to_regex=None, packages_above=None, packages_above_and_dependencies=None, packages_above_depth=None, packages_select_by_dep=None, packages_skip_by_dep=None, packages_skip_up_to=None, packages_select_build_failed=False, packages_skip_build_finished=False, packages_select_test_failures=False, packages_skip_test_passed=False, packages_select=['perception'], packages_skip=None, packages_select_regex=None, packages_skip_regex=None, packages_start=None, packages_end=None, allow_overriding=[], cmake_args=None, cmake_target=None, cmake_target_skip_unavailable=False, cmake_clean_cache=False, cmake_clean_first=False, cmake_force_configure=False, ament_cmake_args=None, catkin_cmake_args=None, catkin_skip_building_tests=False, mixin_files=None, mixin=None, verb_parser=<colcon_mixin.mixin.mixin_argument.MixinArgumentDecorator object at 0x75f90febe330>, verb_extension=<colcon_core.verb.build.BuildVerb object at 0x75f90febde20>, main=<bound method BuildVerb.main of <colcon_core.verb.build.BuildVerb object at 0x75f90febde20>>, mixin_verb=('build',))
[0.219s] Level 1:colcon.colcon_core.package_discovery:discover_packages(colcon_meta) check parameters
[0.220s] Level 1:colcon.colcon_core.package_discovery:discover_packages(recursive) check parameters
[0.220s] Level 1:colcon.colcon_core.package_discovery:discover_packages(ignore) check parameters
[0.220s] Level 1:colcon.colcon_core.package_discovery:discover_packages(path) check parameters
[0.220s] Level 1:colcon.colcon_core.package_discovery:discover_packages(colcon_meta) discover
[0.220s] Level 1:colcon.colcon_core.package_discovery:discover_packages(recursive) discover
[0.220s] INFO:colcon.colcon_core.package_discovery:Crawling recursively for packages in '/home/essong/drobot'
[0.220s] Level 1:colcon.colcon_core.package_identification:_identify(.) by extensions ['ignore', 'ignore_ament_install']
[0.220s] Level 1:colcon.colcon_core.package_identification:_identify(.) by extension 'ignore'
[0.220s] Level 1:colcon.colcon_core.package_identification:_identify(.) by extension 'ignore_ament_install'
[0.220s] Level 1:colcon.colcon_core.package_identification:_identify(.) by extensions ['colcon_pkg']
[0.220s] Level 1:colcon.colcon_core.package_identification:_identify(.) by extension 'colcon_pkg'
[0.220s] Level 1:colcon.colcon_core.package_identification:_identify(.) by extensions ['colcon_meta']
[0.220s] Level 1:colcon.colcon_core.package_identification:_identify(.) by extension 'colcon_meta'
[0.220s] Level 1:colcon.colcon_core.package_identification:_identify(.) by extensions ['ros']
[0.220s] Level 1:colcon.colcon_core.package_identification:_identify(.) by extension 'ros'
[0.253s] Level 1:colcon.colcon_core.package_identification:_identify(.) by extensions ['cmake', 'python']
[0.253s] Level 1:colcon.colcon_core.package_identification:_identify(.) by extension 'cmake'
[0.253s] Level 1:colcon.colcon_core.package_identification:_identify(.) by extension 'python'
[0.253s] Level 1:colcon.colcon_core.package_identification:_identify(.) by extensions ['python_setup_py']
[0.253s] Level 1:colcon.colcon_core.package_identification:_identify(.) by extension 'python_setup_py'
[0.254s] Level 1:colcon.colcon_core.package_identification:_identify(build) by extensions ['ignore', 'ignore_ament_install']
[0.254s] Level 1:colcon.colcon_core.package_identification:_identify(build) by extension 'ignore'
[0.254s] Level 1:colcon.colcon_core.package_identification:_identify(build) ignored
[0.254s] Level 1:colcon.colcon_core.package_identification:_identify(install) by extensions ['ignore', 'ignore_ament_install']
[0.254s] Level 1:colcon.colcon_core.package_identification:_identify(install) by extension 'ignore'
[0.254s] Level 1:colcon.colcon_core.package_identification:_identify(install) ignored
[0.254s] Level 1:colcon.colcon_core.package_identification:_identify(log) by extensions ['ignore', 'ignore_ament_install']
[0.254s] Level 1:colcon.colcon_core.package_identification:_identify(log) by extension 'ignore'
[0.254s] Level 1:colcon.colcon_core.package_identification:_identify(log) ignored
[0.254s] Level 1:colcon.colcon_core.package_identification:_identify(perception) by extensions ['ignore', 'ignore_ament_install']
[0.255s] Level 1:colcon.colcon_core.package_identification:_identify(perception) by extension 'ignore'
[0.255s] Level 1:colcon.colcon_core.package_identification:_identify(perception) by extension 'ignore_ament_install'
[0.255s] Level 1:colcon.colcon_core.package_identification:_identify(perception) by extensions ['colcon_pkg']
[0.255s] Level 1:colcon.colcon_core.package_identification:_identify(perception) by extension 'colcon_pkg'
[0.255s] Level 1:colcon.colcon_core.package_identification:_identify(perception) by extensions ['colcon_meta']
[0.255s] Level 1:colcon.colcon_core.package_identification:_identify(perception) by extension 'colcon_meta'
[0.255s] Level 1:colcon.colcon_core.package_identification:_identify(perception) by extensions ['ros']
[0.255s] Level 1:colcon.colcon_core.package_identification:_identify(perception) by extension 'ros'
[0.255s] Level 1:colcon.colcon_core.package_identification:_identify(perception) by extensions ['cmake', 'python']
[0.255s] Level 1:colcon.colcon_core.package_identification:_identify(perception) by extension 'cmake'
[0.255s] Level 1:colcon.colcon_core.package_identification:_identify(perception) by extension 'python'
[0.255s] Level 1:colcon.colcon_core.package_identification:_identify(perception) by extensions ['python_setup_py']
[0.255s] Level 1:colcon.colcon_core.package_identification:_identify(perception) by extension 'python_setup_py'
[0.255s] Level 1:colcon.colcon_core.package_identification:_identify(perception/perception) by extensions ['ignore', 'ignore_ament_install']
[0.256s] Level 1:colcon.colcon_core.package_identification:_identify(perception/perception) by extension 'ignore'
[0.256s] Level 1:colcon.colcon_core.package_identification:_identify(perception/perception) by extension 'ignore_ament_install'
[0.256s] Level 1:colcon.colcon_core.package_identification:_identify(perception/perception) by extensions ['colcon_pkg']
[0.256s] Level 1:colcon.colcon_core.package_identification:_identify(perception/perception) by extension 'colcon_pkg'
[0.256s] Level 1:colcon.colcon_core.package_identification:_identify(perception/perception) by extensions ['colcon_meta']
[0.256s] Level 1:colcon.colcon_core.package_identification:_identify(perception/perception) by extension 'colcon_meta'
[0.256s] Level 1:colcon.colcon_core.package_identification:_identify(perception/perception) by extensions ['ros']
[0.256s] Level 1:colcon.colcon_core.package_identification:_identify(perception/perception) by extension 'ros'
[0.256s] Level 1:colcon.colcon_core.package_identification:_identify(perception/perception) by extensions ['cmake', 'python']
[0.256s] Level 1:colcon.colcon_core.package_identification:_identify(perception/perception) by extension 'cmake'
[0.256s] Level 1:colcon.colcon_core.package_identification:_identify(perception/perception) by extension 'python'
[0.256s] Level 1:colcon.colcon_core.package_identification:_identify(perception/perception) by extensions ['python_setup_py']
[0.257s] Level 1:colcon.colcon_core.package_identification:_identify(perception/perception) by extension 'python_setup_py'
[0.257s] Level 1:colcon.colcon_core.package_identification:_identify(perception/perception/__pycache__) by extensions ['ignore', 'ignore_ament_install']
[0.257s] Level 1:colcon.colcon_core.package_identification:_identify(perception/perception/__pycache__) by extension 'ignore'
[0.257s] Level 1:colcon.colcon_core.package_identification:_identify(perception/perception/__pycache__) by extension 'ignore_ament_install'
[0.257s] Level 1:colcon.colcon_core.package_identification:_identify(perception/perception/__pycache__) by extensions ['colcon_pkg']
[0.257s] Level 1:colcon.colcon_core.package_identification:_identify(perception/perception/__pycache__) by extension 'colcon_pkg'
[0.257s] Level 1:colcon.colcon_core.package_identification:_identify(perception/perception/__pycache__) by extensions ['colcon_meta']
[0.257s] Level 1:colcon.colcon_core.package_identification:_identify(perception/perception/__pycache__) by extension 'colcon_meta'
[0.257s] Level 1:colcon.colcon_core.package_identification:_identify(perception/perception/__pycache__) by extensions ['ros']
[0.257s] Level 1:colcon.colcon_core.package_identification:_identify(perception/perception/__pycache__) by extension 'ros'
[0.257s] Level 1:colcon.colcon_core.package_identification:_identify(perception/perception/__pycache__) by extensions ['cmake', 'python']
[0.257s] Level 1:colcon.colcon_core.package_identification:_identify(perception/perception/__pycache__) by extension 'cmake'
[0.257s] Level 1:colcon.colcon_core.package_identification:_identify(perception/perception/__pycache__) by extension 'python'
[0.257s] Level 1:colcon.colcon_core.package_identification:_identify(perception/perception/__pycache__) by extensions ['python_setup_py']
[0.258s] Level 1:colcon.colcon_core.package_identification:_identify(perception/perception/__pycache__) by extension 'python_setup_py'
[0.258s] Level 1:colcon.colcon_core.package_identification:_identify(ros2_ws) by extensions ['ignore', 'ignore_ament_install']
[0.258s] Level 1:colcon.colcon_core.package_identification:_identify(ros2_ws) by extension 'ignore'
[0.258s] Level 1:colcon.colcon_core.package_identification:_identify(ros2_ws) by extension 'ignore_ament_install'
[0.258s] Level 1:colcon.colcon_core.package_identification:_identify(ros2_ws) by extensions ['colcon_pkg']
[0.258s] Level 1:colcon.colcon_core.package_identification:_identify(ros2_ws) by extension 'colcon_pkg'
[0.258s] Level 1:colcon.colcon_core.package_identification:_identify(ros2_ws) by extensions ['colcon_meta']
[0.258s] Level 1:colcon.colcon_core.package_identification:_identify(ros2_ws) by extension 'colcon_meta'
[0.258s] Level 1:colcon.colcon_core.package_identification:_identify(ros2_ws) by extensions ['ros']
[0.258s] Level 1:colcon.colcon_core.package_identification:_identify(ros2_ws) by extension 'ros'
[0.258s] Level 1:colcon.colcon_core.package_identification:_identify(ros2_ws) by extensions ['cmake', 'python']
[0.258s] Level 1:colcon.colcon_core.package_identification:_identify(ros2_ws) by extension 'cmake'
[0.258s] Level 1:colcon.colcon_core.package_identification:_identify(ros2_ws) by extension 'python'
[0.258s] Level 1:colcon.colcon_core.package_identification:_identify(ros2_ws) by extensions ['python_setup_py']
[0.258s] Level 1:colcon.colcon_core.package_identification:_identify(ros2_ws) by extension 'python_setup_py'
[0.259s] Level 1:colcon.colcon_core.package_identification:_identify(ros2_ws/src) by extensions ['ignore', 'ignore_ament_install']
[0.259s] Level 1:colcon.colcon_core.package_identification:_identify(ros2_ws/src) by extension 'ignore'
[0.259s] Level 1:colcon.colcon_core.package_identification:_identify(ros2_ws/src) by extension 'ignore_ament_install'
[0.259s] Level 1:colcon.colcon_core.package_identification:_identify(ros2_ws/src) by extensions ['colcon_pkg']
[0.259s] Level 1:colcon.colcon_core.package_identification:_identify(ros2_ws/src) by extension 'colcon_pkg'
[0.259s] Level 1:colcon.colcon_core.package_identification:_identify(ros2_ws/src) by extensions ['colcon_meta']
[0.259s] Level 1:colcon.colcon_core.package_identification:_identify(ros2_ws/src) by extension 'colcon_meta'
[0.259s] Level 1:colcon.colcon_core.package_identification:_identify(ros2_ws/src) by extensions ['ros']
[0.259s] Level 1:colcon.colcon_core.package_identification:_identify(ros2_ws/src) by extension 'ros'
[0.259s] Level 1:colcon.colcon_core.package_identification:_identify(ros2_ws/src) by extensions ['cmake', 'python']
[0.259s] Level 1:colcon.colcon_core.package_identification:_identify(ros2_ws/src) by extension 'cmake'
[0.259s] Level 1:colcon.colcon_core.package_identification:_identify(ros2_ws/src) by extension 'python'
[0.259s] Level 1:colcon.colcon_core.package_identification:_identify(ros2_ws/src) by extensions ['python_setup_py']
[0.260s] Level 1:colcon.colcon_core.package_identification:_identify(ros2_ws/src) by extension 'python_setup_py'
[0.260s] Level 1:colcon.colcon_core.package_identification:_identify(ros2_ws/src/drobot_bringup) by extensions ['ignore', 'ignore_ament_install']
[0.260s] Level 1:colcon.colcon_core.package_identification:_identify(ros2_ws/src/drobot_bringup) by extension 'ignore'
[0.260s] Level 1:colcon.colcon_core.package_identification:_identify(ros2_ws/src/drobot_bringup) by extension 'ignore_ament_install'
[0.260s] Level 1:colcon.colcon_core.package_identification:_identify(ros2_ws/src/drobot_bringup) by extensions ['colcon_pkg']
[0.260s] Level 1:colcon.colcon_core.package_identification:_identify(ros2_ws/src/drobot_bringup) by extension 'colcon_pkg'
[0.260s] Level 1:colcon.colcon_core.package_identification:_identify(ros2_ws/src/drobot_bringup) by extensions ['colcon_meta']
[0.260s] Level 1:colcon.colcon_core.package_identification:_identify(ros2_ws/src/drobot_bringup) by extension 'colcon_meta'
[0.260s] Level 1:colcon.colcon_core.package_identification:_identify(ros2_ws/src/drobot_bringup) by extensions ['ros']
[0.260s] Level 1:colcon.colcon_core.package_identification:_identify(ros2_ws/src/drobot_bringup) by extension 'ros'
[0.263s] DEBUG:colcon.colcon_core.package_identification:Package 'ros2_ws/src/drobot_bringup' with type 'ros.ament_python' and name 'drobot_bringup'
[0.263s] Level 1:colcon.colcon_core.package_identification:_identify(ros2_ws/src/drobot_controller) by extensions ['ignore', 'ignore_ament_install']
[0.263s] Level 1:colcon.colcon_core.package_identification:_identify(ros2_ws/src/drobot_controller) by extension 'ignore'
[0.264s] Level 1:colcon.colcon_core.package_identification:_identify(ros2_ws/src/drobot_controller) by extension 'ignore_ament_install'
[0.264s] Level 1:colcon.colcon_core.package_identification:_identify(ros2_ws/src/drobot_controller) by extensions ['colcon_pkg']
[0.264s] Level 1:colcon.colcon_core.package_identification:_identify(ros2_ws/src/drobot_controller) by extension 'colcon_pkg'
[0.264s] Level 1:colcon.colcon_core.package_identification:_identify(ros2_ws/src/drobot_controller) by extensions ['colcon_meta']
[0.264s] Level 1:colcon.colcon_core.package_identification:_identify(ros2_ws/src/drobot_controller) by extension 'colcon_meta'
[0.264s] Level 1:colcon.colcon_core.package_identification:_identify(ros2_ws/src/drobot_controller) by extensions ['ros']
[0.264s] Level 1:colcon.colcon_core.package_identification:_identify(ros2_ws/src/drobot_controller) by extension 'ros'
[0.265s] DEBUG:colcon.colcon_core.package_identification:Package 'ros2_ws/src/drobot_controller' with type 'ros.ament_python' and name 'drobot_controller'
[0.265s] Level 1:colcon.colcon_core.package_identification:_identify(ros2_ws/src/drobot_description) by extensions ['ignore', 'ignore_ament_install']
[0.265s] Level 1:colcon.colcon_core.package_identification:_identify(ros2_ws/src/drobot_description) by extension 'ignore'
[0.265s] Level 1:colcon.colcon_core.package_identification:_identify(ros2_ws/src/drobot_description) by extension 'ignore_ament_install'
[0.265s] Level 1:colcon.colcon_core.package_identification:_identify(ros2_ws/src/drobot_description) by extensions ['colcon_pkg']
[0.265s] Level 1:colcon.colcon_core.package_identification:_identify(ros2_ws/src/drobot_description) by extension 'colcon_pkg'
[0.265s] Level 1:colcon.colcon_core.package_identification:_identify(ros2_ws/src/drobot_description) by extensions ['colcon_meta']
[0.265s] Level 1:colcon.colcon_core.package_identification:_identify(ros2_ws/src/drobot_description) by extension 'colcon_meta'
[0.265s] Level 1:colcon.colcon_core.package_identification:_identify(ros2_ws/src/drobot_description) by extensions ['ros']
[0.265s] Level 1:colcon.colcon_core.package_identification:_identify(ros2_ws/src/drobot_description) by extension 'ros'
[0.266s] DEBUG:colcon.colcon_core.package_identification:Package 'ros2_ws/src/drobot_description' with type 'ros.ament_cmake' and name 'drobot_description'
[0.266s] Level 1:colcon.colcon_core.package_identification:_identify(ros2_ws/src/drobot_scan_2d) by extensions ['ignore', 'ignore_ament_install']
[0.266s] Level 1:colcon.colcon_core.package_identification:_identify(ros2_ws/src/drobot_scan_2d) by extension 'ignore'
[0.266s] Level 1:colcon.colcon_core.package_identification:_identify(ros2_ws/src/drobot_scan_2d) by extension 'ignore_ament_install'
[0.266s] Level 1:colcon.colcon_core.package_identification:_identify(ros2_ws/src/drobot_scan_2d) by extensions ['colcon_pkg']
[0.266s] Level 1:colcon.colcon_core.package_identification:_identify(ros2_ws/src/drobot_scan_2d) by extension 'colcon_pkg'
[0.266s] Level 1:colcon.colcon_core.package_identification:_identify(ros2_ws/src/drobot_scan_2d) by extensions ['colcon_meta']
[0.266s] Level 1:colcon.colcon_core.package_identification:_identify(ros2_ws/src/drobot_scan_2d) by extension 'colcon_meta'
[0.266s] Level 1:colcon.colcon_core.package_identification:_identify(ros2_ws/src/drobot_scan_2d) by extensions ['ros']
[0.266s] Level 1:colcon.colcon_core.package_identification:_identify(ros2_ws/src/drobot_scan_2d) by extension 'ros'
[0.267s] DEBUG:colcon.colcon_core.package_identification:Package 'ros2_ws/src/drobot_scan_2d' with type 'ros.ament_cmake' and name 'drobot_scan_2d'
[0.268s] Level 1:colcon.colcon_core.package_identification:_identify(ros2_ws/src/drobot_scan_3d) by extensions ['ignore', 'ignore_ament_install']
[0.268s] Level 1:colcon.colcon_core.package_identification:_identify(ros2_ws/src/drobot_scan_3d) by extension 'ignore'
[0.268s] Level 1:colcon.colcon_core.package_identification:_identify(ros2_ws/src/drobot_scan_3d) by extension 'ignore_ament_install'
[0.268s] Level 1:colcon.colcon_core.package_identification:_identify(ros2_ws/src/drobot_scan_3d) by extensions ['colcon_pkg']
[0.268s] Level 1:colcon.colcon_core.package_identification:_identify(ros2_ws/src/drobot_scan_3d) by extension 'colcon_pkg'
[0.268s] Level 1:colcon.colcon_core.package_identification:_identify(ros2_ws/src/drobot_scan_3d) by extensions ['colcon_meta']
[0.268s] Level 1:colcon.colcon_core.package_identification:_identify(ros2_ws/src/drobot_scan_3d) by extension 'colcon_meta'
[0.268s] Level 1:colcon.colcon_core.package_identification:_identify(ros2_ws/src/drobot_scan_3d) by extensions ['ros']
[0.268s] Level 1:colcon.colcon_core.package_identification:_identify(ros2_ws/src/drobot_scan_3d) by extension 'ros'
[0.269s] DEBUG:colcon.colcon_core.package_identification:Package 'ros2_ws/src/drobot_scan_3d' with type 'ros.ament_python' and name 'drobot_scan_3d'
[0.269s] Level 1:colcon.colcon_core.package_identification:_identify(ros2_ws/src/drobot_simulator) by extensions ['ignore', 'ignore_ament_install']
[0.269s] Level 1:colcon.colcon_core.package_identification:_identify(ros2_ws/src/drobot_simulator) by extension 'ignore'
[0.269s] Level 1:colcon.colcon_core.package_identification:_identify(ros2_ws/src/drobot_simulator) by extension 'ignore_ament_install'
[0.269s] Level 1:colcon.colcon_core.package_identification:_identify(ros2_ws/src/drobot_simulator) by extensions ['colcon_pkg']
[0.269s] Level 1:colcon.colcon_core.package_identification:_identify(ros2_ws/src/drobot_simulator) by extension 'colcon_pkg'
[0.269s] Level 1:colcon.colcon_core.package_identification:_identify(ros2_ws/src/drobot_simulator) by extensions ['colcon_meta']
[0.269s] Level 1:colcon.colcon_core.package_identification:_identify(ros2_ws/src/drobot_simulator) by extension 'colcon_meta'
[0.269s] Level 1:colcon.colcon_core.package_identification:_identify(ros2_ws/src/drobot_simulator) by extensions ['ros']
[0.269s] Level 1:colcon.colcon_core.package_identification:_identify(ros2_ws/src/drobot_simulator) by extension 'ros'
[0.270s] DEBUG:colcon.colcon_core.package_identification:Package 'ros2_ws/src/drobot_simulator' with type 'ros.ament_cmake' and name 'drobot_simulator'
[0.270s] Level 1:colcon.colcon_core.package_identification:_identify(ros2_ws/src/drobot_strategy) by extensions ['ignore', 'ignore_ament_install']
[0.270s] Level 1:colcon.colcon_core.package_identification:_identify(ros2_ws/src/drobot_strategy) by extension 'ignore'
[0.270s] Level 1:colcon.colcon_core.package_identification:_identify(ros2_ws/src/drobot_strategy) by extension 'ignore_ament_install'
[0.270s] Level 1:colcon.colcon_core.package_identification:_identify(ros2_ws/src/drobot_strategy) by extensions ['colcon_pkg']
[0.270s] Level 1:colcon.colcon_core.package_identification:_identify(ros2_ws/src/drobot_strategy) by extension 'colcon_pkg'
[0.270s] Level 1:colcon.colcon_core.package_identification:_identify(ros2_ws/src/drobot_strategy) by extensions ['colcon_meta']
[0.270s] Level 1:colcon.colcon_core.package_identification:_identify(ros2_ws/src/drobot_strategy) by extension 'colcon_meta'
[0.270s] Level 1:colcon.colcon_core.package_identification:_identify(ros2_ws/src/drobot_strategy) by extensions ['ros']
[0.270s] Level 1:colcon.colcon_core.package_identification:_identify(ros2_ws/src/drobot_strategy) by extension 'ros'
[0.271s] DEBUG:colcon.colcon_core.package_identification:Package 'ros2_ws/src/drobot_strategy' with type 'ros.ament_python' and name 'drobot_strategy'
[0.271s] Level 1:colcon.colcon_core.package_identification:_identify(ros2_ws/src/perception) by extensions ['ignore', 'ignore_ament_install']
[0.271s] Level 1:colcon.colcon_core.package_identification:_identify(ros2_ws/src/perception) by extension 'ignore'
[0.271s] Level 1:colcon.colcon_core.package_identification:_identify(ros2_ws/src/perception) by extension 'ignore_ament_install'
[0.271s] Level 1:colcon.colcon_core.package_identification:_identify(ros2_ws/src/perception) by extensions ['colcon_pkg']
[0.271s] Level 1:colcon.colcon_core.package_identification:_identify(ros2_ws/src/perception) by extension 'colcon_pkg'
[0.271s] Level 1:colcon.colcon_core.package_identification:_identify(ros2_ws/src/perception) by extensions ['colcon_meta']
[0.271s] Level 1:colcon.colcon_core.package_identification:_identify(ros2_ws/src/perception) by extension 'colcon_meta'
[0.271s] Level 1:colcon.colcon_core.package_identification:_identify(ros2_ws/src/perception) by extensions ['ros']
[0.271s] Level 1:colcon.colcon_core.package_identification:_identify(ros2_ws/src/perception) by extension 'ros'
[0.272s] DEBUG:colcon.colcon_core.package_identification:Package 'ros2_ws/src/perception' with type 'ros.ament_python' and name 'perception'
[0.272s] Level 1:colcon.colcon_core.package_discovery:discover_packages(recursive) using defaults
[0.272s] Level 1:colcon.colcon_core.package_discovery:discover_packages(ignore) discover
[0.272s] Level 1:colcon.colcon_core.package_discovery:discover_packages(ignore) using defaults
[0.272s] Level 1:colcon.colcon_core.package_discovery:discover_packages(path) discover
[0.272s] Level 1:colcon.colcon_core.package_discovery:discover_packages(path) using defaults
[0.298s] INFO:colcon.colcon_core.package_selection:Skipping not selected package 'drobot_controller' in 'ros2_ws/src/drobot_controller'
[0.298s] INFO:colcon.colcon_core.package_selection:Skipping not selected package 'drobot_description' in 'ros2_ws/src/drobot_description'
[0.298s] INFO:colcon.colcon_core.package_selection:Skipping not selected package 'drobot_scan_3d' in 'ros2_ws/src/drobot_scan_3d'
[0.298s] INFO:colcon.colcon_core.package_selection:Skipping not selected package 'drobot_simulator' in 'ros2_ws/src/drobot_simulator'
[0.299s] INFO:colcon.colcon_core.package_selection:Skipping not selected package 'drobot_strategy' in 'ros2_ws/src/drobot_strategy'
[0.299s] INFO:colcon.colcon_core.package_selection:Skipping not selected package 'drobot_scan_2d' in 'ros2_ws/src/drobot_scan_2d'
[0.299s] INFO:colcon.colcon_core.package_selection:Skipping not selected package 'drobot_bringup' in 'ros2_ws/src/drobot_bringup'
[0.299s] Level 1:colcon.colcon_core.package_discovery:discover_packages(prefix_path) check parameters
[0.299s] Level 1:colcon.colcon_core.package_discovery:discover_packages(prefix_path) discover
[0.303s] DEBUG:colcon.colcon_installed_package_information.package_discovery:Found 8 installed packages in /home/essong/drobot/install
[0.304s] DEBUG:colcon.colcon_installed_package_information.package_discovery:Found 9 installed packages in /home/essong/make_ai_robot/install
[0.304s] DEBUG:colcon.colcon_installed_package_information.package_discovery:Found 12 installed packages in /home/essong/make-ai-robot/install
[0.307s] DEBUG:colcon.colcon_installed_package_information.package_discovery:Found 464 installed packages in /opt/ros/jazzy
[0.308s] Level 1:colcon.colcon_core.package_discovery:discover_packages(prefix_path) using defaults
[0.377s] Level 5:colcon.colcon_core.verb:set package 'perception' build argument 'cmake_args' from command line to 'None'
[0.377s] Level 5:colcon.colcon_core.verb:set package 'perception' build argument 'cmake_target' from command line to 'None'
[0.377s] Level 5:colcon.colcon_core.verb:set package 'perception' build argument 'cmake_target_skip_unavailable' from command line to 'False'
[0.377s] Level 5:colcon.colcon_core.verb:set package 'perception' build argument 'cmake_clean_cache' from command line to 'False'
[0.377s] Level 5:colcon.colcon_core.verb:set package 'perception' build argument 'cmake_clean_first' from command line to 'False'
[0.377s] Level 5:colcon.colcon_core.verb:set package 'perception' build argument 'cmake_force_configure' from command line to 'False'
[0.377s] Level 5:colcon.colcon_core.verb:set package 'perception' build argument 'ament_cmake_args' from command line to 'None'
[0.377s] Level 5:colcon.colcon_core.verb:set package 'perception' build argument 'catkin_cmake_args' from command line to 'None'
[0.377s] Level 5:colcon.colcon_core.verb:set package 'perception' build argument 'catkin_skip_building_tests' from command line to 'False'
[0.377s] DEBUG:colcon.colcon_core.verb:Building package 'perception' with the following arguments: {'ament_cmake_args': None, 'build_base': '/home/essong/drobot/build/perception', 'catkin_cmake_args': None, 'catkin_skip_building_tests': False, 'cmake_args': None, 'cmake_clean_cache': False, 'cmake_clean_first': False, 'cmake_force_configure': False, 'cmake_target': None, 'cmake_target_skip_unavailable': False, 'install_base': '/home/essong/drobot/install/perception', 'merge_install': False, 'path': '/home/essong/drobot/ros2_ws/src/perception', 'symlink_install': True, 'test_result_base': None}
[0.378s] INFO:colcon.colcon_core.executor:Executing jobs using 'parallel' executor
[0.379s] DEBUG:colcon.colcon_parallel_executor.executor.parallel:run_until_complete
[0.379s] INFO:colcon.colcon_ros.task.ament_python.build:Building ROS package in '/home/essong/drobot/ros2_ws/src/perception' with build type 'ament_python'
[0.379s] Level 1:colcon.colcon_core.shell:create_environment_hook('perception', 'ament_prefix_path')
[0.382s] INFO:colcon.colcon_core.plugin_system:Skipping extension 'colcon_core.shell.bat': Not used on non-Windows systems
[0.382s] INFO:colcon.colcon_core.shell:Creating environment hook '/home/essong/drobot/install/perception/share/perception/hook/ament_prefix_path.ps1'
[0.383s] INFO:colcon.colcon_core.shell:Creating environment descriptor '/home/essong/drobot/install/perception/share/perception/hook/ament_prefix_path.dsv'
[0.383s] INFO:colcon.colcon_core.shell:Creating environment hook '/home/essong/drobot/install/perception/share/perception/hook/ament_prefix_path.sh'
[0.383s] INFO:colcon.colcon_core.shell:Skip shell extension 'powershell' for command environment: Not usable outside of PowerShell
[0.383s] DEBUG:colcon.colcon_core.shell:Skip shell extension 'dsv' for command environment
[0.658s] INFO:colcon.colcon_core.task.python.build:Building Python package in '/home/essong/drobot/ros2_ws/src/perception'
[0.659s] INFO:colcon.colcon_core.shell:Skip shell extension 'powershell' for command environment: Not usable outside of PowerShell
[0.659s] DEBUG:colcon.colcon_core.shell:Skip shell extension 'dsv' for command environment
[1.320s] DEBUG:colcon.colcon_core.event_handler.log_command:Invoking command in '/home/essong/drobot/build/perception': DEBUGINFOD_URLS=https://debuginfod.ubuntu.com PYTHONPATH=/home/essong/drobot/build/perception/prefix_override:/usr/lib/python3/dist-packages/colcon_core/task/python/colcon_distutils_commands:/home/essong/drobot/install/perception/lib/python3.12/site-packages:${PYTHONPATH} /usr/bin/python3 -W ignore:setup.py install is deprecated -W ignore:easy_install command is deprecated setup.py develop --editable --build-directory /home/essong/drobot/build/perception/build --no-deps symlink_data
[2.037s] Level 1:colcon.colcon_core.shell:create_environment_hook('perception', 'pythonpath_develop')
[2.038s] INFO:colcon.colcon_core.shell:Creating environment hook '/home/essong/drobot/build/perception/share/perception/hook/pythonpath_develop.ps1'
[2.039s] DEBUG:colcon.colcon_core.event_handler.log_command:Invoked command in '/home/essong/drobot/build/perception' returned '0': DEBUGINFOD_URLS=https://debuginfod.ubuntu.com PYTHONPATH=/home/essong/drobot/build/perception/prefix_override:/usr/lib/python3/dist-packages/colcon_core/task/python/colcon_distutils_commands:/home/essong/drobot/install/perception/lib/python3.12/site-packages:${PYTHONPATH} /usr/bin/python3 -W ignore:setup.py install is deprecated -W ignore:easy_install command is deprecated setup.py develop --editable --build-directory /home/essong/drobot/build/perception/build --no-deps symlink_data
[2.039s] INFO:colcon.colcon_core.shell:Creating environment descriptor '/home/essong/drobot/build/perception/share/perception/hook/pythonpath_develop.dsv'
[2.040s] INFO:colcon.colcon_core.shell:Creating environment hook '/home/essong/drobot/build/perception/share/perception/hook/pythonpath_develop.sh'
[2.042s] Level 1:colcon.colcon_core.environment:checking '/home/essong/drobot/install/perception' for CMake module files
[2.043s] Level 1:colcon.colcon_core.environment:checking '/home/essong/drobot/install/perception' for CMake config files
[2.043s] Level 1:colcon.colcon_core.environment:checking '/home/essong/drobot/install/perception/lib'
[2.043s] Level 1:colcon.colcon_core.environment:checking '/home/essong/drobot/install/perception/bin'
[2.044s] Level 1:colcon.colcon_core.environment:checking '/home/essong/drobot/install/perception/lib/pkgconfig/perception.pc'
[2.044s] Level 1:colcon.colcon_core.environment:checking '/home/essong/drobot/install/perception/lib/python3.12/site-packages'
[2.044s] Level 1:colcon.colcon_core.shell:create_environment_hook('perception', 'pythonpath')
[2.044s] INFO:colcon.colcon_core.shell:Creating environment hook '/home/essong/drobot/install/perception/share/perception/hook/pythonpath.ps1'
[2.044s] INFO:colcon.colcon_core.shell:Creating environment descriptor '/home/essong/drobot/install/perception/share/perception/hook/pythonpath.dsv'
[2.044s] INFO:colcon.colcon_core.shell:Creating environment hook '/home/essong/drobot/install/perception/share/perception/hook/pythonpath.sh'
[2.045s] Level 1:colcon.colcon_core.environment:checking '/home/essong/drobot/install/perception/bin'
[2.045s] Level 1:colcon.colcon_core.environment:create_environment_scripts_only(perception)
[2.045s] INFO:colcon.colcon_core.shell:Creating package script '/home/essong/drobot/install/perception/share/perception/package.ps1'
[2.046s] INFO:colcon.colcon_core.shell:Creating package descriptor '/home/essong/drobot/install/perception/share/perception/package.dsv'
[2.046s] INFO:colcon.colcon_core.shell:Creating package script '/home/essong/drobot/install/perception/share/perception/package.sh'
[2.047s] INFO:colcon.colcon_core.shell:Creating package script '/home/essong/drobot/install/perception/share/perception/package.bash'
[2.047s] INFO:colcon.colcon_core.shell:Creating package script '/home/essong/drobot/install/perception/share/perception/package.zsh'
[2.048s] Level 1:colcon.colcon_core.environment:create_file_with_runtime_dependencies(/home/essong/drobot/install/perception/share/colcon-core/packages/perception)
[2.048s] DEBUG:colcon.colcon_parallel_executor.executor.parallel:closing loop
[2.048s] DEBUG:colcon.colcon_parallel_executor.executor.parallel:loop closed
[2.048s] DEBUG:colcon.colcon_parallel_executor.executor.parallel:run_until_complete finished with '0'
[2.048s] DEBUG:colcon.colcon_core.event_reactor:joining thread
[2.053s] INFO:colcon.colcon_core.plugin_system:Skipping extension 'colcon_notification.desktop_notification.terminal_notifier': Not used on non-Darwin systems
[2.054s] INFO:colcon.colcon_core.plugin_system:Skipping extension 'colcon_notification.desktop_notification.win32': Not used on non-Windows systems
[2.054s] INFO:colcon.colcon_notification.desktop_notification:Sending desktop notification using 'notify2'
[2.067s] DEBUG:colcon.colcon_core.event_reactor:joined thread
[2.068s] INFO:colcon.colcon_core.shell:Creating prefix script '/home/essong/drobot/install/local_setup.ps1'
[2.069s] INFO:colcon.colcon_core.shell:Creating prefix util module '/home/essong/drobot/install/_local_setup_util_ps1.py'
[2.069s] INFO:colcon.colcon_core.shell:Creating prefix chain script '/home/essong/drobot/install/setup.ps1'
[2.072s] INFO:colcon.colcon_core.shell:Creating prefix script '/home/essong/drobot/install/local_setup.sh'
[2.072s] INFO:colcon.colcon_core.shell:Creating prefix util module '/home/essong/drobot/install/_local_setup_util_sh.py'
[2.072s] INFO:colcon.colcon_core.shell:Creating prefix chain script '/home/essong/drobot/install/setup.sh'
[2.074s] INFO:colcon.colcon_core.shell:Creating prefix script '/home/essong/drobot/install/local_setup.bash'
[2.075s] INFO:colcon.colcon_core.shell:Creating prefix chain script '/home/essong/drobot/install/setup.bash'
[2.077s] INFO:colcon.colcon_core.shell:Creating prefix script '/home/essong/drobot/install/local_setup.zsh'
[2.077s] INFO:colcon.colcon_core.shell:Creating prefix chain script '/home/essong/drobot/install/setup.zsh'
