[0.012s] Invoking command in '/home/essong/drobot/build/drobot_scan_2d': CMAKE_PREFIX_PATH=/home/essong/drobot/install/drobot_description:/home/essong/drobot/install/drobot_simulator:/home/essong/drobot/install/drobot_scan_2d:/home/essong/make_ai_robot/install/unitree_guide2:/home/essong/make_ai_robot/install/go1_simulation:/home/essong/make_ai_robot/install/ros2_unitree_legged_control:/home/essong/make_ai_robot/install/ros2_unitree_legged_msgs:/home/essong/make_ai_robot/install/path_tracker:/home/essong/make_ai_robot/install/language_command_handler:/home/essong/make_ai_robot/install/custom_interfaces:/home/essong/make_ai_robot/install/aws_robomaker_hospital_world:/home/essong/make-ai-robot/install/unitree_guide2:/home/essong/make-ai-robot/install/go1_simulation:/home/essong/make-ai-robot/install/ros2_unitree_legged_control:/home/essong/make-ai-robot/install/ros2_unitree_legged_msgs:/home/essong/make-ai-robot/install/path_tracker:/home/essong/make-ai-robot/install/localization:/home/essong/make-ai-robot/install/language_command_handler:/home/essong/make-ai-robot/install/custom_interfaces:/home/essong/make-ai-robot/install/aws_robomaker_hospital_world:/home/essong/make-ai-robot/install/astar_planner:/opt/ros/jazzy/opt/gz_sim_vendor:/opt/ros/jazzy/opt/gz_sensors_vendor:/opt/ros/jazzy/opt/gz_physics_vendor:/opt/ros/jazzy/opt/sdformat_vendor:/opt/ros/jazzy/opt/gz_gui_vendor:/opt/ros/jazzy/opt/gz_transport_vendor:/opt/ros/jazzy/opt/gz_rendering_vendor:/opt/ros/jazzy/opt/gz_plugin_vendor:/opt/ros/jazzy/opt/gz_fuel_tools_vendor:/opt/ros/jazzy/opt/gz_msgs_vendor:/opt/ros/jazzy/opt/gz_common_vendor:/opt/ros/jazzy/opt/gz_math_vendor:/opt/ros/jazzy/opt/gz_utils_vendor:/opt/ros/jazzy/opt/gz_tools_vendor:/opt/ros/jazzy/opt/gz_ogre_next_vendor:/opt/ros/jazzy/opt/gz_dartsim_vendor:/opt/ros/jazzy/opt/gz_cmake_vendor:/home/essong/drobot/install/perception:/home/essong/drobot/install/drobot_strategy:/home/essong/drobot/install/drobot_scan_3d:/home/essong/drobot/install/drobot_bringup:/home/essong/drobot/install/drobot_controller:/home/essong/make_ai_robot/install/module_test:/home/essong/make-ai-robot/install/perception:/home/essong/make-ai-robot/install/module_test:/opt/ros/jazzy DEBUGINFOD_URLS=https://debuginfod.ubuntu.com /usr/bin/cmake /home/essong/drobot/ros2_ws/src/drobot_scan_2d -DAMENT_CMAKE_SYMLINK_INSTALL=1 -DCMAKE_INSTALL_PREFIX=/home/essong/drobot/install/drobot_scan_2d
[0.075s] -- The C compiler identification is GNU 13.3.0
[0.131s] -- The CXX compiler identification is GNU 13.3.0
[0.151s] -- Detecting C compiler ABI info
[0.259s] -- Detecting C compiler ABI info - done
[0.266s] -- Check for working C compiler: /usr/bin/cc - skipped
[0.267s] -- Detecting C compile features
[0.267s] -- Detecting C compile features - done
[0.279s] -- Detecting CXX compiler ABI info
[0.400s] -- Detecting CXX compiler ABI info - done
[0.410s] -- Check for working CXX compiler: /usr/bin/c++ - skipped
[0.410s] -- Detecting CXX compile features
[0.410s] -- Detecting CXX compile features - done
[0.418s] -- Found ament_cmake: 2.5.5 (/opt/ros/jazzy/share/ament_cmake/cmake)
[0.625s] -- Found Python3: /usr/bin/python3 (found version "3.12.3") found components: Interpreter 
[0.708s] -- Override CMake install command with custom implementation using symlinks instead of copying resources
[1.010s] -- Configuring done (1.0s)
[1.014s] -- Generating done (0.0s)
[1.016s] -- Build files have been written to: /home/essong/drobot/build/drobot_scan_2d
[1.022s] Invoked command in '/home/essong/drobot/build/drobot_scan_2d' returned '0': CMAKE_PREFIX_PATH=/home/essong/drobot/install/drobot_description:/home/essong/drobot/install/drobot_simulator:/home/essong/drobot/install/drobot_scan_2d:/home/essong/make_ai_robot/install/unitree_guide2:/home/essong/make_ai_robot/install/go1_simulation:/home/essong/make_ai_robot/install/ros2_unitree_legged_control:/home/essong/make_ai_robot/install/ros2_unitree_legged_msgs:/home/essong/make_ai_robot/install/path_tracker:/home/essong/make_ai_robot/install/language_command_handler:/home/essong/make_ai_robot/install/custom_interfaces:/home/essong/make_ai_robot/install/aws_robomaker_hospital_world:/home/essong/make-ai-robot/install/unitree_guide2:/home/essong/make-ai-robot/install/go1_simulation:/home/essong/make-ai-robot/install/ros2_unitree_legged_control:/home/essong/make-ai-robot/install/ros2_unitree_legged_msgs:/home/essong/make-ai-robot/install/path_tracker:/home/essong/make-ai-robot/install/localization:/home/essong/make-ai-robot/install/language_command_handler:/home/essong/make-ai-robot/install/custom_interfaces:/home/essong/make-ai-robot/install/aws_robomaker_hospital_world:/home/essong/make-ai-robot/install/astar_planner:/opt/ros/jazzy/opt/gz_sim_vendor:/opt/ros/jazzy/opt/gz_sensors_vendor:/opt/ros/jazzy/opt/gz_physics_vendor:/opt/ros/jazzy/opt/sdformat_vendor:/opt/ros/jazzy/opt/gz_gui_vendor:/opt/ros/jazzy/opt/gz_transport_vendor:/opt/ros/jazzy/opt/gz_rendering_vendor:/opt/ros/jazzy/opt/gz_plugin_vendor:/opt/ros/jazzy/opt/gz_fuel_tools_vendor:/opt/ros/jazzy/opt/gz_msgs_vendor:/opt/ros/jazzy/opt/gz_common_vendor:/opt/ros/jazzy/opt/gz_math_vendor:/opt/ros/jazzy/opt/gz_utils_vendor:/opt/ros/jazzy/opt/gz_tools_vendor:/opt/ros/jazzy/opt/gz_ogre_next_vendor:/opt/ros/jazzy/opt/gz_dartsim_vendor:/opt/ros/jazzy/opt/gz_cmake_vendor:/home/essong/drobot/install/perception:/home/essong/drobot/install/drobot_strategy:/home/essong/drobot/install/drobot_scan_3d:/home/essong/drobot/install/drobot_bringup:/home/essong/drobot/install/drobot_controller:/home/essong/make_ai_robot/install/module_test:/home/essong/make-ai-robot/install/perception:/home/essong/make-ai-robot/install/module_test:/opt/ros/jazzy DEBUGINFOD_URLS=https://debuginfod.ubuntu.com /usr/bin/cmake /home/essong/drobot/ros2_ws/src/drobot_scan_2d -DAMENT_CMAKE_SYMLINK_INSTALL=1 -DCMAKE_INSTALL_PREFIX=/home/essong/drobot/install/drobot_scan_2d
[1.023s] Invoking command in '/home/essong/drobot/build/drobot_scan_2d': CMAKE_PREFIX_PATH=/home/essong/drobot/install/drobot_description:/home/essong/drobot/install/drobot_simulator:/home/essong/drobot/install/drobot_scan_2d:/home/essong/make_ai_robot/install/unitree_guide2:/home/essong/make_ai_robot/install/go1_simulation:/home/essong/make_ai_robot/install/ros2_unitree_legged_control:/home/essong/make_ai_robot/install/ros2_unitree_legged_msgs:/home/essong/make_ai_robot/install/path_tracker:/home/essong/make_ai_robot/install/language_command_handler:/home/essong/make_ai_robot/install/custom_interfaces:/home/essong/make_ai_robot/install/aws_robomaker_hospital_world:/home/essong/make-ai-robot/install/unitree_guide2:/home/essong/make-ai-robot/install/go1_simulation:/home/essong/make-ai-robot/install/ros2_unitree_legged_control:/home/essong/make-ai-robot/install/ros2_unitree_legged_msgs:/home/essong/make-ai-robot/install/path_tracker:/home/essong/make-ai-robot/install/localization:/home/essong/make-ai-robot/install/language_command_handler:/home/essong/make-ai-robot/install/custom_interfaces:/home/essong/make-ai-robot/install/aws_robomaker_hospital_world:/home/essong/make-ai-robot/install/astar_planner:/opt/ros/jazzy/opt/gz_sim_vendor:/opt/ros/jazzy/opt/gz_sensors_vendor:/opt/ros/jazzy/opt/gz_physics_vendor:/opt/ros/jazzy/opt/sdformat_vendor:/opt/ros/jazzy/opt/gz_gui_vendor:/opt/ros/jazzy/opt/gz_transport_vendor:/opt/ros/jazzy/opt/gz_rendering_vendor:/opt/ros/jazzy/opt/gz_plugin_vendor:/opt/ros/jazzy/opt/gz_fuel_tools_vendor:/opt/ros/jazzy/opt/gz_msgs_vendor:/opt/ros/jazzy/opt/gz_common_vendor:/opt/ros/jazzy/opt/gz_math_vendor:/opt/ros/jazzy/opt/gz_utils_vendor:/opt/ros/jazzy/opt/gz_tools_vendor:/opt/ros/jazzy/opt/gz_ogre_next_vendor:/opt/ros/jazzy/opt/gz_dartsim_vendor:/opt/ros/jazzy/opt/gz_cmake_vendor:/home/essong/drobot/install/perception:/home/essong/drobot/install/drobot_strategy:/home/essong/drobot/install/drobot_scan_3d:/home/essong/drobot/install/drobot_bringup:/home/essong/drobot/install/drobot_controller:/home/essong/make_ai_robot/install/module_test:/home/essong/make-ai-robot/install/perception:/home/essong/make-ai-robot/install/module_test:/opt/ros/jazzy DEBUGINFOD_URLS=https://debuginfod.ubuntu.com /usr/bin/cmake --build /home/essong/drobot/build/drobot_scan_2d -- -j12 -l12
[1.096s] Built target ament_cmake_python_symlink_drobot_scan_2d
[1.343s] running egg_info
[1.344s] creating drobot_scan_2d.egg-info
[1.368s] writing drobot_scan_2d.egg-info/PKG-INFO
[1.368s] writing dependency_links to drobot_scan_2d.egg-info/dependency_links.txt
[1.368s] writing top-level names to drobot_scan_2d.egg-info/top_level.txt
[1.368s] writing manifest file 'drobot_scan_2d.egg-info/SOURCES.txt'
[1.439s] reading manifest file 'drobot_scan_2d.egg-info/SOURCES.txt'
[1.439s] writing manifest file 'drobot_scan_2d.egg-info/SOURCES.txt'
[1.472s] Built target ament_cmake_python_build_drobot_scan_2d_egg
[1.486s] Invoked command in '/home/essong/drobot/build/drobot_scan_2d' returned '0': CMAKE_PREFIX_PATH=/home/essong/drobot/install/drobot_description:/home/essong/drobot/install/drobot_simulator:/home/essong/drobot/install/drobot_scan_2d:/home/essong/make_ai_robot/install/unitree_guide2:/home/essong/make_ai_robot/install/go1_simulation:/home/essong/make_ai_robot/install/ros2_unitree_legged_control:/home/essong/make_ai_robot/install/ros2_unitree_legged_msgs:/home/essong/make_ai_robot/install/path_tracker:/home/essong/make_ai_robot/install/language_command_handler:/home/essong/make_ai_robot/install/custom_interfaces:/home/essong/make_ai_robot/install/aws_robomaker_hospital_world:/home/essong/make-ai-robot/install/unitree_guide2:/home/essong/make-ai-robot/install/go1_simulation:/home/essong/make-ai-robot/install/ros2_unitree_legged_control:/home/essong/make-ai-robot/install/ros2_unitree_legged_msgs:/home/essong/make-ai-robot/install/path_tracker:/home/essong/make-ai-robot/install/localization:/home/essong/make-ai-robot/install/language_command_handler:/home/essong/make-ai-robot/install/custom_interfaces:/home/essong/make-ai-robot/install/aws_robomaker_hospital_world:/home/essong/make-ai-robot/install/astar_planner:/opt/ros/jazzy/opt/gz_sim_vendor:/opt/ros/jazzy/opt/gz_sensors_vendor:/opt/ros/jazzy/opt/gz_physics_vendor:/opt/ros/jazzy/opt/sdformat_vendor:/opt/ros/jazzy/opt/gz_gui_vendor:/opt/ros/jazzy/opt/gz_transport_vendor:/opt/ros/jazzy/opt/gz_rendering_vendor:/opt/ros/jazzy/opt/gz_plugin_vendor:/opt/ros/jazzy/opt/gz_fuel_tools_vendor:/opt/ros/jazzy/opt/gz_msgs_vendor:/opt/ros/jazzy/opt/gz_common_vendor:/opt/ros/jazzy/opt/gz_math_vendor:/opt/ros/jazzy/opt/gz_utils_vendor:/opt/ros/jazzy/opt/gz_tools_vendor:/opt/ros/jazzy/opt/gz_ogre_next_vendor:/opt/ros/jazzy/opt/gz_dartsim_vendor:/opt/ros/jazzy/opt/gz_cmake_vendor:/home/essong/drobot/install/perception:/home/essong/drobot/install/drobot_strategy:/home/essong/drobot/install/drobot_scan_3d:/home/essong/drobot/install/drobot_bringup:/home/essong/drobot/install/drobot_controller:/home/essong/make_ai_robot/install/module_test:/home/essong/make-ai-robot/install/perception:/home/essong/make-ai-robot/install/module_test:/opt/ros/jazzy DEBUGINFOD_URLS=https://debuginfod.ubuntu.com /usr/bin/cmake --build /home/essong/drobot/build/drobot_scan_2d -- -j12 -l12
[1.487s] Invoking command in '/home/essong/drobot/build/drobot_scan_2d': CMAKE_PREFIX_PATH=/home/essong/drobot/install/drobot_description:/home/essong/drobot/install/drobot_simulator:/home/essong/drobot/install/drobot_scan_2d:/home/essong/make_ai_robot/install/unitree_guide2:/home/essong/make_ai_robot/install/go1_simulation:/home/essong/make_ai_robot/install/ros2_unitree_legged_control:/home/essong/make_ai_robot/install/ros2_unitree_legged_msgs:/home/essong/make_ai_robot/install/path_tracker:/home/essong/make_ai_robot/install/language_command_handler:/home/essong/make_ai_robot/install/custom_interfaces:/home/essong/make_ai_robot/install/aws_robomaker_hospital_world:/home/essong/make-ai-robot/install/unitree_guide2:/home/essong/make-ai-robot/install/go1_simulation:/home/essong/make-ai-robot/install/ros2_unitree_legged_control:/home/essong/make-ai-robot/install/ros2_unitree_legged_msgs:/home/essong/make-ai-robot/install/path_tracker:/home/essong/make-ai-robot/install/localization:/home/essong/make-ai-robot/install/language_command_handler:/home/essong/make-ai-robot/install/custom_interfaces:/home/essong/make-ai-robot/install/aws_robomaker_hospital_world:/home/essong/make-ai-robot/install/astar_planner:/opt/ros/jazzy/opt/gz_sim_vendor:/opt/ros/jazzy/opt/gz_sensors_vendor:/opt/ros/jazzy/opt/gz_physics_vendor:/opt/ros/jazzy/opt/sdformat_vendor:/opt/ros/jazzy/opt/gz_gui_vendor:/opt/ros/jazzy/opt/gz_transport_vendor:/opt/ros/jazzy/opt/gz_rendering_vendor:/opt/ros/jazzy/opt/gz_plugin_vendor:/opt/ros/jazzy/opt/gz_fuel_tools_vendor:/opt/ros/jazzy/opt/gz_msgs_vendor:/opt/ros/jazzy/opt/gz_common_vendor:/opt/ros/jazzy/opt/gz_math_vendor:/opt/ros/jazzy/opt/gz_utils_vendor:/opt/ros/jazzy/opt/gz_tools_vendor:/opt/ros/jazzy/opt/gz_ogre_next_vendor:/opt/ros/jazzy/opt/gz_dartsim_vendor:/opt/ros/jazzy/opt/gz_cmake_vendor:/home/essong/drobot/install/perception:/home/essong/drobot/install/drobot_strategy:/home/essong/drobot/install/drobot_scan_3d:/home/essong/drobot/install/drobot_bringup:/home/essong/drobot/install/drobot_controller:/home/essong/make_ai_robot/install/module_test:/home/essong/make-ai-robot/install/perception:/home/essong/make-ai-robot/install/module_test:/opt/ros/jazzy DEBUGINFOD_URLS=https://debuginfod.ubuntu.com /usr/bin/cmake --install /home/essong/drobot/build/drobot_scan_2d
[1.498s] -- Install configuration: ""
[1.498s] -- Execute custom install script
[1.498s] -- Symlinking: /home/essong/drobot/install/drobot_scan_2d/share/drobot_scan_2d/environment/pythonpath.sh
[1.509s] -- Symlinking: /home/essong/drobot/install/drobot_scan_2d/share/drobot_scan_2d/environment/pythonpath.dsv
[1.521s] -- Symlinking: /home/essong/drobot/install/drobot_scan_2d/lib/python3.12/site-packages/drobot_scan_2d-2.0.0-py3.12.egg-info/PKG-INFO
[1.532s] -- Symlinking: /home/essong/drobot/install/drobot_scan_2d/lib/python3.12/site-packages/drobot_scan_2d-2.0.0-py3.12.egg-info/SOURCES.txt
[1.543s] -- Symlinking: /home/essong/drobot/install/drobot_scan_2d/lib/python3.12/site-packages/drobot_scan_2d-2.0.0-py3.12.egg-info/dependency_links.txt
[1.555s] -- Symlinking: /home/essong/drobot/install/drobot_scan_2d/lib/python3.12/site-packages/drobot_scan_2d-2.0.0-py3.12.egg-info/top_level.txt
[1.568s] -- Symlinking: /home/essong/drobot/install/drobot_scan_2d/lib/python3.12/site-packages/drobot_scan_2d/__init__.py
[1.580s] -- Symlinking: /home/essong/drobot/install/drobot_scan_2d/lib/python3.12/site-packages/drobot_scan_2d/config.py
[1.590s] -- Symlinking: /home/essong/drobot/install/drobot_scan_2d/lib/python3.12/site-packages/drobot_scan_2d/goal_navigator.py
[1.601s] -- Symlinking: /home/essong/drobot/install/drobot_scan_2d/lib/python3.12/site-packages/drobot_scan_2d/rules/__init__.py
[1.611s] -- Symlinking: /home/essong/drobot/install/drobot_scan_2d/lib/python3.12/site-packages/drobot_scan_2d/rules/engine.py
[1.623s] -- Symlinking: /home/essong/drobot/install/drobot_scan_2d/lib/drobot_scan_2d/goal_navigator.py
[1.635s] -- Symlinking: /home/essong/drobot/install/drobot_scan_2d/share/ament_index/resource_index/package_run_dependencies/drobot_scan_2d
[1.646s] -- Symlinking: /home/essong/drobot/install/drobot_scan_2d/share/ament_index/resource_index/parent_prefix_path/drobot_scan_2d
[1.658s] -- Symlinking: /home/essong/drobot/install/drobot_scan_2d/share/drobot_scan_2d/environment/ament_prefix_path.sh
[1.670s] -- Symlinking: /home/essong/drobot/install/drobot_scan_2d/share/drobot_scan_2d/environment/ament_prefix_path.dsv
[1.683s] -- Symlinking: /home/essong/drobot/install/drobot_scan_2d/share/drobot_scan_2d/environment/path.sh
[1.694s] -- Symlinking: /home/essong/drobot/install/drobot_scan_2d/share/drobot_scan_2d/environment/path.dsv
[1.705s] -- Symlinking: /home/essong/drobot/install/drobot_scan_2d/share/drobot_scan_2d/local_setup.bash
[1.716s] -- Symlinking: /home/essong/drobot/install/drobot_scan_2d/share/drobot_scan_2d/local_setup.sh
[1.727s] -- Symlinking: /home/essong/drobot/install/drobot_scan_2d/share/drobot_scan_2d/local_setup.zsh
[1.738s] -- Symlinking: /home/essong/drobot/install/drobot_scan_2d/share/drobot_scan_2d/local_setup.dsv
[1.750s] -- Symlinking: /home/essong/drobot/install/drobot_scan_2d/share/drobot_scan_2d/package.dsv
[1.762s] -- Symlinking: /home/essong/drobot/install/drobot_scan_2d/share/ament_index/resource_index/packages/drobot_scan_2d
[1.774s] -- Symlinking: /home/essong/drobot/install/drobot_scan_2d/share/drobot_scan_2d/cmake/drobot_scan_2dConfig.cmake
[1.785s] -- Symlinking: /home/essong/drobot/install/drobot_scan_2d/share/drobot_scan_2d/cmake/drobot_scan_2dConfig-version.cmake
[1.796s] -- Symlinking: /home/essong/drobot/install/drobot_scan_2d/share/drobot_scan_2d/package.xml
[1.850s] Listing '/home/essong/drobot/install/drobot_scan_2d/lib/python3.12/site-packages/drobot_scan_2d'...
[1.850s] Compiling '/home/essong/drobot/install/drobot_scan_2d/lib/python3.12/site-packages/drobot_scan_2d/__init__.py'...
[1.850s] Compiling '/home/essong/drobot/install/drobot_scan_2d/lib/python3.12/site-packages/drobot_scan_2d/config.py'...
[1.850s] Compiling '/home/essong/drobot/install/drobot_scan_2d/lib/python3.12/site-packages/drobot_scan_2d/goal_navigator.py'...
[1.850s] Listing '/home/essong/drobot/install/drobot_scan_2d/lib/python3.12/site-packages/drobot_scan_2d/rules'...
[1.850s] Compiling '/home/essong/drobot/install/drobot_scan_2d/lib/python3.12/site-packages/drobot_scan_2d/rules/__init__.py'...
[1.850s] Compiling '/home/essong/drobot/install/drobot_scan_2d/lib/python3.12/site-packages/drobot_scan_2d/rules/engine.py'...
[1.860s] Invoked command in '/home/essong/drobot/build/drobot_scan_2d' returned '0': CMAKE_PREFIX_PATH=/home/essong/drobot/install/drobot_description:/home/essong/drobot/install/drobot_simulator:/home/essong/drobot/install/drobot_scan_2d:/home/essong/make_ai_robot/install/unitree_guide2:/home/essong/make_ai_robot/install/go1_simulation:/home/essong/make_ai_robot/install/ros2_unitree_legged_control:/home/essong/make_ai_robot/install/ros2_unitree_legged_msgs:/home/essong/make_ai_robot/install/path_tracker:/home/essong/make_ai_robot/install/language_command_handler:/home/essong/make_ai_robot/install/custom_interfaces:/home/essong/make_ai_robot/install/aws_robomaker_hospital_world:/home/essong/make-ai-robot/install/unitree_guide2:/home/essong/make-ai-robot/install/go1_simulation:/home/essong/make-ai-robot/install/ros2_unitree_legged_control:/home/essong/make-ai-robot/install/ros2_unitree_legged_msgs:/home/essong/make-ai-robot/install/path_tracker:/home/essong/make-ai-robot/install/localization:/home/essong/make-ai-robot/install/language_command_handler:/home/essong/make-ai-robot/install/custom_interfaces:/home/essong/make-ai-robot/install/aws_robomaker_hospital_world:/home/essong/make-ai-robot/install/astar_planner:/opt/ros/jazzy/opt/gz_sim_vendor:/opt/ros/jazzy/opt/gz_sensors_vendor:/opt/ros/jazzy/opt/gz_physics_vendor:/opt/ros/jazzy/opt/sdformat_vendor:/opt/ros/jazzy/opt/gz_gui_vendor:/opt/ros/jazzy/opt/gz_transport_vendor:/opt/ros/jazzy/opt/gz_rendering_vendor:/opt/ros/jazzy/opt/gz_plugin_vendor:/opt/ros/jazzy/opt/gz_fuel_tools_vendor:/opt/ros/jazzy/opt/gz_msgs_vendor:/opt/ros/jazzy/opt/gz_common_vendor:/opt/ros/jazzy/opt/gz_math_vendor:/opt/ros/jazzy/opt/gz_utils_vendor:/opt/ros/jazzy/opt/gz_tools_vendor:/opt/ros/jazzy/opt/gz_ogre_next_vendor:/opt/ros/jazzy/opt/gz_dartsim_vendor:/opt/ros/jazzy/opt/gz_cmake_vendor:/home/essong/drobot/install/perception:/home/essong/drobot/install/drobot_strategy:/home/essong/drobot/install/drobot_scan_3d:/home/essong/drobot/install/drobot_bringup:/home/essong/drobot/install/drobot_controller:/home/essong/make_ai_robot/install/module_test:/home/essong/make-ai-robot/install/perception:/home/essong/make-ai-robot/install/module_test:/opt/ros/jazzy DEBUGINFOD_URLS=https://debuginfod.ubuntu.com /usr/bin/cmake --install /home/essong/drobot/build/drobot_scan_2d
