-- The C compiler identification is GNU 13.3.0
-- The CXX compiler identification is GNU 13.3.0
-- Detecting C compiler ABI info
-- Detecting C compiler ABI info - done
-- Check for working C compiler: /usr/bin/cc - skipped
-- Detecting C compile features
-- Detecting C compile features - done
-- Detecting CXX compiler ABI info
-- Detecting CXX compiler ABI info - done
-- Check for working CXX compiler: /usr/bin/c++ - skipped
-- Detecting CXX compile features
-- Detecting CXX compile features - done
-- Found ament_cmake: 2.5.5 (/opt/ros/jazzy/share/ament_cmake/cmake)
-- Found Python3: /usr/bin/python3 (found version "3.12.3") found components: Interpreter 
-- Override CMake install command with custom implementation using symlinks instead of copying resources
-- Configuring done (0.9s)
-- Generating done (0.0s)
-- Build files have been written to: /home/essong/drobot/build/drobot_scan_2d
Built target ament_cmake_python_symlink_drobot_scan_2d
running egg_info
creating drobot_scan_2d.egg-info
writing drobot_scan_2d.egg-info/PKG-INFO
writing dependency_links to drobot_scan_2d.egg-info/dependency_links.txt
writing top-level names to drobot_scan_2d.egg-info/top_level.txt
writing manifest file 'drobot_scan_2d.egg-info/SOURCES.txt'
reading manifest file 'drobot_scan_2d.egg-info/SOURCES.txt'
writing manifest file 'drobot_scan_2d.egg-info/SOURCES.txt'
Built target ament_cmake_python_build_drobot_scan_2d_egg
-- Install configuration: ""
-- Execute custom install script
-- Symlinking: /home/essong/drobot/install/drobot_scan_2d/share/drobot_scan_2d/environment/pythonpath.sh
-- Symlinking: /home/essong/drobot/install/drobot_scan_2d/share/drobot_scan_2d/environment/pythonpath.dsv
-- Symlinking: /home/essong/drobot/install/drobot_scan_2d/lib/python3.12/site-packages/drobot_scan_2d-2.0.0-py3.12.egg-info/PKG-INFO
-- Symlinking: /home/essong/drobot/install/drobot_scan_2d/lib/python3.12/site-packages/drobot_scan_2d-2.0.0-py3.12.egg-info/SOURCES.txt
-- Symlinking: /home/essong/drobot/install/drobot_scan_2d/lib/python3.12/site-packages/drobot_scan_2d-2.0.0-py3.12.egg-info/dependency_links.txt
-- Symlinking: /home/essong/drobot/install/drobot_scan_2d/lib/python3.12/site-packages/drobot_scan_2d-2.0.0-py3.12.egg-info/top_level.txt
-- Symlinking: /home/essong/drobot/install/drobot_scan_2d/lib/python3.12/site-packages/drobot_scan_2d/__init__.py
-- Symlinking: /home/essong/drobot/install/drobot_scan_2d/lib/python3.12/site-packages/drobot_scan_2d/config.py
-- Symlinking: /home/essong/drobot/install/drobot_scan_2d/lib/python3.12/site-packages/drobot_scan_2d/goal_navigator.py
-- Symlinking: /home/essong/drobot/install/drobot_scan_2d/lib/python3.12/site-packages/drobot_scan_2d/rules/__init__.py
-- Symlinking: /home/essong/drobot/install/drobot_scan_2d/lib/python3.12/site-packages/drobot_scan_2d/rules/engine.py
-- Symlinking: /home/essong/drobot/install/drobot_scan_2d/lib/drobot_scan_2d/goal_navigator.py
-- Symlinking: /home/essong/drobot/install/drobot_scan_2d/share/ament_index/resource_index/package_run_dependencies/drobot_scan_2d
-- Symlinking: /home/essong/drobot/install/drobot_scan_2d/share/ament_index/resource_index/parent_prefix_path/drobot_scan_2d
-- Symlinking: /home/essong/drobot/install/drobot_scan_2d/share/drobot_scan_2d/environment/ament_prefix_path.sh
-- Symlinking: /home/essong/drobot/install/drobot_scan_2d/share/drobot_scan_2d/environment/ament_prefix_path.dsv
-- Symlinking: /home/essong/drobot/install/drobot_scan_2d/share/drobot_scan_2d/environment/path.sh
-- Symlinking: /home/essong/drobot/install/drobot_scan_2d/share/drobot_scan_2d/environment/path.dsv
-- Symlinking: /home/essong/drobot/install/drobot_scan_2d/share/drobot_scan_2d/local_setup.bash
-- Symlinking: /home/essong/drobot/install/drobot_scan_2d/share/drobot_scan_2d/local_setup.sh
-- Symlinking: /home/essong/drobot/install/drobot_scan_2d/share/drobot_scan_2d/local_setup.zsh
-- Symlinking: /home/essong/drobot/install/drobot_scan_2d/share/drobot_scan_2d/local_setup.dsv
-- Symlinking: /home/essong/drobot/install/drobot_scan_2d/share/drobot_scan_2d/package.dsv
-- Symlinking: /home/essong/drobot/install/drobot_scan_2d/share/ament_index/resource_index/packages/drobot_scan_2d
-- Symlinking: /home/essong/drobot/install/drobot_scan_2d/share/drobot_scan_2d/cmake/drobot_scan_2dConfig.cmake
-- Symlinking: /home/essong/drobot/install/drobot_scan_2d/share/drobot_scan_2d/cmake/drobot_scan_2dConfig-version.cmake
-- Symlinking: /home/essong/drobot/install/drobot_scan_2d/share/drobot_scan_2d/package.xml
Listing '/home/essong/drobot/install/drobot_scan_2d/lib/python3.12/site-packages/drobot_scan_2d'...
Listing '/home/essong/drobot/install/drobot_scan_2d/lib/python3.12/site-packages/drobot_scan_2d/rules'...
