[0.011s] Invoking command in '/home/essong/drobot/build/drobot_scan_2d': CMAKE_PREFIX_PATH=/home/essong/drobot/install/drobot_description:/home/essong/drobot/install/drobot_simulator:/home/essong/drobot/install/drobot_scan_2d:/home/essong/make_ai_robot/install/unitree_guide2:/home/essong/make_ai_robot/install/go1_simulation:/home/essong/make_ai_robot/install/ros2_unitree_legged_control:/home/essong/make_ai_robot/install/ros2_unitree_legged_msgs:/home/essong/make_ai_robot/install/path_tracker:/home/essong/make_ai_robot/install/language_command_handler:/home/essong/make_ai_robot/install/custom_interfaces:/home/essong/make_ai_robot/install/aws_robomaker_hospital_world:/home/essong/make-ai-robot/install/unitree_guide2:/home/essong/make-ai-robot/install/go1_simulation:/home/essong/make-ai-robot/install/ros2_unitree_legged_control:/home/essong/make-ai-robot/install/ros2_unitree_legged_msgs:/home/essong/make-ai-robot/install/path_tracker:/home/essong/make-ai-robot/install/localization:/home/essong/make-ai-robot/install/language_command_handler:/home/essong/make-ai-robot/install/custom_interfaces:/home/essong/make-ai-robot/install/aws_robomaker_hospital_world:/home/essong/make-ai-robot/install/astar_planner:/opt/ros/jazzy/opt/gz_sim_vendor:/opt/ros/jazzy/opt/gz_sensors_vendor:/opt/ros/jazzy/opt/gz_physics_vendor:/opt/ros/jazzy/opt/sdformat_vendor:/opt/ros/jazzy/opt/gz_gui_vendor:/opt/ros/jazzy/opt/gz_transport_vendor:/opt/ros/jazzy/opt/gz_rendering_vendor:/opt/ros/jazzy/opt/gz_plugin_vendor:/opt/ros/jazzy/opt/gz_fuel_tools_vendor:/opt/ros/jazzy/opt/gz_msgs_vendor:/opt/ros/jazzy/opt/gz_common_vendor:/opt/ros/jazzy/opt/gz_math_vendor:/opt/ros/jazzy/opt/gz_utils_vendor:/opt/ros/jazzy/opt/gz_tools_vendor:/opt/ros/jazzy/opt/gz_ogre_next_vendor:/opt/ros/jazzy/opt/gz_dartsim_vendor:/opt/ros/jazzy/opt/gz_cmake_vendor:/home/essong/drobot/install/perception:/home/essong/drobot/install/drobot_strategy:/home/essong/drobot/install/drobot_scan_3d:/home/essong/drobot/install/drobot_bringup:/home/essong/drobot/install/drobot_controller:/home/essong/make_ai_robot/install/module_test:/home/essong/make-ai-robot/install/perception:/home/essong/make-ai-robot/install/module_test:/opt/ros/jazzy DEBUGINFOD_URLS=https://debuginfod.ubuntu.com /usr/bin/cmake /home/essong/drobot/ros2_ws/src/drobot_scan_2d -DAMENT_CMAKE_SYMLINK_INSTALL=1 -DCMAKE_INSTALL_PREFIX=/home/essong/drobot/install/drobot_scan_2d
[0.067s] -- The C compiler identification is GNU 13.3.0
[0.122s] -- The CXX compiler identification is GNU 13.3.0
[0.141s] -- Detecting C compiler ABI info
[0.242s] -- Detecting C compiler ABI info - done
[0.249s] -- Check for working C compiler: /usr/bin/cc - skipped
[0.249s] -- Detecting C compile features
[0.249s] -- Detecting C compile features - done
[0.260s] -- Detecting CXX compiler ABI info
[0.368s] -- Detecting CXX compiler ABI info - done
[0.375s] -- Check for working CXX compiler: /usr/bin/c++ - skipped
[0.375s] -- Detecting CXX compile features
[0.376s] -- Detecting CXX compile features - done
[0.383s] -- Found ament_cmake: 2.5.5 (/opt/ros/jazzy/share/ament_cmake/cmake)
[0.578s] -- Found Python3: /usr/bin/python3 (found version "3.12.3") found components: Interpreter 
[0.653s] -- Override CMake install command with custom implementation using symlinks instead of copying resources
[0.947s] -- Configuring done (0.9s)
[0.950s] -- Generating done (0.0s)
[0.952s] -- Build files have been written to: /home/essong/drobot/build/drobot_scan_2d
[0.958s] Invoked command in '/home/essong/drobot/build/drobot_scan_2d' returned '0': CMAKE_PREFIX_PATH=/home/essong/drobot/install/drobot_description:/home/essong/drobot/install/drobot_simulator:/home/essong/drobot/install/drobot_scan_2d:/home/essong/make_ai_robot/install/unitree_guide2:/home/essong/make_ai_robot/install/go1_simulation:/home/essong/make_ai_robot/install/ros2_unitree_legged_control:/home/essong/make_ai_robot/install/ros2_unitree_legged_msgs:/home/essong/make_ai_robot/install/path_tracker:/home/essong/make_ai_robot/install/language_command_handler:/home/essong/make_ai_robot/install/custom_interfaces:/home/essong/make_ai_robot/install/aws_robomaker_hospital_world:/home/essong/make-ai-robot/install/unitree_guide2:/home/essong/make-ai-robot/install/go1_simulation:/home/essong/make-ai-robot/install/ros2_unitree_legged_control:/home/essong/make-ai-robot/install/ros2_unitree_legged_msgs:/home/essong/make-ai-robot/install/path_tracker:/home/essong/make-ai-robot/install/localization:/home/essong/make-ai-robot/install/language_command_handler:/home/essong/make-ai-robot/install/custom_interfaces:/home/essong/make-ai-robot/install/aws_robomaker_hospital_world:/home/essong/make-ai-robot/install/astar_planner:/opt/ros/jazzy/opt/gz_sim_vendor:/opt/ros/jazzy/opt/gz_sensors_vendor:/opt/ros/jazzy/opt/gz_physics_vendor:/opt/ros/jazzy/opt/sdformat_vendor:/opt/ros/jazzy/opt/gz_gui_vendor:/opt/ros/jazzy/opt/gz_transport_vendor:/opt/ros/jazzy/opt/gz_rendering_vendor:/opt/ros/jazzy/opt/gz_plugin_vendor:/opt/ros/jazzy/opt/gz_fuel_tools_vendor:/opt/ros/jazzy/opt/gz_msgs_vendor:/opt/ros/jazzy/opt/gz_common_vendor:/opt/ros/jazzy/opt/gz_math_vendor:/opt/ros/jazzy/opt/gz_utils_vendor:/opt/ros/jazzy/opt/gz_tools_vendor:/opt/ros/jazzy/opt/gz_ogre_next_vendor:/opt/ros/jazzy/opt/gz_dartsim_vendor:/opt/ros/jazzy/opt/gz_cmake_vendor:/home/essong/drobot/install/perception:/home/essong/drobot/install/drobot_strategy:/home/essong/drobot/install/drobot_scan_3d:/home/essong/drobot/install/drobot_bringup:/home/essong/drobot/install/drobot_controller:/home/essong/make_ai_robot/install/module_test:/home/essong/make-ai-robot/install/perception:/home/essong/make-ai-robot/install/module_test:/opt/ros/jazzy DEBUGINFOD_URLS=https://debuginfod.ubuntu.com /usr/bin/cmake /home/essong/drobot/ros2_ws/src/drobot_scan_2d -DAMENT_CMAKE_SYMLINK_INSTALL=1 -DCMAKE_INSTALL_PREFIX=/home/essong/drobot/install/drobot_scan_2d
[0.959s] Invoking command in '/home/essong/drobot/build/drobot_scan_2d': CMAKE_PREFIX_PATH=/home/essong/drobot/install/drobot_description:/home/essong/drobot/install/drobot_simulator:/home/essong/drobot/install/drobot_scan_2d:/home/essong/make_ai_robot/install/unitree_guide2:/home/essong/make_ai_robot/install/go1_simulation:/home/essong/make_ai_robot/install/ros2_unitree_legged_control:/home/essong/make_ai_robot/install/ros2_unitree_legged_msgs:/home/essong/make_ai_robot/install/path_tracker:/home/essong/make_ai_robot/install/language_command_handler:/home/essong/make_ai_robot/install/custom_interfaces:/home/essong/make_ai_robot/install/aws_robomaker_hospital_world:/home/essong/make-ai-robot/install/unitree_guide2:/home/essong/make-ai-robot/install/go1_simulation:/home/essong/make-ai-robot/install/ros2_unitree_legged_control:/home/essong/make-ai-robot/install/ros2_unitree_legged_msgs:/home/essong/make-ai-robot/install/path_tracker:/home/essong/make-ai-robot/install/localization:/home/essong/make-ai-robot/install/language_command_handler:/home/essong/make-ai-robot/install/custom_interfaces:/home/essong/make-ai-robot/install/aws_robomaker_hospital_world:/home/essong/make-ai-robot/install/astar_planner:/opt/ros/jazzy/opt/gz_sim_vendor:/opt/ros/jazzy/opt/gz_sensors_vendor:/opt/ros/jazzy/opt/gz_physics_vendor:/opt/ros/jazzy/opt/sdformat_vendor:/opt/ros/jazzy/opt/gz_gui_vendor:/opt/ros/jazzy/opt/gz_transport_vendor:/opt/ros/jazzy/opt/gz_rendering_vendor:/opt/ros/jazzy/opt/gz_plugin_vendor:/opt/ros/jazzy/opt/gz_fuel_tools_vendor:/opt/ros/jazzy/opt/gz_msgs_vendor:/opt/ros/jazzy/opt/gz_common_vendor:/opt/ros/jazzy/opt/gz_math_vendor:/opt/ros/jazzy/opt/gz_utils_vendor:/opt/ros/jazzy/opt/gz_tools_vendor:/opt/ros/jazzy/opt/gz_ogre_next_vendor:/opt/ros/jazzy/opt/gz_dartsim_vendor:/opt/ros/jazzy/opt/gz_cmake_vendor:/home/essong/drobot/install/perception:/home/essong/drobot/install/drobot_strategy:/home/essong/drobot/install/drobot_scan_3d:/home/essong/drobot/install/drobot_bringup:/home/essong/drobot/install/drobot_controller:/home/essong/make_ai_robot/install/module_test:/home/essong/make-ai-robot/install/perception:/home/essong/make-ai-robot/install/module_test:/opt/ros/jazzy DEBUGINFOD_URLS=https://debuginfod.ubuntu.com /usr/bin/cmake --build /home/essong/drobot/build/drobot_scan_2d -- -j12 -l12
[1.030s] Built target ament_cmake_python_symlink_drobot_scan_2d
[1.271s] running egg_info
[1.271s] creating drobot_scan_2d.egg-info
[1.294s] writing drobot_scan_2d.egg-info/PKG-INFO
[1.294s] writing dependency_links to drobot_scan_2d.egg-info/dependency_links.txt
[1.294s] writing top-level names to drobot_scan_2d.egg-info/top_level.txt
[1.294s] writing manifest file 'drobot_scan_2d.egg-info/SOURCES.txt'
[1.366s] reading manifest file 'drobot_scan_2d.egg-info/SOURCES.txt'
[1.366s] writing manifest file 'drobot_scan_2d.egg-info/SOURCES.txt'
[1.398s] Built target ament_cmake_python_build_drobot_scan_2d_egg
[1.411s] Invoked command in '/home/essong/drobot/build/drobot_scan_2d' returned '0': CMAKE_PREFIX_PATH=/home/essong/drobot/install/drobot_description:/home/essong/drobot/install/drobot_simulator:/home/essong/drobot/install/drobot_scan_2d:/home/essong/make_ai_robot/install/unitree_guide2:/home/essong/make_ai_robot/install/go1_simulation:/home/essong/make_ai_robot/install/ros2_unitree_legged_control:/home/essong/make_ai_robot/install/ros2_unitree_legged_msgs:/home/essong/make_ai_robot/install/path_tracker:/home/essong/make_ai_robot/install/language_command_handler:/home/essong/make_ai_robot/install/custom_interfaces:/home/essong/make_ai_robot/install/aws_robomaker_hospital_world:/home/essong/make-ai-robot/install/unitree_guide2:/home/essong/make-ai-robot/install/go1_simulation:/home/essong/make-ai-robot/install/ros2_unitree_legged_control:/home/essong/make-ai-robot/install/ros2_unitree_legged_msgs:/home/essong/make-ai-robot/install/path_tracker:/home/essong/make-ai-robot/install/localization:/home/essong/make-ai-robot/install/language_command_handler:/home/essong/make-ai-robot/install/custom_interfaces:/home/essong/make-ai-robot/install/aws_robomaker_hospital_world:/home/essong/make-ai-robot/install/astar_planner:/opt/ros/jazzy/opt/gz_sim_vendor:/opt/ros/jazzy/opt/gz_sensors_vendor:/opt/ros/jazzy/opt/gz_physics_vendor:/opt/ros/jazzy/opt/sdformat_vendor:/opt/ros/jazzy/opt/gz_gui_vendor:/opt/ros/jazzy/opt/gz_transport_vendor:/opt/ros/jazzy/opt/gz_rendering_vendor:/opt/ros/jazzy/opt/gz_plugin_vendor:/opt/ros/jazzy/opt/gz_fuel_tools_vendor:/opt/ros/jazzy/opt/gz_msgs_vendor:/opt/ros/jazzy/opt/gz_common_vendor:/opt/ros/jazzy/opt/gz_math_vendor:/opt/ros/jazzy/opt/gz_utils_vendor:/opt/ros/jazzy/opt/gz_tools_vendor:/opt/ros/jazzy/opt/gz_ogre_next_vendor:/opt/ros/jazzy/opt/gz_dartsim_vendor:/opt/ros/jazzy/opt/gz_cmake_vendor:/home/essong/drobot/install/perception:/home/essong/drobot/install/drobot_strategy:/home/essong/drobot/install/drobot_scan_3d:/home/essong/drobot/install/drobot_bringup:/home/essong/drobot/install/drobot_controller:/home/essong/make_ai_robot/install/module_test:/home/essong/make-ai-robot/install/perception:/home/essong/make-ai-robot/install/module_test:/opt/ros/jazzy DEBUGINFOD_URLS=https://debuginfod.ubuntu.com /usr/bin/cmake --build /home/essong/drobot/build/drobot_scan_2d -- -j12 -l12
[1.413s] Invoking command in '/home/essong/drobot/build/drobot_scan_2d': CMAKE_PREFIX_PATH=/home/essong/drobot/install/drobot_description:/home/essong/drobot/install/drobot_simulator:/home/essong/drobot/install/drobot_scan_2d:/home/essong/make_ai_robot/install/unitree_guide2:/home/essong/make_ai_robot/install/go1_simulation:/home/essong/make_ai_robot/install/ros2_unitree_legged_control:/home/essong/make_ai_robot/install/ros2_unitree_legged_msgs:/home/essong/make_ai_robot/install/path_tracker:/home/essong/make_ai_robot/install/language_command_handler:/home/essong/make_ai_robot/install/custom_interfaces:/home/essong/make_ai_robot/install/aws_robomaker_hospital_world:/home/essong/make-ai-robot/install/unitree_guide2:/home/essong/make-ai-robot/install/go1_simulation:/home/essong/make-ai-robot/install/ros2_unitree_legged_control:/home/essong/make-ai-robot/install/ros2_unitree_legged_msgs:/home/essong/make-ai-robot/install/path_tracker:/home/essong/make-ai-robot/install/localization:/home/essong/make-ai-robot/install/language_command_handler:/home/essong/make-ai-robot/install/custom_interfaces:/home/essong/make-ai-robot/install/aws_robomaker_hospital_world:/home/essong/make-ai-robot/install/astar_planner:/opt/ros/jazzy/opt/gz_sim_vendor:/opt/ros/jazzy/opt/gz_sensors_vendor:/opt/ros/jazzy/opt/gz_physics_vendor:/opt/ros/jazzy/opt/sdformat_vendor:/opt/ros/jazzy/opt/gz_gui_vendor:/opt/ros/jazzy/opt/gz_transport_vendor:/opt/ros/jazzy/opt/gz_rendering_vendor:/opt/ros/jazzy/opt/gz_plugin_vendor:/opt/ros/jazzy/opt/gz_fuel_tools_vendor:/opt/ros/jazzy/opt/gz_msgs_vendor:/opt/ros/jazzy/opt/gz_common_vendor:/opt/ros/jazzy/opt/gz_math_vendor:/opt/ros/jazzy/opt/gz_utils_vendor:/opt/ros/jazzy/opt/gz_tools_vendor:/opt/ros/jazzy/opt/gz_ogre_next_vendor:/opt/ros/jazzy/opt/gz_dartsim_vendor:/opt/ros/jazzy/opt/gz_cmake_vendor:/home/essong/drobot/install/perception:/home/essong/drobot/install/drobot_strategy:/home/essong/drobot/install/drobot_scan_3d:/home/essong/drobot/install/drobot_bringup:/home/essong/drobot/install/drobot_controller:/home/essong/make_ai_robot/install/module_test:/home/essong/make-ai-robot/install/perception:/home/essong/make-ai-robot/install/module_test:/opt/ros/jazzy DEBUGINFOD_URLS=https://debuginfod.ubuntu.com /usr/bin/cmake --install /home/essong/drobot/build/drobot_scan_2d
[1.422s] -- Install configuration: ""
[1.423s] -- Execute custom install script
[1.423s] -- Symlinking: /home/essong/drobot/install/drobot_scan_2d/share/drobot_scan_2d/environment/pythonpath.sh
[1.434s] -- Symlinking: /home/essong/drobot/install/drobot_scan_2d/share/drobot_scan_2d/environment/pythonpath.dsv
[1.446s] -- Symlinking: /home/essong/drobot/install/drobot_scan_2d/lib/python3.12/site-packages/drobot_scan_2d-2.0.0-py3.12.egg-info/PKG-INFO
[1.456s] -- Symlinking: /home/essong/drobot/install/drobot_scan_2d/lib/python3.12/site-packages/drobot_scan_2d-2.0.0-py3.12.egg-info/SOURCES.txt
[1.467s] -- Symlinking: /home/essong/drobot/install/drobot_scan_2d/lib/python3.12/site-packages/drobot_scan_2d-2.0.0-py3.12.egg-info/dependency_links.txt
[1.478s] -- Symlinking: /home/essong/drobot/install/drobot_scan_2d/lib/python3.12/site-packages/drobot_scan_2d-2.0.0-py3.12.egg-info/top_level.txt
[1.489s] -- Symlinking: /home/essong/drobot/install/drobot_scan_2d/lib/python3.12/site-packages/drobot_scan_2d/__init__.py
[1.498s] -- Symlinking: /home/essong/drobot/install/drobot_scan_2d/lib/python3.12/site-packages/drobot_scan_2d/config.py
[1.510s] -- Symlinking: /home/essong/drobot/install/drobot_scan_2d/lib/python3.12/site-packages/drobot_scan_2d/goal_navigator.py
[1.520s] -- Symlinking: /home/essong/drobot/install/drobot_scan_2d/lib/python3.12/site-packages/drobot_scan_2d/rules/__init__.py
[1.531s] -- Symlinking: /home/essong/drobot/install/drobot_scan_2d/lib/python3.12/site-packages/drobot_scan_2d/rules/engine.py
[1.541s] -- Symlinking: /home/essong/drobot/install/drobot_scan_2d/lib/drobot_scan_2d/goal_navigator.py
[1.551s] -- Symlinking: /home/essong/drobot/install/drobot_scan_2d/share/ament_index/resource_index/package_run_dependencies/drobot_scan_2d
[1.562s] -- Symlinking: /home/essong/drobot/install/drobot_scan_2d/share/ament_index/resource_index/parent_prefix_path/drobot_scan_2d
[1.572s] -- Symlinking: /home/essong/drobot/install/drobot_scan_2d/share/drobot_scan_2d/environment/ament_prefix_path.sh
[1.582s] -- Symlinking: /home/essong/drobot/install/drobot_scan_2d/share/drobot_scan_2d/environment/ament_prefix_path.dsv
[1.592s] -- Symlinking: /home/essong/drobot/install/drobot_scan_2d/share/drobot_scan_2d/environment/path.sh
[1.603s] -- Symlinking: /home/essong/drobot/install/drobot_scan_2d/share/drobot_scan_2d/environment/path.dsv
[1.613s] -- Symlinking: /home/essong/drobot/install/drobot_scan_2d/share/drobot_scan_2d/local_setup.bash
[1.625s] -- Symlinking: /home/essong/drobot/install/drobot_scan_2d/share/drobot_scan_2d/local_setup.sh
[1.635s] -- Symlinking: /home/essong/drobot/install/drobot_scan_2d/share/drobot_scan_2d/local_setup.zsh
[1.645s] -- Symlinking: /home/essong/drobot/install/drobot_scan_2d/share/drobot_scan_2d/local_setup.dsv
[1.655s] -- Symlinking: /home/essong/drobot/install/drobot_scan_2d/share/drobot_scan_2d/package.dsv
[1.665s] -- Symlinking: /home/essong/drobot/install/drobot_scan_2d/share/ament_index/resource_index/packages/drobot_scan_2d
[1.676s] -- Symlinking: /home/essong/drobot/install/drobot_scan_2d/share/drobot_scan_2d/cmake/drobot_scan_2dConfig.cmake
[1.685s] -- Symlinking: /home/essong/drobot/install/drobot_scan_2d/share/drobot_scan_2d/cmake/drobot_scan_2dConfig-version.cmake
[1.694s] -- Symlinking: /home/essong/drobot/install/drobot_scan_2d/share/drobot_scan_2d/package.xml
[1.745s] Listing '/home/essong/drobot/install/drobot_scan_2d/lib/python3.12/site-packages/drobot_scan_2d'...
[1.745s] Listing '/home/essong/drobot/install/drobot_scan_2d/lib/python3.12/site-packages/drobot_scan_2d/rules'...
[1.753s] Invoked command in '/home/essong/drobot/build/drobot_scan_2d' returned '0': CMAKE_PREFIX_PATH=/home/essong/drobot/install/drobot_description:/home/essong/drobot/install/drobot_simulator:/home/essong/drobot/install/drobot_scan_2d:/home/essong/make_ai_robot/install/unitree_guide2:/home/essong/make_ai_robot/install/go1_simulation:/home/essong/make_ai_robot/install/ros2_unitree_legged_control:/home/essong/make_ai_robot/install/ros2_unitree_legged_msgs:/home/essong/make_ai_robot/install/path_tracker:/home/essong/make_ai_robot/install/language_command_handler:/home/essong/make_ai_robot/install/custom_interfaces:/home/essong/make_ai_robot/install/aws_robomaker_hospital_world:/home/essong/make-ai-robot/install/unitree_guide2:/home/essong/make-ai-robot/install/go1_simulation:/home/essong/make-ai-robot/install/ros2_unitree_legged_control:/home/essong/make-ai-robot/install/ros2_unitree_legged_msgs:/home/essong/make-ai-robot/install/path_tracker:/home/essong/make-ai-robot/install/localization:/home/essong/make-ai-robot/install/language_command_handler:/home/essong/make-ai-robot/install/custom_interfaces:/home/essong/make-ai-robot/install/aws_robomaker_hospital_world:/home/essong/make-ai-robot/install/astar_planner:/opt/ros/jazzy/opt/gz_sim_vendor:/opt/ros/jazzy/opt/gz_sensors_vendor:/opt/ros/jazzy/opt/gz_physics_vendor:/opt/ros/jazzy/opt/sdformat_vendor:/opt/ros/jazzy/opt/gz_gui_vendor:/opt/ros/jazzy/opt/gz_transport_vendor:/opt/ros/jazzy/opt/gz_rendering_vendor:/opt/ros/jazzy/opt/gz_plugin_vendor:/opt/ros/jazzy/opt/gz_fuel_tools_vendor:/opt/ros/jazzy/opt/gz_msgs_vendor:/opt/ros/jazzy/opt/gz_common_vendor:/opt/ros/jazzy/opt/gz_math_vendor:/opt/ros/jazzy/opt/gz_utils_vendor:/opt/ros/jazzy/opt/gz_tools_vendor:/opt/ros/jazzy/opt/gz_ogre_next_vendor:/opt/ros/jazzy/opt/gz_dartsim_vendor:/opt/ros/jazzy/opt/gz_cmake_vendor:/home/essong/drobot/install/perception:/home/essong/drobot/install/drobot_strategy:/home/essong/drobot/install/drobot_scan_3d:/home/essong/drobot/install/drobot_bringup:/home/essong/drobot/install/drobot_controller:/home/essong/make_ai_robot/install/module_test:/home/essong/make-ai-robot/install/perception:/home/essong/make-ai-robot/install/module_test:/opt/ros/jazzy DEBUGINFOD_URLS=https://debuginfod.ubuntu.com /usr/bin/cmake --install /home/essong/drobot/build/drobot_scan_2d
