[1.092s] Invoking command in '/home/essong/drobot/build/drobot_simulator': CMAKE_PREFIX_PATH=${CMAKE_PREFIX_PATH}:/home/essong/drobot/install/perception:/home/essong/drobot/install/drobot_strategy:/home/essong/drobot/install/drobot_scan_3d:/home/essong/drobot/install/drobot_bringup:/home/essong/drobot/install/drobot_controller:/home/essong/make_ai_robot/install/module_test:/home/essong/make-ai-robot/install/perception:/home/essong/make-ai-robot/install/module_test:/opt/ros/jazzy DEBUGINFOD_URLS=https://debuginfod.ubuntu.com /usr/bin/cmake /home/essong/drobot/ros2_ws/src/drobot_simulator -DAMENT_CMAKE_SYMLINK_INSTALL=1 -DCMAKE_INSTALL_PREFIX=/home/essong/drobot/install/drobot_simulator
[1.357s] -- The C compiler identification is GNU 13.3.0
[1.357s] -- The CXX compiler identification is GNU 13.3.0
[1.357s] -- Detecting C compiler ABI info
[1.357s] -- Detecting C compiler ABI info - done
[1.357s] -- Check for working C compiler: /usr/bin/cc - skipped
[1.357s] -- Detecting C compile features
[1.357s] -- Detecting C compile features - done
[1.359s] -- Detecting CXX compiler ABI info
[1.477s] -- Detecting CXX compiler ABI info - done
[1.485s] -- Check for working CXX compiler: /usr/bin/c++ - skipped
[1.486s] -- Detecting CXX compile features
[1.486s] -- Detecting CXX compile features - done
[1.493s] -- Found ament_cmake: 2.5.5 (/opt/ros/jazzy/share/ament_cmake/cmake)
[1.714s] -- Found Python3: /usr/bin/python3 (found version "3.12.3") found components: Interpreter 
[1.807s] -- Override CMake install command with custom implementation using symlinks instead of copying resources
[1.924s] -- Found ament_lint_auto: 0.17.4 (/opt/ros/jazzy/share/ament_lint_auto/cmake)
[2.087s] -- Added test 'lint_cmake' to check CMake code style
[2.089s] -- Added test 'xmllint' to check XML markup files
[2.092s] -- Configuring done (1.0s)
[2.096s] -- Generating done (0.0s)
[2.097s] -- Build files have been written to: /home/essong/drobot/build/drobot_simulator
[2.103s] Invoked command in '/home/essong/drobot/build/drobot_simulator' returned '0': CMAKE_PREFIX_PATH=${CMAKE_PREFIX_PATH}:/home/essong/drobot/install/perception:/home/essong/drobot/install/drobot_strategy:/home/essong/drobot/install/drobot_scan_3d:/home/essong/drobot/install/drobot_bringup:/home/essong/drobot/install/drobot_controller:/home/essong/make_ai_robot/install/module_test:/home/essong/make-ai-robot/install/perception:/home/essong/make-ai-robot/install/module_test:/opt/ros/jazzy DEBUGINFOD_URLS=https://debuginfod.ubuntu.com /usr/bin/cmake /home/essong/drobot/ros2_ws/src/drobot_simulator -DAMENT_CMAKE_SYMLINK_INSTALL=1 -DCMAKE_INSTALL_PREFIX=/home/essong/drobot/install/drobot_simulator
[2.104s] Invoking command in '/home/essong/drobot/build/drobot_simulator': CMAKE_PREFIX_PATH=${CMAKE_PREFIX_PATH}:/home/essong/drobot/install/perception:/home/essong/drobot/install/drobot_strategy:/home/essong/drobot/install/drobot_scan_3d:/home/essong/drobot/install/drobot_bringup:/home/essong/drobot/install/drobot_controller:/home/essong/make_ai_robot/install/module_test:/home/essong/make-ai-robot/install/perception:/home/essong/make-ai-robot/install/module_test:/opt/ros/jazzy DEBUGINFOD_URLS=https://debuginfod.ubuntu.com /usr/bin/cmake --build /home/essong/drobot/build/drobot_simulator -- -j12 -l12
[2.156s] Invoked command in '/home/essong/drobot/build/drobot_simulator' returned '0': CMAKE_PREFIX_PATH=${CMAKE_PREFIX_PATH}:/home/essong/drobot/install/perception:/home/essong/drobot/install/drobot_strategy:/home/essong/drobot/install/drobot_scan_3d:/home/essong/drobot/install/drobot_bringup:/home/essong/drobot/install/drobot_controller:/home/essong/make_ai_robot/install/module_test:/home/essong/make-ai-robot/install/perception:/home/essong/make-ai-robot/install/module_test:/opt/ros/jazzy DEBUGINFOD_URLS=https://debuginfod.ubuntu.com /usr/bin/cmake --build /home/essong/drobot/build/drobot_simulator -- -j12 -l12
[2.157s] Invoking command in '/home/essong/drobot/build/drobot_simulator': CMAKE_PREFIX_PATH=${CMAKE_PREFIX_PATH}:/home/essong/drobot/install/perception:/home/essong/drobot/install/drobot_strategy:/home/essong/drobot/install/drobot_scan_3d:/home/essong/drobot/install/drobot_bringup:/home/essong/drobot/install/drobot_controller:/home/essong/make_ai_robot/install/module_test:/home/essong/make-ai-robot/install/perception:/home/essong/make-ai-robot/install/module_test:/opt/ros/jazzy DEBUGINFOD_URLS=https://debuginfod.ubuntu.com /usr/bin/cmake --install /home/essong/drobot/build/drobot_simulator
[2.169s] -- Install configuration: ""
[2.170s] -- Execute custom install script
[2.170s] -- Symlinking: /home/essong/drobot/install/drobot_simulator/share/ament_index/resource_index/package_run_dependencies/drobot_simulator
[2.181s] -- Symlinking: /home/essong/drobot/install/drobot_simulator/share/ament_index/resource_index/parent_prefix_path/drobot_simulator
[2.192s] -- Symlinking: /home/essong/drobot/install/drobot_simulator/share/drobot_simulator/environment/ament_prefix_path.sh
[2.204s] -- Symlinking: /home/essong/drobot/install/drobot_simulator/share/drobot_simulator/environment/ament_prefix_path.dsv
[2.215s] -- Symlinking: /home/essong/drobot/install/drobot_simulator/share/drobot_simulator/environment/path.sh
[2.227s] -- Symlinking: /home/essong/drobot/install/drobot_simulator/share/drobot_simulator/environment/path.dsv
[2.239s] -- Symlinking: /home/essong/drobot/install/drobot_simulator/share/drobot_simulator/local_setup.bash
[2.251s] -- Symlinking: /home/essong/drobot/install/drobot_simulator/share/drobot_simulator/local_setup.sh
[2.264s] -- Symlinking: /home/essong/drobot/install/drobot_simulator/share/drobot_simulator/local_setup.zsh
[2.277s] -- Symlinking: /home/essong/drobot/install/drobot_simulator/share/drobot_simulator/local_setup.dsv
[2.292s] -- Symlinking: /home/essong/drobot/install/drobot_simulator/share/drobot_simulator/package.dsv
[2.307s] -- Symlinking: /home/essong/drobot/install/drobot_simulator/share/ament_index/resource_index/packages/drobot_simulator
[2.321s] -- Symlinking: /home/essong/drobot/install/drobot_simulator/share/drobot_simulator/cmake/drobot_simulatorConfig.cmake
[2.333s] -- Symlinking: /home/essong/drobot/install/drobot_simulator/share/drobot_simulator/cmake/drobot_simulatorConfig-version.cmake
[2.345s] -- Symlinking: /home/essong/drobot/install/drobot_simulator/share/drobot_simulator/package.xml
[2.359s] Invoked command in '/home/essong/drobot/build/drobot_simulator' returned '0': CMAKE_PREFIX_PATH=${CMAKE_PREFIX_PATH}:/home/essong/drobot/install/perception:/home/essong/drobot/install/drobot_strategy:/home/essong/drobot/install/drobot_scan_3d:/home/essong/drobot/install/drobot_bringup:/home/essong/drobot/install/drobot_controller:/home/essong/make_ai_robot/install/module_test:/home/essong/make-ai-robot/install/perception:/home/essong/make-ai-robot/install/module_test:/opt/ros/jazzy DEBUGINFOD_URLS=https://debuginfod.ubuntu.com /usr/bin/cmake --install /home/essong/drobot/build/drobot_simulator
