[1.687s] Invoking command in '/home/leo11dk/Desktop/drobot/ros2_ws/src/perception': DEBUGINFOD_URLS=https://debuginfod.ubuntu.com PYTHONPATH=/home/leo11dk/Desktop/drobot/build/perception/prefix_override:/usr/lib/python3/dist-packages/colcon_core/task/python/colcon_distutils_commands:/home/leo11dk/Desktop/drobot/install/perception/lib/python3.12/site-packages:${PYTHONPATH} /usr/bin/python3 -W ignore:setup.py install is deprecated -W ignore:easy_install command is deprecated setup.py egg_info --egg-base ../../../build/perception build --build-base /home/leo11dk/Desktop/drobot/build/perception/build install --record /home/leo11dk/Desktop/drobot/build/perception/install.log --single-version-externally-managed install_data
[1.998s] running egg_info
[2.022s] writing ../../../build/perception/perception.egg-info/PKG-INFO
[2.023s] writing dependency_links to ../../../build/perception/perception.egg-info/dependency_links.txt
[2.023s] writing entry points to ../../../build/perception/perception.egg-info/entry_points.txt
[2.023s] writing requirements to ../../../build/perception/perception.egg-info/requires.txt
[2.023s] writing top-level names to ../../../build/perception/perception.egg-info/top_level.txt
[2.072s] reading manifest file '../../../build/perception/perception.egg-info/SOURCES.txt'
[2.073s] writing manifest file '../../../build/perception/perception.egg-info/SOURCES.txt'
[2.073s] running build
[2.073s] running build_py
[2.073s] running install
[2.079s] running install_lib
[2.105s] running install_data
[2.105s] running install_egg_info
[2.130s] removing '/home/leo11dk/Desktop/drobot/install/perception/lib/python3.12/site-packages/perception-0.0.0-py3.12.egg-info' (and everything under it)
[2.132s] Copying ../../../build/perception/perception.egg-info to /home/leo11dk/Desktop/drobot/install/perception/lib/python3.12/site-packages/perception-0.0.0-py3.12.egg-info
[2.132s] running install_scripts
[2.291s] Installing perception_node script to /home/leo11dk/Desktop/drobot/install/perception/lib/perception
[2.291s] writing list of installed files to '/home/leo11dk/Desktop/drobot/build/perception/install.log'
[2.336s] Invoked command in '/home/leo11dk/Desktop/drobot/ros2_ws/src/perception' returned '0': DEBUGINFOD_URLS=https://debuginfod.ubuntu.com PYTHONPATH=/home/leo11dk/Desktop/drobot/build/perception/prefix_override:/usr/lib/python3/dist-packages/colcon_core/task/python/colcon_distutils_commands:/home/leo11dk/Desktop/drobot/install/perception/lib/python3.12/site-packages:${PYTHONPATH} /usr/bin/python3 -W ignore:setup.py install is deprecated -W ignore:easy_install command is deprecated setup.py egg_info --egg-base ../../../build/perception build --build-base /home/leo11dk/Desktop/drobot/build/perception/build install --record /home/leo11dk/Desktop/drobot/build/perception/install.log --single-version-externally-managed install_data
