running egg_info
creating ../../../build/drobot_controller/drobot_controller.egg-info
writing ../../../build/drobot_controller/drobot_controller.egg-info/PKG-INFO
writing dependency_links to ../../../build/drobot_controller/drobot_controller.egg-info/dependency_links.txt
writing entry points to ../../../build/drobot_controller/drobot_controller.egg-info/entry_points.txt
writing requirements to ../../../build/drobot_controller/drobot_controller.egg-info/requires.txt
writing top-level names to ../../../build/drobot_controller/drobot_controller.egg-info/top_level.txt
writing manifest file '../../../build/drobot_controller/drobot_controller.egg-info/SOURCES.txt'
reading manifest file '../../../build/drobot_controller/drobot_controller.egg-info/SOURCES.txt'
writing manifest file '../../../build/drobot_controller/drobot_controller.egg-info/SOURCES.txt'
running build
running build_py
creating /home/leo11dk/Desktop/drobot/build/drobot_controller/build
creating /home/leo11dk/Desktop/drobot/build/drobot_controller/build/lib
creating /home/leo11dk/Desktop/drobot/build/drobot_controller/build/lib/drobot_controller
copying drobot_controller/__init__.py -> /home/leo11dk/Desktop/drobot/build/drobot_controller/build/lib/drobot_controller
copying drobot_controller/manual_controller.py -> /home/leo11dk/Desktop/drobot/build/drobot_controller/build/lib/drobot_controller
running install
running install_lib
creating /home/leo11dk/Desktop/drobot/install/drobot_controller/lib/python3.12/site-packages/drobot_controller
copying /home/leo11dk/Desktop/drobot/build/drobot_controller/build/lib/drobot_controller/__init__.py -> /home/leo11dk/Desktop/drobot/install/drobot_controller/lib/python3.12/site-packages/drobot_controller
copying /home/leo11dk/Desktop/drobot/build/drobot_controller/build/lib/drobot_controller/manual_controller.py -> /home/leo11dk/Desktop/drobot/install/drobot_controller/lib/python3.12/site-packages/drobot_controller
byte-compiling /home/leo11dk/Desktop/drobot/install/drobot_controller/lib/python3.12/site-packages/drobot_controller/__init__.py to __init__.cpython-312.pyc
byte-compiling /home/leo11dk/Desktop/drobot/install/drobot_controller/lib/python3.12/site-packages/drobot_controller/manual_controller.py to manual_controller.cpython-312.pyc
running install_data
creating /home/leo11dk/Desktop/drobot/install/drobot_controller/share/ament_index
creating /home/leo11dk/Desktop/drobot/install/drobot_controller/share/ament_index/resource_index
creating /home/leo11dk/Desktop/drobot/install/drobot_controller/share/ament_index/resource_index/packages
copying resource/drobot_controller -> /home/leo11dk/Desktop/drobot/install/drobot_controller/share/ament_index/resource_index/packages
copying package.xml -> /home/leo11dk/Desktop/drobot/install/drobot_controller/share/drobot_controller
running install_egg_info
Copying ../../../build/drobot_controller/drobot_controller.egg-info to /home/leo11dk/Desktop/drobot/install/drobot_controller/lib/python3.12/site-packages/drobot_controller-0.0.0-py3.12.egg-info
running install_scripts
Installing manual_controller script to /home/leo11dk/Desktop/drobot/install/drobot_controller/lib/drobot_controller
writing list of installed files to '/home/leo11dk/Desktop/drobot/build/drobot_controller/install.log'
