[1.057s] Invoking command in '/home/leo11dk/Desktop/drobot/ros2_ws/src/drobot_bringup': AMENT_PREFIX_PATH=/home/leo11dk/Desktop/drobot/install/drobot_scan_2d:/home/leo11dk/Desktop/drobot/install/drobot_description:/home/leo11dk/Desktop/drobot/install/drobot_controller:${AMENT_PREFIX_PATH} CMAKE_PREFIX_PATH=/home/leo11dk/Desktop/drobot/install/drobot_scan_2d:/home/leo11dk/Desktop/drobot/install/drobot_description:${CMAKE_PREFIX_PATH} DEBUGINFOD_URLS=https://debuginfod.ubuntu.com PYTHONPATH=/home/leo11dk/Desktop/drobot/build/drobot_bringup/prefix_override:/usr/lib/python3/dist-packages/colcon_core/task/python/colcon_distutils_commands:/home/leo11dk/Desktop/drobot/install/drobot_bringup/lib/python3.12/site-packages:/home/leo11dk/Desktop/drobot/install/drobot_scan_2d/lib/python3.12/site-packages:/home/leo11dk/Desktop/drobot/install/drobot_controller/lib/python3.12/site-packages:${PYTHONPATH} /usr/bin/python3 -W ignore:setup.py install is deprecated -W ignore:easy_install command is deprecated setup.py egg_info --egg-base ../../../build/drobot_bringup build --build-base /home/leo11dk/Desktop/drobot/build/drobot_bringup/build install --record /home/leo11dk/Desktop/drobot/build/drobot_bringup/install.log --single-version-externally-managed install_data
[1.386s] running egg_info
[1.411s] writing ../../../build/drobot_bringup/drobot_bringup.egg-info/PKG-INFO
[1.412s] writing dependency_links to ../../../build/drobot_bringup/drobot_bringup.egg-info/dependency_links.txt
[1.412s] writing entry points to ../../../build/drobot_bringup/drobot_bringup.egg-info/entry_points.txt
[1.412s] writing requirements to ../../../build/drobot_bringup/drobot_bringup.egg-info/requires.txt
[1.412s] writing top-level names to ../../../build/drobot_bringup/drobot_bringup.egg-info/top_level.txt
[1.465s] reading manifest file '../../../build/drobot_bringup/drobot_bringup.egg-info/SOURCES.txt'
[1.466s] writing manifest file '../../../build/drobot_bringup/drobot_bringup.egg-info/SOURCES.txt'
[1.466s] running build
[1.466s] running build_py
[1.466s] running install
[1.473s] running install_lib
[1.499s] running install_data
[1.499s] running install_egg_info
[1.526s] removing '/home/leo11dk/Desktop/drobot/install/drobot_bringup/lib/python3.12/site-packages/drobot_bringup-0.0.0-py3.12.egg-info' (and everything under it)
[1.526s] Copying ../../../build/drobot_bringup/drobot_bringup.egg-info to /home/leo11dk/Desktop/drobot/install/drobot_bringup/lib/python3.12/site-packages/drobot_bringup-0.0.0-py3.12.egg-info
[1.527s] running install_scripts
[1.702s] Installing world_ui script to /home/leo11dk/Desktop/drobot/install/drobot_bringup/lib/drobot_bringup
[1.702s] writing list of installed files to '/home/leo11dk/Desktop/drobot/build/drobot_bringup/install.log'
[1.739s] Invoked command in '/home/leo11dk/Desktop/drobot/ros2_ws/src/drobot_bringup' returned '0': AMENT_PREFIX_PATH=/home/leo11dk/Desktop/drobot/install/drobot_scan_2d:/home/leo11dk/Desktop/drobot/install/drobot_description:/home/leo11dk/Desktop/drobot/install/drobot_controller:${AMENT_PREFIX_PATH} CMAKE_PREFIX_PATH=/home/leo11dk/Desktop/drobot/install/drobot_scan_2d:/home/leo11dk/Desktop/drobot/install/drobot_description:${CMAKE_PREFIX_PATH} DEBUGINFOD_URLS=https://debuginfod.ubuntu.com PYTHONPATH=/home/leo11dk/Desktop/drobot/build/drobot_bringup/prefix_override:/usr/lib/python3/dist-packages/colcon_core/task/python/colcon_distutils_commands:/home/leo11dk/Desktop/drobot/install/drobot_bringup/lib/python3.12/site-packages:/home/leo11dk/Desktop/drobot/install/drobot_scan_2d/lib/python3.12/site-packages:/home/leo11dk/Desktop/drobot/install/drobot_controller/lib/python3.12/site-packages:${PYTHONPATH} /usr/bin/python3 -W ignore:setup.py install is deprecated -W ignore:easy_install command is deprecated setup.py egg_info --egg-base ../../../build/drobot_bringup build --build-base /home/leo11dk/Desktop/drobot/build/drobot_bringup/build install --record /home/leo11dk/Desktop/drobot/build/drobot_bringup/install.log --single-version-externally-managed install_data
