/home/leo11dk/Desktop/drobot/install/drobot_bringup/lib/python3.12/site-packages/drobot_bringup/__init__.py
/home/leo11dk/Desktop/drobot/install/drobot_bringup/lib/python3.12/site-packages/drobot_bringup/__pycache__/__init__.cpython-312.pyc
/home/leo11dk/Desktop/drobot/install/drobot_bringup/share/ament_index/resource_index/packages/drobot_bringup
/home/leo11dk/Desktop/drobot/install/drobot_bringup/share/drobot_bringup/package.xml
/home/leo11dk/Desktop/drobot/install/drobot_bringup/share/drobot_bringup/launch/controller.launch.py
/home/leo11dk/Desktop/drobot/install/drobot_bringup/share/drobot_bringup/launch/ui.launch.py
/home/leo11dk/Desktop/drobot/install/drobot_bringup/share/drobot_bringup/launch/navigation.launch.py
/home/leo11dk/Desktop/drobot/install/drobot_bringup/share/drobot_bringup/config/common/slam_params.yaml
/home/leo11dk/Desktop/drobot/install/drobot_bringup/share/drobot_bringup/config/common/ekf.yaml
/home/leo11dk/Desktop/drobot/install/drobot_bringup/share/drobot_bringup/config/common/ros_gz_bridge.yaml
/home/leo11dk/Desktop/drobot/install/drobot_bringup/share/drobot_bringup/config/navigation/display.rviz
/home/leo11dk/Desktop/drobot/install/drobot_bringup/share/drobot_bringup/config/navigation/rules.yaml
/home/leo11dk/Desktop/drobot/install/drobot_bringup/share/drobot_bringup/config/navigation/nav2_params.yaml
/home/leo11dk/Desktop/drobot/install/drobot_bringup/share/drobot_bringup/config/navigation/navigate_with_replanning.xml
/home/leo11dk/Desktop/drobot/install/drobot_bringup/share/drobot_bringup/config/spawn_positions.yaml
/home/leo11dk/Desktop/drobot/install/drobot_bringup/lib/python3.12/site-packages/drobot_bringup-0.0.0-py3.12.egg-info/dependency_links.txt
/home/leo11dk/Desktop/drobot/install/drobot_bringup/lib/python3.12/site-packages/drobot_bringup-0.0.0-py3.12.egg-info/top_level.txt
/home/leo11dk/Desktop/drobot/install/drobot_bringup/lib/python3.12/site-packages/drobot_bringup-0.0.0-py3.12.egg-info/SOURCES.txt
/home/leo11dk/Desktop/drobot/install/drobot_bringup/lib/python3.12/site-packages/drobot_bringup-0.0.0-py3.12.egg-info/entry_points.txt
/home/leo11dk/Desktop/drobot/install/drobot_bringup/lib/python3.12/site-packages/drobot_bringup-0.0.0-py3.12.egg-info/PKG-INFO
/home/leo11dk/Desktop/drobot/install/drobot_bringup/lib/python3.12/site-packages/drobot_bringup-0.0.0-py3.12.egg-info/zip-safe
/home/leo11dk/Desktop/drobot/install/drobot_bringup/lib/python3.12/site-packages/drobot_bringup-0.0.0-py3.12.egg-info/requires.txt
/home/leo11dk/Desktop/drobot/install/drobot_bringup/lib/drobot_bringup/world_ui
