[0.274s] DEBUG:colcon:Command line arguments: ['/usr/bin/colcon', 'build', '--symlink-install', '--packages-select', 'drobot_bringup']
[0.274s] DEBUG:colcon:Parsed command line arguments: Namespace(log_base=None, log_level=None, verb_name='build', build_base='build', install_base='install', merge_install=False, symlink_install=True, test_result_base=None, continue_on_error=False, executor='parallel', parallel_workers=12, event_handlers=None, ignore_user_meta=False, metas=['./colcon.meta'], base_paths=['.'], packages_ignore=None, packages_ignore_regex=None, paths=None, packages_up_to=None, packages_up_to_regex=None, packages_above=None, packages_above_and_dependencies=None, packages_above_depth=None, packages_select_by_dep=None, packages_skip_by_dep=None, packages_skip_up_to=None, packages_select_build_failed=False, packages_skip_build_finished=False, packages_select_test_failures=False, packages_skip_test_passed=False, packages_select=['drobot_bringup'], packages_skip=None, packages_select_regex=None, packages_skip_regex=None, packages_start=None, packages_end=None, allow_overriding=[], cmake_args=None, cmake_target=None, cmake_target_skip_unavailable=False, cmake_clean_cache=False, cmake_clean_first=False, cmake_force_configure=False, ament_cmake_args=None, catkin_cmake_args=None, catkin_skip_building_tests=False, mixin_files=None, mixin=None, verb_parser=<colcon_mixin.mixin.mixin_argument.MixinArgumentDecorator object at 0x765396ece420>, verb_extension=<colcon_core.verb.build.BuildVerb object at 0x765396ece150>, main=<bound method BuildVerb.main of <colcon_core.verb.build.BuildVerb object at 0x765396ece150>>, mixin_verb=('build',))
[0.364s] Level 1:colcon.colcon_core.package_discovery:discover_packages(colcon_meta) check parameters
[0.364s] Level 1:colcon.colcon_core.package_discovery:discover_packages(recursive) check parameters
[0.364s] Level 1:colcon.colcon_core.package_discovery:discover_packages(ignore) check parameters
[0.364s] Level 1:colcon.colcon_core.package_discovery:discover_packages(path) check parameters
[0.364s] Level 1:colcon.colcon_core.package_discovery:discover_packages(colcon_meta) discover
[0.364s] Level 1:colcon.colcon_core.package_discovery:discover_packages(recursive) discover
[0.365s] INFO:colcon.colcon_core.package_discovery:Crawling recursively for packages in '/home/essong/drobot'
[0.365s] Level 1:colcon.colcon_core.package_identification:_identify(.) by extensions ['ignore', 'ignore_ament_install']
[0.365s] Level 1:colcon.colcon_core.package_identification:_identify(.) by extension 'ignore'
[0.365s] Level 1:colcon.colcon_core.package_identification:_identify(.) by extension 'ignore_ament_install'
[0.365s] Level 1:colcon.colcon_core.package_identification:_identify(.) by extensions ['colcon_pkg']
[0.365s] Level 1:colcon.colcon_core.package_identification:_identify(.) by extension 'colcon_pkg'
[0.365s] Level 1:colcon.colcon_core.package_identification:_identify(.) by extensions ['colcon_meta']
[0.365s] Level 1:colcon.colcon_core.package_identification:_identify(.) by extension 'colcon_meta'
[0.366s] Level 1:colcon.colcon_core.package_identification:_identify(.) by extensions ['ros']
[0.366s] Level 1:colcon.colcon_core.package_identification:_identify(.) by extension 'ros'
[0.414s] Level 1:colcon.colcon_core.package_identification:_identify(.) by extensions ['cmake', 'python']
[0.415s] Level 1:colcon.colcon_core.package_identification:_identify(.) by extension 'cmake'
[0.415s] Level 1:colcon.colcon_core.package_identification:_identify(.) by extension 'python'
[0.415s] Level 1:colcon.colcon_core.package_identification:_identify(.) by extensions ['python_setup_py']
[0.415s] Level 1:colcon.colcon_core.package_identification:_identify(.) by extension 'python_setup_py'
[0.415s] Level 1:colcon.colcon_core.package_identification:_identify(build) by extensions ['ignore', 'ignore_ament_install']
[0.415s] Level 1:colcon.colcon_core.package_identification:_identify(build) by extension 'ignore'
[0.415s] Level 1:colcon.colcon_core.package_identification:_identify(build) ignored
[0.416s] Level 1:colcon.colcon_core.package_identification:_identify(install) by extensions ['ignore', 'ignore_ament_install']
[0.416s] Level 1:colcon.colcon_core.package_identification:_identify(install) by extension 'ignore'
[0.416s] Level 1:colcon.colcon_core.package_identification:_identify(install) ignored
[0.416s] Level 1:colcon.colcon_core.package_identification:_identify(log) by extensions ['ignore', 'ignore_ament_install']
[0.416s] Level 1:colcon.colcon_core.package_identification:_identify(log) by extension 'ignore'
[0.416s] Level 1:colcon.colcon_core.package_identification:_identify(log) ignored
[0.417s] Level 1:colcon.colcon_core.package_identification:_identify(perception) by extensions ['ignore', 'ignore_ament_install']
[0.417s] Level 1:colcon.colcon_core.package_identification:_identify(perception) by extension 'ignore'
[0.417s] Level 1:colcon.colcon_core.package_identification:_identify(perception) by extension 'ignore_ament_install'
[0.417s] Level 1:colcon.colcon_core.package_identification:_identify(perception) by extensions ['colcon_pkg']
[0.417s] Level 1:colcon.colcon_core.package_identification:_identify(perception) by extension 'colcon_pkg'
[0.417s] Level 1:colcon.colcon_core.package_identification:_identify(perception) by extensions ['colcon_meta']
[0.417s] Level 1:colcon.colcon_core.package_identification:_identify(perception) by extension 'colcon_meta'
[0.417s] Level 1:colcon.colcon_core.package_identification:_identify(perception) by extensions ['ros']
[0.417s] Level 1:colcon.colcon_core.package_identification:_identify(perception) by extension 'ros'
[0.418s] Level 1:colcon.colcon_core.package_identification:_identify(perception) by extensions ['cmake', 'python']
[0.418s] Level 1:colcon.colcon_core.package_identification:_identify(perception) by extension 'cmake'
[0.418s] Level 1:colcon.colcon_core.package_identification:_identify(perception) by extension 'python'
[0.418s] Level 1:colcon.colcon_core.package_identification:_identify(perception) by extensions ['python_setup_py']
[0.418s] Level 1:colcon.colcon_core.package_identification:_identify(perception) by extension 'python_setup_py'
[0.418s] Level 1:colcon.colcon_core.package_identification:_identify(perception/perception) by extensions ['ignore', 'ignore_ament_install']
[0.418s] Level 1:colcon.colcon_core.package_identification:_identify(perception/perception) by extension 'ignore'
[0.419s] Level 1:colcon.colcon_core.package_identification:_identify(perception/perception) by extension 'ignore_ament_install'
[0.419s] Level 1:colcon.colcon_core.package_identification:_identify(perception/perception) by extensions ['colcon_pkg']
[0.419s] Level 1:colcon.colcon_core.package_identification:_identify(perception/perception) by extension 'colcon_pkg'
[0.419s] Level 1:colcon.colcon_core.package_identification:_identify(perception/perception) by extensions ['colcon_meta']
[0.419s] Level 1:colcon.colcon_core.package_identification:_identify(perception/perception) by extension 'colcon_meta'
[0.419s] Level 1:colcon.colcon_core.package_identification:_identify(perception/perception) by extensions ['ros']
[0.419s] Level 1:colcon.colcon_core.package_identification:_identify(perception/perception) by extension 'ros'
[0.419s] Level 1:colcon.colcon_core.package_identification:_identify(perception/perception) by extensions ['cmake', 'python']
[0.419s] Level 1:colcon.colcon_core.package_identification:_identify(perception/perception) by extension 'cmake'
[0.419s] Level 1:colcon.colcon_core.package_identification:_identify(perception/perception) by extension 'python'
[0.420s] Level 1:colcon.colcon_core.package_identification:_identify(perception/perception) by extensions ['python_setup_py']
[0.420s] Level 1:colcon.colcon_core.package_identification:_identify(perception/perception) by extension 'python_setup_py'
[0.420s] Level 1:colcon.colcon_core.package_identification:_identify(perception/perception/__pycache__) by extensions ['ignore', 'ignore_ament_install']
[0.420s] Level 1:colcon.colcon_core.package_identification:_identify(perception/perception/__pycache__) by extension 'ignore'
[0.420s] Level 1:colcon.colcon_core.package_identification:_identify(perception/perception/__pycache__) by extension 'ignore_ament_install'
[0.420s] Level 1:colcon.colcon_core.package_identification:_identify(perception/perception/__pycache__) by extensions ['colcon_pkg']
[0.420s] Level 1:colcon.colcon_core.package_identification:_identify(perception/perception/__pycache__) by extension 'colcon_pkg'
[0.420s] Level 1:colcon.colcon_core.package_identification:_identify(perception/perception/__pycache__) by extensions ['colcon_meta']
[0.421s] Level 1:colcon.colcon_core.package_identification:_identify(perception/perception/__pycache__) by extension 'colcon_meta'
[0.421s] Level 1:colcon.colcon_core.package_identification:_identify(perception/perception/__pycache__) by extensions ['ros']
[0.421s] Level 1:colcon.colcon_core.package_identification:_identify(perception/perception/__pycache__) by extension 'ros'
[0.421s] Level 1:colcon.colcon_core.package_identification:_identify(perception/perception/__pycache__) by extensions ['cmake', 'python']
[0.421s] Level 1:colcon.colcon_core.package_identification:_identify(perception/perception/__pycache__) by extension 'cmake'
[0.421s] Level 1:colcon.colcon_core.package_identification:_identify(perception/perception/__pycache__) by extension 'python'
[0.421s] Level 1:colcon.colcon_core.package_identification:_identify(perception/perception/__pycache__) by extensions ['python_setup_py']
[0.421s] Level 1:colcon.colcon_core.package_identification:_identify(perception/perception/__pycache__) by extension 'python_setup_py'
[0.421s] Level 1:colcon.colcon_core.package_identification:_identify(ros2_ws) by extensions ['ignore', 'ignore_ament_install']
[0.422s] Level 1:colcon.colcon_core.package_identification:_identify(ros2_ws) by extension 'ignore'
[0.422s] Level 1:colcon.colcon_core.package_identification:_identify(ros2_ws) by extension 'ignore_ament_install'
[0.422s] Level 1:colcon.colcon_core.package_identification:_identify(ros2_ws) by extensions ['colcon_pkg']
[0.422s] Level 1:colcon.colcon_core.package_identification:_identify(ros2_ws) by extension 'colcon_pkg'
[0.422s] Level 1:colcon.colcon_core.package_identification:_identify(ros2_ws) by extensions ['colcon_meta']
[0.422s] Level 1:colcon.colcon_core.package_identification:_identify(ros2_ws) by extension 'colcon_meta'
[0.422s] Level 1:colcon.colcon_core.package_identification:_identify(ros2_ws) by extensions ['ros']
[0.422s] Level 1:colcon.colcon_core.package_identification:_identify(ros2_ws) by extension 'ros'
[0.422s] Level 1:colcon.colcon_core.package_identification:_identify(ros2_ws) by extensions ['cmake', 'python']
[0.423s] Level 1:colcon.colcon_core.package_identification:_identify(ros2_ws) by extension 'cmake'
[0.423s] Level 1:colcon.colcon_core.package_identification:_identify(ros2_ws) by extension 'python'
[0.423s] Level 1:colcon.colcon_core.package_identification:_identify(ros2_ws) by extensions ['python_setup_py']
[0.423s] Level 1:colcon.colcon_core.package_identification:_identify(ros2_ws) by extension 'python_setup_py'
[0.423s] Level 1:colcon.colcon_core.package_identification:_identify(ros2_ws/src) by extensions ['ignore', 'ignore_ament_install']
[0.423s] Level 1:colcon.colcon_core.package_identification:_identify(ros2_ws/src) by extension 'ignore'
[0.424s] Level 1:colcon.colcon_core.package_identification:_identify(ros2_ws/src) by extension 'ignore_ament_install'
[0.424s] Level 1:colcon.colcon_core.package_identification:_identify(ros2_ws/src) by extensions ['colcon_pkg']
[0.424s] Level 1:colcon.colcon_core.package_identification:_identify(ros2_ws/src) by extension 'colcon_pkg'
[0.424s] Level 1:colcon.colcon_core.package_identification:_identify(ros2_ws/src) by extensions ['colcon_meta']
[0.424s] Level 1:colcon.colcon_core.package_identification:_identify(ros2_ws/src) by extension 'colcon_meta'
[0.424s] Level 1:colcon.colcon_core.package_identification:_identify(ros2_ws/src) by extensions ['ros']
[0.424s] Level 1:colcon.colcon_core.package_identification:_identify(ros2_ws/src) by extension 'ros'
[0.424s] Level 1:colcon.colcon_core.package_identification:_identify(ros2_ws/src) by extensions ['cmake', 'python']
[0.424s] Level 1:colcon.colcon_core.package_identification:_identify(ros2_ws/src) by extension 'cmake'
[0.425s] Level 1:colcon.colcon_core.package_identification:_identify(ros2_ws/src) by extension 'python'
[0.425s] Level 1:colcon.colcon_core.package_identification:_identify(ros2_ws/src) by extensions ['python_setup_py']
[0.425s] Level 1:colcon.colcon_core.package_identification:_identify(ros2_ws/src) by extension 'python_setup_py'
[0.425s] Level 1:colcon.colcon_core.package_identification:_identify(ros2_ws/src/drobot_bringup) by extensions ['ignore', 'ignore_ament_install']
[0.425s] Level 1:colcon.colcon_core.package_identification:_identify(ros2_ws/src/drobot_bringup) by extension 'ignore'
[0.425s] Level 1:colcon.colcon_core.package_identification:_identify(ros2_ws/src/drobot_bringup) by extension 'ignore_ament_install'
[0.425s] Level 1:colcon.colcon_core.package_identification:_identify(ros2_ws/src/drobot_bringup) by extensions ['colcon_pkg']
[0.426s] Level 1:colcon.colcon_core.package_identification:_identify(ros2_ws/src/drobot_bringup) by extension 'colcon_pkg'
[0.426s] Level 1:colcon.colcon_core.package_identification:_identify(ros2_ws/src/drobot_bringup) by extensions ['colcon_meta']
[0.426s] Level 1:colcon.colcon_core.package_identification:_identify(ros2_ws/src/drobot_bringup) by extension 'colcon_meta'
[0.426s] Level 1:colcon.colcon_core.package_identification:_identify(ros2_ws/src/drobot_bringup) by extensions ['ros']
[0.426s] Level 1:colcon.colcon_core.package_identification:_identify(ros2_ws/src/drobot_bringup) by extension 'ros'
[0.431s] DEBUG:colcon.colcon_core.package_identification:Package 'ros2_ws/src/drobot_bringup' with type 'ros.ament_python' and name 'drobot_bringup'
[0.431s] Level 1:colcon.colcon_core.package_identification:_identify(ros2_ws/src/drobot_controller) by extensions ['ignore', 'ignore_ament_install']
[0.431s] Level 1:colcon.colcon_core.package_identification:_identify(ros2_ws/src/drobot_controller) by extension 'ignore'
[0.432s] Level 1:colcon.colcon_core.package_identification:_identify(ros2_ws/src/drobot_controller) by extension 'ignore_ament_install'
[0.432s] Level 1:colcon.colcon_core.package_identification:_identify(ros2_ws/src/drobot_controller) by extensions ['colcon_pkg']
[0.432s] Level 1:colcon.colcon_core.package_identification:_identify(ros2_ws/src/drobot_controller) by extension 'colcon_pkg'
[0.432s] Level 1:colcon.colcon_core.package_identification:_identify(ros2_ws/src/drobot_controller) by extensions ['colcon_meta']
[0.432s] Level 1:colcon.colcon_core.package_identification:_identify(ros2_ws/src/drobot_controller) by extension 'colcon_meta'
[0.432s] Level 1:colcon.colcon_core.package_identification:_identify(ros2_ws/src/drobot_controller) by extensions ['ros']
[0.432s] Level 1:colcon.colcon_core.package_identification:_identify(ros2_ws/src/drobot_controller) by extension 'ros'
[0.433s] DEBUG:colcon.colcon_core.package_identification:Package 'ros2_ws/src/drobot_controller' with type 'ros.ament_python' and name 'drobot_controller'
[0.434s] Level 1:colcon.colcon_core.package_identification:_identify(ros2_ws/src/drobot_description) by extensions ['ignore', 'ignore_ament_install']
[0.434s] Level 1:colcon.colcon_core.package_identification:_identify(ros2_ws/src/drobot_description) by extension 'ignore'
[0.434s] Level 1:colcon.colcon_core.package_identification:_identify(ros2_ws/src/drobot_description) by extension 'ignore_ament_install'
[0.434s] Level 1:colcon.colcon_core.package_identification:_identify(ros2_ws/src/drobot_description) by extensions ['colcon_pkg']
[0.434s] Level 1:colcon.colcon_core.package_identification:_identify(ros2_ws/src/drobot_description) by extension 'colcon_pkg'
[0.434s] Level 1:colcon.colcon_core.package_identification:_identify(ros2_ws/src/drobot_description) by extensions ['colcon_meta']
[0.434s] Level 1:colcon.colcon_core.package_identification:_identify(ros2_ws/src/drobot_description) by extension 'colcon_meta'
[0.434s] Level 1:colcon.colcon_core.package_identification:_identify(ros2_ws/src/drobot_description) by extensions ['ros']
[0.435s] Level 1:colcon.colcon_core.package_identification:_identify(ros2_ws/src/drobot_description) by extension 'ros'
[0.435s] DEBUG:colcon.colcon_core.package_identification:Package 'ros2_ws/src/drobot_description' with type 'ros.ament_cmake' and name 'drobot_description'
[0.436s] Level 1:colcon.colcon_core.package_identification:_identify(ros2_ws/src/drobot_scan_2d) by extensions ['ignore', 'ignore_ament_install']
[0.436s] Level 1:colcon.colcon_core.package_identification:_identify(ros2_ws/src/drobot_scan_2d) by extension 'ignore'
[0.436s] Level 1:colcon.colcon_core.package_identification:_identify(ros2_ws/src/drobot_scan_2d) by extension 'ignore_ament_install'
[0.436s] Level 1:colcon.colcon_core.package_identification:_identify(ros2_ws/src/drobot_scan_2d) by extensions ['colcon_pkg']
[0.436s] Level 1:colcon.colcon_core.package_identification:_identify(ros2_ws/src/drobot_scan_2d) by extension 'colcon_pkg'
[0.436s] Level 1:colcon.colcon_core.package_identification:_identify(ros2_ws/src/drobot_scan_2d) by extensions ['colcon_meta']
[0.436s] Level 1:colcon.colcon_core.package_identification:_identify(ros2_ws/src/drobot_scan_2d) by extension 'colcon_meta'
[0.436s] Level 1:colcon.colcon_core.package_identification:_identify(ros2_ws/src/drobot_scan_2d) by extensions ['ros']
[0.436s] Level 1:colcon.colcon_core.package_identification:_identify(ros2_ws/src/drobot_scan_2d) by extension 'ros'
[0.438s] DEBUG:colcon.colcon_core.package_identification:Package 'ros2_ws/src/drobot_scan_2d' with type 'ros.ament_cmake' and name 'drobot_scan_2d'
[0.438s] Level 1:colcon.colcon_core.package_identification:_identify(ros2_ws/src/drobot_scan_3d) by extensions ['ignore', 'ignore_ament_install']
[0.438s] Level 1:colcon.colcon_core.package_identification:_identify(ros2_ws/src/drobot_scan_3d) by extension 'ignore'
[0.439s] Level 1:colcon.colcon_core.package_identification:_identify(ros2_ws/src/drobot_scan_3d) by extension 'ignore_ament_install'
[0.439s] Level 1:colcon.colcon_core.package_identification:_identify(ros2_ws/src/drobot_scan_3d) by extensions ['colcon_pkg']
[0.439s] Level 1:colcon.colcon_core.package_identification:_identify(ros2_ws/src/drobot_scan_3d) by extension 'colcon_pkg'
[0.439s] Level 1:colcon.colcon_core.package_identification:_identify(ros2_ws/src/drobot_scan_3d) by extensions ['colcon_meta']
[0.439s] Level 1:colcon.colcon_core.package_identification:_identify(ros2_ws/src/drobot_scan_3d) by extension 'colcon_meta'
[0.439s] Level 1:colcon.colcon_core.package_identification:_identify(ros2_ws/src/drobot_scan_3d) by extensions ['ros']
[0.439s] Level 1:colcon.colcon_core.package_identification:_identify(ros2_ws/src/drobot_scan_3d) by extension 'ros'
[0.440s] DEBUG:colcon.colcon_core.package_identification:Package 'ros2_ws/src/drobot_scan_3d' with type 'ros.ament_python' and name 'drobot_scan_3d'
[0.440s] Level 1:colcon.colcon_core.package_identification:_identify(ros2_ws/src/drobot_simulator) by extensions ['ignore', 'ignore_ament_install']
[0.440s] Level 1:colcon.colcon_core.package_identification:_identify(ros2_ws/src/drobot_simulator) by extension 'ignore'
[0.440s] Level 1:colcon.colcon_core.package_identification:_identify(ros2_ws/src/drobot_simulator) by extension 'ignore_ament_install'
[0.440s] Level 1:colcon.colcon_core.package_identification:_identify(ros2_ws/src/drobot_simulator) by extensions ['colcon_pkg']
[0.440s] Level 1:colcon.colcon_core.package_identification:_identify(ros2_ws/src/drobot_simulator) by extension 'colcon_pkg'
[0.441s] Level 1:colcon.colcon_core.package_identification:_identify(ros2_ws/src/drobot_simulator) by extensions ['colcon_meta']
[0.441s] Level 1:colcon.colcon_core.package_identification:_identify(ros2_ws/src/drobot_simulator) by extension 'colcon_meta'
[0.441s] Level 1:colcon.colcon_core.package_identification:_identify(ros2_ws/src/drobot_simulator) by extensions ['ros']
[0.441s] Level 1:colcon.colcon_core.package_identification:_identify(ros2_ws/src/drobot_simulator) by extension 'ros'
[0.441s] DEBUG:colcon.colcon_core.package_identification:Package 'ros2_ws/src/drobot_simulator' with type 'ros.ament_cmake' and name 'drobot_simulator'
[0.442s] Level 1:colcon.colcon_core.package_identification:_identify(ros2_ws/src/drobot_strategy) by extensions ['ignore', 'ignore_ament_install']
[0.442s] Level 1:colcon.colcon_core.package_identification:_identify(ros2_ws/src/drobot_strategy) by extension 'ignore'
[0.442s] Level 1:colcon.colcon_core.package_identification:_identify(ros2_ws/src/drobot_strategy) by extension 'ignore_ament_install'
[0.442s] Level 1:colcon.colcon_core.package_identification:_identify(ros2_ws/src/drobot_strategy) by extensions ['colcon_pkg']
[0.442s] Level 1:colcon.colcon_core.package_identification:_identify(ros2_ws/src/drobot_strategy) by extension 'colcon_pkg'
[0.442s] Level 1:colcon.colcon_core.package_identification:_identify(ros2_ws/src/drobot_strategy) by extensions ['colcon_meta']
[0.442s] Level 1:colcon.colcon_core.package_identification:_identify(ros2_ws/src/drobot_strategy) by extension 'colcon_meta'
[0.442s] Level 1:colcon.colcon_core.package_identification:_identify(ros2_ws/src/drobot_strategy) by extensions ['ros']
[0.442s] Level 1:colcon.colcon_core.package_identification:_identify(ros2_ws/src/drobot_strategy) by extension 'ros'
[0.443s] DEBUG:colcon.colcon_core.package_identification:Package 'ros2_ws/src/drobot_strategy' with type 'ros.ament_python' and name 'drobot_strategy'
[0.443s] Level 1:colcon.colcon_core.package_identification:_identify(ros2_ws/src/perception) by extensions ['ignore', 'ignore_ament_install']
[0.443s] Level 1:colcon.colcon_core.package_identification:_identify(ros2_ws/src/perception) by extension 'ignore'
[0.443s] Level 1:colcon.colcon_core.package_identification:_identify(ros2_ws/src/perception) by extension 'ignore_ament_install'
[0.444s] Level 1:colcon.colcon_core.package_identification:_identify(ros2_ws/src/perception) by extensions ['colcon_pkg']
[0.444s] Level 1:colcon.colcon_core.package_identification:_identify(ros2_ws/src/perception) by extension 'colcon_pkg'
[0.444s] Level 1:colcon.colcon_core.package_identification:_identify(ros2_ws/src/perception) by extensions ['colcon_meta']
[0.444s] Level 1:colcon.colcon_core.package_identification:_identify(ros2_ws/src/perception) by extension 'colcon_meta'
[0.444s] Level 1:colcon.colcon_core.package_identification:_identify(ros2_ws/src/perception) by extensions ['ros']
[0.444s] Level 1:colcon.colcon_core.package_identification:_identify(ros2_ws/src/perception) by extension 'ros'
[0.445s] DEBUG:colcon.colcon_core.package_identification:Package 'ros2_ws/src/perception' with type 'ros.ament_python' and name 'perception'
[0.445s] Level 1:colcon.colcon_core.package_discovery:discover_packages(recursive) using defaults
[0.445s] Level 1:colcon.colcon_core.package_discovery:discover_packages(ignore) discover
[0.445s] Level 1:colcon.colcon_core.package_discovery:discover_packages(ignore) using defaults
[0.445s] Level 1:colcon.colcon_core.package_discovery:discover_packages(path) discover
[0.445s] Level 1:colcon.colcon_core.package_discovery:discover_packages(path) using defaults
[0.487s] INFO:colcon.colcon_core.package_selection:Skipping not selected package 'drobot_controller' in 'ros2_ws/src/drobot_controller'
[0.488s] INFO:colcon.colcon_core.package_selection:Skipping not selected package 'drobot_description' in 'ros2_ws/src/drobot_description'
[0.488s] INFO:colcon.colcon_core.package_selection:Skipping not selected package 'drobot_scan_3d' in 'ros2_ws/src/drobot_scan_3d'
[0.488s] INFO:colcon.colcon_core.package_selection:Skipping not selected package 'drobot_simulator' in 'ros2_ws/src/drobot_simulator'
[0.488s] INFO:colcon.colcon_core.package_selection:Skipping not selected package 'drobot_strategy' in 'ros2_ws/src/drobot_strategy'
[0.488s] INFO:colcon.colcon_core.package_selection:Skipping not selected package 'perception' in 'ros2_ws/src/perception'
[0.488s] INFO:colcon.colcon_core.package_selection:Skipping not selected package 'drobot_scan_2d' in 'ros2_ws/src/drobot_scan_2d'
[0.489s] Level 1:colcon.colcon_core.package_discovery:discover_packages(prefix_path) check parameters
[0.489s] Level 1:colcon.colcon_core.package_discovery:discover_packages(prefix_path) discover
[0.492s] WARNING:colcon.colcon_ros.prefix_path.ament:The path '/home/essong/drobot/install/drobot_bringup' in the environment variable AMENT_PREFIX_PATH doesn't exist
[0.501s] DEBUG:colcon.colcon_installed_package_information.package_discovery:Found 7 installed packages in /home/essong/drobot/install
[0.502s] DEBUG:colcon.colcon_installed_package_information.package_discovery:Found 9 installed packages in /home/essong/make_ai_robot/install
[0.504s] DEBUG:colcon.colcon_installed_package_information.package_discovery:Found 12 installed packages in /home/essong/make-ai-robot/install
[0.509s] DEBUG:colcon.colcon_installed_package_information.package_discovery:Found 464 installed packages in /opt/ros/jazzy
[0.511s] Level 1:colcon.colcon_core.package_discovery:discover_packages(prefix_path) using defaults
[0.671s] Level 5:colcon.colcon_core.verb:set package 'drobot_bringup' build argument 'cmake_args' from command line to 'None'
[0.671s] Level 5:colcon.colcon_core.verb:set package 'drobot_bringup' build argument 'cmake_target' from command line to 'None'
[0.671s] Level 5:colcon.colcon_core.verb:set package 'drobot_bringup' build argument 'cmake_target_skip_unavailable' from command line to 'False'
[0.671s] Level 5:colcon.colcon_core.verb:set package 'drobot_bringup' build argument 'cmake_clean_cache' from command line to 'False'
[0.671s] Level 5:colcon.colcon_core.verb:set package 'drobot_bringup' build argument 'cmake_clean_first' from command line to 'False'
[0.671s] Level 5:colcon.colcon_core.verb:set package 'drobot_bringup' build argument 'cmake_force_configure' from command line to 'False'
[0.671s] Level 5:colcon.colcon_core.verb:set package 'drobot_bringup' build argument 'ament_cmake_args' from command line to 'None'
[0.671s] Level 5:colcon.colcon_core.verb:set package 'drobot_bringup' build argument 'catkin_cmake_args' from command line to 'None'
[0.671s] Level 5:colcon.colcon_core.verb:set package 'drobot_bringup' build argument 'catkin_skip_building_tests' from command line to 'False'
[0.672s] DEBUG:colcon.colcon_core.verb:Building package 'drobot_bringup' with the following arguments: {'ament_cmake_args': None, 'build_base': '/home/essong/drobot/build/drobot_bringup', 'catkin_cmake_args': None, 'catkin_skip_building_tests': False, 'cmake_args': None, 'cmake_clean_cache': False, 'cmake_clean_first': False, 'cmake_force_configure': False, 'cmake_target': None, 'cmake_target_skip_unavailable': False, 'install_base': '/home/essong/drobot/install/drobot_bringup', 'merge_install': False, 'path': '/home/essong/drobot/ros2_ws/src/drobot_bringup', 'symlink_install': True, 'test_result_base': None}
[0.672s] INFO:colcon.colcon_core.executor:Executing jobs using 'parallel' executor
[0.674s] DEBUG:colcon.colcon_parallel_executor.executor.parallel:run_until_complete
[0.674s] INFO:colcon.colcon_ros.task.ament_python.build:Building ROS package in '/home/essong/drobot/ros2_ws/src/drobot_bringup' with build type 'ament_python'
[0.675s] Level 1:colcon.colcon_core.shell:create_environment_hook('drobot_bringup', 'ament_prefix_path')
[0.681s] INFO:colcon.colcon_core.plugin_system:Skipping extension 'colcon_core.shell.bat': Not used on non-Windows systems
[0.681s] INFO:colcon.colcon_core.shell:Creating environment hook '/home/essong/drobot/install/drobot_bringup/share/drobot_bringup/hook/ament_prefix_path.ps1'
[0.683s] INFO:colcon.colcon_core.shell:Creating environment descriptor '/home/essong/drobot/install/drobot_bringup/share/drobot_bringup/hook/ament_prefix_path.dsv'
[0.684s] INFO:colcon.colcon_core.shell:Creating environment hook '/home/essong/drobot/install/drobot_bringup/share/drobot_bringup/hook/ament_prefix_path.sh'
[0.685s] INFO:colcon.colcon_core.shell:Skip shell extension 'powershell' for command environment: Not usable outside of PowerShell
[0.685s] DEBUG:colcon.colcon_core.shell:Skip shell extension 'dsv' for command environment
[1.243s] INFO:colcon.colcon_core.task.python.build:Building Python package in '/home/essong/drobot/ros2_ws/src/drobot_bringup'
[1.244s] INFO:colcon.colcon_core.shell:Skip shell extension 'powershell' for command environment: Not usable outside of PowerShell
[1.244s] DEBUG:colcon.colcon_core.shell:Skip shell extension 'dsv' for command environment
[2.187s] DEBUG:colcon.colcon_core.event_handler.log_command:Invoking command in '/home/essong/drobot/build/drobot_bringup': AMENT_PREFIX_PATH=/home/essong/drobot/install/drobot_controller:/home/essong/drobot/install/perception:/home/essong/drobot/install/drobot_strategy:/home/essong/drobot/install/drobot_simulator:/home/essong/drobot/install/drobot_scan_3d:/home/essong/drobot/install/drobot_bringup:/home/essong/drobot/install/drobot_scan_2d:/home/essong/drobot/install/drobot_description:/home/essong/make_ai_robot/install/unitree_guide2:/home/essong/make_ai_robot/install/go1_simulation:/home/essong/make_ai_robot/install/ros2_unitree_legged_control:/home/essong/make_ai_robot/install/ros2_unitree_legged_msgs:/home/essong/make_ai_robot/install/path_tracker:/home/essong/make_ai_robot/install/module_test:/home/essong/make_ai_robot/install/language_command_handler:/home/essong/make_ai_robot/install/custom_interfaces:/home/essong/make_ai_robot/install/aws_robomaker_hospital_world:/home/essong/make-ai-robot/install/unitree_guide2:/home/essong/make-ai-robot/install/go1_simulation:/home/essong/make-ai-robot/install/ros2_unitree_legged_control:/home/essong/make-ai-robot/install/ros2_unitree_legged_msgs:/home/essong/make-ai-robot/install/perception:/home/essong/make-ai-robot/install/path_tracker:/home/essong/make-ai-robot/install/module_test:/home/essong/make-ai-robot/install/localization:/home/essong/make-ai-robot/install/language_command_handler:/home/essong/make-ai-robot/install/custom_interfaces:/home/essong/make-ai-robot/install/aws_robomaker_hospital_world:/home/essong/make-ai-robot/install/astar_planner:/opt/ros/jazzy CMAKE_PREFIX_PATH=/home/essong/drobot/install/drobot_scan_2d:/home/essong/drobot/install/drobot_description:/home/essong/drobot/install/drobot_simulator:/home/essong/make_ai_robot/install/unitree_guide2:/home/essong/make_ai_robot/install/go1_simulation:/home/essong/make_ai_robot/install/ros2_unitree_legged_control:/home/essong/make_ai_robot/install/ros2_unitree_legged_msgs:/home/essong/make_ai_robot/install/path_tracker:/home/essong/make_ai_robot/install/language_command_handler:/home/essong/make_ai_robot/install/custom_interfaces:/home/essong/make_ai_robot/install/aws_robomaker_hospital_world:/home/essong/make-ai-robot/install/unitree_guide2:/home/essong/make-ai-robot/install/go1_simulation:/home/essong/make-ai-robot/install/ros2_unitree_legged_control:/home/essong/make-ai-robot/install/ros2_unitree_legged_msgs:/home/essong/make-ai-robot/install/path_tracker:/home/essong/make-ai-robot/install/localization:/home/essong/make-ai-robot/install/language_command_handler:/home/essong/make-ai-robot/install/custom_interfaces:/home/essong/make-ai-robot/install/aws_robomaker_hospital_world:/home/essong/make-ai-robot/install/astar_planner:/opt/ros/jazzy/opt/gz_sim_vendor:/opt/ros/jazzy/opt/gz_sensors_vendor:/opt/ros/jazzy/opt/gz_physics_vendor:/opt/ros/jazzy/opt/sdformat_vendor:/opt/ros/jazzy/opt/gz_gui_vendor:/opt/ros/jazzy/opt/gz_transport_vendor:/opt/ros/jazzy/opt/gz_rendering_vendor:/opt/ros/jazzy/opt/gz_plugin_vendor:/opt/ros/jazzy/opt/gz_fuel_tools_vendor:/opt/ros/jazzy/opt/gz_msgs_vendor:/opt/ros/jazzy/opt/gz_common_vendor:/opt/ros/jazzy/opt/gz_math_vendor:/opt/ros/jazzy/opt/gz_utils_vendor:/opt/ros/jazzy/opt/gz_tools_vendor:/opt/ros/jazzy/opt/gz_ogre_next_vendor:/opt/ros/jazzy/opt/gz_dartsim_vendor:/opt/ros/jazzy/opt/gz_cmake_vendor DEBUGINFOD_URLS=https://debuginfod.ubuntu.com PYTHONPATH=/home/essong/drobot/build/drobot_bringup/prefix_override:/usr/lib/python3/dist-packages/colcon_core/task/python/colcon_distutils_commands:/home/essong/drobot/install/drobot_bringup/lib/python3.12/site-packages:/home/essong/drobot/install/drobot_scan_2d/lib/python3.12/site-packages:/home/essong/drobot/build/drobot_controller:/home/essong/drobot/install/drobot_controller/lib/python3.12/site-packages:/home/essong/drobot/build/perception:/home/essong/drobot/install/perception/lib/python3.12/site-packages:/home/essong/drobot/build/drobot_strategy:/home/essong/drobot/install/drobot_strategy/lib/python3.12/site-packages:/home/essong/drobot/build/drobot_scan_3d:/home/essong/drobot/install/drobot_scan_3d/lib/python3.12/site-packages:/home/essong/drobot/build/drobot_bringup:/home/essong/drobot/install/drobot_bringup/lib/python3.12/site-packages:/home/essong/make_ai_robot/install/go1_simulation/lib/python3.12/site-packages:/home/essong/make_ai_robot/install/ros2_unitree_legged_msgs/lib/python3.12/site-packages:/home/essong/make_ai_robot/install/path_tracker/lib/python3.12/site-packages:/home/essong/make_ai_robot/install/module_test/lib/python3.12/site-packages:/home/essong/make_ai_robot/install/language_command_handler/lib/python3.12/site-packages:/home/essong/make_ai_robot/install/custom_interfaces/lib/python3.12/site-packages:/home/essong/make-ai-robot/install/go1_simulation/lib/python3.12/site-packages:/home/essong/make-ai-robot/install/ros2_unitree_legged_msgs/lib/python3.12/site-packages:/home/essong/make-ai-robot/build/perception:/home/essong/make-ai-robot/install/perception/lib/python3.12/site-packages:/home/essong/make-ai-robot/install/path_tracker/lib/python3.12/site-packages:/home/essong/make-ai-robot/build/module_test:/home/essong/make-ai-robot/install/module_test/lib/python3.12/site-packages:/home/essong/make-ai-robot/install/language_command_handler/lib/python3.12/site-packages:/home/essong/make-ai-robot/install/custom_interfaces/lib/python3.12/site-packages:/opt/ros/jazzy/lib/python3.12/site-packages /usr/bin/python3 -W ignore:setup.py install is deprecated -W ignore:easy_install command is deprecated setup.py develop --editable --build-directory /home/essong/drobot/build/drobot_bringup/build --no-deps symlink_data
[3.026s] Level 1:colcon.colcon_core.shell:create_environment_hook('drobot_bringup', 'pythonpath_develop')
[3.026s] INFO:colcon.colcon_core.shell:Creating environment hook '/home/essong/drobot/build/drobot_bringup/share/drobot_bringup/hook/pythonpath_develop.ps1'
[3.027s] DEBUG:colcon.colcon_core.event_handler.log_command:Invoked command in '/home/essong/drobot/build/drobot_bringup' returned '0': AMENT_PREFIX_PATH=/home/essong/drobot/install/drobot_controller:/home/essong/drobot/install/perception:/home/essong/drobot/install/drobot_strategy:/home/essong/drobot/install/drobot_simulator:/home/essong/drobot/install/drobot_scan_3d:/home/essong/drobot/install/drobot_bringup:/home/essong/drobot/install/drobot_scan_2d:/home/essong/drobot/install/drobot_description:/home/essong/make_ai_robot/install/unitree_guide2:/home/essong/make_ai_robot/install/go1_simulation:/home/essong/make_ai_robot/install/ros2_unitree_legged_control:/home/essong/make_ai_robot/install/ros2_unitree_legged_msgs:/home/essong/make_ai_robot/install/path_tracker:/home/essong/make_ai_robot/install/module_test:/home/essong/make_ai_robot/install/language_command_handler:/home/essong/make_ai_robot/install/custom_interfaces:/home/essong/make_ai_robot/install/aws_robomaker_hospital_world:/home/essong/make-ai-robot/install/unitree_guide2:/home/essong/make-ai-robot/install/go1_simulation:/home/essong/make-ai-robot/install/ros2_unitree_legged_control:/home/essong/make-ai-robot/install/ros2_unitree_legged_msgs:/home/essong/make-ai-robot/install/perception:/home/essong/make-ai-robot/install/path_tracker:/home/essong/make-ai-robot/install/module_test:/home/essong/make-ai-robot/install/localization:/home/essong/make-ai-robot/install/language_command_handler:/home/essong/make-ai-robot/install/custom_interfaces:/home/essong/make-ai-robot/install/aws_robomaker_hospital_world:/home/essong/make-ai-robot/install/astar_planner:/opt/ros/jazzy CMAKE_PREFIX_PATH=/home/essong/drobot/install/drobot_scan_2d:/home/essong/drobot/install/drobot_description:/home/essong/drobot/install/drobot_simulator:/home/essong/make_ai_robot/install/unitree_guide2:/home/essong/make_ai_robot/install/go1_simulation:/home/essong/make_ai_robot/install/ros2_unitree_legged_control:/home/essong/make_ai_robot/install/ros2_unitree_legged_msgs:/home/essong/make_ai_robot/install/path_tracker:/home/essong/make_ai_robot/install/language_command_handler:/home/essong/make_ai_robot/install/custom_interfaces:/home/essong/make_ai_robot/install/aws_robomaker_hospital_world:/home/essong/make-ai-robot/install/unitree_guide2:/home/essong/make-ai-robot/install/go1_simulation:/home/essong/make-ai-robot/install/ros2_unitree_legged_control:/home/essong/make-ai-robot/install/ros2_unitree_legged_msgs:/home/essong/make-ai-robot/install/path_tracker:/home/essong/make-ai-robot/install/localization:/home/essong/make-ai-robot/install/language_command_handler:/home/essong/make-ai-robot/install/custom_interfaces:/home/essong/make-ai-robot/install/aws_robomaker_hospital_world:/home/essong/make-ai-robot/install/astar_planner:/opt/ros/jazzy/opt/gz_sim_vendor:/opt/ros/jazzy/opt/gz_sensors_vendor:/opt/ros/jazzy/opt/gz_physics_vendor:/opt/ros/jazzy/opt/sdformat_vendor:/opt/ros/jazzy/opt/gz_gui_vendor:/opt/ros/jazzy/opt/gz_transport_vendor:/opt/ros/jazzy/opt/gz_rendering_vendor:/opt/ros/jazzy/opt/gz_plugin_vendor:/opt/ros/jazzy/opt/gz_fuel_tools_vendor:/opt/ros/jazzy/opt/gz_msgs_vendor:/opt/ros/jazzy/opt/gz_common_vendor:/opt/ros/jazzy/opt/gz_math_vendor:/opt/ros/jazzy/opt/gz_utils_vendor:/opt/ros/jazzy/opt/gz_tools_vendor:/opt/ros/jazzy/opt/gz_ogre_next_vendor:/opt/ros/jazzy/opt/gz_dartsim_vendor:/opt/ros/jazzy/opt/gz_cmake_vendor DEBUGINFOD_URLS=https://debuginfod.ubuntu.com PYTHONPATH=/home/essong/drobot/build/drobot_bringup/prefix_override:/usr/lib/python3/dist-packages/colcon_core/task/python/colcon_distutils_commands:/home/essong/drobot/install/drobot_bringup/lib/python3.12/site-packages:/home/essong/drobot/install/drobot_scan_2d/lib/python3.12/site-packages:/home/essong/drobot/build/drobot_controller:/home/essong/drobot/install/drobot_controller/lib/python3.12/site-packages:/home/essong/drobot/build/perception:/home/essong/drobot/install/perception/lib/python3.12/site-packages:/home/essong/drobot/build/drobot_strategy:/home/essong/drobot/install/drobot_strategy/lib/python3.12/site-packages:/home/essong/drobot/build/drobot_scan_3d:/home/essong/drobot/install/drobot_scan_3d/lib/python3.12/site-packages:/home/essong/drobot/build/drobot_bringup:/home/essong/drobot/install/drobot_bringup/lib/python3.12/site-packages:/home/essong/make_ai_robot/install/go1_simulation/lib/python3.12/site-packages:/home/essong/make_ai_robot/install/ros2_unitree_legged_msgs/lib/python3.12/site-packages:/home/essong/make_ai_robot/install/path_tracker/lib/python3.12/site-packages:/home/essong/make_ai_robot/install/module_test/lib/python3.12/site-packages:/home/essong/make_ai_robot/install/language_command_handler/lib/python3.12/site-packages:/home/essong/make_ai_robot/install/custom_interfaces/lib/python3.12/site-packages:/home/essong/make-ai-robot/install/go1_simulation/lib/python3.12/site-packages:/home/essong/make-ai-robot/install/ros2_unitree_legged_msgs/lib/python3.12/site-packages:/home/essong/make-ai-robot/build/perception:/home/essong/make-ai-robot/install/perception/lib/python3.12/site-packages:/home/essong/make-ai-robot/install/path_tracker/lib/python3.12/site-packages:/home/essong/make-ai-robot/build/module_test:/home/essong/make-ai-robot/install/module_test/lib/python3.12/site-packages:/home/essong/make-ai-robot/install/language_command_handler/lib/python3.12/site-packages:/home/essong/make-ai-robot/install/custom_interfaces/lib/python3.12/site-packages:/opt/ros/jazzy/lib/python3.12/site-packages /usr/bin/python3 -W ignore:setup.py install is deprecated -W ignore:easy_install command is deprecated setup.py develop --editable --build-directory /home/essong/drobot/build/drobot_bringup/build --no-deps symlink_data
[3.027s] INFO:colcon.colcon_core.shell:Creating environment descriptor '/home/essong/drobot/build/drobot_bringup/share/drobot_bringup/hook/pythonpath_develop.dsv'
[3.027s] INFO:colcon.colcon_core.shell:Creating environment hook '/home/essong/drobot/build/drobot_bringup/share/drobot_bringup/hook/pythonpath_develop.sh'
[3.033s] Level 1:colcon.colcon_core.environment:checking '/home/essong/drobot/install/drobot_bringup' for CMake module files
[3.033s] Level 1:colcon.colcon_core.environment:checking '/home/essong/drobot/install/drobot_bringup' for CMake config files
[3.034s] Level 1:colcon.colcon_core.environment:checking '/home/essong/drobot/install/drobot_bringup/lib'
[3.034s] Level 1:colcon.colcon_core.environment:checking '/home/essong/drobot/install/drobot_bringup/bin'
[3.034s] Level 1:colcon.colcon_core.environment:checking '/home/essong/drobot/install/drobot_bringup/lib/pkgconfig/drobot_bringup.pc'
[3.034s] Level 1:colcon.colcon_core.environment:checking '/home/essong/drobot/install/drobot_bringup/lib/python3.12/site-packages'
[3.034s] Level 1:colcon.colcon_core.shell:create_environment_hook('drobot_bringup', 'pythonpath')
[3.034s] INFO:colcon.colcon_core.shell:Creating environment hook '/home/essong/drobot/install/drobot_bringup/share/drobot_bringup/hook/pythonpath.ps1'
[3.035s] INFO:colcon.colcon_core.shell:Creating environment descriptor '/home/essong/drobot/install/drobot_bringup/share/drobot_bringup/hook/pythonpath.dsv'
[3.035s] INFO:colcon.colcon_core.shell:Creating environment hook '/home/essong/drobot/install/drobot_bringup/share/drobot_bringup/hook/pythonpath.sh'
[3.036s] Level 1:colcon.colcon_core.environment:checking '/home/essong/drobot/install/drobot_bringup/bin'
[3.036s] Level 1:colcon.colcon_core.environment:create_environment_scripts_only(drobot_bringup)
[3.036s] INFO:colcon.colcon_core.shell:Creating package script '/home/essong/drobot/install/drobot_bringup/share/drobot_bringup/package.ps1'
[3.036s] INFO:colcon.colcon_core.shell:Creating package descriptor '/home/essong/drobot/install/drobot_bringup/share/drobot_bringup/package.dsv'
[3.037s] INFO:colcon.colcon_core.shell:Creating package script '/home/essong/drobot/install/drobot_bringup/share/drobot_bringup/package.sh'
[3.038s] INFO:colcon.colcon_core.shell:Creating package script '/home/essong/drobot/install/drobot_bringup/share/drobot_bringup/package.bash'
[3.038s] INFO:colcon.colcon_core.shell:Creating package script '/home/essong/drobot/install/drobot_bringup/share/drobot_bringup/package.zsh'
[3.039s] Level 1:colcon.colcon_core.environment:create_file_with_runtime_dependencies(/home/essong/drobot/install/drobot_bringup/share/colcon-core/packages/drobot_bringup)
[3.039s] DEBUG:colcon.colcon_parallel_executor.executor.parallel:closing loop
[3.039s] DEBUG:colcon.colcon_parallel_executor.executor.parallel:loop closed
[3.040s] DEBUG:colcon.colcon_parallel_executor.executor.parallel:run_until_complete finished with '0'
[3.040s] DEBUG:colcon.colcon_core.event_reactor:joining thread
[3.047s] INFO:colcon.colcon_core.plugin_system:Skipping extension 'colcon_notification.desktop_notification.terminal_notifier': Not used on non-Darwin systems
[3.047s] INFO:colcon.colcon_core.plugin_system:Skipping extension 'colcon_notification.desktop_notification.win32': Not used on non-Windows systems
[3.047s] INFO:colcon.colcon_notification.desktop_notification:Sending desktop notification using 'notify2'
[3.060s] DEBUG:colcon.colcon_core.event_reactor:joined thread
[3.060s] INFO:colcon.colcon_core.shell:Creating prefix script '/home/essong/drobot/install/local_setup.ps1'
[3.061s] INFO:colcon.colcon_core.shell:Creating prefix util module '/home/essong/drobot/install/_local_setup_util_ps1.py'
[3.062s] INFO:colcon.colcon_core.shell:Creating prefix chain script '/home/essong/drobot/install/setup.ps1'
[3.065s] INFO:colcon.colcon_core.shell:Creating prefix script '/home/essong/drobot/install/local_setup.sh'
[3.065s] INFO:colcon.colcon_core.shell:Creating prefix util module '/home/essong/drobot/install/_local_setup_util_sh.py'
[3.066s] INFO:colcon.colcon_core.shell:Creating prefix chain script '/home/essong/drobot/install/setup.sh'
[3.068s] INFO:colcon.colcon_core.shell:Creating prefix script '/home/essong/drobot/install/local_setup.bash'
[3.068s] INFO:colcon.colcon_core.shell:Creating prefix chain script '/home/essong/drobot/install/setup.bash'
[3.070s] INFO:colcon.colcon_core.shell:Creating prefix script '/home/essong/drobot/install/local_setup.zsh'
[3.071s] INFO:colcon.colcon_core.shell:Creating prefix chain script '/home/essong/drobot/install/setup.zsh'
