[0.930s] Invoking command in '/home/leo11dk/Desktop/drobot/ros2_ws/src/drobot_bringup': AMENT_PREFIX_PATH=/home/leo11dk/Desktop/drobot/install/drobot_controller:/home/leo11dk/Desktop/drobot/ros2_ws/install/drobot_bringup:/home/leo11dk/Desktop/drobot/ros2_ws/install/drobot_scan_2d:/home/leo11dk/Desktop/drobot/ros2_ws/install/drobot_description:/home/leo11dk/Desktop/drobot/ros2_ws/install/drobot_controller:/home/leo11dk/Desktop/drobot/install/perception:/home/leo11dk/Desktop/drobot/install/drobot_strategy:/home/leo11dk/Desktop/drobot/install/drobot_simulator:/home/leo11dk/Desktop/drobot/install/drobot_scan_3d:/home/leo11dk/Desktop/drobot/install/drobot_bringup:/home/leo11dk/Desktop/drobot/install/drobot_scan_2d:/home/leo11dk/Desktop/drobot/install/drobot_description:/opt/ros/jazzy CMAKE_PREFIX_PATH=/home/leo11dk/Desktop/drobot/install/drobot_scan_2d:/home/leo11dk/Desktop/drobot/install/drobot_description:/home/leo11dk/Desktop/drobot/ros2_ws/install/drobot_scan_2d:/home/leo11dk/Desktop/drobot/ros2_ws/install/drobot_description:/home/leo11dk/Desktop/drobot/install/drobot_simulator:/opt/ros/jazzy/opt/gz_sim_vendor:/opt/ros/jazzy/opt/gz_sensors_vendor:/opt/ros/jazzy/opt/gz_physics_vendor:/opt/ros/jazzy/opt/sdformat_vendor:/opt/ros/jazzy/opt/gz_gui_vendor:/opt/ros/jazzy/opt/gz_transport_vendor:/opt/ros/jazzy/opt/gz_rendering_vendor:/opt/ros/jazzy/opt/gz_plugin_vendor:/opt/ros/jazzy/opt/gz_fuel_tools_vendor:/opt/ros/jazzy/opt/gz_msgs_vendor:/opt/ros/jazzy/opt/gz_common_vendor:/opt/ros/jazzy/opt/gz_math_vendor:/opt/ros/jazzy/opt/gz_utils_vendor:/opt/ros/jazzy/opt/gz_tools_vendor:/opt/ros/jazzy/opt/gz_ogre_next_vendor:/opt/ros/jazzy/opt/gz_dartsim_vendor:/opt/ros/jazzy/opt/gz_cmake_vendor DEBUGINFOD_URLS=https://debuginfod.ubuntu.com PYTHONPATH=/home/leo11dk/Desktop/drobot/build/drobot_bringup/prefix_override:/usr/lib/python3/dist-packages/colcon_core/task/python/colcon_distutils_commands:/home/leo11dk/Desktop/drobot/install/drobot_bringup/lib/python3.12/site-packages:/home/leo11dk/Desktop/drobot/install/drobot_scan_2d/lib/python3.12/site-packages:/home/leo11dk/Desktop/drobot/install/drobot_controller/lib/python3.12/site-packages:/home/leo11dk/Desktop/drobot/ros2_ws/install/drobot_bringup/lib/python3.12/site-packages:/home/leo11dk/Desktop/drobot/ros2_ws/install/drobot_scan_2d/lib/python3.12/site-packages:/home/leo11dk/Desktop/drobot/ros2_ws/install/drobot_controller/lib/python3.12/site-packages:/home/leo11dk/Desktop/drobot/install/perception/lib/python3.12/site-packages:/home/leo11dk/Desktop/drobot/install/drobot_strategy/lib/python3.12/site-packages:/home/leo11dk/Desktop/drobot/install/drobot_scan_3d/lib/python3.12/site-packages:/home/leo11dk/Desktop/drobot/install/drobot_bringup/lib/python3.12/site-packages:/opt/ros/jazzy/lib/python3.12/site-packages /usr/bin/python3 -W ignore:setup.py install is deprecated -W ignore:easy_install command is deprecated setup.py egg_info --egg-base ../../../build/drobot_bringup build --build-base /home/leo11dk/Desktop/drobot/build/drobot_bringup/build install --record /home/leo11dk/Desktop/drobot/build/drobot_bringup/install.log --single-version-externally-managed install_data
[1.231s] running egg_info
[1.231s] creating ../../../build/drobot_bringup/drobot_bringup.egg-info
[1.255s] writing ../../../build/drobot_bringup/drobot_bringup.egg-info/PKG-INFO
[1.256s] writing dependency_links to ../../../build/drobot_bringup/drobot_bringup.egg-info/dependency_links.txt
[1.256s] writing entry points to ../../../build/drobot_bringup/drobot_bringup.egg-info/entry_points.txt
[1.256s] writing requirements to ../../../build/drobot_bringup/drobot_bringup.egg-info/requires.txt
[1.256s] writing top-level names to ../../../build/drobot_bringup/drobot_bringup.egg-info/top_level.txt
[1.256s] writing manifest file '../../../build/drobot_bringup/drobot_bringup.egg-info/SOURCES.txt'
[1.305s] reading manifest file '../../../build/drobot_bringup/drobot_bringup.egg-info/SOURCES.txt'
[1.305s] writing manifest file '../../../build/drobot_bringup/drobot_bringup.egg-info/SOURCES.txt'
[1.306s] running build
[1.306s] running build_py
[1.306s] creating /home/leo11dk/Desktop/drobot/build/drobot_bringup/build
[1.306s] creating /home/leo11dk/Desktop/drobot/build/drobot_bringup/build/lib
[1.306s] creating /home/leo11dk/Desktop/drobot/build/drobot_bringup/build/lib/drobot_bringup
[1.306s] copying drobot_bringup/__init__.py -> /home/leo11dk/Desktop/drobot/build/drobot_bringup/build/lib/drobot_bringup
[1.306s] running install
[1.313s] running install_lib
[1.338s] creating /home/leo11dk/Desktop/drobot/install/drobot_bringup/lib/python3.12/site-packages/drobot_bringup
[1.338s] copying /home/leo11dk/Desktop/drobot/build/drobot_bringup/build/lib/drobot_bringup/__init__.py -> /home/leo11dk/Desktop/drobot/install/drobot_bringup/lib/python3.12/site-packages/drobot_bringup
[1.339s] byte-compiling /home/leo11dk/Desktop/drobot/install/drobot_bringup/lib/python3.12/site-packages/drobot_bringup/__init__.py to __init__.cpython-312.pyc
[1.339s] running install_data
[1.339s] creating /home/leo11dk/Desktop/drobot/install/drobot_bringup/share/ament_index
[1.339s] creating /home/leo11dk/Desktop/drobot/install/drobot_bringup/share/ament_index/resource_index
[1.339s] creating /home/leo11dk/Desktop/drobot/install/drobot_bringup/share/ament_index/resource_index/packages
[1.339s] copying resource/drobot_bringup -> /home/leo11dk/Desktop/drobot/install/drobot_bringup/share/ament_index/resource_index/packages
[1.340s] copying package.xml -> /home/leo11dk/Desktop/drobot/install/drobot_bringup/share/drobot_bringup
[1.340s] creating /home/leo11dk/Desktop/drobot/install/drobot_bringup/share/drobot_bringup/launch
[1.340s] copying launch/controller.launch.py -> /home/leo11dk/Desktop/drobot/install/drobot_bringup/share/drobot_bringup/launch
[1.340s] copying launch/ui.launch.py -> /home/leo11dk/Desktop/drobot/install/drobot_bringup/share/drobot_bringup/launch
[1.340s] copying launch/navigation.launch.py -> /home/leo11dk/Desktop/drobot/install/drobot_bringup/share/drobot_bringup/launch
[1.340s] creating /home/leo11dk/Desktop/drobot/install/drobot_bringup/share/drobot_bringup/config
[1.340s] creating /home/leo11dk/Desktop/drobot/install/drobot_bringup/share/drobot_bringup/config/common
[1.340s] copying config/common/slam_params.yaml -> /home/leo11dk/Desktop/drobot/install/drobot_bringup/share/drobot_bringup/config/common
[1.340s] copying config/common/ekf.yaml -> /home/leo11dk/Desktop/drobot/install/drobot_bringup/share/drobot_bringup/config/common
[1.341s] copying config/common/ros_gz_bridge.yaml -> /home/leo11dk/Desktop/drobot/install/drobot_bringup/share/drobot_bringup/config/common
[1.341s] creating /home/leo11dk/Desktop/drobot/install/drobot_bringup/share/drobot_bringup/config/navigation
[1.341s] copying config/navigation/display.rviz -> /home/leo11dk/Desktop/drobot/install/drobot_bringup/share/drobot_bringup/config/navigation
[1.341s] copying config/navigation/rules.yaml -> /home/leo11dk/Desktop/drobot/install/drobot_bringup/share/drobot_bringup/config/navigation
[1.341s] copying config/navigation/nav2_params.yaml -> /home/leo11dk/Desktop/drobot/install/drobot_bringup/share/drobot_bringup/config/navigation
[1.341s] copying config/navigation/navigate_with_replanning.xml -> /home/leo11dk/Desktop/drobot/install/drobot_bringup/share/drobot_bringup/config/navigation
[1.341s] copying config/spawn_positions.yaml -> /home/leo11dk/Desktop/drobot/install/drobot_bringup/share/drobot_bringup/config
[1.341s] running install_egg_info
[1.366s] Copying ../../../build/drobot_bringup/drobot_bringup.egg-info to /home/leo11dk/Desktop/drobot/install/drobot_bringup/lib/python3.12/site-packages/drobot_bringup-0.0.0-py3.12.egg-info
[1.367s] running install_scripts
[1.525s] Installing world_ui script to /home/leo11dk/Desktop/drobot/install/drobot_bringup/lib/drobot_bringup
[1.526s] writing list of installed files to '/home/leo11dk/Desktop/drobot/build/drobot_bringup/install.log'
[1.558s] Invoked command in '/home/leo11dk/Desktop/drobot/ros2_ws/src/drobot_bringup' returned '0': AMENT_PREFIX_PATH=/home/leo11dk/Desktop/drobot/install/drobot_controller:/home/leo11dk/Desktop/drobot/ros2_ws/install/drobot_bringup:/home/leo11dk/Desktop/drobot/ros2_ws/install/drobot_scan_2d:/home/leo11dk/Desktop/drobot/ros2_ws/install/drobot_description:/home/leo11dk/Desktop/drobot/ros2_ws/install/drobot_controller:/home/leo11dk/Desktop/drobot/install/perception:/home/leo11dk/Desktop/drobot/install/drobot_strategy:/home/leo11dk/Desktop/drobot/install/drobot_simulator:/home/leo11dk/Desktop/drobot/install/drobot_scan_3d:/home/leo11dk/Desktop/drobot/install/drobot_bringup:/home/leo11dk/Desktop/drobot/install/drobot_scan_2d:/home/leo11dk/Desktop/drobot/install/drobot_description:/opt/ros/jazzy CMAKE_PREFIX_PATH=/home/leo11dk/Desktop/drobot/install/drobot_scan_2d:/home/leo11dk/Desktop/drobot/install/drobot_description:/home/leo11dk/Desktop/drobot/ros2_ws/install/drobot_scan_2d:/home/leo11dk/Desktop/drobot/ros2_ws/install/drobot_description:/home/leo11dk/Desktop/drobot/install/drobot_simulator:/opt/ros/jazzy/opt/gz_sim_vendor:/opt/ros/jazzy/opt/gz_sensors_vendor:/opt/ros/jazzy/opt/gz_physics_vendor:/opt/ros/jazzy/opt/sdformat_vendor:/opt/ros/jazzy/opt/gz_gui_vendor:/opt/ros/jazzy/opt/gz_transport_vendor:/opt/ros/jazzy/opt/gz_rendering_vendor:/opt/ros/jazzy/opt/gz_plugin_vendor:/opt/ros/jazzy/opt/gz_fuel_tools_vendor:/opt/ros/jazzy/opt/gz_msgs_vendor:/opt/ros/jazzy/opt/gz_common_vendor:/opt/ros/jazzy/opt/gz_math_vendor:/opt/ros/jazzy/opt/gz_utils_vendor:/opt/ros/jazzy/opt/gz_tools_vendor:/opt/ros/jazzy/opt/gz_ogre_next_vendor:/opt/ros/jazzy/opt/gz_dartsim_vendor:/opt/ros/jazzy/opt/gz_cmake_vendor DEBUGINFOD_URLS=https://debuginfod.ubuntu.com PYTHONPATH=/home/leo11dk/Desktop/drobot/build/drobot_bringup/prefix_override:/usr/lib/python3/dist-packages/colcon_core/task/python/colcon_distutils_commands:/home/leo11dk/Desktop/drobot/install/drobot_bringup/lib/python3.12/site-packages:/home/leo11dk/Desktop/drobot/install/drobot_scan_2d/lib/python3.12/site-packages:/home/leo11dk/Desktop/drobot/install/drobot_controller/lib/python3.12/site-packages:/home/leo11dk/Desktop/drobot/ros2_ws/install/drobot_bringup/lib/python3.12/site-packages:/home/leo11dk/Desktop/drobot/ros2_ws/install/drobot_scan_2d/lib/python3.12/site-packages:/home/leo11dk/Desktop/drobot/ros2_ws/install/drobot_controller/lib/python3.12/site-packages:/home/leo11dk/Desktop/drobot/install/perception/lib/python3.12/site-packages:/home/leo11dk/Desktop/drobot/install/drobot_strategy/lib/python3.12/site-packages:/home/leo11dk/Desktop/drobot/install/drobot_scan_3d/lib/python3.12/site-packages:/home/leo11dk/Desktop/drobot/install/drobot_bringup/lib/python3.12/site-packages:/opt/ros/jazzy/lib/python3.12/site-packages /usr/bin/python3 -W ignore:setup.py install is deprecated -W ignore:easy_install command is deprecated setup.py egg_info --egg-base ../../../build/drobot_bringup build --build-base /home/leo11dk/Desktop/drobot/build/drobot_bringup/build install --record /home/leo11dk/Desktop/drobot/build/drobot_bringup/install.log --single-version-externally-managed install_data
