[2.247s] Invoking command in '/home/essong/drobot/build/drobot_strategy': DEBUGINFOD_URLS=https://debuginfod.ubuntu.com PYTHONPATH=/home/essong/drobot/build/drobot_strategy/prefix_override:/usr/lib/python3/dist-packages/colcon_core/task/python/colcon_distutils_commands:/home/essong/drobot/install/drobot_strategy/lib/python3.12/site-packages:${PYTHONPATH} /usr/bin/python3 -W ignore:setup.py install is deprecated -W ignore:easy_install command is deprecated setup.py develop --editable --build-directory /home/essong/drobot/build/drobot_strategy/build --no-deps symlink_data
[2.823s] running develop
[3.194s] running egg_info
[3.194s] creating drobot_strategy.egg-info
[3.228s] writing drobot_strategy.egg-info/PKG-INFO
[3.228s] writing dependency_links to drobot_strategy.egg-info/dependency_links.txt
[3.229s] writing requirements to drobot_strategy.egg-info/requires.txt
[3.229s] writing top-level names to drobot_strategy.egg-info/top_level.txt
[3.229s] writing manifest file 'drobot_strategy.egg-info/SOURCES.txt'
[3.294s] reading manifest file 'drobot_strategy.egg-info/SOURCES.txt'
[3.295s] writing manifest file 'drobot_strategy.egg-info/SOURCES.txt'
[3.330s] running build_ext
[3.330s] Creating /home/essong/drobot/install/drobot_strategy/lib/python3.12/site-packages/drobot-strategy.egg-link (link to .)
[3.331s] 
[3.331s] Installed /home/essong/drobot/build/drobot_strategy
[3.331s] running symlink_data
[3.331s] creating /home/essong/drobot/install/drobot_strategy/share/ament_index
[3.332s] creating /home/essong/drobot/install/drobot_strategy/share/ament_index/resource_index
[3.332s] creating /home/essong/drobot/install/drobot_strategy/share/ament_index/resource_index/packages
[3.332s] symbolically linking /home/essong/drobot/build/drobot_strategy/resource/drobot_strategy -> /home/essong/drobot/install/drobot_strategy/share/ament_index/resource_index/packages
[3.332s] symbolically linking /home/essong/drobot/build/drobot_strategy/package.xml -> /home/essong/drobot/install/drobot_strategy/share/drobot_strategy
[3.399s] Invoked command in '/home/essong/drobot/build/drobot_strategy' returned '0': DEBUGINFOD_URLS=https://debuginfod.ubuntu.com PYTHONPATH=/home/essong/drobot/build/drobot_strategy/prefix_override:/usr/lib/python3/dist-packages/colcon_core/task/python/colcon_distutils_commands:/home/essong/drobot/install/drobot_strategy/lib/python3.12/site-packages:${PYTHONPATH} /usr/bin/python3 -W ignore:setup.py install is deprecated -W ignore:easy_install command is deprecated setup.py develop --editable --build-directory /home/essong/drobot/build/drobot_strategy/build --no-deps symlink_data
