[0.535s] Invoking command in '/home/leo11dk/Desktop/drobot/build/drobot_simulator': CMAKE_PREFIX_PATH=${CMAKE_PREFIX_PATH}:/opt/ros/jazzy DEBUGINFOD_URLS=https://debuginfod.ubuntu.com /usr/bin/cmake --build /home/leo11dk/Desktop/drobot/build/drobot_simulator -- -j6 -l6
[0.794s] Invoked command in '/home/leo11dk/Desktop/drobot/build/drobot_simulator' returned '0': CMAKE_PREFIX_PATH=${CMAKE_PREFIX_PATH}:/opt/ros/jazzy DEBUGINFOD_URLS=https://debuginfod.ubuntu.com /usr/bin/cmake --build /home/leo11dk/Desktop/drobot/build/drobot_simulator -- -j6 -l6
[0.805s] Invoking command in '/home/leo11dk/Desktop/drobot/build/drobot_simulator': CMAKE_PREFIX_PATH=${CMAKE_PREFIX_PATH}:/opt/ros/jazzy DEBUGINFOD_URLS=https://debuginfod.ubuntu.com /usr/bin/cmake --install /home/leo11dk/Desktop/drobot/build/drobot_simulator
[1.055s] -- Install configuration: ""
[1.055s] -- Up-to-date: /home/leo11dk/Desktop/drobot/install/drobot_simulator/share/ament_index/resource_index/package_run_dependencies/drobot_simulator
[1.055s] -- Up-to-date: /home/leo11dk/Desktop/drobot/install/drobot_simulator/share/ament_index/resource_index/parent_prefix_path/drobot_simulator
[1.055s] -- Up-to-date: /home/leo11dk/Desktop/drobot/install/drobot_simulator/share/drobot_simulator/environment/ament_prefix_path.sh
[1.055s] -- Up-to-date: /home/leo11dk/Desktop/drobot/install/drobot_simulator/share/drobot_simulator/environment/ament_prefix_path.dsv
[1.056s] -- Up-to-date: /home/leo11dk/Desktop/drobot/install/drobot_simulator/share/drobot_simulator/environment/path.sh
[1.056s] -- Up-to-date: /home/leo11dk/Desktop/drobot/install/drobot_simulator/share/drobot_simulator/environment/path.dsv
[1.056s] -- Up-to-date: /home/leo11dk/Desktop/drobot/install/drobot_simulator/share/drobot_simulator/local_setup.bash
[1.056s] -- Up-to-date: /home/leo11dk/Desktop/drobot/install/drobot_simulator/share/drobot_simulator/local_setup.sh
[1.056s] -- Up-to-date: /home/leo11dk/Desktop/drobot/install/drobot_simulator/share/drobot_simulator/local_setup.zsh
[1.056s] -- Up-to-date: /home/leo11dk/Desktop/drobot/install/drobot_simulator/share/drobot_simulator/local_setup.dsv
[1.056s] -- Up-to-date: /home/leo11dk/Desktop/drobot/install/drobot_simulator/share/drobot_simulator/package.dsv
[1.056s] -- Up-to-date: /home/leo11dk/Desktop/drobot/install/drobot_simulator/share/ament_index/resource_index/packages/drobot_simulator
[1.056s] -- Up-to-date: /home/leo11dk/Desktop/drobot/install/drobot_simulator/share/drobot_simulator/cmake/drobot_simulatorConfig.cmake
[1.056s] -- Up-to-date: /home/leo11dk/Desktop/drobot/install/drobot_simulator/share/drobot_simulator/cmake/drobot_simulatorConfig-version.cmake
[1.058s] -- Up-to-date: /home/leo11dk/Desktop/drobot/install/drobot_simulator/share/drobot_simulator/package.xml
[1.127s] Invoked command in '/home/leo11dk/Desktop/drobot/build/drobot_simulator' returned '0': CMAKE_PREFIX_PATH=${CMAKE_PREFIX_PATH}:/opt/ros/jazzy DEBUGINFOD_URLS=https://debuginfod.ubuntu.com /usr/bin/cmake --install /home/leo11dk/Desktop/drobot/build/drobot_simulator
