-- The C compiler identification is GNU 13.3.0
-- The CXX compiler identification is GNU 13.3.0
-- Detecting C compiler ABI info
-- Detecting C compiler ABI info - done
-- Check for working C compiler: /usr/bin/cc - skipped
-- Detecting C compile features
-- Detecting C compile features - done
-- Detecting CXX compiler ABI info
-- Detecting CXX compiler ABI info - done
-- Check for working CXX compiler: /usr/bin/c++ - skipped
-- Detecting CXX compile features
-- Detecting CXX compile features - done
-- Found ament_cmake: 2.5.5 (/opt/ros/jazzy/share/ament_cmake/cmake)
-- Found Python3: /usr/bin/python3 (found version "3.12.3") found components: Interpreter 
-- Configuring done (1.4s)
-- Generating done (0.0s)
-- Build files have been written to: /home/leo11dk/Desktop/drobot/build/drobot_scan_2d
Built target ament_cmake_python_copy_drobot_scan_2d
running egg_info
creating drobot_scan_2d.egg-info
writing drobot_scan_2d.egg-info/PKG-INFO
writing dependency_links to drobot_scan_2d.egg-info/dependency_links.txt
writing top-level names to drobot_scan_2d.egg-info/top_level.txt
writing manifest file 'drobot_scan_2d.egg-info/SOURCES.txt'
reading manifest file 'drobot_scan_2d.egg-info/SOURCES.txt'
writing manifest file 'drobot_scan_2d.egg-info/SOURCES.txt'
Built target ament_cmake_python_build_drobot_scan_2d_egg
-- Install configuration: ""
-- Installing: /home/leo11dk/Desktop/drobot/install/drobot_scan_2d/share/drobot_scan_2d/environment/pythonpath.sh
-- Installing: /home/leo11dk/Desktop/drobot/install/drobot_scan_2d/share/drobot_scan_2d/environment/pythonpath.dsv
-- Installing: /home/leo11dk/Desktop/drobot/install/drobot_scan_2d/lib/python3.12/site-packages/drobot_scan_2d-2.0.0-py3.12.egg-info
-- Installing: /home/leo11dk/Desktop/drobot/install/drobot_scan_2d/lib/python3.12/site-packages/drobot_scan_2d-2.0.0-py3.12.egg-info/dependency_links.txt
-- Installing: /home/leo11dk/Desktop/drobot/install/drobot_scan_2d/lib/python3.12/site-packages/drobot_scan_2d-2.0.0-py3.12.egg-info/top_level.txt
-- Installing: /home/leo11dk/Desktop/drobot/install/drobot_scan_2d/lib/python3.12/site-packages/drobot_scan_2d-2.0.0-py3.12.egg-info/SOURCES.txt
-- Installing: /home/leo11dk/Desktop/drobot/install/drobot_scan_2d/lib/python3.12/site-packages/drobot_scan_2d-2.0.0-py3.12.egg-info/PKG-INFO
-- Installing: /home/leo11dk/Desktop/drobot/install/drobot_scan_2d/lib/python3.12/site-packages/drobot_scan_2d
-- Installing: /home/leo11dk/Desktop/drobot/install/drobot_scan_2d/lib/python3.12/site-packages/drobot_scan_2d/rules
-- Installing: /home/leo11dk/Desktop/drobot/install/drobot_scan_2d/lib/python3.12/site-packages/drobot_scan_2d/rules/__init__.py
-- Installing: /home/leo11dk/Desktop/drobot/install/drobot_scan_2d/lib/python3.12/site-packages/drobot_scan_2d/rules/engine.py
-- Installing: /home/leo11dk/Desktop/drobot/install/drobot_scan_2d/lib/python3.12/site-packages/drobot_scan_2d/__init__.py
-- Installing: /home/leo11dk/Desktop/drobot/install/drobot_scan_2d/lib/python3.12/site-packages/drobot_scan_2d/config.py
-- Installing: /home/leo11dk/Desktop/drobot/install/drobot_scan_2d/lib/python3.12/site-packages/drobot_scan_2d/goal_navigator.py
Listing '/home/leo11dk/Desktop/drobot/install/drobot_scan_2d/lib/python3.12/site-packages/drobot_scan_2d'...
Compiling '/home/leo11dk/Desktop/drobot/install/drobot_scan_2d/lib/python3.12/site-packages/drobot_scan_2d/__init__.py'...
Compiling '/home/leo11dk/Desktop/drobot/install/drobot_scan_2d/lib/python3.12/site-packages/drobot_scan_2d/config.py'...
Compiling '/home/leo11dk/Desktop/drobot/install/drobot_scan_2d/lib/python3.12/site-packages/drobot_scan_2d/goal_navigator.py'...
Listing '/home/leo11dk/Desktop/drobot/install/drobot_scan_2d/lib/python3.12/site-packages/drobot_scan_2d/rules'...
Compiling '/home/leo11dk/Desktop/drobot/install/drobot_scan_2d/lib/python3.12/site-packages/drobot_scan_2d/rules/__init__.py'...
Compiling '/home/leo11dk/Desktop/drobot/install/drobot_scan_2d/lib/python3.12/site-packages/drobot_scan_2d/rules/engine.py'...
-- Installing: /home/leo11dk/Desktop/drobot/install/drobot_scan_2d/lib/drobot_scan_2d/goal_navigator.py
-- Installing: /home/leo11dk/Desktop/drobot/install/drobot_scan_2d/share/ament_index/resource_index/package_run_dependencies/drobot_scan_2d
-- Installing: /home/leo11dk/Desktop/drobot/install/drobot_scan_2d/share/ament_index/resource_index/parent_prefix_path/drobot_scan_2d
-- Installing: /home/leo11dk/Desktop/drobot/install/drobot_scan_2d/share/drobot_scan_2d/environment/ament_prefix_path.sh
-- Installing: /home/leo11dk/Desktop/drobot/install/drobot_scan_2d/share/drobot_scan_2d/environment/ament_prefix_path.dsv
-- Installing: /home/leo11dk/Desktop/drobot/install/drobot_scan_2d/share/drobot_scan_2d/environment/path.sh
-- Installing: /home/leo11dk/Desktop/drobot/install/drobot_scan_2d/share/drobot_scan_2d/environment/path.dsv
-- Installing: /home/leo11dk/Desktop/drobot/install/drobot_scan_2d/share/drobot_scan_2d/local_setup.bash
-- Installing: /home/leo11dk/Desktop/drobot/install/drobot_scan_2d/share/drobot_scan_2d/local_setup.sh
-- Installing: /home/leo11dk/Desktop/drobot/install/drobot_scan_2d/share/drobot_scan_2d/local_setup.zsh
-- Installing: /home/leo11dk/Desktop/drobot/install/drobot_scan_2d/share/drobot_scan_2d/local_setup.dsv
-- Installing: /home/leo11dk/Desktop/drobot/install/drobot_scan_2d/share/drobot_scan_2d/package.dsv
-- Installing: /home/leo11dk/Desktop/drobot/install/drobot_scan_2d/share/ament_index/resource_index/packages/drobot_scan_2d
-- Installing: /home/leo11dk/Desktop/drobot/install/drobot_scan_2d/share/drobot_scan_2d/cmake/drobot_scan_2dConfig.cmake
-- Installing: /home/leo11dk/Desktop/drobot/install/drobot_scan_2d/share/drobot_scan_2d/cmake/drobot_scan_2dConfig-version.cmake
-- Installing: /home/leo11dk/Desktop/drobot/install/drobot_scan_2d/share/drobot_scan_2d/package.xml
