[0.017s] Invoking command in '/home/leo11dk/Desktop/drobot/build/drobot_scan_2d': CMAKE_PREFIX_PATH=/home/leo11dk/Desktop/drobot/install/drobot_description:/home/leo11dk/Desktop/drobot/ros2_ws/install/drobot_scan_2d:/home/leo11dk/Desktop/drobot/ros2_ws/install/drobot_description:/home/leo11dk/Desktop/drobot/install/drobot_simulator:/home/leo11dk/Desktop/drobot/install/drobot_scan_2d:/opt/ros/jazzy/opt/gz_sim_vendor:/opt/ros/jazzy/opt/gz_sensors_vendor:/opt/ros/jazzy/opt/gz_physics_vendor:/opt/ros/jazzy/opt/sdformat_vendor:/opt/ros/jazzy/opt/gz_gui_vendor:/opt/ros/jazzy/opt/gz_transport_vendor:/opt/ros/jazzy/opt/gz_rendering_vendor:/opt/ros/jazzy/opt/gz_plugin_vendor:/opt/ros/jazzy/opt/gz_fuel_tools_vendor:/opt/ros/jazzy/opt/gz_msgs_vendor:/opt/ros/jazzy/opt/gz_common_vendor:/opt/ros/jazzy/opt/gz_math_vendor:/opt/ros/jazzy/opt/gz_utils_vendor:/opt/ros/jazzy/opt/gz_tools_vendor:/opt/ros/jazzy/opt/gz_ogre_next_vendor:/opt/ros/jazzy/opt/gz_dartsim_vendor:/opt/ros/jazzy/opt/gz_cmake_vendor:/home/leo11dk/Desktop/drobot/ros2_ws/install/drobot_bringup:/home/leo11dk/Desktop/drobot/ros2_ws/install/drobot_controller:/home/leo11dk/Desktop/drobot/install/perception:/home/leo11dk/Desktop/drobot/install/drobot_strategy:/home/leo11dk/Desktop/drobot/install/drobot_scan_3d:/home/leo11dk/Desktop/drobot/install/drobot_bringup:/home/leo11dk/Desktop/drobot/install/drobot_controller:/opt/ros/jazzy DEBUGINFOD_URLS=https://debuginfod.ubuntu.com /usr/bin/cmake /home/leo11dk/Desktop/drobot/ros2_ws/src/drobot_scan_2d -DCMAKE_INSTALL_PREFIX=/home/leo11dk/Desktop/drobot/install/drobot_scan_2d
[0.150s] -- The C compiler identification is GNU 13.3.0
[0.308s] -- The CXX compiler identification is GNU 13.3.0
[0.344s] -- Detecting C compiler ABI info
[0.500s] -- Detecting C compiler ABI info - done
[0.514s] -- Check for working C compiler: /usr/bin/cc - skipped
[0.514s] -- Detecting C compile features
[0.515s] -- Detecting C compile features - done
[0.542s] -- Detecting CXX compiler ABI info
[0.689s] -- Detecting CXX compiler ABI info - done
[0.701s] -- Check for working CXX compiler: /usr/bin/c++ - skipped
[0.701s] -- Detecting CXX compile features
[0.702s] -- Detecting CXX compile features - done
[0.718s] -- Found ament_cmake: 2.5.5 (/opt/ros/jazzy/share/ament_cmake/cmake)
[0.936s] -- Found Python3: /usr/bin/python3 (found version "3.12.3") found components: Interpreter 
[1.417s] -- Configuring done (1.4s)
[1.422s] -- Generating done (0.0s)
[1.424s] -- Build files have been written to: /home/leo11dk/Desktop/drobot/build/drobot_scan_2d
[1.428s] Invoked command in '/home/leo11dk/Desktop/drobot/build/drobot_scan_2d' returned '0': CMAKE_PREFIX_PATH=/home/leo11dk/Desktop/drobot/install/drobot_description:/home/leo11dk/Desktop/drobot/ros2_ws/install/drobot_scan_2d:/home/leo11dk/Desktop/drobot/ros2_ws/install/drobot_description:/home/leo11dk/Desktop/drobot/install/drobot_simulator:/home/leo11dk/Desktop/drobot/install/drobot_scan_2d:/opt/ros/jazzy/opt/gz_sim_vendor:/opt/ros/jazzy/opt/gz_sensors_vendor:/opt/ros/jazzy/opt/gz_physics_vendor:/opt/ros/jazzy/opt/sdformat_vendor:/opt/ros/jazzy/opt/gz_gui_vendor:/opt/ros/jazzy/opt/gz_transport_vendor:/opt/ros/jazzy/opt/gz_rendering_vendor:/opt/ros/jazzy/opt/gz_plugin_vendor:/opt/ros/jazzy/opt/gz_fuel_tools_vendor:/opt/ros/jazzy/opt/gz_msgs_vendor:/opt/ros/jazzy/opt/gz_common_vendor:/opt/ros/jazzy/opt/gz_math_vendor:/opt/ros/jazzy/opt/gz_utils_vendor:/opt/ros/jazzy/opt/gz_tools_vendor:/opt/ros/jazzy/opt/gz_ogre_next_vendor:/opt/ros/jazzy/opt/gz_dartsim_vendor:/opt/ros/jazzy/opt/gz_cmake_vendor:/home/leo11dk/Desktop/drobot/ros2_ws/install/drobot_bringup:/home/leo11dk/Desktop/drobot/ros2_ws/install/drobot_controller:/home/leo11dk/Desktop/drobot/install/perception:/home/leo11dk/Desktop/drobot/install/drobot_strategy:/home/leo11dk/Desktop/drobot/install/drobot_scan_3d:/home/leo11dk/Desktop/drobot/install/drobot_bringup:/home/leo11dk/Desktop/drobot/install/drobot_controller:/opt/ros/jazzy DEBUGINFOD_URLS=https://debuginfod.ubuntu.com /usr/bin/cmake /home/leo11dk/Desktop/drobot/ros2_ws/src/drobot_scan_2d -DCMAKE_INSTALL_PREFIX=/home/leo11dk/Desktop/drobot/install/drobot_scan_2d
[1.429s] Invoking command in '/home/leo11dk/Desktop/drobot/build/drobot_scan_2d': CMAKE_PREFIX_PATH=/home/leo11dk/Desktop/drobot/install/drobot_description:/home/leo11dk/Desktop/drobot/ros2_ws/install/drobot_scan_2d:/home/leo11dk/Desktop/drobot/ros2_ws/install/drobot_description:/home/leo11dk/Desktop/drobot/install/drobot_simulator:/home/leo11dk/Desktop/drobot/install/drobot_scan_2d:/opt/ros/jazzy/opt/gz_sim_vendor:/opt/ros/jazzy/opt/gz_sensors_vendor:/opt/ros/jazzy/opt/gz_physics_vendor:/opt/ros/jazzy/opt/sdformat_vendor:/opt/ros/jazzy/opt/gz_gui_vendor:/opt/ros/jazzy/opt/gz_transport_vendor:/opt/ros/jazzy/opt/gz_rendering_vendor:/opt/ros/jazzy/opt/gz_plugin_vendor:/opt/ros/jazzy/opt/gz_fuel_tools_vendor:/opt/ros/jazzy/opt/gz_msgs_vendor:/opt/ros/jazzy/opt/gz_common_vendor:/opt/ros/jazzy/opt/gz_math_vendor:/opt/ros/jazzy/opt/gz_utils_vendor:/opt/ros/jazzy/opt/gz_tools_vendor:/opt/ros/jazzy/opt/gz_ogre_next_vendor:/opt/ros/jazzy/opt/gz_dartsim_vendor:/opt/ros/jazzy/opt/gz_cmake_vendor:/home/leo11dk/Desktop/drobot/ros2_ws/install/drobot_bringup:/home/leo11dk/Desktop/drobot/ros2_ws/install/drobot_controller:/home/leo11dk/Desktop/drobot/install/perception:/home/leo11dk/Desktop/drobot/install/drobot_strategy:/home/leo11dk/Desktop/drobot/install/drobot_scan_3d:/home/leo11dk/Desktop/drobot/install/drobot_bringup:/home/leo11dk/Desktop/drobot/install/drobot_controller:/opt/ros/jazzy DEBUGINFOD_URLS=https://debuginfod.ubuntu.com /usr/bin/cmake --build /home/leo11dk/Desktop/drobot/build/drobot_scan_2d -- -j6 -l6
[1.493s] Built target ament_cmake_python_copy_drobot_scan_2d
[1.747s] running egg_info
[1.748s] creating drobot_scan_2d.egg-info
[1.774s] writing drobot_scan_2d.egg-info/PKG-INFO
[1.774s] writing dependency_links to drobot_scan_2d.egg-info/dependency_links.txt
[1.774s] writing top-level names to drobot_scan_2d.egg-info/top_level.txt
[1.775s] writing manifest file 'drobot_scan_2d.egg-info/SOURCES.txt'
[1.851s] reading manifest file 'drobot_scan_2d.egg-info/SOURCES.txt'
[1.852s] writing manifest file 'drobot_scan_2d.egg-info/SOURCES.txt'
[1.884s] Built target ament_cmake_python_build_drobot_scan_2d_egg
[1.897s] Invoked command in '/home/leo11dk/Desktop/drobot/build/drobot_scan_2d' returned '0': CMAKE_PREFIX_PATH=/home/leo11dk/Desktop/drobot/install/drobot_description:/home/leo11dk/Desktop/drobot/ros2_ws/install/drobot_scan_2d:/home/leo11dk/Desktop/drobot/ros2_ws/install/drobot_description:/home/leo11dk/Desktop/drobot/install/drobot_simulator:/home/leo11dk/Desktop/drobot/install/drobot_scan_2d:/opt/ros/jazzy/opt/gz_sim_vendor:/opt/ros/jazzy/opt/gz_sensors_vendor:/opt/ros/jazzy/opt/gz_physics_vendor:/opt/ros/jazzy/opt/sdformat_vendor:/opt/ros/jazzy/opt/gz_gui_vendor:/opt/ros/jazzy/opt/gz_transport_vendor:/opt/ros/jazzy/opt/gz_rendering_vendor:/opt/ros/jazzy/opt/gz_plugin_vendor:/opt/ros/jazzy/opt/gz_fuel_tools_vendor:/opt/ros/jazzy/opt/gz_msgs_vendor:/opt/ros/jazzy/opt/gz_common_vendor:/opt/ros/jazzy/opt/gz_math_vendor:/opt/ros/jazzy/opt/gz_utils_vendor:/opt/ros/jazzy/opt/gz_tools_vendor:/opt/ros/jazzy/opt/gz_ogre_next_vendor:/opt/ros/jazzy/opt/gz_dartsim_vendor:/opt/ros/jazzy/opt/gz_cmake_vendor:/home/leo11dk/Desktop/drobot/ros2_ws/install/drobot_bringup:/home/leo11dk/Desktop/drobot/ros2_ws/install/drobot_controller:/home/leo11dk/Desktop/drobot/install/perception:/home/leo11dk/Desktop/drobot/install/drobot_strategy:/home/leo11dk/Desktop/drobot/install/drobot_scan_3d:/home/leo11dk/Desktop/drobot/install/drobot_bringup:/home/leo11dk/Desktop/drobot/install/drobot_controller:/opt/ros/jazzy DEBUGINFOD_URLS=https://debuginfod.ubuntu.com /usr/bin/cmake --build /home/leo11dk/Desktop/drobot/build/drobot_scan_2d -- -j6 -l6
[1.898s] Invoking command in '/home/leo11dk/Desktop/drobot/build/drobot_scan_2d': CMAKE_PREFIX_PATH=/home/leo11dk/Desktop/drobot/install/drobot_description:/home/leo11dk/Desktop/drobot/ros2_ws/install/drobot_scan_2d:/home/leo11dk/Desktop/drobot/ros2_ws/install/drobot_description:/home/leo11dk/Desktop/drobot/install/drobot_simulator:/home/leo11dk/Desktop/drobot/install/drobot_scan_2d:/opt/ros/jazzy/opt/gz_sim_vendor:/opt/ros/jazzy/opt/gz_sensors_vendor:/opt/ros/jazzy/opt/gz_physics_vendor:/opt/ros/jazzy/opt/sdformat_vendor:/opt/ros/jazzy/opt/gz_gui_vendor:/opt/ros/jazzy/opt/gz_transport_vendor:/opt/ros/jazzy/opt/gz_rendering_vendor:/opt/ros/jazzy/opt/gz_plugin_vendor:/opt/ros/jazzy/opt/gz_fuel_tools_vendor:/opt/ros/jazzy/opt/gz_msgs_vendor:/opt/ros/jazzy/opt/gz_common_vendor:/opt/ros/jazzy/opt/gz_math_vendor:/opt/ros/jazzy/opt/gz_utils_vendor:/opt/ros/jazzy/opt/gz_tools_vendor:/opt/ros/jazzy/opt/gz_ogre_next_vendor:/opt/ros/jazzy/opt/gz_dartsim_vendor:/opt/ros/jazzy/opt/gz_cmake_vendor:/home/leo11dk/Desktop/drobot/ros2_ws/install/drobot_bringup:/home/leo11dk/Desktop/drobot/ros2_ws/install/drobot_controller:/home/leo11dk/Desktop/drobot/install/perception:/home/leo11dk/Desktop/drobot/install/drobot_strategy:/home/leo11dk/Desktop/drobot/install/drobot_scan_3d:/home/leo11dk/Desktop/drobot/install/drobot_bringup:/home/leo11dk/Desktop/drobot/install/drobot_controller:/opt/ros/jazzy DEBUGINFOD_URLS=https://debuginfod.ubuntu.com /usr/bin/cmake --install /home/leo11dk/Desktop/drobot/build/drobot_scan_2d
[1.908s] -- Install configuration: ""
[1.908s] -- Installing: /home/leo11dk/Desktop/drobot/install/drobot_scan_2d/share/drobot_scan_2d/environment/pythonpath.sh
[1.908s] -- Installing: /home/leo11dk/Desktop/drobot/install/drobot_scan_2d/share/drobot_scan_2d/environment/pythonpath.dsv
[1.908s] -- Installing: /home/leo11dk/Desktop/drobot/install/drobot_scan_2d/lib/python3.12/site-packages/drobot_scan_2d-2.0.0-py3.12.egg-info
[1.908s] -- Installing: /home/leo11dk/Desktop/drobot/install/drobot_scan_2d/lib/python3.12/site-packages/drobot_scan_2d-2.0.0-py3.12.egg-info/dependency_links.txt
[1.908s] -- Installing: /home/leo11dk/Desktop/drobot/install/drobot_scan_2d/lib/python3.12/site-packages/drobot_scan_2d-2.0.0-py3.12.egg-info/top_level.txt
[1.909s] -- Installing: /home/leo11dk/Desktop/drobot/install/drobot_scan_2d/lib/python3.12/site-packages/drobot_scan_2d-2.0.0-py3.12.egg-info/SOURCES.txt
[1.909s] -- Installing: /home/leo11dk/Desktop/drobot/install/drobot_scan_2d/lib/python3.12/site-packages/drobot_scan_2d-2.0.0-py3.12.egg-info/PKG-INFO
[1.909s] -- Installing: /home/leo11dk/Desktop/drobot/install/drobot_scan_2d/lib/python3.12/site-packages/drobot_scan_2d
[1.909s] -- Installing: /home/leo11dk/Desktop/drobot/install/drobot_scan_2d/lib/python3.12/site-packages/drobot_scan_2d/rules
[1.909s] -- Installing: /home/leo11dk/Desktop/drobot/install/drobot_scan_2d/lib/python3.12/site-packages/drobot_scan_2d/rules/__init__.py
[1.909s] -- Installing: /home/leo11dk/Desktop/drobot/install/drobot_scan_2d/lib/python3.12/site-packages/drobot_scan_2d/rules/engine.py
[1.909s] -- Installing: /home/leo11dk/Desktop/drobot/install/drobot_scan_2d/lib/python3.12/site-packages/drobot_scan_2d/__init__.py
[1.909s] -- Installing: /home/leo11dk/Desktop/drobot/install/drobot_scan_2d/lib/python3.12/site-packages/drobot_scan_2d/config.py
[1.909s] -- Installing: /home/leo11dk/Desktop/drobot/install/drobot_scan_2d/lib/python3.12/site-packages/drobot_scan_2d/goal_navigator.py
[1.953s] Listing '/home/leo11dk/Desktop/drobot/install/drobot_scan_2d/lib/python3.12/site-packages/drobot_scan_2d'...
[1.953s] Compiling '/home/leo11dk/Desktop/drobot/install/drobot_scan_2d/lib/python3.12/site-packages/drobot_scan_2d/__init__.py'...
[1.953s] Compiling '/home/leo11dk/Desktop/drobot/install/drobot_scan_2d/lib/python3.12/site-packages/drobot_scan_2d/config.py'...
[1.953s] Compiling '/home/leo11dk/Desktop/drobot/install/drobot_scan_2d/lib/python3.12/site-packages/drobot_scan_2d/goal_navigator.py'...
[1.953s] Listing '/home/leo11dk/Desktop/drobot/install/drobot_scan_2d/lib/python3.12/site-packages/drobot_scan_2d/rules'...
[1.954s] Compiling '/home/leo11dk/Desktop/drobot/install/drobot_scan_2d/lib/python3.12/site-packages/drobot_scan_2d/rules/__init__.py'...
[1.954s] Compiling '/home/leo11dk/Desktop/drobot/install/drobot_scan_2d/lib/python3.12/site-packages/drobot_scan_2d/rules/engine.py'...
[1.959s] -- Installing: /home/leo11dk/Desktop/drobot/install/drobot_scan_2d/lib/drobot_scan_2d/goal_navigator.py
[1.960s] -- Installing: /home/leo11dk/Desktop/drobot/install/drobot_scan_2d/share/ament_index/resource_index/package_run_dependencies/drobot_scan_2d
[1.960s] -- Installing: /home/leo11dk/Desktop/drobot/install/drobot_scan_2d/share/ament_index/resource_index/parent_prefix_path/drobot_scan_2d
[1.960s] -- Installing: /home/leo11dk/Desktop/drobot/install/drobot_scan_2d/share/drobot_scan_2d/environment/ament_prefix_path.sh
[1.960s] -- Installing: /home/leo11dk/Desktop/drobot/install/drobot_scan_2d/share/drobot_scan_2d/environment/ament_prefix_path.dsv
[1.960s] -- Installing: /home/leo11dk/Desktop/drobot/install/drobot_scan_2d/share/drobot_scan_2d/environment/path.sh
[1.960s] -- Installing: /home/leo11dk/Desktop/drobot/install/drobot_scan_2d/share/drobot_scan_2d/environment/path.dsv
[1.960s] -- Installing: /home/leo11dk/Desktop/drobot/install/drobot_scan_2d/share/drobot_scan_2d/local_setup.bash
[1.961s] -- Installing: /home/leo11dk/Desktop/drobot/install/drobot_scan_2d/share/drobot_scan_2d/local_setup.sh
[1.961s] -- Installing: /home/leo11dk/Desktop/drobot/install/drobot_scan_2d/share/drobot_scan_2d/local_setup.zsh
[1.961s] -- Installing: /home/leo11dk/Desktop/drobot/install/drobot_scan_2d/share/drobot_scan_2d/local_setup.dsv
[1.961s] -- Installing: /home/leo11dk/Desktop/drobot/install/drobot_scan_2d/share/drobot_scan_2d/package.dsv
[1.961s] -- Installing: /home/leo11dk/Desktop/drobot/install/drobot_scan_2d/share/ament_index/resource_index/packages/drobot_scan_2d
[1.961s] -- Installing: /home/leo11dk/Desktop/drobot/install/drobot_scan_2d/share/drobot_scan_2d/cmake/drobot_scan_2dConfig.cmake
[1.961s] -- Installing: /home/leo11dk/Desktop/drobot/install/drobot_scan_2d/share/drobot_scan_2d/cmake/drobot_scan_2dConfig-version.cmake
[1.962s] -- Installing: /home/leo11dk/Desktop/drobot/install/drobot_scan_2d/share/drobot_scan_2d/package.xml
[1.967s] Invoked command in '/home/leo11dk/Desktop/drobot/build/drobot_scan_2d' returned '0': CMAKE_PREFIX_PATH=/home/leo11dk/Desktop/drobot/install/drobot_description:/home/leo11dk/Desktop/drobot/ros2_ws/install/drobot_scan_2d:/home/leo11dk/Desktop/drobot/ros2_ws/install/drobot_description:/home/leo11dk/Desktop/drobot/install/drobot_simulator:/home/leo11dk/Desktop/drobot/install/drobot_scan_2d:/opt/ros/jazzy/opt/gz_sim_vendor:/opt/ros/jazzy/opt/gz_sensors_vendor:/opt/ros/jazzy/opt/gz_physics_vendor:/opt/ros/jazzy/opt/sdformat_vendor:/opt/ros/jazzy/opt/gz_gui_vendor:/opt/ros/jazzy/opt/gz_transport_vendor:/opt/ros/jazzy/opt/gz_rendering_vendor:/opt/ros/jazzy/opt/gz_plugin_vendor:/opt/ros/jazzy/opt/gz_fuel_tools_vendor:/opt/ros/jazzy/opt/gz_msgs_vendor:/opt/ros/jazzy/opt/gz_common_vendor:/opt/ros/jazzy/opt/gz_math_vendor:/opt/ros/jazzy/opt/gz_utils_vendor:/opt/ros/jazzy/opt/gz_tools_vendor:/opt/ros/jazzy/opt/gz_ogre_next_vendor:/opt/ros/jazzy/opt/gz_dartsim_vendor:/opt/ros/jazzy/opt/gz_cmake_vendor:/home/leo11dk/Desktop/drobot/ros2_ws/install/drobot_bringup:/home/leo11dk/Desktop/drobot/ros2_ws/install/drobot_controller:/home/leo11dk/Desktop/drobot/install/perception:/home/leo11dk/Desktop/drobot/install/drobot_strategy:/home/leo11dk/Desktop/drobot/install/drobot_scan_3d:/home/leo11dk/Desktop/drobot/install/drobot_bringup:/home/leo11dk/Desktop/drobot/install/drobot_controller:/opt/ros/jazzy DEBUGINFOD_URLS=https://debuginfod.ubuntu.com /usr/bin/cmake --install /home/leo11dk/Desktop/drobot/build/drobot_scan_2d
